2024-08-06 21:05:07,527 [INFO] Activator:176 - 


2024-08-06 21:05:07,536 [INFO] Activator:177 - !SESSION log4j initialized
2024-08-06 21:05:16,830 [INFO] LogOutputStream:77 - [STDOUT_REDIRECT] 
2024-08-06 21:05:23,364 [INFO] ApplicationProperties:184 - Using Application install path: C:\ST\STM32CubeIDE_1.15.0\STM32CubeIDE\plugins\com.st.stm32cube.common.mx_6.11.0.202403141607
2024-08-06 21:05:23,448 [INFO] DbMcusXml:78 - Set database path to: C:\ST\STM32CubeIDE_1.15.0\STM32CubeIDE\plugins\com.st.stm32cube.common.mx_6.11.0.202403141607\\db\/mcu/
2024-08-06 21:05:23,448 [INFO] ApiDb:274 - Set plugin database path to: C:\ST\STM32CubeIDE_1.15.0\STM32CubeIDE\plugins\com.st.stm32cube.common.mx_6.11.0.202403141607\\db\/plugins/boardmanager/
2024-08-06 21:05:23,449 [WARN] ApiDb:259 - Overriding images path with different value:  => C:\ST\STM32CubeIDE_1.15.0\STM32CubeIDE\plugins\com.st.stm32cube.common.mx_6.11.0.202403141607\\db\/plugins/mcufinder/images/
2024-08-06 21:05:23,472 [INFO] ApiDb:250 - Set database path to: C:\Users\BASAVARAJ\.stmcufinder\plugins\mcufinder//mcu/
2024-08-06 21:05:23,483 [INFO] DbMcusAds:125 - Set database path to: C:\Users\BASAVARAJ\.stmcufinder\plugins\mcufinder//mcu/
2024-08-06 21:05:23,488 [INFO] CrossReferenceDbSqlite:203 - Set database path to: C:\Users\BASAVARAJ\.stmcufinder\plugins\mcufinder//mcu/cs/
2024-08-06 21:05:23,704 [INFO] RulesReader:64 - Compatibility file has been processed (297 Rules)
2024-08-06 21:05:23,855 [INFO] DbMcusXml:78 - Set database path to: C:\ST\STM32CubeIDE_1.15.0\STM32CubeIDE\plugins\com.st.stm32cube.common.mx_6.11.0.202403141607\\db\/mcu/
2024-08-06 21:05:23,855 [INFO] ApiDb:274 - Set plugin database path to: C:\ST\STM32CubeIDE_1.15.0\STM32CubeIDE\plugins\com.st.stm32cube.common.mx_6.11.0.202403141607\\db\/plugins/boardmanager/
2024-08-06 21:05:23,855 [INFO] ApiDb:261 - Set plugin images path to: C:\ST\STM32CubeIDE_1.15.0\STM32CubeIDE\plugins\com.st.stm32cube.common.mx_6.11.0.202403141607\\db\/plugins/mcufinder/images/
2024-08-06 21:05:23,856 [WARN] DbFile:41 - Overriding database path with different value: C:\Users\BASAVARAJ\.stmcufinder\plugins\mcufinder/ => C:\Users\BASAVARAJ\.stmcufinder\plugins\mcufinder
2024-08-06 21:05:23,856 [INFO] ApiDb:250 - Set database path to: C:\Users\BASAVARAJ\.stmcufinder\plugins\mcufinder//mcu/
2024-08-06 21:05:23,856 [WARN] DbFile:41 - Overriding database path with different value: C:\Users\BASAVARAJ\.stmcufinder\plugins\mcufinder/ => C:\Users\BASAVARAJ\.stmcufinder\plugins\mcufinder
2024-08-06 21:05:23,856 [INFO] DbMcusAds:125 - Set database path to: C:\Users\BASAVARAJ\.stmcufinder\plugins\mcufinder//mcu/
2024-08-06 21:05:23,856 [WARN] DbFile:41 - Overriding database path with different value: C:\Users\BASAVARAJ\.stmcufinder\plugins\mcufinder/ => C:\Users\BASAVARAJ\.stmcufinder\plugins\mcufinder
2024-08-06 21:05:23,856 [WARN] DbFile:41 - Overriding database path with different value: C:\Users\BASAVARAJ\.stmcufinder\plugins\mcufinder/ => C:\Users\BASAVARAJ\.stmcufinder\plugins\mcufinder
2024-08-06 21:05:23,856 [INFO] CrossReferenceDbSqlite:203 - Set database path to: C:\Users\BASAVARAJ\.stmcufinder\plugins\mcufinder//mcu/cs/
2024-08-06 21:05:24,002 [INFO] MainPanel:264 - HeapMemory: 268435456
2024-08-06 21:05:24,155 [INFO] DbMcusXml:78 - Set database path to: C:\ST\STM32CubeIDE_1.15.0\STM32CubeIDE\plugins\com.st.stm32cube.common.mx_6.11.0.202403141607\\db\/mcu/
2024-08-06 21:05:24,156 [INFO] ApiDb:274 - Set plugin database path to: C:\ST\STM32CubeIDE_1.15.0\STM32CubeIDE\plugins\com.st.stm32cube.common.mx_6.11.0.202403141607\\db\/plugins/boardmanager/
2024-08-06 21:05:24,156 [INFO] ApiDb:261 - Set plugin images path to: C:\ST\STM32CubeIDE_1.15.0\STM32CubeIDE\plugins\com.st.stm32cube.common.mx_6.11.0.202403141607\\db\/plugins/mcufinder/images/
2024-08-06 21:05:24,156 [WARN] DbFile:41 - Overriding database path with different value: C:\Users\BASAVARAJ\.stmcufinder\plugins\mcufinder/ => C:\Users\BASAVARAJ\.stmcufinder\plugins\mcufinder
2024-08-06 21:05:24,156 [INFO] ApiDb:250 - Set database path to: C:\Users\BASAVARAJ\.stmcufinder\plugins\mcufinder//mcu/
2024-08-06 21:05:24,156 [WARN] DbFile:41 - Overriding database path with different value: C:\Users\BASAVARAJ\.stmcufinder\plugins\mcufinder/ => C:\Users\BASAVARAJ\.stmcufinder\plugins\mcufinder
2024-08-06 21:05:24,156 [INFO] DbMcusAds:125 - Set database path to: C:\Users\BASAVARAJ\.stmcufinder\plugins\mcufinder//mcu/
2024-08-06 21:05:24,156 [WARN] DbFile:41 - Overriding database path with different value: C:\Users\BASAVARAJ\.stmcufinder\plugins\mcufinder/ => C:\Users\BASAVARAJ\.stmcufinder\plugins\mcufinder
2024-08-06 21:05:24,156 [WARN] DbFile:41 - Overriding database path with different value: C:\Users\BASAVARAJ\.stmcufinder\plugins\mcufinder/ => C:\Users\BASAVARAJ\.stmcufinder\plugins\mcufinder
2024-08-06 21:05:24,156 [INFO] CrossReferenceDbSqlite:203 - Set database path to: C:\Users\BASAVARAJ\.stmcufinder\plugins\mcufinder//mcu/cs/
2024-08-06 21:05:24,192 [INFO] ApplicationProperties:184 - Using Application install path: C:\ST\STM32CubeIDE_1.15.0\STM32CubeIDE\plugins\com.st.stm32cube.common.mx_6.11.0.202403141607
2024-08-06 21:05:24,196 [INFO] PluginManage:196 - Search for loadable plugins [exclusion list=, ]
2024-08-06 21:05:24,199 [INFO] PluginManage:310 - Check plugin analytics
2024-08-06 21:05:24,475 [INFO] AnalyticsPlugin:253 - Accepted Software Licenses: 
2024-08-06 21:05:24,475 [INFO] AnalyticsPlugin:255 - Accepted CMSIS Pack Licenses: 
2024-08-06 21:05:24,475 [INFO] AnalyticsPlugin:257 - Accepted Firmware Licenses: FW.F4.1.28.0
2024-08-06 21:05:24,478 [INFO] PluginManage:359 - Loaded plugin analytics (category:tool,tabindex:-1)
2024-08-06 21:05:24,478 [INFO] PluginManage:310 - Check plugin cadmodel
2024-08-06 21:05:24,486 [INFO] CADModel:105 - Init CAD model plugin
2024-08-06 21:05:24,487 [INFO] PluginManage:359 - Loaded plugin cadmodel (category:power,tabindex:5)
2024-08-06 21:05:24,487 [INFO] PluginManage:310 - Check plugin clock
2024-08-06 21:05:24,501 [INFO] PluginManage:359 - Loaded plugin clock (category:base,tabindex:2)
2024-08-06 21:05:24,502 [INFO] PluginManage:310 - Check plugin ddr
2024-08-06 21:05:24,505 [INFO] PluginManage:359 - Loaded plugin ddr (category:tool,tabindex:6)
2024-08-06 21:05:24,505 [INFO] PluginManage:310 - Check plugin filemanager
2024-08-06 21:05:24,715 [INFO] PluginManage:359 - Loaded plugin filemanager (category:base,tabindex:10)
2024-08-06 21:05:24,715 [INFO] PluginManage:310 - Check plugin ipmanager
2024-08-06 21:05:24,724 [INFO] PluginManage:359 - Loaded plugin ipmanager (category:base,tabindex:5)
2024-08-06 21:05:24,724 [INFO] PluginManage:310 - Check plugin lpbam
2024-08-06 21:05:24,733 [INFO] PluginManage:359 - Loaded plugin lpbam (category:base,tabindex:0)
2024-08-06 21:05:24,733 [INFO] PluginManage:310 - Check plugin memorymap
2024-08-06 21:05:24,773 [INFO] PluginManage:359 - Loaded plugin memorymap (category:base,tabindex:4)
2024-08-06 21:05:24,773 [INFO] PluginManage:310 - Check plugin pinoutandconfiguration
2024-08-06 21:05:24,789 [INFO] PluginManage:359 - Loaded plugin pinoutandconfiguration (category:base,tabindex:1)
2024-08-06 21:05:24,789 [INFO] PluginManage:310 - Check plugin pinoutconfig
2024-08-06 21:05:24,887 [WARN] SupportedApi:132 - Cannot load RTOS API schema: s4s-elt-must-match.1: The content of 'definitions' must match (annotation?, (simpleType | complexType)?, (unique | key | keyref)*)). A problem was found starting at: attribute.
2024-08-06 21:05:25,145 [INFO] PluginManage:359 - Loaded plugin pinoutconfig (category:base,tabindex:0)
2024-08-06 21:05:25,146 [INFO] PluginManage:310 - Check plugin power
2024-08-06 21:05:25,165 [INFO] PluginManage:359 - Loaded plugin power (category:power,tabindex:4)
2024-08-06 21:05:25,165 [INFO] PluginManage:310 - Check plugin projectmanager
2024-08-06 21:05:25,197 [INFO] PluginManage:359 - Loaded plugin projectmanager (category:projectmanager,tabindex:3)
2024-08-06 21:05:25,197 [INFO] PluginManage:310 - Check plugin thirdparty
2024-08-06 21:05:25,441 [INFO] PluginManage:359 - Loaded plugin thirdparty (category:base,tabindex:-1)
2024-08-06 21:05:25,441 [INFO] PluginManage:310 - Check plugin tools
2024-08-06 21:05:25,441 [WARN] IntegrityCheckThread:84 - waiting for thirdparty lock release [integrity check]
2024-08-06 21:05:25,441 [INFO] IntegrityCheckThread:86 - entering critical section [integrity check]
2024-08-06 21:05:25,441 [INFO] ThirdPartyUpdaterWithRetryManager:70 - Updater plugin not ready yet. [1/15]
2024-08-06 21:05:25,447 [INFO] PluginManage:359 - Loaded plugin tools (category:base,tabindex:7)
2024-08-06 21:05:25,447 [INFO] PluginManage:310 - Check plugin tutovideos
2024-08-06 21:05:25,748 [INFO] PluginManage:359 - Loaded plugin tutovideos (category:base,tabindex:-1)
2024-08-06 21:05:25,748 [INFO] PluginManage:310 - Check plugin updater
2024-08-06 21:05:25,773 [INFO] PluginManage:359 - Loaded plugin updater (category:base,tabindex:12)
2024-08-06 21:05:25,773 [INFO] PluginManage:310 - Check plugin userauth
2024-08-06 21:05:25,783 [INFO] UserAuth:114 - Init User Auth plugin
2024-08-06 21:05:25,783 [INFO] PluginManage:359 - Loaded plugin userauth (category:base,tabindex:14)
2024-08-06 21:05:25,783 [INFO] PluginManage:283 - PluginManage : Loaded plugins [17]
2024-08-06 21:05:26,133 [INFO] PinOutPanel:1561 - setPackage(No Configuration,No Configuration)
2024-08-06 21:05:26,231 [INFO] CADModel:165 - CPN selected for project level
2024-08-06 21:05:26,231 [INFO] CADModel:114 - Register for checkConnection events
2024-08-06 21:05:26,251 [INFO] IPUIPlugin:80 - create IPUIPlugin
2024-08-06 21:05:26,251 [INFO] PluginManager:220 - loadIPPluginJar : add adc
2024-08-06 21:05:26,257 [INFO] IPUIPlugin:80 - create IPUIPlugin
2024-08-06 21:05:26,257 [INFO] PluginManager:220 - loadIPPluginJar : add aes
2024-08-06 21:05:26,261 [INFO] IPUIPlugin:80 - create IPUIPlugin
2024-08-06 21:05:26,261 [INFO] PluginManager:220 - loadIPPluginJar : add can
2024-08-06 21:05:26,263 [INFO] IPUIPlugin:80 - create IPUIPlugin
2024-08-06 21:05:26,264 [INFO] PluginManager:220 - loadIPPluginJar : add comp
2024-08-06 21:05:26,267 [INFO] IPUIPlugin:80 - create IPUIPlugin
2024-08-06 21:05:26,267 [INFO] PluginManager:220 - loadIPPluginJar : add cryp
2024-08-06 21:05:26,270 [INFO] IPUIPlugin:80 - create IPUIPlugin
2024-08-06 21:05:26,270 [INFO] PluginManager:220 - loadIPPluginJar : add dfsdm
2024-08-06 21:05:26,276 [INFO] IPUIPlugin:80 - create IPUIPlugin
2024-08-06 21:05:26,276 [INFO] PluginManager:220 - loadIPPluginJar : add dma
2024-08-06 21:05:26,279 [INFO] IPUIPlugin:80 - create IPUIPlugin
2024-08-06 21:05:26,279 [INFO] PluginManager:220 - loadIPPluginJar : add dma3
2024-08-06 21:05:26,289 [INFO] IPUIPlugin:80 - create IPUIPlugin
2024-08-06 21:05:26,289 [INFO] PluginManager:220 - loadIPPluginJar : add extmemmanager
2024-08-06 21:05:26,290 [INFO] IPUIPlugin:80 - create IPUIPlugin
2024-08-06 21:05:26,290 [INFO] PluginManager:220 - loadIPPluginJar : add fatfs
2024-08-06 21:05:26,295 [INFO] IPUIPlugin:80 - create IPUIPlugin
2024-08-06 21:05:26,295 [INFO] PluginManager:220 - loadIPPluginJar : add fmc
2024-08-06 21:05:26,302 [INFO] IPUIPlugin:80 - create IPUIPlugin
2024-08-06 21:05:26,302 [INFO] PluginManager:220 - loadIPPluginJar : add freertos
2024-08-06 21:05:26,304 [INFO] IPUIPlugin:80 - create IPUIPlugin
2024-08-06 21:05:26,304 [INFO] PluginManager:220 - loadIPPluginJar : add genericplugin
2024-08-06 21:05:26,308 [INFO] IPUIPlugin:80 - create IPUIPlugin
2024-08-06 21:05:26,308 [INFO] PluginManager:220 - loadIPPluginJar : add gfxmmu
2024-08-06 21:05:26,314 [INFO] IPUIPlugin:80 - create IPUIPlugin
2024-08-06 21:05:26,314 [INFO] PluginManager:220 - loadIPPluginJar : add gic
2024-08-06 21:05:26,320 [INFO] IPUIPlugin:80 - create IPUIPlugin
2024-08-06 21:05:26,320 [INFO] PluginManager:220 - loadIPPluginJar : add gpio
2024-08-06 21:05:26,324 [INFO] IPUIPlugin:80 - create IPUIPlugin
2024-08-06 21:05:26,324 [INFO] PluginManager:220 - loadIPPluginJar : add gtzc
2024-08-06 21:05:26,329 [INFO] IPUIPlugin:80 - create IPUIPlugin
2024-08-06 21:05:26,329 [INFO] PluginManager:220 - loadIPPluginJar : add hash
2024-08-06 21:05:26,333 [INFO] IPUIPlugin:80 - create IPUIPlugin
2024-08-06 21:05:26,333 [INFO] PluginManager:220 - loadIPPluginJar : add i2c
2024-08-06 21:05:26,337 [INFO] IPUIPlugin:80 - create IPUIPlugin
2024-08-06 21:05:26,337 [INFO] PluginManager:220 - loadIPPluginJar : add i2s
2024-08-06 21:05:26,340 [INFO] IPUIPlugin:80 - create IPUIPlugin
2024-08-06 21:05:26,340 [INFO] PluginManager:220 - loadIPPluginJar : add i3c
2024-08-06 21:05:26,344 [INFO] IPUIPlugin:80 - create IPUIPlugin
2024-08-06 21:05:26,344 [INFO] PluginManager:220 - loadIPPluginJar : add ipddr
2024-08-06 21:05:26,354 [INFO] IPUIPlugin:80 - create IPUIPlugin
2024-08-06 21:05:26,355 [INFO] PluginManager:220 - loadIPPluginJar : add linkedlist
2024-08-06 21:05:26,359 [INFO] IPUIPlugin:80 - create IPUIPlugin
2024-08-06 21:05:26,359 [INFO] PluginManager:220 - loadIPPluginJar : add lorawan
2024-08-06 21:05:26,361 [INFO] IPUIPlugin:80 - create IPUIPlugin
2024-08-06 21:05:26,362 [INFO] PluginManager:220 - loadIPPluginJar : add ltdc
2024-08-06 21:05:26,368 [INFO] IPUIPlugin:80 - create IPUIPlugin
2024-08-06 21:05:26,368 [INFO] PluginManager:220 - loadIPPluginJar : add mdma
2024-08-06 21:05:26,373 [INFO] IPUIPlugin:80 - create IPUIPlugin
2024-08-06 21:05:26,373 [INFO] PluginManager:220 - loadIPPluginJar : add nvic
2024-08-06 21:05:26,377 [INFO] IPUIPlugin:80 - create IPUIPlugin
2024-08-06 21:05:26,377 [INFO] PluginManager:220 - loadIPPluginJar : add opamp
2024-08-06 21:05:26,380 [INFO] IPUIPlugin:80 - create IPUIPlugin
2024-08-06 21:05:26,380 [INFO] PluginManager:220 - loadIPPluginJar : add openamp
2024-08-06 21:05:26,384 [INFO] IPUIPlugin:80 - create IPUIPlugin
2024-08-06 21:05:26,385 [INFO] PluginManager:220 - loadIPPluginJar : add pdm2pcm
2024-08-06 21:05:26,390 [INFO] IPUIPlugin:80 - create IPUIPlugin
2024-08-06 21:05:26,392 [INFO] PluginManager:220 - loadIPPluginJar : add plateformsettings
2024-08-06 21:05:26,394 [INFO] IPUIPlugin:80 - create IPUIPlugin
2024-08-06 21:05:26,394 [INFO] PluginManager:220 - loadIPPluginJar : add quadspi
2024-08-06 21:05:26,400 [INFO] IPUIPlugin:80 - create IPUIPlugin
2024-08-06 21:05:26,400 [INFO] PluginManager:220 - loadIPPluginJar : add resmgrutility
2024-08-06 21:05:26,403 [INFO] IPUIPlugin:80 - create IPUIPlugin
2024-08-06 21:05:26,403 [INFO] PluginManager:220 - loadIPPluginJar : add sai
2024-08-06 21:05:26,406 [INFO] IPUIPlugin:80 - create IPUIPlugin
2024-08-06 21:05:26,406 [INFO] PluginManager:220 - loadIPPluginJar : add spi
2024-08-06 21:05:26,411 [INFO] IPUIPlugin:80 - create IPUIPlugin
2024-08-06 21:05:26,411 [INFO] PluginManager:220 - loadIPPluginJar : add stm32_wpan
2024-08-06 21:05:26,413 [INFO] IPUIPlugin:80 - create IPUIPlugin
2024-08-06 21:05:26,413 [INFO] PluginManager:220 - loadIPPluginJar : add tim
2024-08-06 21:05:26,416 [INFO] IPUIPlugin:80 - create IPUIPlugin
2024-08-06 21:05:26,417 [INFO] PluginManager:220 - loadIPPluginJar : add touchsensing
2024-08-06 21:05:26,419 [INFO] IPUIPlugin:80 - create IPUIPlugin
2024-08-06 21:05:26,419 [INFO] PluginManager:220 - loadIPPluginJar : add tracer_emb
2024-08-06 21:05:26,422 [INFO] IPUIPlugin:80 - create IPUIPlugin
2024-08-06 21:05:26,422 [INFO] PluginManager:220 - loadIPPluginJar : add ts
2024-08-06 21:05:26,424 [INFO] IPUIPlugin:80 - create IPUIPlugin
2024-08-06 21:05:26,424 [INFO] PluginManager:220 - loadIPPluginJar : add tsc
2024-08-06 21:05:26,426 [INFO] IPUIPlugin:80 - create IPUIPlugin
2024-08-06 21:05:26,427 [INFO] PluginManager:220 - loadIPPluginJar : add ucpd
2024-08-06 21:05:26,430 [INFO] IPUIPlugin:80 - create IPUIPlugin
2024-08-06 21:05:26,430 [INFO] PluginManager:220 - loadIPPluginJar : add usart
2024-08-06 21:05:26,435 [INFO] IPUIPlugin:80 - create IPUIPlugin
2024-08-06 21:05:26,435 [INFO] PluginManager:220 - loadIPPluginJar : add usbx
2024-08-06 21:05:26,574 [INFO] CADModel:165 - CPN selected for project level
2024-08-06 21:05:26,574 [INFO] CADModel:114 - Register for checkConnection events
2024-08-06 21:05:26,575 [FATAL] Updater:308 - Updater called before beeing initialized
2024-08-06 21:05:26,575 [ERROR] CADModel:125 - Updater not yet initialized, retry later 
2024-08-06 21:05:26,791 [INFO] CADModel:165 - CPN selected for project level
2024-08-06 21:05:26,791 [INFO] CADModel:114 - Register for checkConnection events
2024-08-06 21:05:26,791 [FATAL] Updater:308 - Updater called before beeing initialized
2024-08-06 21:05:26,791 [ERROR] CADModel:125 - Updater not yet initialized, retry later 
2024-08-06 21:05:26,794 [FATAL] Updater:308 - Updater called before beeing initialized
2024-08-06 21:05:26,943 [FATAL] Updater:308 - Updater called before beeing initialized
2024-08-06 21:05:26,952 [INFO] DbMcusAds:53 - JSON generation date=Thu May 16 14:52:00 IST 2024 (1715851320667)
2024-08-06 21:05:26,952 [FATAL] Updater:308 - Updater called before beeing initialized
2024-08-06 21:05:27,002 [WARN] DetailPanel:346 - Failed to get advertising image, set to default
2024-08-06 21:05:27,143 [FATAL] Updater:308 - Updater called before beeing initialized
2024-08-06 21:05:27,146 [FATAL] Updater:308 - Updater called before beeing initialized
2024-08-06 21:05:27,146 [FATAL] Updater:308 - Updater called before beeing initialized
2024-08-06 21:05:27,146 [WARN] DetailPanel:346 - Failed to get advertising image, set to default
2024-08-06 21:05:27,147 [FATAL] Updater:308 - Updater called before beeing initialized
2024-08-06 21:05:27,197 [ERROR] Updater:1120 - MainUpdater not yet initialized. External WinMGr cannot be set.
2024-08-06 21:05:27,199 [INFO] Updater:1056 - Updater Version found : 6.11.0
2024-08-06 21:05:27,236 [INFO] ApplicationProperties:184 - Using Application install path: C:\ST\STM32CubeIDE_1.15.0\STM32CubeIDE\plugins\com.st.stm32cube.common.mx_6.11.0.202403141607
2024-08-06 21:05:28,443 [INFO] ThirdPartyUpdaterWithRetryManager:70 - Updater plugin not ready yet. [2/15]
2024-08-06 21:05:28,815 [ERROR] LogOutputStream:75 - [STDERR_REDIRECT] Aug 06, 2024 9:05:28 PM java.util.prefs.WindowsPreferences <init>
2024-08-06 21:05:28,816 [ERROR] LogOutputStream:75 - [STDERR_REDIRECT] WARNING: Could not open/create prefs root node Software\JavaSoft\Prefs at root 0xffffffff80000002. Windows RegCreateKeyEx(...) returned error code 5.
2024-08-06 21:05:28,817 [ERROR] LogOutputStream:75 - [STDERR_REDIRECT] 
2024-08-06 21:05:30,207 [INFO] MainUpdater:2873 - connection check result : 10
2024-08-06 21:05:30,208 [INFO] MainUpdater:290 - Updater Check For Update Now.
2024-08-06 21:05:30,208 [INFO] MicroXplorer:498 - Change Database Version : DB.6.0.110
2024-08-06 21:05:30,214 [INFO] McuFinderGlobals:63 - Set McuFinder mode to 2 (CubeIDE integrated)
2024-08-06 21:05:30,215 [INFO] UserAuth:179 - activating auth plugin
2024-08-06 21:05:30,218 [INFO] UserAuth:415 - Internet connection configuration mode: 1
2024-08-06 21:05:30,268 [INFO] JxBrowserEngine:152 - Initiate JxBrowser Engine with user profile folder
2024-08-06 21:05:30,433 [INFO] CheckServerUpdateThread:120 - End of CheckServer Thread
2024-08-06 21:05:31,556 [INFO] WebApp:161 - Instantiating new browser for Auth
2024-08-06 21:05:31,710 [WARN] PackLoader:240 - Cannot read IP mode file for STMicroelectronics.FP-SNS-MOTENVWB1.1.4.0
2024-08-06 21:05:31,728 [WARN] PackLoader:240 - Cannot read IP mode file for STMicroelectronics.X-CUBE-SMBUS.2.1.0
2024-08-06 21:05:31,739 [WARN] PackLoader:240 - Cannot read IP mode file for STMicroelectronics.X-CUBE-TOUCHGFX.4.23.2
2024-08-06 21:05:31,779 [WARN] PackLoader:240 - Cannot read IP mode file for STMicroelectronics.X-CUBE-AZRTOS-F7.1.1.0
2024-08-06 21:05:31,791 [WARN] PackLoader:240 - Cannot read IP mode file for STMicroelectronics.FP-SNS-FLIGHT1.5.0.2
2024-08-06 21:05:31,817 [WARN] PackLoader:240 - Cannot read IP mode file for STMicroelectronics.X-CUBE-DISPLAY.3.0.0
2024-08-06 21:05:31,838 [WARN] PackLoader:240 - Cannot read IP mode file for STMicroelectronics.X-CUBE-BLE1.7.0.0
2024-08-06 21:05:31,848 [WARN] PackLoader:240 - Cannot read IP mode file for emotas.I-CUBE-CANOPEN.1.3.0
2024-08-06 21:05:31,863 [WARN] PackLoader:240 - Cannot read IP mode file for STMicroelectronics.X-CUBE-BLEMGR.3.1.0
2024-08-06 21:05:31,873 [WARN] PackLoader:240 - Cannot read IP mode file for STMicroelectronics.FP-SNS-SMARTAG2.1.2.0
2024-08-06 21:05:31,893 [INFO] LogOutputStream:77 - [STDOUT_REDIRECT] 1 : Invalid condition id : UX_CORESTACK_Condition cause : null
2024-08-06 21:05:31,894 [INFO] LogOutputStream:77 - [STDOUT_REDIRECT] 1 : Invalid condition id : UX_CORESTACK_Condition cause : null
2024-08-06 21:05:31,896 [INFO] LogOutputStream:77 - [STDOUT_REDIRECT] 1 : Invalid condition id : UX_CORESTACK_Condition cause : null
2024-08-06 21:05:31,897 [INFO] LogOutputStream:77 - [STDOUT_REDIRECT] 1 : Invalid condition id : UX_CORESTACK_Condition cause : null
2024-08-06 21:05:31,898 [INFO] LogOutputStream:77 - [STDOUT_REDIRECT] 1 : Invalid condition id : UX_CORESTACK_Condition cause : null
2024-08-06 21:05:31,907 [WARN] PackLoader:240 - Cannot read IP mode file for STMicroelectronics.X-CUBE-AZRTOS-WL.2.0.0
2024-08-06 21:05:31,916 [WARN] PackLoader:240 - Cannot read IP mode file for STMicroelectronics.FP-SNS-MOTENV1.5.0.0
2024-08-06 21:05:31,922 [WARN] PackLoader:240 - Cannot read IP mode file for wolfSSL.I-CUBE-wolfMQTT.1.19.0
2024-08-06 21:05:31,932 [WARN] PackLoader:240 - Cannot read IP mode file for WES.I-CUBE-Cesium.1.3.0
2024-08-06 21:05:31,937 [WARN] PackLoader:240 - Cannot read IP mode file for STMicroelectronics.X-CUBE-BLE2.3.3.0
2024-08-06 21:05:31,946 [WARN] PackLoader:240 - Cannot read IP mode file for STMicroelectronics.X-CUBE-TCPP.4.1.0
2024-08-06 21:05:31,956 [WARN] PackLoader:240 - Cannot read IP mode file for STMicroelectronics.X-CUBE-ALGOBUILD.1.3.0
2024-08-06 21:05:31,970 [WARN] PackLoader:240 - Cannot read IP mode file for STMicroelectronics.X-CUBE-AZRTOS-G0.1.1.0
2024-08-06 21:05:31,980 [WARN] PackLoader:240 - Cannot read IP mode file for STMicroelectronics.X-CUBE-SAFEA1.1.2.2
2024-08-06 21:05:31,988 [WARN] PackLoader:240 - Cannot read IP mode file for STMicroelectronics.X-CUBE-NFC4.3.0.0
2024-08-06 21:05:31,993 [WARN] PackLoader:240 - Cannot read IP mode file for wolfSSL.I-CUBE-wolfMQTT.1.18.0
2024-08-06 21:05:32,001 [WARN] PackLoader:240 - Cannot read IP mode file for EmbeddedOffice.I-CUBE-FS-RTOS.1.0.1
2024-08-06 21:05:32,002 [ERROR] ConditionMgr:805 - Attr not supported : Dmpu
2024-08-06 21:05:32,002 [ERROR] ConditionMgr:805 - Attr not supported : Dmpu
2024-08-06 21:05:32,002 [ERROR] ConditionMgr:805 - Attr not supported : Dmpu
2024-08-06 21:05:32,002 [ERROR] ConditionMgr:805 - Attr not supported : Dmpu
2024-08-06 21:05:32,002 [ERROR] ConditionMgr:805 - Attr not supported : Dmpu
2024-08-06 21:05:32,002 [ERROR] ConditionMgr:805 - Attr not supported : Dmpu
2024-08-06 21:05:32,002 [ERROR] ConditionMgr:805 - Attr not supported : Dmpu
2024-08-06 21:05:32,002 [ERROR] ConditionMgr:805 - Attr not supported : Dmpu
2024-08-06 21:05:32,002 [ERROR] ConditionMgr:805 - Attr not supported : Dmpu
2024-08-06 21:05:32,002 [ERROR] ConditionMgr:805 - Attr not supported : Dmpu
2024-08-06 21:05:32,002 [ERROR] ConditionMgr:805 - Attr not supported : Dmpu
2024-08-06 21:05:32,002 [ERROR] ConditionMgr:805 - Attr not supported : Dmpu
2024-08-06 21:05:32,003 [ERROR] ConditionMgr:805 - Attr not supported : Dmpu
2024-08-06 21:05:32,003 [ERROR] ConditionMgr:805 - Attr not supported : Dmpu
2024-08-06 21:05:32,003 [ERROR] ConditionMgr:805 - Attr not supported : Dmpu
2024-08-06 21:05:32,003 [ERROR] ConditionMgr:805 - Attr not supported : Dmpu
2024-08-06 21:05:32,003 [ERROR] ConditionMgr:805 - Attr not supported : Dmpu
2024-08-06 21:05:32,003 [ERROR] ConditionMgr:805 - Attr not supported : Dmpu
2024-08-06 21:05:32,003 [ERROR] ConditionMgr:805 - Attr not supported : Dmpu
2024-08-06 21:05:32,003 [ERROR] ConditionMgr:805 - Attr not supported : Dmpu
2024-08-06 21:05:32,003 [ERROR] ConditionMgr:805 - Attr not supported : Dmpu
2024-08-06 21:05:32,003 [ERROR] ConditionMgr:805 - Attr not supported : Dmpu
2024-08-06 21:05:32,003 [ERROR] ConditionMgr:805 - Attr not supported : Dmpu
2024-08-06 21:05:32,003 [ERROR] ConditionMgr:805 - Attr not supported : Dmpu
2024-08-06 21:05:32,003 [ERROR] ConditionMgr:805 - Attr not supported : Dmpu
2024-08-06 21:05:32,003 [ERROR] ConditionMgr:805 - Attr not supported : Dmpu
2024-08-06 21:05:32,003 [ERROR] ConditionMgr:805 - Attr not supported : Dmpu
2024-08-06 21:05:32,003 [ERROR] ConditionMgr:805 - Attr not supported : Dmpu
2024-08-06 21:05:32,003 [ERROR] ConditionMgr:805 - Attr not supported : Dmpu
2024-08-06 21:05:32,003 [ERROR] ConditionMgr:805 - Attr not supported : Dmpu
2024-08-06 21:05:32,003 [ERROR] ConditionMgr:805 - Attr not supported : Dmpu
2024-08-06 21:05:32,003 [ERROR] ConditionMgr:805 - Attr not supported : Dmpu
2024-08-06 21:05:32,003 [ERROR] ConditionMgr:805 - Attr not supported : Dmpu
2024-08-06 21:05:32,003 [ERROR] ConditionMgr:805 - Attr not supported : Dmpu
2024-08-06 21:05:32,003 [ERROR] ConditionMgr:805 - Attr not supported : Dmpu
2024-08-06 21:05:32,003 [ERROR] ConditionMgr:805 - Attr not supported : Dmpu
2024-08-06 21:05:32,004 [ERROR] ConditionMgr:805 - Attr not supported : Dmpu
2024-08-06 21:05:32,004 [ERROR] ConditionMgr:805 - Attr not supported : Dmpu
2024-08-06 21:05:32,004 [ERROR] ConditionMgr:805 - Attr not supported : Dmpu
2024-08-06 21:05:32,004 [ERROR] ConditionMgr:805 - Attr not supported : Dmpu
2024-08-06 21:05:32,004 [ERROR] ConditionMgr:805 - Attr not supported : Dmpu
2024-08-06 21:05:32,004 [ERROR] ConditionMgr:805 - Attr not supported : Dmpu
2024-08-06 21:05:32,004 [ERROR] ConditionMgr:805 - Attr not supported : Dmpu
2024-08-06 21:05:32,004 [ERROR] ConditionMgr:805 - Attr not supported : Dmpu
2024-08-06 21:05:32,005 [ERROR] ConditionMgr:805 - Attr not supported : Dmpu
2024-08-06 21:05:32,005 [ERROR] ConditionMgr:805 - Attr not supported : Dmpu
2024-08-06 21:05:32,005 [ERROR] ConditionMgr:805 - Attr not supported : Dmpu
2024-08-06 21:05:32,005 [ERROR] ConditionMgr:805 - Attr not supported : Dmpu
2024-08-06 21:05:32,005 [ERROR] ConditionMgr:805 - Attr not supported : Dmpu
2024-08-06 21:05:32,005 [ERROR] ConditionMgr:805 - Attr not supported : Dmpu
2024-08-06 21:05:32,005 [ERROR] ConditionMgr:805 - Attr not supported : Dmpu
2024-08-06 21:05:32,006 [ERROR] ConditionMgr:805 - Attr not supported : Dmpu
2024-08-06 21:05:32,006 [ERROR] ConditionMgr:805 - Attr not supported : Dmpu
2024-08-06 21:05:32,006 [ERROR] ConditionMgr:805 - Attr not supported : Dmpu
2024-08-06 21:05:32,006 [ERROR] ConditionMgr:805 - Attr not supported : Dmpu
2024-08-06 21:05:32,006 [ERROR] ConditionMgr:805 - Attr not supported : Dmpu
2024-08-06 21:05:32,006 [ERROR] ConditionMgr:805 - Attr not supported : Dmpu
2024-08-06 21:05:32,006 [ERROR] ConditionMgr:805 - Attr not supported : Dmpu
2024-08-06 21:05:32,006 [ERROR] ConditionMgr:805 - Attr not supported : Dmpu
2024-08-06 21:05:32,006 [ERROR] ConditionMgr:805 - Attr not supported : Dmpu
2024-08-06 21:05:32,006 [ERROR] ConditionMgr:805 - Attr not supported : Dmpu
2024-08-06 21:05:32,006 [ERROR] ConditionMgr:805 - Attr not supported : Dmpu
2024-08-06 21:05:32,006 [ERROR] ConditionMgr:805 - Attr not supported : Dmpu
2024-08-06 21:05:32,006 [ERROR] ConditionMgr:805 - Attr not supported : Dmpu
2024-08-06 21:05:32,013 [WARN] PackLoader:240 - Cannot read IP mode file for RealThread.X-CUBE-RT-Thread_Nano.4.1.1
2024-08-06 21:05:32,018 [WARN] PackLoader:240 - Cannot read IP mode file for wolfSSL.I-CUBE-wolfSSL.5.7.0
2024-08-06 21:05:32,021 [WARN] PackLoader:240 - Cannot read IP mode file for STMicroelectronics.FP-ATR-SIGFOX1.3.2.0
2024-08-06 21:05:32,027 [WARN] PackLoader:240 - Cannot read IP mode file for STMicroelectronics.X-CUBE-EEPRMA1.5.1.0
2024-08-06 21:05:32,034 [WARN] PackLoader:240 - Cannot read IP mode file for ITTIA_DB.I-CUBE-ITTIADB.8.9.0
2024-08-06 21:05:32,064 [WARN] PackLoader:240 - Cannot read IP mode file for SEGGER.I-CUBE-embOS.1.3.1
2024-08-06 21:05:32,117 [WARN] PackLoader:240 - Cannot read IP mode file for STMicroelectronics.X-CUBE-ALGOBUILD.1.4.0
2024-08-06 21:05:32,123 [WARN] PackLoader:240 - Cannot read IP mode file for STMicroelectronics.X-CUBE-GNSS1.6.0.0
2024-08-06 21:05:32,160 [WARN] PackLoader:240 - Cannot read IP mode file for STMicroelectronics.X-CUBE-AZRTOS-F4.1.1.0
2024-08-06 21:05:32,171 [WARN] PackLoader:240 - Cannot read IP mode file for STMicroelectronics.X-CUBE-FREERTOS.1.2.0
2024-08-06 21:05:32,194 [WARN] PackLoader:240 - Cannot read IP mode file for STMicroelectronics.X-CUBE-AZRTOS-L5.2.0.0
2024-08-06 21:05:32,207 [WARN] PackLoader:240 - Cannot read IP mode file for STMicroelectronics.X-CUBE-NFC6.3.1.0
2024-08-06 21:05:32,215 [WARN] PackLoader:240 - Cannot read IP mode file for STMicroelectronics.X-CUBE-DPower.1.2.0
2024-08-06 21:05:32,224 [WARN] PackLoader:240 - Cannot read IP mode file for STMicroelectronics.X-CUBE-AI.9.0.0
2024-08-06 21:05:32,231 [WARN] PackLoader:240 - Cannot read IP mode file for STMicroelectronics.X-CUBE-NFC7.1.0.1
2024-08-06 21:05:32,237 [WARN] PackLoader:240 - Cannot read IP mode file for wolfSSL.I-CUBE-wolfTPM.3.2.0
2024-08-06 21:05:32,261 [WARN] ConditionMgr:438 - getConditionDescription Invalid condition id : LAN8742 Phy interface Condition cause : null
2024-08-06 21:05:32,262 [WARN] PackLoader:240 - Cannot read IP mode file for STMicroelectronics.X-CUBE-AZRTOS-L4.2.0.0
2024-08-06 21:05:32,263 [WARN] ConditionMgr:1039 - genDependencies : Invalid condition id : LAN8742 Phy interface Condition cause : null
2024-08-06 21:05:32,264 [WARN] ConditionMgr:1039 - genDependencies : Invalid condition id : LAN8742 Phy interface Condition cause : null
2024-08-06 21:05:32,279 [WARN] ConditionMgr:1039 - genDependencies : Invalid condition id : LAN8742 Phy interface Condition cause : null
2024-08-06 21:05:32,292 [WARN] PackLoader:240 - Cannot read IP mode file for STMicroelectronics.X-CUBE-SFXS2LP1.4.0.0
2024-08-06 21:05:32,312 [WARN] ConditionMgr:438 - getConditionDescription Invalid condition id : UX DEVICE CLASS RTOS Condition cause : null
2024-08-06 21:05:32,313 [WARN] ConditionMgr:438 - getConditionDescription Invalid condition id : UX DEVICE CLASS RTOS Condition cause : null
2024-08-06 21:05:32,315 [WARN] PackLoader:240 - Cannot read IP mode file for STMicroelectronics.X-CUBE-AZRTOS-WB.2.0.0
2024-08-06 21:05:32,316 [WARN] ConditionMgr:1039 - genDependencies : Invalid condition id : UX DEVICE CLASS RTOS Condition cause : null
2024-08-06 21:05:32,316 [WARN] ConditionMgr:1039 - genDependencies : Invalid condition id : UX DEVICE CLASS RTOS Condition cause : null
2024-08-06 21:05:32,317 [WARN] ConditionMgr:1039 - genDependencies : Invalid condition id : UX DEVICE CLASS RTOS Condition cause : null
2024-08-06 21:05:32,317 [WARN] ConditionMgr:1039 - genDependencies : Invalid condition id : UX DEVICE CLASS RTOS Condition cause : null
2024-08-06 21:05:32,317 [WARN] ConditionMgr:1039 - genDependencies : Invalid condition id : UX DEVICE CLASS RTOS Condition cause : null
2024-08-06 21:05:32,327 [WARN] PackLoader:240 - Cannot read IP mode file for STMicroelectronics.FP-SNS-STBOX1.2.0.0
2024-08-06 21:05:32,343 [WARN] PackLoader:240 - Cannot read IP mode file for STMicroelectronics.X-CUBE-SUBG2.5.0.0
2024-08-06 21:05:32,365 [WARN] PackLoader:240 - Cannot read IP mode file for STMicroelectronics.X-CUBE-AZRTOS-G4.2.0.0
2024-08-06 21:05:32,374 [WARN] PackLoader:240 - Cannot read IP mode file for STMicroelectronics.X-CUBE-ISPU.2.0.0
2024-08-06 21:05:32,381 [WARN] PackLoader:240 - Cannot read IP mode file for STMicroelectronics.X-CUBE-ALS.1.0.2
2024-08-06 21:05:32,445 [WARN] PackLoader:240 - Cannot read IP mode file for STMicroelectronics.X-CUBE-MEMS1.10.0.0
2024-08-06 21:05:32,595 [WARN] PackLoader:240 - Cannot read IP mode file for STMicroelectronics.X-CUBE-FREERTOS.1.1.0
2024-08-06 21:05:32,599 [WARN] PackLoader:240 - Cannot read IP mode file for STMicroelectronics.X-CUBE-TOUCHGFX.4.24.0
2024-08-06 21:05:32,606 [WARN] PackLoader:240 - Cannot read IP mode file for portGmbH.I-Cube-SoM-uGOAL.1.1.0
2024-08-06 21:05:32,610 [WARN] PackLoader:240 - Cannot read IP mode file for STMicroelectronics.X-CUBE-ALS.1.0.1
2024-08-06 21:05:32,627 [WARN] PackLoader:240 - Cannot read IP mode file for STMicroelectronics.X-CUBE-AZRTOS-H7RS.1.0.0
2024-08-06 21:05:32,634 [WARN] PackLoader:240 - Cannot read IP mode file for STMicroelectronics.FP-ATR-ASTRA1.2.0.0
2024-08-06 21:05:32,649 [WARN] PackLoader:240 - Cannot read IP mode file for STMicroelectronics.X-CUBE-TOF1.3.4.2
2024-08-06 21:05:32,666 [WARN] PackLoader:240 - Cannot read IP mode file for STMicroelectronics.X-CUBE-TOF1.3.4.1
2024-08-06 21:05:32,694 [WARN] PackLoader:240 - Cannot read IP mode file for STMicroelectronics.X-CUBE-AZRTOS-H7.3.2.0
2024-08-06 21:05:32,721 [WARN] PackLoader:240 - Cannot read IP mode file for Infineon.AIROC-Wi-Fi-Bluetooth-STM32.1.6.0
2024-08-06 21:05:32,735 [WARN] PackLoader:240 - Cannot read IP mode file for wolfSSL.I-CUBE-wolfSSH.1.4.17
2024-08-06 21:05:32,737 [INFO] ThirdParty:978 - Integrity check success = true
2024-08-06 21:05:32,737 [INFO] IntegrityCheckThread:100 - exiting critical section [integrity check]
2024-08-06 21:05:32,737 [INFO] IntegrityCheckThread:103 - End integrity checks thread
2024-08-06 21:05:32,808 [INFO] WebApp:779 - Register for checkConnection events
2024-08-06 21:05:32,809 [INFO] WebApp:414 - Apply proxy settings
2024-08-06 21:05:32,809 [INFO] WebApp:499 - Chromium requires no authentication
2024-08-06 21:05:32,821 [INFO] WebApp:442 - Direct internet connection detected
2024-08-06 21:05:33,178 [INFO] WebApp:192 - Starting web application
2024-08-06 21:05:33,178 [INFO] WebApp:544 - Web application path used C:\ST\STM32CubeIDE_1.15.0\STM32CubeIDE\plugins\com.st.stm32cube.common.mx_6.11.0.202403141607\db\plugins\mcufinder\reactClient1\index.html
2024-08-06 21:53:25,073 [INFO] WebApp:354 - JxBrowser engine has been closed 
