2024-12-02 22:17:36,289 [INFO] Activator:176 - 


2024-12-02 22:17:36,298 [INFO] Activator:177 - !SESSION log4j initialized
2024-12-02 22:17:44,340 [INFO] LogOutputStream:77 - [STDOUT_REDIRECT] 
2024-12-02 22:17:45,945 [INFO] ApplicationProperties:184 - Using Application install path: C:\ST\STM32CubeIDE_1.15.0\STM32CubeIDE\plugins\com.st.stm32cube.common.mx_6.11.0.202403141607
2024-12-02 22:17:45,981 [INFO] DbMcusXml:78 - Set database path to: C:\ST\STM32CubeIDE_1.15.0\STM32CubeIDE\plugins\com.st.stm32cube.common.mx_6.11.0.202403141607\\db\/mcu/
2024-12-02 22:17:45,982 [INFO] ApiDb:274 - Set plugin database path to: C:\ST\STM32CubeIDE_1.15.0\STM32CubeIDE\plugins\com.st.stm32cube.common.mx_6.11.0.202403141607\\db\/plugins/boardmanager/
2024-12-02 22:17:45,983 [WARN] ApiDb:259 - Overriding images path with different value:  => C:\ST\STM32CubeIDE_1.15.0\STM32CubeIDE\plugins\com.st.stm32cube.common.mx_6.11.0.202403141607\\db\/plugins/mcufinder/images/
2024-12-02 22:17:45,999 [INFO] ApiDb:250 - Set database path to: C:\Users\BASAVARAJ\.stmcufinder\plugins\mcufinder//mcu/
2024-12-02 22:17:46,000 [INFO] DbMcusAds:125 - Set database path to: C:\Users\BASAVARAJ\.stmcufinder\plugins\mcufinder//mcu/
2024-12-02 22:17:46,002 [INFO] CrossReferenceDbSqlite:203 - Set database path to: C:\Users\BASAVARAJ\.stmcufinder\plugins\mcufinder//mcu/cs/
2024-12-02 22:17:46,275 [INFO] RulesReader:64 - Compatibility file has been processed (297 Rules)
2024-12-02 22:17:46,420 [INFO] DbMcusXml:78 - Set database path to: C:\ST\STM32CubeIDE_1.15.0\STM32CubeIDE\plugins\com.st.stm32cube.common.mx_6.11.0.202403141607\\db\/mcu/
2024-12-02 22:17:46,421 [INFO] ApiDb:274 - Set plugin database path to: C:\ST\STM32CubeIDE_1.15.0\STM32CubeIDE\plugins\com.st.stm32cube.common.mx_6.11.0.202403141607\\db\/plugins/boardmanager/
2024-12-02 22:17:46,421 [INFO] ApiDb:261 - Set plugin images path to: C:\ST\STM32CubeIDE_1.15.0\STM32CubeIDE\plugins\com.st.stm32cube.common.mx_6.11.0.202403141607\\db\/plugins/mcufinder/images/
2024-12-02 22:17:46,421 [WARN] DbFile:41 - Overriding database path with different value: C:\Users\BASAVARAJ\.stmcufinder\plugins\mcufinder/ => C:\Users\BASAVARAJ\.stmcufinder\plugins\mcufinder
2024-12-02 22:17:46,421 [INFO] ApiDb:250 - Set database path to: C:\Users\BASAVARAJ\.stmcufinder\plugins\mcufinder//mcu/
2024-12-02 22:17:46,422 [WARN] DbFile:41 - Overriding database path with different value: C:\Users\BASAVARAJ\.stmcufinder\plugins\mcufinder/ => C:\Users\BASAVARAJ\.stmcufinder\plugins\mcufinder
2024-12-02 22:17:46,422 [INFO] DbMcusAds:125 - Set database path to: C:\Users\BASAVARAJ\.stmcufinder\plugins\mcufinder//mcu/
2024-12-02 22:17:46,422 [WARN] DbFile:41 - Overriding database path with different value: C:\Users\BASAVARAJ\.stmcufinder\plugins\mcufinder/ => C:\Users\BASAVARAJ\.stmcufinder\plugins\mcufinder
2024-12-02 22:17:46,422 [WARN] DbFile:41 - Overriding database path with different value: C:\Users\BASAVARAJ\.stmcufinder\plugins\mcufinder/ => C:\Users\BASAVARAJ\.stmcufinder\plugins\mcufinder
2024-12-02 22:17:46,422 [INFO] CrossReferenceDbSqlite:203 - Set database path to: C:\Users\BASAVARAJ\.stmcufinder\plugins\mcufinder//mcu/cs/
2024-12-02 22:17:46,539 [INFO] MainPanel:264 - HeapMemory: 268435456
2024-12-02 22:17:46,698 [INFO] DbMcusXml:78 - Set database path to: C:\ST\STM32CubeIDE_1.15.0\STM32CubeIDE\plugins\com.st.stm32cube.common.mx_6.11.0.202403141607\\db\/mcu/
2024-12-02 22:17:46,699 [INFO] ApiDb:274 - Set plugin database path to: C:\ST\STM32CubeIDE_1.15.0\STM32CubeIDE\plugins\com.st.stm32cube.common.mx_6.11.0.202403141607\\db\/plugins/boardmanager/
2024-12-02 22:17:46,699 [INFO] ApiDb:261 - Set plugin images path to: C:\ST\STM32CubeIDE_1.15.0\STM32CubeIDE\plugins\com.st.stm32cube.common.mx_6.11.0.202403141607\\db\/plugins/mcufinder/images/
2024-12-02 22:17:46,699 [WARN] DbFile:41 - Overriding database path with different value: C:\Users\BASAVARAJ\.stmcufinder\plugins\mcufinder/ => C:\Users\BASAVARAJ\.stmcufinder\plugins\mcufinder
2024-12-02 22:17:46,699 [INFO] ApiDb:250 - Set database path to: C:\Users\BASAVARAJ\.stmcufinder\plugins\mcufinder//mcu/
2024-12-02 22:17:46,700 [WARN] DbFile:41 - Overriding database path with different value: C:\Users\BASAVARAJ\.stmcufinder\plugins\mcufinder/ => C:\Users\BASAVARAJ\.stmcufinder\plugins\mcufinder
2024-12-02 22:17:46,700 [INFO] DbMcusAds:125 - Set database path to: C:\Users\BASAVARAJ\.stmcufinder\plugins\mcufinder//mcu/
2024-12-02 22:17:46,700 [WARN] DbFile:41 - Overriding database path with different value: C:\Users\BASAVARAJ\.stmcufinder\plugins\mcufinder/ => C:\Users\BASAVARAJ\.stmcufinder\plugins\mcufinder
2024-12-02 22:17:46,700 [WARN] DbFile:41 - Overriding database path with different value: C:\Users\BASAVARAJ\.stmcufinder\plugins\mcufinder/ => C:\Users\BASAVARAJ\.stmcufinder\plugins\mcufinder
2024-12-02 22:17:46,701 [INFO] CrossReferenceDbSqlite:203 - Set database path to: C:\Users\BASAVARAJ\.stmcufinder\plugins\mcufinder//mcu/cs/
2024-12-02 22:17:46,726 [INFO] ApplicationProperties:184 - Using Application install path: C:\ST\STM32CubeIDE_1.15.0\STM32CubeIDE\plugins\com.st.stm32cube.common.mx_6.11.0.202403141607
2024-12-02 22:17:46,730 [INFO] PluginManage:196 - Search for loadable plugins [exclusion list=, ]
2024-12-02 22:17:46,734 [INFO] PluginManage:310 - Check plugin analytics
2024-12-02 22:17:46,958 [INFO] AnalyticsPlugin:253 - Accepted Software Licenses: 
2024-12-02 22:17:46,959 [INFO] AnalyticsPlugin:255 - Accepted CMSIS Pack Licenses: 
2024-12-02 22:17:46,959 [INFO] AnalyticsPlugin:257 - Accepted Firmware Licenses: FW.F4.1.28.0
2024-12-02 22:17:46,962 [INFO] PluginManage:359 - Loaded plugin analytics (category:tool,tabindex:-1)
2024-12-02 22:17:46,963 [INFO] PluginManage:310 - Check plugin cadmodel
2024-12-02 22:17:46,986 [INFO] CADModel:105 - Init CAD model plugin
2024-12-02 22:17:46,986 [INFO] PluginManage:359 - Loaded plugin cadmodel (category:power,tabindex:5)
2024-12-02 22:17:46,987 [INFO] PluginManage:310 - Check plugin clock
2024-12-02 22:17:47,017 [INFO] PluginManage:359 - Loaded plugin clock (category:base,tabindex:2)
2024-12-02 22:17:47,017 [INFO] PluginManage:310 - Check plugin ddr
2024-12-02 22:17:47,021 [INFO] PluginManage:359 - Loaded plugin ddr (category:tool,tabindex:6)
2024-12-02 22:17:47,021 [INFO] PluginManage:310 - Check plugin filemanager
2024-12-02 22:17:47,289 [INFO] PluginManage:359 - Loaded plugin filemanager (category:base,tabindex:10)
2024-12-02 22:17:47,290 [INFO] PluginManage:310 - Check plugin ipmanager
2024-12-02 22:17:47,299 [INFO] PluginManage:359 - Loaded plugin ipmanager (category:base,tabindex:5)
2024-12-02 22:17:47,299 [INFO] PluginManage:310 - Check plugin lpbam
2024-12-02 22:17:47,324 [INFO] PluginManage:359 - Loaded plugin lpbam (category:base,tabindex:0)
2024-12-02 22:17:47,324 [INFO] PluginManage:310 - Check plugin memorymap
2024-12-02 22:17:47,377 [INFO] PluginManage:359 - Loaded plugin memorymap (category:base,tabindex:4)
2024-12-02 22:17:47,378 [INFO] PluginManage:310 - Check plugin pinoutandconfiguration
2024-12-02 22:17:47,403 [INFO] PluginManage:359 - Loaded plugin pinoutandconfiguration (category:base,tabindex:1)
2024-12-02 22:17:47,404 [INFO] PluginManage:310 - Check plugin pinoutconfig
2024-12-02 22:17:47,511 [WARN] SupportedApi:132 - Cannot load RTOS API schema: s4s-elt-must-match.1: The content of 'definitions' must match (annotation?, (simpleType | complexType)?, (unique | key | keyref)*)). A problem was found starting at: attribute.
2024-12-02 22:17:47,794 [INFO] PluginManage:359 - Loaded plugin pinoutconfig (category:base,tabindex:0)
2024-12-02 22:17:47,795 [INFO] PluginManage:310 - Check plugin power
2024-12-02 22:17:47,829 [INFO] PluginManage:359 - Loaded plugin power (category:power,tabindex:4)
2024-12-02 22:17:47,829 [INFO] PluginManage:310 - Check plugin projectmanager
2024-12-02 22:17:47,857 [INFO] PluginManage:359 - Loaded plugin projectmanager (category:projectmanager,tabindex:3)
2024-12-02 22:17:47,857 [INFO] PluginManage:310 - Check plugin thirdparty
2024-12-02 22:17:48,276 [INFO] PluginManage:359 - Loaded plugin thirdparty (category:base,tabindex:-1)
2024-12-02 22:17:48,276 [WARN] IntegrityCheckThread:84 - waiting for thirdparty lock release [integrity check]
2024-12-02 22:17:48,276 [INFO] PluginManage:310 - Check plugin tools
2024-12-02 22:17:48,276 [INFO] IntegrityCheckThread:86 - entering critical section [integrity check]
2024-12-02 22:17:48,277 [INFO] ThirdPartyUpdaterWithRetryManager:70 - Updater plugin not ready yet. [1/15]
2024-12-02 22:17:48,322 [INFO] PluginManage:359 - Loaded plugin tools (category:base,tabindex:7)
2024-12-02 22:17:48,323 [INFO] PluginManage:310 - Check plugin tutovideos
2024-12-02 22:17:48,668 [INFO] PluginManage:359 - Loaded plugin tutovideos (category:base,tabindex:-1)
2024-12-02 22:17:48,668 [INFO] PluginManage:310 - Check plugin updater
2024-12-02 22:17:48,688 [INFO] PluginManage:359 - Loaded plugin updater (category:base,tabindex:12)
2024-12-02 22:17:48,688 [INFO] PluginManage:310 - Check plugin userauth
2024-12-02 22:17:48,696 [INFO] UserAuth:114 - Init User Auth plugin
2024-12-02 22:17:48,696 [INFO] PluginManage:359 - Loaded plugin userauth (category:base,tabindex:14)
2024-12-02 22:17:48,697 [INFO] PluginManage:283 - PluginManage : Loaded plugins [17]
2024-12-02 22:17:49,000 [INFO] PinOutPanel:1561 - setPackage(No Configuration,No Configuration)
2024-12-02 22:17:49,104 [INFO] CADModel:165 - CPN selected for project level
2024-12-02 22:17:49,104 [INFO] CADModel:114 - Register for checkConnection events
2024-12-02 22:17:49,170 [INFO] IPUIPlugin:80 - create IPUIPlugin
2024-12-02 22:17:49,170 [INFO] PluginManager:220 - loadIPPluginJar : add adc
2024-12-02 22:17:49,224 [INFO] IPUIPlugin:80 - create IPUIPlugin
2024-12-02 22:17:49,224 [INFO] PluginManager:220 - loadIPPluginJar : add aes
2024-12-02 22:17:49,285 [INFO] IPUIPlugin:80 - create IPUIPlugin
2024-12-02 22:17:49,286 [INFO] PluginManager:220 - loadIPPluginJar : add can
2024-12-02 22:17:49,329 [INFO] IPUIPlugin:80 - create IPUIPlugin
2024-12-02 22:17:49,329 [INFO] PluginManager:220 - loadIPPluginJar : add comp
2024-12-02 22:17:49,375 [INFO] IPUIPlugin:80 - create IPUIPlugin
2024-12-02 22:17:49,375 [INFO] PluginManager:220 - loadIPPluginJar : add cryp
2024-12-02 22:17:49,415 [INFO] IPUIPlugin:80 - create IPUIPlugin
2024-12-02 22:17:49,415 [INFO] PluginManager:220 - loadIPPluginJar : add dfsdm
2024-12-02 22:17:49,434 [INFO] IPUIPlugin:80 - create IPUIPlugin
2024-12-02 22:17:49,434 [INFO] PluginManager:220 - loadIPPluginJar : add dma
2024-12-02 22:17:49,491 [INFO] IPUIPlugin:80 - create IPUIPlugin
2024-12-02 22:17:49,491 [INFO] PluginManager:220 - loadIPPluginJar : add dma3
2024-12-02 22:17:49,556 [INFO] IPUIPlugin:80 - create IPUIPlugin
2024-12-02 22:17:49,557 [INFO] PluginManager:220 - loadIPPluginJar : add extmemmanager
2024-12-02 22:17:49,587 [INFO] IPUIPlugin:80 - create IPUIPlugin
2024-12-02 22:17:49,587 [INFO] PluginManager:220 - loadIPPluginJar : add fatfs
2024-12-02 22:17:49,649 [INFO] IPUIPlugin:80 - create IPUIPlugin
2024-12-02 22:17:49,649 [INFO] PluginManager:220 - loadIPPluginJar : add fmc
2024-12-02 22:17:49,677 [INFO] IPUIPlugin:80 - create IPUIPlugin
2024-12-02 22:17:49,677 [INFO] PluginManager:220 - loadIPPluginJar : add freertos
2024-12-02 22:17:49,705 [INFO] IPUIPlugin:80 - create IPUIPlugin
2024-12-02 22:17:49,706 [INFO] PluginManager:220 - loadIPPluginJar : add genericplugin
2024-12-02 22:17:49,831 [INFO] IPUIPlugin:80 - create IPUIPlugin
2024-12-02 22:17:49,831 [INFO] PluginManager:220 - loadIPPluginJar : add gfxmmu
2024-12-02 22:17:49,999 [INFO] IPUIPlugin:80 - create IPUIPlugin
2024-12-02 22:17:49,999 [INFO] PluginManager:220 - loadIPPluginJar : add gic
2024-12-02 22:17:50,016 [INFO] IPUIPlugin:80 - create IPUIPlugin
2024-12-02 22:17:50,016 [INFO] PluginManager:220 - loadIPPluginJar : add gpio
2024-12-02 22:17:50,141 [INFO] IPUIPlugin:80 - create IPUIPlugin
2024-12-02 22:17:50,141 [INFO] PluginManager:220 - loadIPPluginJar : add gtzc
2024-12-02 22:17:50,184 [INFO] IPUIPlugin:80 - create IPUIPlugin
2024-12-02 22:17:50,184 [INFO] PluginManager:220 - loadIPPluginJar : add hash
2024-12-02 22:17:50,255 [INFO] IPUIPlugin:80 - create IPUIPlugin
2024-12-02 22:17:50,255 [INFO] PluginManager:220 - loadIPPluginJar : add i2c
2024-12-02 22:17:50,304 [INFO] IPUIPlugin:80 - create IPUIPlugin
2024-12-02 22:17:50,304 [INFO] PluginManager:220 - loadIPPluginJar : add i2s
2024-12-02 22:17:50,358 [INFO] IPUIPlugin:80 - create IPUIPlugin
2024-12-02 22:17:50,359 [INFO] PluginManager:220 - loadIPPluginJar : add i3c
2024-12-02 22:17:50,482 [INFO] IPUIPlugin:80 - create IPUIPlugin
2024-12-02 22:17:50,483 [INFO] PluginManager:220 - loadIPPluginJar : add ipddr
2024-12-02 22:17:50,608 [INFO] IPUIPlugin:80 - create IPUIPlugin
2024-12-02 22:17:50,608 [INFO] PluginManager:220 - loadIPPluginJar : add linkedlist
2024-12-02 22:17:50,654 [INFO] IPUIPlugin:80 - create IPUIPlugin
2024-12-02 22:17:50,654 [INFO] PluginManager:220 - loadIPPluginJar : add lorawan
2024-12-02 22:17:50,705 [INFO] IPUIPlugin:80 - create IPUIPlugin
2024-12-02 22:17:50,705 [INFO] PluginManager:220 - loadIPPluginJar : add ltdc
2024-12-02 22:17:50,734 [INFO] IPUIPlugin:80 - create IPUIPlugin
2024-12-02 22:17:50,734 [INFO] PluginManager:220 - loadIPPluginJar : add mdma
2024-12-02 22:17:50,750 [INFO] IPUIPlugin:80 - create IPUIPlugin
2024-12-02 22:17:50,750 [INFO] PluginManager:220 - loadIPPluginJar : add nvic
2024-12-02 22:17:50,799 [INFO] IPUIPlugin:80 - create IPUIPlugin
2024-12-02 22:17:50,799 [INFO] PluginManager:220 - loadIPPluginJar : add opamp
2024-12-02 22:17:50,874 [INFO] IPUIPlugin:80 - create IPUIPlugin
2024-12-02 22:17:50,874 [INFO] PluginManager:220 - loadIPPluginJar : add openamp
2024-12-02 22:17:50,936 [INFO] IPUIPlugin:80 - create IPUIPlugin
2024-12-02 22:17:50,937 [INFO] PluginManager:220 - loadIPPluginJar : add pdm2pcm
2024-12-02 22:17:50,956 [INFO] IPUIPlugin:80 - create IPUIPlugin
2024-12-02 22:17:50,959 [INFO] PluginManager:220 - loadIPPluginJar : add plateformsettings
2024-12-02 22:17:50,988 [INFO] IPUIPlugin:80 - create IPUIPlugin
2024-12-02 22:17:50,988 [INFO] PluginManager:220 - loadIPPluginJar : add quadspi
2024-12-02 22:17:51,006 [INFO] IPUIPlugin:80 - create IPUIPlugin
2024-12-02 22:17:51,006 [INFO] PluginManager:220 - loadIPPluginJar : add resmgrutility
2024-12-02 22:17:51,083 [INFO] IPUIPlugin:80 - create IPUIPlugin
2024-12-02 22:17:51,084 [INFO] PluginManager:220 - loadIPPluginJar : add sai
2024-12-02 22:17:51,137 [INFO] IPUIPlugin:80 - create IPUIPlugin
2024-12-02 22:17:51,137 [INFO] PluginManager:220 - loadIPPluginJar : add spi
2024-12-02 22:17:51,226 [INFO] IPUIPlugin:80 - create IPUIPlugin
2024-12-02 22:17:51,226 [INFO] PluginManager:220 - loadIPPluginJar : add stm32_wpan
2024-12-02 22:17:51,258 [INFO] IPUIPlugin:80 - create IPUIPlugin
2024-12-02 22:17:51,258 [INFO] PluginManager:220 - loadIPPluginJar : add tim
2024-12-02 22:17:51,278 [INFO] ThirdPartyUpdaterWithRetryManager:70 - Updater plugin not ready yet. [2/15]
2024-12-02 22:17:51,334 [INFO] IPUIPlugin:80 - create IPUIPlugin
2024-12-02 22:17:51,334 [INFO] PluginManager:220 - loadIPPluginJar : add touchsensing
2024-12-02 22:17:51,365 [INFO] IPUIPlugin:80 - create IPUIPlugin
2024-12-02 22:17:51,365 [INFO] PluginManager:220 - loadIPPluginJar : add tracer_emb
2024-12-02 22:17:51,399 [INFO] IPUIPlugin:80 - create IPUIPlugin
2024-12-02 22:17:51,399 [INFO] PluginManager:220 - loadIPPluginJar : add ts
2024-12-02 22:17:51,428 [INFO] IPUIPlugin:80 - create IPUIPlugin
2024-12-02 22:17:51,428 [INFO] PluginManager:220 - loadIPPluginJar : add tsc
2024-12-02 22:17:51,458 [INFO] IPUIPlugin:80 - create IPUIPlugin
2024-12-02 22:17:51,458 [INFO] PluginManager:220 - loadIPPluginJar : add ucpd
2024-12-02 22:17:51,514 [INFO] IPUIPlugin:80 - create IPUIPlugin
2024-12-02 22:17:51,514 [INFO] PluginManager:220 - loadIPPluginJar : add usart
2024-12-02 22:17:51,574 [INFO] IPUIPlugin:80 - create IPUIPlugin
2024-12-02 22:17:51,574 [INFO] PluginManager:220 - loadIPPluginJar : add usbx
2024-12-02 22:17:51,712 [INFO] CADModel:165 - CPN selected for project level
2024-12-02 22:17:51,713 [INFO] CADModel:114 - Register for checkConnection events
2024-12-02 22:17:51,713 [FATAL] Updater:308 - Updater called before beeing initialized
2024-12-02 22:17:51,714 [ERROR] CADModel:125 - Updater not yet initialized, retry later 
2024-12-02 22:17:51,890 [INFO] CADModel:165 - CPN selected for project level
2024-12-02 22:17:51,890 [INFO] CADModel:114 - Register for checkConnection events
2024-12-02 22:17:51,890 [FATAL] Updater:308 - Updater called before beeing initialized
2024-12-02 22:17:51,890 [ERROR] CADModel:125 - Updater not yet initialized, retry later 
2024-12-02 22:17:51,894 [FATAL] Updater:308 - Updater called before beeing initialized
2024-12-02 22:17:52,016 [FATAL] Updater:308 - Updater called before beeing initialized
2024-12-02 22:17:52,028 [INFO] DbMcusAds:53 - JSON generation date=Fri Sep 20 18:34:38 IST 2024 (1726837478367)
2024-12-02 22:17:52,028 [FATAL] Updater:308 - Updater called before beeing initialized
2024-12-02 22:17:52,084 [WARN] DetailPanel:346 - Failed to get advertising image, set to default
2024-12-02 22:17:52,209 [FATAL] Updater:308 - Updater called before beeing initialized
2024-12-02 22:17:52,212 [FATAL] Updater:308 - Updater called before beeing initialized
2024-12-02 22:17:52,212 [FATAL] Updater:308 - Updater called before beeing initialized
2024-12-02 22:17:52,212 [WARN] DetailPanel:346 - Failed to get advertising image, set to default
2024-12-02 22:17:52,214 [FATAL] Updater:308 - Updater called before beeing initialized
2024-12-02 22:17:52,305 [ERROR] Updater:1120 - MainUpdater not yet initialized. External WinMGr cannot be set.
2024-12-02 22:17:52,322 [INFO] Updater:1056 - Updater Version found : 6.11.0
2024-12-02 22:17:52,368 [INFO] ApplicationProperties:184 - Using Application install path: C:\ST\STM32CubeIDE_1.15.0\STM32CubeIDE\plugins\com.st.stm32cube.common.mx_6.11.0.202403141607
2024-12-02 22:17:53,959 [ERROR] LogOutputStream:75 - [STDERR_REDIRECT] Dec 02, 2024 10:17:53 PM java.util.prefs.WindowsPreferences <init>
2024-12-02 22:17:53,962 [ERROR] LogOutputStream:75 - [STDERR_REDIRECT] WARNING: Could not open/create prefs root node Software\JavaSoft\Prefs at root 0xffffffff80000002. Windows RegCreateKeyEx(...) returned error code 5.
2024-12-02 22:17:53,962 [ERROR] LogOutputStream:75 - [STDERR_REDIRECT] 
2024-12-02 22:17:54,280 [INFO] ThirdPartyUpdaterWithRetryManager:70 - Updater plugin not ready yet. [3/15]
2024-12-02 22:17:54,592 [INFO] MainUpdater:2873 - connection check result : 10
2024-12-02 22:17:54,592 [INFO] MainUpdater:3567 - Updater definition file requires update
2024-12-02 22:17:54,594 [INFO] MainUpdater:290 - Updater Check For Update Now.
2024-12-02 22:17:54,594 [INFO] MicroXplorer:498 - Change Database Version : DB.6.0.110
2024-12-02 22:17:54,623 [INFO] McuFinderGlobals:63 - Set McuFinder mode to 2 (CubeIDE integrated)
2024-12-02 22:17:54,623 [INFO] UserAuth:179 - activating auth plugin
2024-12-02 22:17:54,626 [INFO] UserAuth:415 - Internet connection configuration mode: 1
2024-12-02 22:17:54,683 [INFO] JxBrowserEngine:152 - Initiate JxBrowser Engine with user profile folder
2024-12-02 22:17:54,930 [INFO] ServerAccessManage:473 - Download File updaters.zip
2024-12-02 22:17:55,506 [INFO] FileExtend:240 - Unzip File : updaters.zip
2024-12-02 22:17:55,506 [INFO] FileExtend:255 - Standard Zip Deflate
2024-12-02 22:17:56,667 [INFO] ServerAccessManage:473 - Download File PacksControlFlags.xml
2024-12-02 22:17:57,073 [INFO] ServerAccessManage:473 - Download File cubemx.pidx
2024-12-02 22:17:57,240 [INFO] LoadServerUpdatesThread:375 - End of LoadServerUpdate Thread
2024-12-02 22:17:57,280 [WARN] MainUpdater:1194 - Updater busy. Cannot search thirdparties
2024-12-02 22:17:57,281 [INFO] ThirdPartyUpdaterWithRetryManager:96 - Updater plugin is busy. [1/15]
2024-12-02 22:17:57,572 [INFO] CheckServerUpdateThread:120 - End of CheckServer Thread
2024-12-02 22:18:00,910 [WARN] PackLoader:240 - Cannot read IP mode file for STMicroelectronics.FP-SNS-MOTENVWB1.1.4.0
2024-12-02 22:18:00,964 [WARN] PackLoader:240 - Cannot read IP mode file for STMicroelectronics.FP-ATR-ASTRA1.2.0.1
2024-12-02 22:18:00,994 [WARN] PackLoader:240 - Cannot read IP mode file for STMicroelectronics.X-CUBE-SMBUS.2.1.0
2024-12-02 22:18:01,028 [WARN] PackLoader:240 - Cannot read IP mode file for STMicroelectronics.X-CUBE-WB05N.1.1.0
2024-12-02 22:18:01,050 [WARN] PackLoader:240 - Cannot read IP mode file for STMicroelectronics.X-CUBE-TOUCHGFX.4.23.2
2024-12-02 22:18:01,185 [WARN] PackLoader:240 - Cannot read IP mode file for STMicroelectronics.X-CUBE-AZRTOS-F7.1.1.0
2024-12-02 22:18:01,441 [WARN] PackLoader:240 - Cannot read IP mode file for STMicroelectronics.X-CUBE-MEMS1.11.0.0
2024-12-02 22:18:02,004 [WARN] PackLoader:240 - Cannot read IP mode file for STMicroelectronics.FP-SNS-FLIGHT1.5.0.2
2024-12-02 22:18:02,070 [WARN] PackLoader:240 - Cannot read IP mode file for STMicroelectronics.X-CUBE-DISPLAY.3.0.0
2024-12-02 22:18:02,120 [WARN] PackLoader:240 - Cannot read IP mode file for STMicroelectronics.X-CUBE-BLE1.7.0.0
2024-12-02 22:18:02,149 [WARN] PackLoader:240 - Cannot read IP mode file for STMicroelectronics.X-CUBE-NFC10.1.0.0
2024-12-02 22:18:02,180 [WARN] PackLoader:240 - Cannot read IP mode file for emotas.I-CUBE-CANOPEN.1.3.0
2024-12-02 22:18:02,227 [WARN] PackLoader:240 - Cannot read IP mode file for STMicroelectronics.X-CUBE-BLEMGR.3.1.0
2024-12-02 22:18:02,268 [WARN] PackLoader:240 - Cannot read IP mode file for STMicroelectronics.FP-SNS-SMARTAG2.1.2.0
2024-12-02 22:18:02,331 [INFO] LogOutputStream:77 - [STDOUT_REDIRECT] 1 : Invalid condition id : UX_CORESTACK_Condition cause : null
2024-12-02 22:18:02,331 [INFO] LogOutputStream:77 - [STDOUT_REDIRECT] 1 : Invalid condition id : UX_CORESTACK_Condition cause : null
2024-12-02 22:18:02,336 [INFO] LogOutputStream:77 - [STDOUT_REDIRECT] 1 : Invalid condition id : UX_CORESTACK_Condition cause : null
2024-12-02 22:18:02,341 [INFO] LogOutputStream:77 - [STDOUT_REDIRECT] 1 : Invalid condition id : UX_CORESTACK_Condition cause : null
2024-12-02 22:18:02,341 [INFO] LogOutputStream:77 - [STDOUT_REDIRECT] 1 : Invalid condition id : UX_CORESTACK_Condition cause : null
2024-12-02 22:18:02,352 [WARN] PackLoader:240 - Cannot read IP mode file for STMicroelectronics.X-CUBE-AZRTOS-WL.2.0.0
2024-12-02 22:18:02,388 [WARN] PackLoader:240 - Cannot read IP mode file for STMicroelectronics.FP-SNS-MOTENV1.5.0.0
2024-12-02 22:18:02,416 [WARN] PackLoader:240 - Cannot read IP mode file for wolfSSL.I-CUBE-wolfMQTT.1.19.0
2024-12-02 22:18:02,469 [WARN] PackLoader:240 - Cannot read IP mode file for WES.I-CUBE-Cesium.1.3.0
2024-12-02 22:18:02,499 [WARN] PackLoader:240 - Cannot read IP mode file for STMicroelectronics.X-CUBE-BLE2.3.3.0
2024-12-02 22:18:02,549 [WARN] PackLoader:240 - Cannot read IP mode file for STMicroelectronics.X-CUBE-NFC9.1.0.0
2024-12-02 22:18:02,572 [WARN] PackLoader:240 - Cannot read IP mode file for STMicroelectronics.X-CUBE-TCPP.4.1.0
2024-12-02 22:18:02,617 [WARN] PackLoader:240 - Cannot read IP mode file for STMicroelectronics.X-CUBE-ALGOBUILD.1.3.0
2024-12-02 22:18:02,680 [WARN] PackLoader:240 - Cannot read IP mode file for STMicroelectronics.X-CUBE-AZRTOS-G0.1.1.0
2024-12-02 22:18:02,728 [WARN] PackLoader:240 - Cannot read IP mode file for STMicroelectronics.X-CUBE-SAFEA1.1.2.2
2024-12-02 22:18:02,784 [WARN] PackLoader:240 - Cannot read IP mode file for STMicroelectronics.X-CUBE-NFC4.3.0.0
2024-12-02 22:18:02,804 [WARN] PackLoader:240 - Cannot read IP mode file for wolfSSL.I-CUBE-wolfMQTT.1.18.0
2024-12-02 22:18:02,854 [WARN] PackLoader:240 - Cannot read IP mode file for EmbeddedOffice.I-CUBE-FS-RTOS.1.0.1
2024-12-02 22:18:02,855 [ERROR] ConditionMgr:805 - Attr not supported : Dmpu
2024-12-02 22:18:02,855 [ERROR] ConditionMgr:805 - Attr not supported : Dmpu
2024-12-02 22:18:02,855 [ERROR] ConditionMgr:805 - Attr not supported : Dmpu
2024-12-02 22:18:02,856 [ERROR] ConditionMgr:805 - Attr not supported : Dmpu
2024-12-02 22:18:02,856 [ERROR] ConditionMgr:805 - Attr not supported : Dmpu
2024-12-02 22:18:02,856 [ERROR] ConditionMgr:805 - Attr not supported : Dmpu
2024-12-02 22:18:02,856 [ERROR] ConditionMgr:805 - Attr not supported : Dmpu
2024-12-02 22:18:02,856 [ERROR] ConditionMgr:805 - Attr not supported : Dmpu
2024-12-02 22:18:02,856 [ERROR] ConditionMgr:805 - Attr not supported : Dmpu
2024-12-02 22:18:02,856 [ERROR] ConditionMgr:805 - Attr not supported : Dmpu
2024-12-02 22:18:02,856 [ERROR] ConditionMgr:805 - Attr not supported : Dmpu
2024-12-02 22:18:02,856 [ERROR] ConditionMgr:805 - Attr not supported : Dmpu
2024-12-02 22:18:02,856 [ERROR] ConditionMgr:805 - Attr not supported : Dmpu
2024-12-02 22:18:02,856 [ERROR] ConditionMgr:805 - Attr not supported : Dmpu
2024-12-02 22:18:02,856 [ERROR] ConditionMgr:805 - Attr not supported : Dmpu
2024-12-02 22:18:02,856 [ERROR] ConditionMgr:805 - Attr not supported : Dmpu
2024-12-02 22:18:02,856 [ERROR] ConditionMgr:805 - Attr not supported : Dmpu
2024-12-02 22:18:02,856 [ERROR] ConditionMgr:805 - Attr not supported : Dmpu
2024-12-02 22:18:02,856 [ERROR] ConditionMgr:805 - Attr not supported : Dmpu
2024-12-02 22:18:02,856 [ERROR] ConditionMgr:805 - Attr not supported : Dmpu
2024-12-02 22:18:02,856 [ERROR] ConditionMgr:805 - Attr not supported : Dmpu
2024-12-02 22:18:02,856 [ERROR] ConditionMgr:805 - Attr not supported : Dmpu
2024-12-02 22:18:02,856 [ERROR] ConditionMgr:805 - Attr not supported : Dmpu
2024-12-02 22:18:02,856 [ERROR] ConditionMgr:805 - Attr not supported : Dmpu
2024-12-02 22:18:02,856 [ERROR] ConditionMgr:805 - Attr not supported : Dmpu
2024-12-02 22:18:02,858 [ERROR] ConditionMgr:805 - Attr not supported : Dmpu
2024-12-02 22:18:02,858 [ERROR] ConditionMgr:805 - Attr not supported : Dmpu
2024-12-02 22:18:02,858 [ERROR] ConditionMgr:805 - Attr not supported : Dmpu
2024-12-02 22:18:02,858 [ERROR] ConditionMgr:805 - Attr not supported : Dmpu
2024-12-02 22:18:02,858 [ERROR] ConditionMgr:805 - Attr not supported : Dmpu
2024-12-02 22:18:02,858 [ERROR] ConditionMgr:805 - Attr not supported : Dmpu
2024-12-02 22:18:02,858 [ERROR] ConditionMgr:805 - Attr not supported : Dmpu
2024-12-02 22:18:02,859 [ERROR] ConditionMgr:805 - Attr not supported : Dmpu
2024-12-02 22:18:02,859 [ERROR] ConditionMgr:805 - Attr not supported : Dmpu
2024-12-02 22:18:02,859 [ERROR] ConditionMgr:805 - Attr not supported : Dmpu
2024-12-02 22:18:02,859 [ERROR] ConditionMgr:805 - Attr not supported : Dmpu
2024-12-02 22:18:02,859 [ERROR] ConditionMgr:805 - Attr not supported : Dmpu
2024-12-02 22:18:02,860 [ERROR] ConditionMgr:805 - Attr not supported : Dmpu
2024-12-02 22:18:02,860 [ERROR] ConditionMgr:805 - Attr not supported : Dmpu
2024-12-02 22:18:02,860 [ERROR] ConditionMgr:805 - Attr not supported : Dmpu
2024-12-02 22:18:02,861 [ERROR] ConditionMgr:805 - Attr not supported : Dmpu
2024-12-02 22:18:02,861 [ERROR] ConditionMgr:805 - Attr not supported : Dmpu
2024-12-02 22:18:02,861 [ERROR] ConditionMgr:805 - Attr not supported : Dmpu
2024-12-02 22:18:02,861 [ERROR] ConditionMgr:805 - Attr not supported : Dmpu
2024-12-02 22:18:02,861 [ERROR] ConditionMgr:805 - Attr not supported : Dmpu
2024-12-02 22:18:02,862 [ERROR] ConditionMgr:805 - Attr not supported : Dmpu
2024-12-02 22:18:02,862 [ERROR] ConditionMgr:805 - Attr not supported : Dmpu
2024-12-02 22:18:02,862 [ERROR] ConditionMgr:805 - Attr not supported : Dmpu
2024-12-02 22:18:02,862 [ERROR] ConditionMgr:805 - Attr not supported : Dmpu
2024-12-02 22:18:02,862 [ERROR] ConditionMgr:805 - Attr not supported : Dmpu
2024-12-02 22:18:02,863 [ERROR] ConditionMgr:805 - Attr not supported : Dmpu
2024-12-02 22:18:02,863 [ERROR] ConditionMgr:805 - Attr not supported : Dmpu
2024-12-02 22:18:02,863 [ERROR] ConditionMgr:805 - Attr not supported : Dmpu
2024-12-02 22:18:02,863 [ERROR] ConditionMgr:805 - Attr not supported : Dmpu
2024-12-02 22:18:02,863 [ERROR] ConditionMgr:805 - Attr not supported : Dmpu
2024-12-02 22:18:02,863 [ERROR] ConditionMgr:805 - Attr not supported : Dmpu
2024-12-02 22:18:02,864 [ERROR] ConditionMgr:805 - Attr not supported : Dmpu
2024-12-02 22:18:02,864 [ERROR] ConditionMgr:805 - Attr not supported : Dmpu
2024-12-02 22:18:02,864 [ERROR] ConditionMgr:805 - Attr not supported : Dmpu
2024-12-02 22:18:02,864 [ERROR] ConditionMgr:805 - Attr not supported : Dmpu
2024-12-02 22:18:02,864 [ERROR] ConditionMgr:805 - Attr not supported : Dmpu
2024-12-02 22:18:02,865 [ERROR] ConditionMgr:805 - Attr not supported : Dmpu
2024-12-02 22:18:02,865 [ERROR] ConditionMgr:805 - Attr not supported : Dmpu
2024-12-02 22:18:02,865 [ERROR] ConditionMgr:805 - Attr not supported : Dmpu
2024-12-02 22:18:02,891 [WARN] PackLoader:240 - Cannot read IP mode file for RealThread.X-CUBE-RT-Thread_Nano.4.1.1
2024-12-02 22:18:02,930 [WARN] PackLoader:240 - Cannot read IP mode file for wolfSSL.I-CUBE-wolfSSL.5.7.0
2024-12-02 22:18:02,947 [WARN] PackLoader:240 - Cannot read IP mode file for STMicroelectronics.FP-ATR-SIGFOX1.3.2.0
2024-12-02 22:18:02,963 [WARN] ConditionMgr:438 - getConditionDescription Invalid condition id : Cortex-A Device cause : null
2024-12-02 22:18:03,014 [WARN] ConditionMgr:1039 - genDependencies : Invalid condition id : Cortex-A Device cause : null
2024-12-02 22:18:03,014 [WARN] ConditionMgr:1039 - genDependencies : Invalid condition id : Cortex-A Device cause : null
2024-12-02 22:18:03,014 [WARN] ConditionMgr:1039 - genDependencies : Invalid condition id : Cortex-A Device cause : null
2024-12-02 22:18:03,042 [WARN] PackLoader:240 - Cannot read IP mode file for STMicroelectronics.X-CUBE-EEPRMA1.5.1.0
2024-12-02 22:18:03,105 [WARN] PackLoader:240 - Cannot read IP mode file for ITTIA_DB.I-CUBE-ITTIADB.8.9.0
2024-12-02 22:18:03,233 [WARN] PackLoader:240 - Cannot read IP mode file for SEGGER.I-CUBE-embOS.1.3.1
2024-12-02 22:18:03,358 [WARN] PackLoader:240 - Cannot read IP mode file for STMicroelectronics.X-CUBE-ALGOBUILD.1.4.0
2024-12-02 22:18:03,372 [WARN] PackLoader:240 - Cannot read IP mode file for STMicroelectronics.X-CUBE-AI.9.1.0
2024-12-02 22:18:03,404 [WARN] PackLoader:240 - Cannot read IP mode file for STMicroelectronics.X-CUBE-GNSS1.6.0.0
2024-12-02 22:18:03,483 [WARN] PackLoader:240 - Cannot read IP mode file for STMicroelectronics.X-CUBE-AZRTOS-F4.1.1.0
2024-12-02 22:18:03,514 [WARN] PackLoader:240 - Cannot read IP mode file for STMicroelectronics.X-CUBE-ISPU.2.1.0
2024-12-02 22:18:03,549 [WARN] PackLoader:240 - Cannot read IP mode file for STMicroelectronics.X-CUBE-FREERTOS.1.2.0
2024-12-02 22:18:03,613 [WARN] PackLoader:240 - Cannot read IP mode file for STMicroelectronics.X-CUBE-AZRTOS-L5.2.0.0
2024-12-02 22:18:03,641 [WARN] PackLoader:240 - Cannot read IP mode file for STMicroelectronics.X-CUBE-NFC6.3.1.0
2024-12-02 22:18:03,673 [WARN] PackLoader:240 - Cannot read IP mode file for STMicroelectronics.X-CUBE-DPower.1.2.0
2024-12-02 22:18:03,705 [WARN] PackLoader:240 - Cannot read IP mode file for STMicroelectronics.X-CUBE-AI.9.0.0
2024-12-02 22:18:03,771 [WARN] PackLoader:240 - Cannot read IP mode file for STMicroelectronics.X-CUBE-NFC7.1.0.1
2024-12-02 22:18:03,817 [WARN] PackLoader:240 - Cannot read IP mode file for wolfSSL.I-CUBE-wolfTPM.3.2.0
2024-12-02 22:18:03,905 [WARN] ConditionMgr:438 - getConditionDescription Invalid condition id : LAN8742 Phy interface Condition cause : null
2024-12-02 22:18:03,907 [WARN] PackLoader:240 - Cannot read IP mode file for STMicroelectronics.X-CUBE-AZRTOS-L4.2.0.0
2024-12-02 22:18:03,907 [WARN] ConditionMgr:1039 - genDependencies : Invalid condition id : LAN8742 Phy interface Condition cause : null
2024-12-02 22:18:03,907 [WARN] ConditionMgr:1039 - genDependencies : Invalid condition id : LAN8742 Phy interface Condition cause : null
2024-12-02 22:18:03,907 [WARN] ConditionMgr:1039 - genDependencies : Invalid condition id : LAN8742 Phy interface Condition cause : null
2024-12-02 22:18:03,939 [WARN] PackLoader:240 - Cannot read IP mode file for STMicroelectronics.X-CUBE-SFXS2LP1.4.0.0
2024-12-02 22:18:04,000 [WARN] PackLoader:240 - Cannot read IP mode file for STMicroelectronics.X-CUBE-AZRTOS-H7.3.3.0
2024-12-02 22:18:04,049 [WARN] PackLoader:240 - Cannot read IP mode file for STMicroelectronics.X-CUBE-IPS.3.0.0
2024-12-02 22:18:04,113 [WARN] ConditionMgr:438 - getConditionDescription Invalid condition id : UX DEVICE CLASS RTOS Condition cause : null
2024-12-02 22:18:04,115 [WARN] ConditionMgr:438 - getConditionDescription Invalid condition id : UX DEVICE CLASS RTOS Condition cause : null
2024-12-02 22:18:04,119 [WARN] PackLoader:240 - Cannot read IP mode file for STMicroelectronics.X-CUBE-AZRTOS-WB.2.0.0
2024-12-02 22:18:04,119 [WARN] ConditionMgr:1039 - genDependencies : Invalid condition id : UX DEVICE CLASS RTOS Condition cause : null
2024-12-02 22:18:04,119 [WARN] ConditionMgr:1039 - genDependencies : Invalid condition id : UX DEVICE CLASS RTOS Condition cause : null
2024-12-02 22:18:04,119 [WARN] ConditionMgr:1039 - genDependencies : Invalid condition id : UX DEVICE CLASS RTOS Condition cause : null
2024-12-02 22:18:04,119 [WARN] ConditionMgr:1039 - genDependencies : Invalid condition id : UX DEVICE CLASS RTOS Condition cause : null
2024-12-02 22:18:04,119 [WARN] ConditionMgr:1039 - genDependencies : Invalid condition id : UX DEVICE CLASS RTOS Condition cause : null
2024-12-02 22:18:04,174 [WARN] PackLoader:240 - Cannot read IP mode file for STMicroelectronics.X-CUBE-GNSS1.7.0.0
2024-12-02 22:18:04,205 [WARN] PackLoader:240 - Cannot read IP mode file for STMicroelectronics.FP-SNS-STBOX1.2.0.0
2024-12-02 22:18:04,278 [WARN] PackLoader:240 - Cannot read IP mode file for STMicroelectronics.X-CUBE-SUBG2.5.0.0
2024-12-02 22:18:04,379 [WARN] PackLoader:240 - Cannot read IP mode file for STMicroelectronics.X-CUBE-AZRTOS-G4.2.0.0
2024-12-02 22:18:04,425 [WARN] PackLoader:240 - Cannot read IP mode file for STMicroelectronics.X-CUBE-ISPU.2.0.0
2024-12-02 22:18:04,460 [WARN] PackLoader:240 - Cannot read IP mode file for STMicroelectronics.X-CUBE-ALS.1.0.2
2024-12-02 22:18:04,641 [WARN] PackLoader:240 - Cannot read IP mode file for STMicroelectronics.X-CUBE-MEMS1.10.0.0
2024-12-02 22:18:04,994 [WARN] PackLoader:240 - Cannot read IP mode file for STMicroelectronics.X-CUBE-FREERTOS.1.1.0
2024-12-02 22:18:05,024 [WARN] PackLoader:240 - Cannot read IP mode file for STMicroelectronics.X-CUBE-TOUCHGFX.4.24.0
2024-12-02 22:18:05,055 [WARN] PackLoader:240 - Cannot read IP mode file for STMicroelectronics.X-CUBE-TOUCHGFX.4.24.1
2024-12-02 22:18:05,091 [WARN] PackLoader:240 - Cannot read IP mode file for portGmbH.I-Cube-SoM-uGOAL.1.1.0
2024-12-02 22:18:05,105 [WARN] PackLoader:240 - Cannot read IP mode file for STMicroelectronics.X-CUBE-ALS.1.0.1
2024-12-02 22:18:05,149 [WARN] PackLoader:240 - Cannot read IP mode file for STMicroelectronics.X-CUBE-AZRTOS-H7RS.1.0.0
2024-12-02 22:18:05,187 [WARN] PackLoader:240 - Cannot read IP mode file for STMicroelectronics.FP-ATR-ASTRA1.2.0.0
2024-12-02 22:18:05,244 [WARN] PackLoader:240 - Cannot read IP mode file for STMicroelectronics.X-CUBE-TOF1.3.4.2
2024-12-02 22:18:05,333 [WARN] PackLoader:240 - Cannot read IP mode file for STMicroelectronics.X-CUBE-TOF1.3.4.1
2024-12-02 22:18:05,431 [WARN] PackLoader:240 - Cannot read IP mode file for STMicroelectronics.X-CUBE-AZRTOS-H7.3.2.0
2024-12-02 22:18:05,540 [WARN] PackLoader:240 - Cannot read IP mode file for Infineon.AIROC-Wi-Fi-Bluetooth-STM32.1.6.0
2024-12-02 22:18:05,592 [WARN] PackLoader:240 - Cannot read IP mode file for wolfSSL.I-CUBE-wolfSSH.1.4.17
2024-12-02 22:18:05,592 [INFO] ThirdParty:978 - Integrity check success = true
2024-12-02 22:18:05,592 [INFO] IntegrityCheckThread:100 - exiting critical section [integrity check]
2024-12-02 22:18:05,592 [INFO] IntegrityCheckThread:103 - End integrity checks thread
2024-12-02 22:18:20,215 [INFO] WebApp:161 - Instantiating new browser for Auth
2024-12-02 22:18:21,804 [INFO] WebApp:779 - Register for checkConnection events
2024-12-02 22:18:21,804 [INFO] WebApp:414 - Apply proxy settings
2024-12-02 22:18:21,804 [INFO] WebApp:499 - Chromium requires no authentication
2024-12-02 22:18:21,816 [INFO] WebApp:442 - Direct internet connection detected
2024-12-02 22:18:22,421 [INFO] WebApp:192 - Starting web application
2024-12-02 22:18:22,422 [INFO] WebApp:544 - Web application path used C:\ST\STM32CubeIDE_1.15.0\STM32CubeIDE\plugins\com.st.stm32cube.common.mx_6.11.0.202403141607\db\plugins\mcufinder\reactClient1\index.html
2024-12-02 22:25:28,275 [ERROR] LogOutputStream:75 - [STDERR_REDIRECT] 
2024-12-02 22:28:11,291 [INFO] Activator:176 - 


2024-12-02 22:28:11,293 [INFO] Activator:177 - !SESSION log4j initialized
2024-12-02 22:28:19,342 [INFO] LogOutputStream:77 - [STDOUT_REDIRECT] 
2024-12-02 22:28:20,934 [INFO] ApplicationProperties:184 - Using Application install path: C:\ST\STM32CubeIDE_1.15.0\STM32CubeIDE\plugins\com.st.stm32cube.common.mx_6.11.0.202403141607
2024-12-02 22:28:20,971 [INFO] DbMcusXml:78 - Set database path to: C:\ST\STM32CubeIDE_1.15.0\STM32CubeIDE\plugins\com.st.stm32cube.common.mx_6.11.0.202403141607\\db\/mcu/
2024-12-02 22:28:20,972 [INFO] ApiDb:274 - Set plugin database path to: C:\ST\STM32CubeIDE_1.15.0\STM32CubeIDE\plugins\com.st.stm32cube.common.mx_6.11.0.202403141607\\db\/plugins/boardmanager/
2024-12-02 22:28:20,972 [WARN] ApiDb:259 - Overriding images path with different value:  => C:\ST\STM32CubeIDE_1.15.0\STM32CubeIDE\plugins\com.st.stm32cube.common.mx_6.11.0.202403141607\\db\/plugins/mcufinder/images/
2024-12-02 22:28:20,991 [INFO] ApiDb:250 - Set database path to: C:\Users\BASAVARAJ\.stmcufinder\plugins\mcufinder//mcu/
2024-12-02 22:28:20,993 [INFO] DbMcusAds:125 - Set database path to: C:\Users\BASAVARAJ\.stmcufinder\plugins\mcufinder//mcu/
2024-12-02 22:28:20,996 [INFO] CrossReferenceDbSqlite:203 - Set database path to: C:\Users\BASAVARAJ\.stmcufinder\plugins\mcufinder//mcu/cs/
2024-12-02 22:28:21,330 [INFO] RulesReader:64 - Compatibility file has been processed (297 Rules)
2024-12-02 22:28:21,481 [INFO] DbMcusXml:78 - Set database path to: C:\ST\STM32CubeIDE_1.15.0\STM32CubeIDE\plugins\com.st.stm32cube.common.mx_6.11.0.202403141607\\db\/mcu/
2024-12-02 22:28:21,482 [INFO] ApiDb:274 - Set plugin database path to: C:\ST\STM32CubeIDE_1.15.0\STM32CubeIDE\plugins\com.st.stm32cube.common.mx_6.11.0.202403141607\\db\/plugins/boardmanager/
2024-12-02 22:28:21,482 [INFO] ApiDb:261 - Set plugin images path to: C:\ST\STM32CubeIDE_1.15.0\STM32CubeIDE\plugins\com.st.stm32cube.common.mx_6.11.0.202403141607\\db\/plugins/mcufinder/images/
2024-12-02 22:28:21,482 [WARN] DbFile:41 - Overriding database path with different value: C:\Users\BASAVARAJ\.stmcufinder\plugins\mcufinder/ => C:\Users\BASAVARAJ\.stmcufinder\plugins\mcufinder
2024-12-02 22:28:21,482 [INFO] ApiDb:250 - Set database path to: C:\Users\BASAVARAJ\.stmcufinder\plugins\mcufinder//mcu/
2024-12-02 22:28:21,482 [WARN] DbFile:41 - Overriding database path with different value: C:\Users\BASAVARAJ\.stmcufinder\plugins\mcufinder/ => C:\Users\BASAVARAJ\.stmcufinder\plugins\mcufinder
2024-12-02 22:28:21,482 [INFO] DbMcusAds:125 - Set database path to: C:\Users\BASAVARAJ\.stmcufinder\plugins\mcufinder//mcu/
2024-12-02 22:28:21,482 [WARN] DbFile:41 - Overriding database path with different value: C:\Users\BASAVARAJ\.stmcufinder\plugins\mcufinder/ => C:\Users\BASAVARAJ\.stmcufinder\plugins\mcufinder
2024-12-02 22:28:21,482 [WARN] DbFile:41 - Overriding database path with different value: C:\Users\BASAVARAJ\.stmcufinder\plugins\mcufinder/ => C:\Users\BASAVARAJ\.stmcufinder\plugins\mcufinder
2024-12-02 22:28:21,482 [INFO] CrossReferenceDbSqlite:203 - Set database path to: C:\Users\BASAVARAJ\.stmcufinder\plugins\mcufinder//mcu/cs/
2024-12-02 22:28:21,605 [INFO] MainPanel:264 - HeapMemory: 268435456
2024-12-02 22:28:21,778 [INFO] DbMcusXml:78 - Set database path to: C:\ST\STM32CubeIDE_1.15.0\STM32CubeIDE\plugins\com.st.stm32cube.common.mx_6.11.0.202403141607\\db\/mcu/
2024-12-02 22:28:21,779 [INFO] ApiDb:274 - Set plugin database path to: C:\ST\STM32CubeIDE_1.15.0\STM32CubeIDE\plugins\com.st.stm32cube.common.mx_6.11.0.202403141607\\db\/plugins/boardmanager/
2024-12-02 22:28:21,779 [INFO] ApiDb:261 - Set plugin images path to: C:\ST\STM32CubeIDE_1.15.0\STM32CubeIDE\plugins\com.st.stm32cube.common.mx_6.11.0.202403141607\\db\/plugins/mcufinder/images/
2024-12-02 22:28:21,779 [WARN] DbFile:41 - Overriding database path with different value: C:\Users\BASAVARAJ\.stmcufinder\plugins\mcufinder/ => C:\Users\BASAVARAJ\.stmcufinder\plugins\mcufinder
2024-12-02 22:28:21,779 [INFO] ApiDb:250 - Set database path to: C:\Users\BASAVARAJ\.stmcufinder\plugins\mcufinder//mcu/
2024-12-02 22:28:21,779 [WARN] DbFile:41 - Overriding database path with different value: C:\Users\BASAVARAJ\.stmcufinder\plugins\mcufinder/ => C:\Users\BASAVARAJ\.stmcufinder\plugins\mcufinder
2024-12-02 22:28:21,779 [INFO] DbMcusAds:125 - Set database path to: C:\Users\BASAVARAJ\.stmcufinder\plugins\mcufinder//mcu/
2024-12-02 22:28:21,779 [WARN] DbFile:41 - Overriding database path with different value: C:\Users\BASAVARAJ\.stmcufinder\plugins\mcufinder/ => C:\Users\BASAVARAJ\.stmcufinder\plugins\mcufinder
2024-12-02 22:28:21,779 [WARN] DbFile:41 - Overriding database path with different value: C:\Users\BASAVARAJ\.stmcufinder\plugins\mcufinder/ => C:\Users\BASAVARAJ\.stmcufinder\plugins\mcufinder
2024-12-02 22:28:21,779 [INFO] CrossReferenceDbSqlite:203 - Set database path to: C:\Users\BASAVARAJ\.stmcufinder\plugins\mcufinder//mcu/cs/
2024-12-02 22:28:21,807 [INFO] ApplicationProperties:184 - Using Application install path: C:\ST\STM32CubeIDE_1.15.0\STM32CubeIDE\plugins\com.st.stm32cube.common.mx_6.11.0.202403141607
2024-12-02 22:28:21,811 [INFO] PluginManage:196 - Search for loadable plugins [exclusion list=, ]
2024-12-02 22:28:21,815 [INFO] PluginManage:310 - Check plugin analytics
2024-12-02 22:28:22,023 [INFO] AnalyticsPlugin:253 - Accepted Software Licenses: 
2024-12-02 22:28:22,023 [INFO] AnalyticsPlugin:255 - Accepted CMSIS Pack Licenses: 
2024-12-02 22:28:22,024 [INFO] AnalyticsPlugin:257 - Accepted Firmware Licenses: FW.F4.1.28.0
2024-12-02 22:28:22,028 [INFO] PluginManage:359 - Loaded plugin analytics (category:tool,tabindex:-1)
2024-12-02 22:28:22,028 [INFO] PluginManage:310 - Check plugin cadmodel
2024-12-02 22:28:22,049 [INFO] CADModel:105 - Init CAD model plugin
2024-12-02 22:28:22,050 [INFO] PluginManage:359 - Loaded plugin cadmodel (category:power,tabindex:5)
2024-12-02 22:28:22,050 [INFO] PluginManage:310 - Check plugin clock
2024-12-02 22:28:22,078 [INFO] PluginManage:359 - Loaded plugin clock (category:base,tabindex:2)
2024-12-02 22:28:22,078 [INFO] PluginManage:310 - Check plugin ddr
2024-12-02 22:28:22,081 [INFO] PluginManage:359 - Loaded plugin ddr (category:tool,tabindex:6)
2024-12-02 22:28:22,081 [INFO] PluginManage:310 - Check plugin filemanager
2024-12-02 22:28:22,360 [INFO] PluginManage:359 - Loaded plugin filemanager (category:base,tabindex:10)
2024-12-02 22:28:22,360 [INFO] PluginManage:310 - Check plugin ipmanager
2024-12-02 22:28:22,367 [INFO] PluginManage:359 - Loaded plugin ipmanager (category:base,tabindex:5)
2024-12-02 22:28:22,368 [INFO] PluginManage:310 - Check plugin lpbam
2024-12-02 22:28:22,391 [INFO] PluginManage:359 - Loaded plugin lpbam (category:base,tabindex:0)
2024-12-02 22:28:22,391 [INFO] PluginManage:310 - Check plugin memorymap
2024-12-02 22:28:22,450 [INFO] PluginManage:359 - Loaded plugin memorymap (category:base,tabindex:4)
2024-12-02 22:28:22,450 [INFO] PluginManage:310 - Check plugin pinoutandconfiguration
2024-12-02 22:28:22,484 [INFO] PluginManage:359 - Loaded plugin pinoutandconfiguration (category:base,tabindex:1)
2024-12-02 22:28:22,484 [INFO] PluginManage:310 - Check plugin pinoutconfig
2024-12-02 22:28:22,594 [WARN] SupportedApi:132 - Cannot load RTOS API schema: s4s-elt-must-match.1: The content of 'definitions' must match (annotation?, (simpleType | complexType)?, (unique | key | keyref)*)). A problem was found starting at: attribute.
2024-12-02 22:28:22,835 [INFO] PluginManage:359 - Loaded plugin pinoutconfig (category:base,tabindex:0)
2024-12-02 22:28:22,835 [INFO] PluginManage:310 - Check plugin power
2024-12-02 22:28:22,857 [INFO] PluginManage:359 - Loaded plugin power (category:power,tabindex:4)
2024-12-02 22:28:22,857 [INFO] PluginManage:310 - Check plugin projectmanager
2024-12-02 22:28:22,873 [INFO] PluginManage:359 - Loaded plugin projectmanager (category:projectmanager,tabindex:3)
2024-12-02 22:28:22,873 [INFO] PluginManage:310 - Check plugin thirdparty
2024-12-02 22:28:23,289 [INFO] PluginManage:359 - Loaded plugin thirdparty (category:base,tabindex:-1)
2024-12-02 22:28:23,289 [WARN] IntegrityCheckThread:84 - waiting for thirdparty lock release [integrity check]
2024-12-02 22:28:23,289 [INFO] PluginManage:310 - Check plugin tools
2024-12-02 22:28:23,289 [INFO] IntegrityCheckThread:86 - entering critical section [integrity check]
2024-12-02 22:28:23,289 [INFO] ThirdPartyUpdaterWithRetryManager:70 - Updater plugin not ready yet. [1/15]
2024-12-02 22:28:23,339 [INFO] PluginManage:359 - Loaded plugin tools (category:base,tabindex:7)
2024-12-02 22:28:23,339 [INFO] PluginManage:310 - Check plugin tutovideos
2024-12-02 22:28:23,691 [INFO] PluginManage:359 - Loaded plugin tutovideos (category:base,tabindex:-1)
2024-12-02 22:28:23,692 [INFO] PluginManage:310 - Check plugin updater
2024-12-02 22:28:23,709 [INFO] PluginManage:359 - Loaded plugin updater (category:base,tabindex:12)
2024-12-02 22:28:23,710 [INFO] PluginManage:310 - Check plugin userauth
2024-12-02 22:28:23,719 [INFO] UserAuth:114 - Init User Auth plugin
2024-12-02 22:28:23,720 [INFO] PluginManage:359 - Loaded plugin userauth (category:base,tabindex:14)
2024-12-02 22:28:23,720 [INFO] PluginManage:283 - PluginManage : Loaded plugins [17]
2024-12-02 22:28:24,040 [INFO] PinOutPanel:1561 - setPackage(No Configuration,No Configuration)
2024-12-02 22:28:24,132 [INFO] CADModel:165 - CPN selected for project level
2024-12-02 22:28:24,133 [INFO] CADModel:114 - Register for checkConnection events
2024-12-02 22:28:24,167 [INFO] IPUIPlugin:80 - create IPUIPlugin
2024-12-02 22:28:24,168 [INFO] PluginManager:220 - loadIPPluginJar : add adc
2024-12-02 22:28:24,219 [INFO] IPUIPlugin:80 - create IPUIPlugin
2024-12-02 22:28:24,219 [INFO] PluginManager:220 - loadIPPluginJar : add aes
2024-12-02 22:28:24,277 [INFO] IPUIPlugin:80 - create IPUIPlugin
2024-12-02 22:28:24,277 [INFO] PluginManager:220 - loadIPPluginJar : add can
2024-12-02 22:28:24,308 [INFO] IPUIPlugin:80 - create IPUIPlugin
2024-12-02 22:28:24,309 [INFO] PluginManager:220 - loadIPPluginJar : add comp
2024-12-02 22:28:24,351 [INFO] IPUIPlugin:80 - create IPUIPlugin
2024-12-02 22:28:24,351 [INFO] PluginManager:220 - loadIPPluginJar : add cryp
2024-12-02 22:28:24,389 [INFO] IPUIPlugin:80 - create IPUIPlugin
2024-12-02 22:28:24,389 [INFO] PluginManager:220 - loadIPPluginJar : add dfsdm
2024-12-02 22:28:24,408 [INFO] IPUIPlugin:80 - create IPUIPlugin
2024-12-02 22:28:24,409 [INFO] PluginManager:220 - loadIPPluginJar : add dma
2024-12-02 22:28:24,461 [INFO] IPUIPlugin:80 - create IPUIPlugin
2024-12-02 22:28:24,461 [INFO] PluginManager:220 - loadIPPluginJar : add dma3
2024-12-02 22:28:24,523 [INFO] IPUIPlugin:80 - create IPUIPlugin
2024-12-02 22:28:24,523 [INFO] PluginManager:220 - loadIPPluginJar : add extmemmanager
2024-12-02 22:28:24,553 [INFO] IPUIPlugin:80 - create IPUIPlugin
2024-12-02 22:28:24,553 [INFO] PluginManager:220 - loadIPPluginJar : add fatfs
2024-12-02 22:28:24,615 [INFO] IPUIPlugin:80 - create IPUIPlugin
2024-12-02 22:28:24,615 [INFO] PluginManager:220 - loadIPPluginJar : add fmc
2024-12-02 22:28:24,634 [INFO] IPUIPlugin:80 - create IPUIPlugin
2024-12-02 22:28:24,634 [INFO] PluginManager:220 - loadIPPluginJar : add freertos
2024-12-02 22:28:24,662 [INFO] IPUIPlugin:80 - create IPUIPlugin
2024-12-02 22:28:24,662 [INFO] PluginManager:220 - loadIPPluginJar : add genericplugin
2024-12-02 22:28:24,773 [INFO] IPUIPlugin:80 - create IPUIPlugin
2024-12-02 22:28:24,773 [INFO] PluginManager:220 - loadIPPluginJar : add gfxmmu
2024-12-02 22:28:24,968 [INFO] IPUIPlugin:80 - create IPUIPlugin
2024-12-02 22:28:24,968 [INFO] PluginManager:220 - loadIPPluginJar : add gic
2024-12-02 22:28:24,985 [INFO] IPUIPlugin:80 - create IPUIPlugin
2024-12-02 22:28:24,986 [INFO] PluginManager:220 - loadIPPluginJar : add gpio
2024-12-02 22:28:25,102 [INFO] IPUIPlugin:80 - create IPUIPlugin
2024-12-02 22:28:25,102 [INFO] PluginManager:220 - loadIPPluginJar : add gtzc
2024-12-02 22:28:25,141 [INFO] IPUIPlugin:80 - create IPUIPlugin
2024-12-02 22:28:25,141 [INFO] PluginManager:220 - loadIPPluginJar : add hash
2024-12-02 22:28:25,202 [INFO] IPUIPlugin:80 - create IPUIPlugin
2024-12-02 22:28:25,202 [INFO] PluginManager:220 - loadIPPluginJar : add i2c
2024-12-02 22:28:25,259 [INFO] IPUIPlugin:80 - create IPUIPlugin
2024-12-02 22:28:25,259 [INFO] PluginManager:220 - loadIPPluginJar : add i2s
2024-12-02 22:28:25,322 [INFO] IPUIPlugin:80 - create IPUIPlugin
2024-12-02 22:28:25,322 [INFO] PluginManager:220 - loadIPPluginJar : add i3c
2024-12-02 22:28:25,453 [INFO] IPUIPlugin:80 - create IPUIPlugin
2024-12-02 22:28:25,453 [INFO] PluginManager:220 - loadIPPluginJar : add ipddr
2024-12-02 22:28:25,580 [INFO] IPUIPlugin:80 - create IPUIPlugin
2024-12-02 22:28:25,580 [INFO] PluginManager:220 - loadIPPluginJar : add linkedlist
2024-12-02 22:28:25,623 [INFO] IPUIPlugin:80 - create IPUIPlugin
2024-12-02 22:28:25,623 [INFO] PluginManager:220 - loadIPPluginJar : add lorawan
2024-12-02 22:28:25,677 [INFO] IPUIPlugin:80 - create IPUIPlugin
2024-12-02 22:28:25,678 [INFO] PluginManager:220 - loadIPPluginJar : add ltdc
2024-12-02 22:28:25,695 [INFO] IPUIPlugin:80 - create IPUIPlugin
2024-12-02 22:28:25,696 [INFO] PluginManager:220 - loadIPPluginJar : add mdma
2024-12-02 22:28:25,710 [INFO] IPUIPlugin:80 - create IPUIPlugin
2024-12-02 22:28:25,710 [INFO] PluginManager:220 - loadIPPluginJar : add nvic
2024-12-02 22:28:25,757 [INFO] IPUIPlugin:80 - create IPUIPlugin
2024-12-02 22:28:25,758 [INFO] PluginManager:220 - loadIPPluginJar : add opamp
2024-12-02 22:28:25,837 [INFO] IPUIPlugin:80 - create IPUIPlugin
2024-12-02 22:28:25,837 [INFO] PluginManager:220 - loadIPPluginJar : add openamp
2024-12-02 22:28:25,890 [INFO] IPUIPlugin:80 - create IPUIPlugin
2024-12-02 22:28:25,890 [INFO] PluginManager:220 - loadIPPluginJar : add pdm2pcm
2024-12-02 22:28:25,907 [INFO] IPUIPlugin:80 - create IPUIPlugin
2024-12-02 22:28:25,909 [INFO] PluginManager:220 - loadIPPluginJar : add plateformsettings
2024-12-02 22:28:25,938 [INFO] IPUIPlugin:80 - create IPUIPlugin
2024-12-02 22:28:25,938 [INFO] PluginManager:220 - loadIPPluginJar : add quadspi
2024-12-02 22:28:25,954 [INFO] IPUIPlugin:80 - create IPUIPlugin
2024-12-02 22:28:25,954 [INFO] PluginManager:220 - loadIPPluginJar : add resmgrutility
2024-12-02 22:28:26,018 [INFO] IPUIPlugin:80 - create IPUIPlugin
2024-12-02 22:28:26,018 [INFO] PluginManager:220 - loadIPPluginJar : add sai
2024-12-02 22:28:26,064 [INFO] IPUIPlugin:80 - create IPUIPlugin
2024-12-02 22:28:26,064 [INFO] PluginManager:220 - loadIPPluginJar : add spi
2024-12-02 22:28:26,145 [INFO] IPUIPlugin:80 - create IPUIPlugin
2024-12-02 22:28:26,145 [INFO] PluginManager:220 - loadIPPluginJar : add stm32_wpan
2024-12-02 22:28:26,186 [INFO] IPUIPlugin:80 - create IPUIPlugin
2024-12-02 22:28:26,187 [INFO] PluginManager:220 - loadIPPluginJar : add tim
2024-12-02 22:28:26,262 [INFO] IPUIPlugin:80 - create IPUIPlugin
2024-12-02 22:28:26,263 [INFO] PluginManager:220 - loadIPPluginJar : add touchsensing
2024-12-02 22:28:26,291 [INFO] ThirdPartyUpdaterWithRetryManager:70 - Updater plugin not ready yet. [2/15]
2024-12-02 22:28:26,292 [INFO] IPUIPlugin:80 - create IPUIPlugin
2024-12-02 22:28:26,293 [INFO] PluginManager:220 - loadIPPluginJar : add tracer_emb
2024-12-02 22:28:26,324 [INFO] IPUIPlugin:80 - create IPUIPlugin
2024-12-02 22:28:26,324 [INFO] PluginManager:220 - loadIPPluginJar : add ts
2024-12-02 22:28:26,353 [INFO] IPUIPlugin:80 - create IPUIPlugin
2024-12-02 22:28:26,353 [INFO] PluginManager:220 - loadIPPluginJar : add tsc
2024-12-02 22:28:26,382 [INFO] IPUIPlugin:80 - create IPUIPlugin
2024-12-02 22:28:26,382 [INFO] PluginManager:220 - loadIPPluginJar : add ucpd
2024-12-02 22:28:26,432 [INFO] IPUIPlugin:80 - create IPUIPlugin
2024-12-02 22:28:26,434 [INFO] PluginManager:220 - loadIPPluginJar : add usart
2024-12-02 22:28:26,490 [INFO] IPUIPlugin:80 - create IPUIPlugin
2024-12-02 22:28:26,490 [INFO] PluginManager:220 - loadIPPluginJar : add usbx
2024-12-02 22:28:26,623 [INFO] CADModel:165 - CPN selected for project level
2024-12-02 22:28:26,623 [INFO] CADModel:114 - Register for checkConnection events
2024-12-02 22:28:26,624 [FATAL] Updater:308 - Updater called before beeing initialized
2024-12-02 22:28:26,624 [ERROR] CADModel:125 - Updater not yet initialized, retry later 
2024-12-02 22:28:26,808 [INFO] CADModel:165 - CPN selected for project level
2024-12-02 22:28:26,808 [INFO] CADModel:114 - Register for checkConnection events
2024-12-02 22:28:26,808 [FATAL] Updater:308 - Updater called before beeing initialized
2024-12-02 22:28:26,808 [ERROR] CADModel:125 - Updater not yet initialized, retry later 
2024-12-02 22:28:26,812 [FATAL] Updater:308 - Updater called before beeing initialized
2024-12-02 22:28:26,946 [FATAL] Updater:308 - Updater called before beeing initialized
2024-12-02 22:28:26,971 [INFO] DbMcusAds:53 - JSON generation date=Fri Sep 20 18:34:38 IST 2024 (1726837478367)
2024-12-02 22:28:26,971 [FATAL] Updater:308 - Updater called before beeing initialized
2024-12-02 22:28:27,046 [WARN] DetailPanel:346 - Failed to get advertising image, set to default
2024-12-02 22:28:27,165 [FATAL] Updater:308 - Updater called before beeing initialized
2024-12-02 22:28:27,167 [FATAL] Updater:308 - Updater called before beeing initialized
2024-12-02 22:28:27,167 [FATAL] Updater:308 - Updater called before beeing initialized
2024-12-02 22:28:27,167 [WARN] DetailPanel:346 - Failed to get advertising image, set to default
2024-12-02 22:28:27,168 [FATAL] Updater:308 - Updater called before beeing initialized
2024-12-02 22:28:27,245 [ERROR] Updater:1120 - MainUpdater not yet initialized. External WinMGr cannot be set.
2024-12-02 22:28:27,262 [INFO] Updater:1056 - Updater Version found : 6.11.0
2024-12-02 22:28:27,310 [INFO] ApplicationProperties:184 - Using Application install path: C:\ST\STM32CubeIDE_1.15.0\STM32CubeIDE\plugins\com.st.stm32cube.common.mx_6.11.0.202403141607
2024-12-02 22:28:28,892 [ERROR] LogOutputStream:75 - [STDERR_REDIRECT] Dec 02, 2024 10:28:28 PM java.util.prefs.WindowsPreferences <init>
2024-12-02 22:28:28,895 [ERROR] LogOutputStream:75 - [STDERR_REDIRECT] WARNING: Could not open/create prefs root node Software\JavaSoft\Prefs at root 0xffffffff80000002. Windows RegCreateKeyEx(...) returned error code 5.
2024-12-02 22:28:28,895 [ERROR] LogOutputStream:75 - [STDERR_REDIRECT] 
2024-12-02 22:28:29,292 [INFO] ThirdPartyUpdaterWithRetryManager:70 - Updater plugin not ready yet. [3/15]
2024-12-02 22:28:30,356 [INFO] MainUpdater:2873 - connection check result : 10
2024-12-02 22:28:30,357 [INFO] MainUpdater:290 - Updater Check For Update Now.
2024-12-02 22:28:30,357 [INFO] MicroXplorer:498 - Change Database Version : DB.6.0.110
2024-12-02 22:28:30,381 [INFO] McuFinderGlobals:63 - Set McuFinder mode to 2 (CubeIDE integrated)
2024-12-02 22:28:30,381 [INFO] UserAuth:179 - activating auth plugin
2024-12-02 22:28:30,385 [INFO] UserAuth:415 - Internet connection configuration mode: 1
2024-12-02 22:28:30,443 [INFO] JxBrowserEngine:152 - Initiate JxBrowser Engine with user profile folder
2024-12-02 22:28:30,651 [INFO] CheckServerUpdateThread:120 - End of CheckServer Thread
2024-12-02 22:28:32,542 [WARN] PackLoader:240 - Cannot read IP mode file for STMicroelectronics.FP-SNS-MOTENVWB1.1.4.0
2024-12-02 22:28:32,563 [WARN] PackLoader:240 - Cannot read IP mode file for STMicroelectronics.FP-ATR-ASTRA1.2.0.1
2024-12-02 22:28:32,584 [WARN] PackLoader:240 - Cannot read IP mode file for STMicroelectronics.X-CUBE-SMBUS.2.1.0
2024-12-02 22:28:32,604 [WARN] PackLoader:240 - Cannot read IP mode file for STMicroelectronics.X-CUBE-WB05N.1.1.0
2024-12-02 22:28:32,622 [WARN] PackLoader:240 - Cannot read IP mode file for STMicroelectronics.X-CUBE-TOUCHGFX.4.23.2
2024-12-02 22:28:32,682 [WARN] PackLoader:240 - Cannot read IP mode file for STMicroelectronics.X-CUBE-AZRTOS-F7.1.1.0
2024-12-02 22:28:32,787 [WARN] PackLoader:240 - Cannot read IP mode file for STMicroelectronics.X-CUBE-MEMS1.11.0.0
2024-12-02 22:28:32,948 [WARN] PackLoader:240 - Cannot read IP mode file for STMicroelectronics.FP-SNS-FLIGHT1.5.0.2
2024-12-02 22:28:32,970 [WARN] PackLoader:240 - Cannot read IP mode file for STMicroelectronics.X-CUBE-DISPLAY.3.0.0
2024-12-02 22:28:32,993 [WARN] PackLoader:240 - Cannot read IP mode file for STMicroelectronics.X-CUBE-BLE1.7.0.0
2024-12-02 22:28:33,012 [WARN] PackLoader:240 - Cannot read IP mode file for STMicroelectronics.X-CUBE-NFC10.1.0.0
2024-12-02 22:28:33,034 [WARN] PackLoader:240 - Cannot read IP mode file for emotas.I-CUBE-CANOPEN.1.3.0
2024-12-02 22:28:33,054 [WARN] PackLoader:240 - Cannot read IP mode file for STMicroelectronics.X-CUBE-BLEMGR.3.1.0
2024-12-02 22:28:33,078 [WARN] PackLoader:240 - Cannot read IP mode file for STMicroelectronics.FP-SNS-SMARTAG2.1.2.0
2024-12-02 22:28:33,104 [INFO] LogOutputStream:77 - [STDOUT_REDIRECT] 1 : Invalid condition id : UX_CORESTACK_Condition cause : null
2024-12-02 22:28:33,104 [INFO] LogOutputStream:77 - [STDOUT_REDIRECT] 1 : Invalid condition id : UX_CORESTACK_Condition cause : null
2024-12-02 22:28:33,105 [INFO] LogOutputStream:77 - [STDOUT_REDIRECT] 1 : Invalid condition id : UX_CORESTACK_Condition cause : null
2024-12-02 22:28:33,106 [INFO] LogOutputStream:77 - [STDOUT_REDIRECT] 1 : Invalid condition id : UX_CORESTACK_Condition cause : null
2024-12-02 22:28:33,107 [INFO] LogOutputStream:77 - [STDOUT_REDIRECT] 1 : Invalid condition id : UX_CORESTACK_Condition cause : null
2024-12-02 22:28:33,110 [WARN] PackLoader:240 - Cannot read IP mode file for STMicroelectronics.X-CUBE-AZRTOS-WL.2.0.0
2024-12-02 22:28:33,136 [WARN] PackLoader:240 - Cannot read IP mode file for STMicroelectronics.FP-SNS-MOTENV1.5.0.0
2024-12-02 22:28:33,164 [WARN] PackLoader:240 - Cannot read IP mode file for wolfSSL.I-CUBE-wolfMQTT.1.19.0
2024-12-02 22:28:33,188 [WARN] PackLoader:240 - Cannot read IP mode file for WES.I-CUBE-Cesium.1.3.0
2024-12-02 22:28:33,212 [WARN] PackLoader:240 - Cannot read IP mode file for STMicroelectronics.X-CUBE-BLE2.3.3.0
2024-12-02 22:28:33,235 [WARN] PackLoader:240 - Cannot read IP mode file for STMicroelectronics.X-CUBE-NFC9.1.0.0
2024-12-02 22:28:33,256 [WARN] PackLoader:240 - Cannot read IP mode file for STMicroelectronics.X-CUBE-TCPP.4.1.0
2024-12-02 22:28:33,296 [WARN] PackLoader:240 - Cannot read IP mode file for STMicroelectronics.X-CUBE-ALGOBUILD.1.3.0
2024-12-02 22:28:33,339 [WARN] PackLoader:240 - Cannot read IP mode file for STMicroelectronics.X-CUBE-AZRTOS-G0.1.1.0
2024-12-02 22:28:33,367 [WARN] PackLoader:240 - Cannot read IP mode file for STMicroelectronics.X-CUBE-SAFEA1.1.2.2
2024-12-02 22:28:33,408 [WARN] PackLoader:240 - Cannot read IP mode file for STMicroelectronics.X-CUBE-NFC4.3.0.0
2024-12-02 22:28:33,439 [WARN] PackLoader:240 - Cannot read IP mode file for wolfSSL.I-CUBE-wolfMQTT.1.18.0
2024-12-02 22:28:33,462 [WARN] PackLoader:240 - Cannot read IP mode file for EmbeddedOffice.I-CUBE-FS-RTOS.1.0.1
2024-12-02 22:28:33,463 [ERROR] ConditionMgr:805 - Attr not supported : Dmpu
2024-12-02 22:28:33,463 [ERROR] ConditionMgr:805 - Attr not supported : Dmpu
2024-12-02 22:28:33,463 [ERROR] ConditionMgr:805 - Attr not supported : Dmpu
2024-12-02 22:28:33,463 [ERROR] ConditionMgr:805 - Attr not supported : Dmpu
2024-12-02 22:28:33,463 [ERROR] ConditionMgr:805 - Attr not supported : Dmpu
2024-12-02 22:28:33,463 [ERROR] ConditionMgr:805 - Attr not supported : Dmpu
2024-12-02 22:28:33,463 [ERROR] ConditionMgr:805 - Attr not supported : Dmpu
2024-12-02 22:28:33,463 [ERROR] ConditionMgr:805 - Attr not supported : Dmpu
2024-12-02 22:28:33,463 [ERROR] ConditionMgr:805 - Attr not supported : Dmpu
2024-12-02 22:28:33,463 [ERROR] ConditionMgr:805 - Attr not supported : Dmpu
2024-12-02 22:28:33,463 [ERROR] ConditionMgr:805 - Attr not supported : Dmpu
2024-12-02 22:28:33,463 [ERROR] ConditionMgr:805 - Attr not supported : Dmpu
2024-12-02 22:28:33,463 [ERROR] ConditionMgr:805 - Attr not supported : Dmpu
2024-12-02 22:28:33,463 [ERROR] ConditionMgr:805 - Attr not supported : Dmpu
2024-12-02 22:28:33,463 [ERROR] ConditionMgr:805 - Attr not supported : Dmpu
2024-12-02 22:28:33,463 [ERROR] ConditionMgr:805 - Attr not supported : Dmpu
2024-12-02 22:28:33,463 [ERROR] ConditionMgr:805 - Attr not supported : Dmpu
2024-12-02 22:28:33,464 [ERROR] ConditionMgr:805 - Attr not supported : Dmpu
2024-12-02 22:28:33,464 [ERROR] ConditionMgr:805 - Attr not supported : Dmpu
2024-12-02 22:28:33,464 [ERROR] ConditionMgr:805 - Attr not supported : Dmpu
2024-12-02 22:28:33,464 [ERROR] ConditionMgr:805 - Attr not supported : Dmpu
2024-12-02 22:28:33,464 [ERROR] ConditionMgr:805 - Attr not supported : Dmpu
2024-12-02 22:28:33,464 [ERROR] ConditionMgr:805 - Attr not supported : Dmpu
2024-12-02 22:28:33,464 [ERROR] ConditionMgr:805 - Attr not supported : Dmpu
2024-12-02 22:28:33,464 [ERROR] ConditionMgr:805 - Attr not supported : Dmpu
2024-12-02 22:28:33,464 [ERROR] ConditionMgr:805 - Attr not supported : Dmpu
2024-12-02 22:28:33,464 [ERROR] ConditionMgr:805 - Attr not supported : Dmpu
2024-12-02 22:28:33,464 [ERROR] ConditionMgr:805 - Attr not supported : Dmpu
2024-12-02 22:28:33,464 [ERROR] ConditionMgr:805 - Attr not supported : Dmpu
2024-12-02 22:28:33,464 [ERROR] ConditionMgr:805 - Attr not supported : Dmpu
2024-12-02 22:28:33,464 [ERROR] ConditionMgr:805 - Attr not supported : Dmpu
2024-12-02 22:28:33,464 [ERROR] ConditionMgr:805 - Attr not supported : Dmpu
2024-12-02 22:28:33,464 [ERROR] ConditionMgr:805 - Attr not supported : Dmpu
2024-12-02 22:28:33,464 [ERROR] ConditionMgr:805 - Attr not supported : Dmpu
2024-12-02 22:28:33,464 [ERROR] ConditionMgr:805 - Attr not supported : Dmpu
2024-12-02 22:28:33,464 [ERROR] ConditionMgr:805 - Attr not supported : Dmpu
2024-12-02 22:28:33,465 [ERROR] ConditionMgr:805 - Attr not supported : Dmpu
2024-12-02 22:28:33,465 [ERROR] ConditionMgr:805 - Attr not supported : Dmpu
2024-12-02 22:28:33,465 [ERROR] ConditionMgr:805 - Attr not supported : Dmpu
2024-12-02 22:28:33,465 [ERROR] ConditionMgr:805 - Attr not supported : Dmpu
2024-12-02 22:28:33,465 [ERROR] ConditionMgr:805 - Attr not supported : Dmpu
2024-12-02 22:28:33,465 [ERROR] ConditionMgr:805 - Attr not supported : Dmpu
2024-12-02 22:28:33,465 [ERROR] ConditionMgr:805 - Attr not supported : Dmpu
2024-12-02 22:28:33,465 [ERROR] ConditionMgr:805 - Attr not supported : Dmpu
2024-12-02 22:28:33,465 [ERROR] ConditionMgr:805 - Attr not supported : Dmpu
2024-12-02 22:28:33,465 [ERROR] ConditionMgr:805 - Attr not supported : Dmpu
2024-12-02 22:28:33,465 [ERROR] ConditionMgr:805 - Attr not supported : Dmpu
2024-12-02 22:28:33,465 [ERROR] ConditionMgr:805 - Attr not supported : Dmpu
2024-12-02 22:28:33,465 [ERROR] ConditionMgr:805 - Attr not supported : Dmpu
2024-12-02 22:28:33,465 [ERROR] ConditionMgr:805 - Attr not supported : Dmpu
2024-12-02 22:28:33,465 [ERROR] ConditionMgr:805 - Attr not supported : Dmpu
2024-12-02 22:28:33,465 [ERROR] ConditionMgr:805 - Attr not supported : Dmpu
2024-12-02 22:28:33,465 [ERROR] ConditionMgr:805 - Attr not supported : Dmpu
2024-12-02 22:28:33,466 [ERROR] ConditionMgr:805 - Attr not supported : Dmpu
2024-12-02 22:28:33,466 [ERROR] ConditionMgr:805 - Attr not supported : Dmpu
2024-12-02 22:28:33,466 [ERROR] ConditionMgr:805 - Attr not supported : Dmpu
2024-12-02 22:28:33,466 [ERROR] ConditionMgr:805 - Attr not supported : Dmpu
2024-12-02 22:28:33,466 [ERROR] ConditionMgr:805 - Attr not supported : Dmpu
2024-12-02 22:28:33,466 [ERROR] ConditionMgr:805 - Attr not supported : Dmpu
2024-12-02 22:28:33,466 [ERROR] ConditionMgr:805 - Attr not supported : Dmpu
2024-12-02 22:28:33,466 [ERROR] ConditionMgr:805 - Attr not supported : Dmpu
2024-12-02 22:28:33,466 [ERROR] ConditionMgr:805 - Attr not supported : Dmpu
2024-12-02 22:28:33,466 [ERROR] ConditionMgr:805 - Attr not supported : Dmpu
2024-12-02 22:28:33,466 [ERROR] ConditionMgr:805 - Attr not supported : Dmpu
2024-12-02 22:28:33,483 [WARN] PackLoader:240 - Cannot read IP mode file for RealThread.X-CUBE-RT-Thread_Nano.4.1.1
2024-12-02 22:28:33,501 [WARN] PackLoader:240 - Cannot read IP mode file for wolfSSL.I-CUBE-wolfSSL.5.7.0
2024-12-02 22:28:33,523 [WARN] PackLoader:240 - Cannot read IP mode file for STMicroelectronics.FP-ATR-SIGFOX1.3.2.0
2024-12-02 22:28:33,546 [WARN] ConditionMgr:438 - getConditionDescription Invalid condition id : Cortex-A Device cause : null
2024-12-02 22:28:33,574 [WARN] ConditionMgr:1039 - genDependencies : Invalid condition id : Cortex-A Device cause : null
2024-12-02 22:28:33,574 [WARN] ConditionMgr:1039 - genDependencies : Invalid condition id : Cortex-A Device cause : null
2024-12-02 22:28:33,576 [WARN] ConditionMgr:1039 - genDependencies : Invalid condition id : Cortex-A Device cause : null
2024-12-02 22:28:33,599 [WARN] PackLoader:240 - Cannot read IP mode file for STMicroelectronics.X-CUBE-EEPRMA1.5.1.0
2024-12-02 22:28:33,625 [WARN] PackLoader:240 - Cannot read IP mode file for ITTIA_DB.I-CUBE-ITTIADB.8.9.0
2024-12-02 22:28:33,674 [WARN] PackLoader:240 - Cannot read IP mode file for SEGGER.I-CUBE-embOS.1.3.1
2024-12-02 22:28:33,737 [WARN] PackLoader:240 - Cannot read IP mode file for STMicroelectronics.X-CUBE-ALGOBUILD.1.4.0
2024-12-02 22:28:33,759 [WARN] PackLoader:240 - Cannot read IP mode file for STMicroelectronics.X-CUBE-AI.9.1.0
2024-12-02 22:28:33,781 [WARN] PackLoader:240 - Cannot read IP mode file for STMicroelectronics.X-CUBE-GNSS1.6.0.0
2024-12-02 22:28:33,815 [WARN] PackLoader:240 - Cannot read IP mode file for STMicroelectronics.X-CUBE-AZRTOS-F4.1.1.0
2024-12-02 22:28:33,835 [WARN] PackLoader:240 - Cannot read IP mode file for STMicroelectronics.X-CUBE-ISPU.2.1.0
2024-12-02 22:28:33,852 [WARN] PackLoader:240 - Cannot read IP mode file for STMicroelectronics.X-CUBE-FREERTOS.1.2.0
2024-12-02 22:28:33,890 [WARN] PackLoader:240 - Cannot read IP mode file for STMicroelectronics.X-CUBE-AZRTOS-L5.2.0.0
2024-12-02 22:28:33,916 [WARN] PackLoader:240 - Cannot read IP mode file for STMicroelectronics.X-CUBE-NFC6.3.1.0
2024-12-02 22:28:33,933 [WARN] PackLoader:240 - Cannot read IP mode file for STMicroelectronics.X-CUBE-DPower.1.2.0
2024-12-02 22:28:33,951 [WARN] PackLoader:240 - Cannot read IP mode file for STMicroelectronics.X-CUBE-AI.9.0.0
2024-12-02 22:28:33,971 [WARN] PackLoader:240 - Cannot read IP mode file for STMicroelectronics.X-CUBE-NFC7.1.0.1
2024-12-02 22:28:33,989 [WARN] PackLoader:240 - Cannot read IP mode file for wolfSSL.I-CUBE-wolfTPM.3.2.0
2024-12-02 22:28:34,019 [WARN] ConditionMgr:438 - getConditionDescription Invalid condition id : LAN8742 Phy interface Condition cause : null
2024-12-02 22:28:34,019 [WARN] PackLoader:240 - Cannot read IP mode file for STMicroelectronics.X-CUBE-AZRTOS-L4.2.0.0
2024-12-02 22:28:34,021 [WARN] ConditionMgr:1039 - genDependencies : Invalid condition id : LAN8742 Phy interface Condition cause : null
2024-12-02 22:28:34,021 [WARN] ConditionMgr:1039 - genDependencies : Invalid condition id : LAN8742 Phy interface Condition cause : null
2024-12-02 22:28:34,021 [WARN] ConditionMgr:1039 - genDependencies : Invalid condition id : LAN8742 Phy interface Condition cause : null
2024-12-02 22:28:34,043 [WARN] PackLoader:240 - Cannot read IP mode file for STMicroelectronics.X-CUBE-SFXS2LP1.4.0.0
2024-12-02 22:28:34,086 [WARN] PackLoader:240 - Cannot read IP mode file for STMicroelectronics.X-CUBE-AZRTOS-H7.3.3.0
2024-12-02 22:28:34,112 [WARN] PackLoader:240 - Cannot read IP mode file for STMicroelectronics.X-CUBE-IPS.3.0.0
2024-12-02 22:28:34,145 [WARN] ConditionMgr:438 - getConditionDescription Invalid condition id : UX DEVICE CLASS RTOS Condition cause : null
2024-12-02 22:28:34,145 [WARN] ConditionMgr:438 - getConditionDescription Invalid condition id : UX DEVICE CLASS RTOS Condition cause : null
2024-12-02 22:28:34,147 [WARN] PackLoader:240 - Cannot read IP mode file for STMicroelectronics.X-CUBE-AZRTOS-WB.2.0.0
2024-12-02 22:28:34,148 [WARN] ConditionMgr:1039 - genDependencies : Invalid condition id : UX DEVICE CLASS RTOS Condition cause : null
2024-12-02 22:28:34,148 [WARN] ConditionMgr:1039 - genDependencies : Invalid condition id : UX DEVICE CLASS RTOS Condition cause : null
2024-12-02 22:28:34,149 [WARN] ConditionMgr:1039 - genDependencies : Invalid condition id : UX DEVICE CLASS RTOS Condition cause : null
2024-12-02 22:28:34,149 [WARN] ConditionMgr:1039 - genDependencies : Invalid condition id : UX DEVICE CLASS RTOS Condition cause : null
2024-12-02 22:28:34,149 [WARN] ConditionMgr:1039 - genDependencies : Invalid condition id : UX DEVICE CLASS RTOS Condition cause : null
2024-12-02 22:28:34,171 [WARN] PackLoader:240 - Cannot read IP mode file for STMicroelectronics.X-CUBE-GNSS1.7.0.0
2024-12-02 22:28:34,193 [WARN] PackLoader:240 - Cannot read IP mode file for STMicroelectronics.FP-SNS-STBOX1.2.0.0
2024-12-02 22:28:34,221 [WARN] PackLoader:240 - Cannot read IP mode file for STMicroelectronics.X-CUBE-SUBG2.5.0.0
2024-12-02 22:28:34,255 [WARN] PackLoader:240 - Cannot read IP mode file for STMicroelectronics.X-CUBE-AZRTOS-G4.2.0.0
2024-12-02 22:28:34,277 [WARN] PackLoader:240 - Cannot read IP mode file for STMicroelectronics.X-CUBE-ISPU.2.0.0
2024-12-02 22:28:34,293 [WARN] PackLoader:240 - Cannot read IP mode file for STMicroelectronics.X-CUBE-ALS.1.0.2
2024-12-02 22:28:34,353 [WARN] PackLoader:240 - Cannot read IP mode file for STMicroelectronics.X-CUBE-MEMS1.10.0.0
2024-12-02 22:28:34,525 [WARN] PackLoader:240 - Cannot read IP mode file for STMicroelectronics.X-CUBE-FREERTOS.1.1.0
2024-12-02 22:28:34,545 [WARN] PackLoader:240 - Cannot read IP mode file for STMicroelectronics.X-CUBE-TOUCHGFX.4.24.0
2024-12-02 22:28:34,561 [WARN] PackLoader:240 - Cannot read IP mode file for STMicroelectronics.X-CUBE-TOUCHGFX.4.24.1
2024-12-02 22:28:34,582 [WARN] PackLoader:240 - Cannot read IP mode file for portGmbH.I-Cube-SoM-uGOAL.1.1.0
2024-12-02 22:28:34,598 [WARN] PackLoader:240 - Cannot read IP mode file for STMicroelectronics.X-CUBE-ALS.1.0.1
2024-12-02 22:28:34,637 [WARN] PackLoader:240 - Cannot read IP mode file for STMicroelectronics.X-CUBE-AZRTOS-H7RS.1.0.0
2024-12-02 22:28:34,657 [WARN] PackLoader:240 - Cannot read IP mode file for STMicroelectronics.FP-ATR-ASTRA1.2.0.0
2024-12-02 22:28:34,686 [WARN] PackLoader:240 - Cannot read IP mode file for STMicroelectronics.X-CUBE-TOF1.3.4.2
2024-12-02 22:28:34,718 [WARN] PackLoader:240 - Cannot read IP mode file for STMicroelectronics.X-CUBE-TOF1.3.4.1
2024-12-02 22:28:34,775 [WARN] PackLoader:240 - Cannot read IP mode file for STMicroelectronics.X-CUBE-AZRTOS-H7.3.2.0
2024-12-02 22:28:34,820 [WARN] PackLoader:240 - Cannot read IP mode file for Infineon.AIROC-Wi-Fi-Bluetooth-STM32.1.6.0
2024-12-02 22:28:34,841 [WARN] PackLoader:240 - Cannot read IP mode file for wolfSSL.I-CUBE-wolfSSH.1.4.17
2024-12-02 22:28:34,842 [INFO] ThirdParty:978 - Integrity check success = true
2024-12-02 22:28:34,842 [INFO] IntegrityCheckThread:100 - exiting critical section [integrity check]
2024-12-02 22:28:34,842 [INFO] IntegrityCheckThread:103 - End integrity checks thread
2024-12-02 22:28:42,070 [INFO] WebApp:161 - Instantiating new browser for Auth
2024-12-02 22:28:43,453 [INFO] WebApp:779 - Register for checkConnection events
2024-12-02 22:28:43,454 [INFO] WebApp:414 - Apply proxy settings
2024-12-02 22:28:43,454 [INFO] WebApp:499 - Chromium requires no authentication
2024-12-02 22:28:43,470 [INFO] WebApp:442 - Direct internet connection detected
2024-12-02 22:28:43,870 [INFO] WebApp:192 - Starting web application
2024-12-02 22:28:43,870 [INFO] WebApp:544 - Web application path used C:\ST\STM32CubeIDE_1.15.0\STM32CubeIDE\plugins\com.st.stm32cube.common.mx_6.11.0.202403141607\db\plugins\mcufinder\reactClient1\index.html
2024-12-02 22:54:36,076 [ERROR] LogOutputStream:75 - [STDERR_REDIRECT] 
