2024-12-04 08:42:13,417 [INFO] Activator:176 - 


2024-12-04 08:42:13,426 [INFO] Activator:177 - !SESSION log4j initialized
2024-12-04 08:42:19,772 [INFO] LogOutputStream:77 - [STDOUT_REDIRECT] 
2024-12-04 08:42:23,642 [INFO] ApplicationProperties:184 - Using Application install path: C:\ST\STM32CubeIDE_1.15.0\STM32CubeIDE\plugins\com.st.stm32cube.common.mx_6.11.0.202403141607
2024-12-04 08:42:23,690 [INFO] DbMcusXml:78 - Set database path to: C:\ST\STM32CubeIDE_1.15.0\STM32CubeIDE\plugins\com.st.stm32cube.common.mx_6.11.0.202403141607\\db\/mcu/
2024-12-04 08:42:23,691 [INFO] ApiDb:274 - Set plugin database path to: C:\ST\STM32CubeIDE_1.15.0\STM32CubeIDE\plugins\com.st.stm32cube.common.mx_6.11.0.202403141607\\db\/plugins/boardmanager/
2024-12-04 08:42:23,691 [WARN] ApiDb:259 - Overriding images path with different value:  => C:\ST\STM32CubeIDE_1.15.0\STM32CubeIDE\plugins\com.st.stm32cube.common.mx_6.11.0.202403141607\\db\/plugins/mcufinder/images/
2024-12-04 08:42:23,710 [INFO] ApiDb:250 - Set database path to: C:\Users\BASAVARAJ\.stmcufinder\plugins\mcufinder//mcu/
2024-12-04 08:42:23,712 [INFO] DbMcusAds:125 - Set database path to: C:\Users\BASAVARAJ\.stmcufinder\plugins\mcufinder//mcu/
2024-12-04 08:42:23,715 [INFO] CrossReferenceDbSqlite:203 - Set database path to: C:\Users\BASAVARAJ\.stmcufinder\plugins\mcufinder//mcu/cs/
2024-12-04 08:42:23,979 [INFO] RulesReader:64 - Compatibility file has been processed (297 Rules)
2024-12-04 08:42:24,150 [INFO] DbMcusXml:78 - Set database path to: C:\ST\STM32CubeIDE_1.15.0\STM32CubeIDE\plugins\com.st.stm32cube.common.mx_6.11.0.202403141607\\db\/mcu/
2024-12-04 08:42:24,151 [INFO] ApiDb:274 - Set plugin database path to: C:\ST\STM32CubeIDE_1.15.0\STM32CubeIDE\plugins\com.st.stm32cube.common.mx_6.11.0.202403141607\\db\/plugins/boardmanager/
2024-12-04 08:42:24,151 [INFO] ApiDb:261 - Set plugin images path to: C:\ST\STM32CubeIDE_1.15.0\STM32CubeIDE\plugins\com.st.stm32cube.common.mx_6.11.0.202403141607\\db\/plugins/mcufinder/images/
2024-12-04 08:42:24,151 [WARN] DbFile:41 - Overriding database path with different value: C:\Users\BASAVARAJ\.stmcufinder\plugins\mcufinder/ => C:\Users\BASAVARAJ\.stmcufinder\plugins\mcufinder
2024-12-04 08:42:24,151 [INFO] ApiDb:250 - Set database path to: C:\Users\BASAVARAJ\.stmcufinder\plugins\mcufinder//mcu/
2024-12-04 08:42:24,151 [WARN] DbFile:41 - Overriding database path with different value: C:\Users\BASAVARAJ\.stmcufinder\plugins\mcufinder/ => C:\Users\BASAVARAJ\.stmcufinder\plugins\mcufinder
2024-12-04 08:42:24,152 [INFO] DbMcusAds:125 - Set database path to: C:\Users\BASAVARAJ\.stmcufinder\plugins\mcufinder//mcu/
2024-12-04 08:42:24,152 [WARN] DbFile:41 - Overriding database path with different value: C:\Users\BASAVARAJ\.stmcufinder\plugins\mcufinder/ => C:\Users\BASAVARAJ\.stmcufinder\plugins\mcufinder
2024-12-04 08:42:24,152 [WARN] DbFile:41 - Overriding database path with different value: C:\Users\BASAVARAJ\.stmcufinder\plugins\mcufinder/ => C:\Users\BASAVARAJ\.stmcufinder\plugins\mcufinder
2024-12-04 08:42:24,152 [INFO] CrossReferenceDbSqlite:203 - Set database path to: C:\Users\BASAVARAJ\.stmcufinder\plugins\mcufinder//mcu/cs/
2024-12-04 08:42:24,270 [INFO] MainPanel:264 - HeapMemory: 268435456
2024-12-04 08:42:24,430 [INFO] DbMcusXml:78 - Set database path to: C:\ST\STM32CubeIDE_1.15.0\STM32CubeIDE\plugins\com.st.stm32cube.common.mx_6.11.0.202403141607\\db\/mcu/
2024-12-04 08:42:24,430 [INFO] ApiDb:274 - Set plugin database path to: C:\ST\STM32CubeIDE_1.15.0\STM32CubeIDE\plugins\com.st.stm32cube.common.mx_6.11.0.202403141607\\db\/plugins/boardmanager/
2024-12-04 08:42:24,430 [INFO] ApiDb:261 - Set plugin images path to: C:\ST\STM32CubeIDE_1.15.0\STM32CubeIDE\plugins\com.st.stm32cube.common.mx_6.11.0.202403141607\\db\/plugins/mcufinder/images/
2024-12-04 08:42:24,431 [WARN] DbFile:41 - Overriding database path with different value: C:\Users\BASAVARAJ\.stmcufinder\plugins\mcufinder/ => C:\Users\BASAVARAJ\.stmcufinder\plugins\mcufinder
2024-12-04 08:42:24,431 [INFO] ApiDb:250 - Set database path to: C:\Users\BASAVARAJ\.stmcufinder\plugins\mcufinder//mcu/
2024-12-04 08:42:24,431 [WARN] DbFile:41 - Overriding database path with different value: C:\Users\BASAVARAJ\.stmcufinder\plugins\mcufinder/ => C:\Users\BASAVARAJ\.stmcufinder\plugins\mcufinder
2024-12-04 08:42:24,432 [INFO] DbMcusAds:125 - Set database path to: C:\Users\BASAVARAJ\.stmcufinder\plugins\mcufinder//mcu/
2024-12-04 08:42:24,432 [WARN] DbFile:41 - Overriding database path with different value: C:\Users\BASAVARAJ\.stmcufinder\plugins\mcufinder/ => C:\Users\BASAVARAJ\.stmcufinder\plugins\mcufinder
2024-12-04 08:42:24,432 [WARN] DbFile:41 - Overriding database path with different value: C:\Users\BASAVARAJ\.stmcufinder\plugins\mcufinder/ => C:\Users\BASAVARAJ\.stmcufinder\plugins\mcufinder
2024-12-04 08:42:24,432 [INFO] CrossReferenceDbSqlite:203 - Set database path to: C:\Users\BASAVARAJ\.stmcufinder\plugins\mcufinder//mcu/cs/
2024-12-04 08:42:24,458 [INFO] ApplicationProperties:184 - Using Application install path: C:\ST\STM32CubeIDE_1.15.0\STM32CubeIDE\plugins\com.st.stm32cube.common.mx_6.11.0.202403141607
2024-12-04 08:42:24,462 [INFO] PluginManage:196 - Search for loadable plugins [exclusion list=, ]
2024-12-04 08:42:24,466 [INFO] PluginManage:310 - Check plugin analytics
2024-12-04 08:42:24,712 [INFO] AnalyticsPlugin:253 - Accepted Software Licenses: 
2024-12-04 08:42:24,712 [INFO] AnalyticsPlugin:255 - Accepted CMSIS Pack Licenses: 
2024-12-04 08:42:24,712 [INFO] AnalyticsPlugin:257 - Accepted Firmware Licenses: FW.F4.1.28.0
2024-12-04 08:42:24,716 [INFO] PluginManage:359 - Loaded plugin analytics (category:tool,tabindex:-1)
2024-12-04 08:42:24,716 [INFO] PluginManage:310 - Check plugin cadmodel
2024-12-04 08:42:24,726 [INFO] CADModel:105 - Init CAD model plugin
2024-12-04 08:42:24,726 [INFO] PluginManage:359 - Loaded plugin cadmodel (category:power,tabindex:5)
2024-12-04 08:42:24,727 [INFO] PluginManage:310 - Check plugin clock
2024-12-04 08:42:24,745 [INFO] PluginManage:359 - Loaded plugin clock (category:base,tabindex:2)
2024-12-04 08:42:24,745 [INFO] PluginManage:310 - Check plugin ddr
2024-12-04 08:42:24,748 [INFO] PluginManage:359 - Loaded plugin ddr (category:tool,tabindex:6)
2024-12-04 08:42:24,748 [INFO] PluginManage:310 - Check plugin filemanager
2024-12-04 08:42:25,029 [INFO] PluginManage:359 - Loaded plugin filemanager (category:base,tabindex:10)
2024-12-04 08:42:25,030 [INFO] PluginManage:310 - Check plugin ipmanager
2024-12-04 08:42:25,038 [INFO] PluginManage:359 - Loaded plugin ipmanager (category:base,tabindex:5)
2024-12-04 08:42:25,038 [INFO] PluginManage:310 - Check plugin lpbam
2024-12-04 08:42:25,050 [INFO] PluginManage:359 - Loaded plugin lpbam (category:base,tabindex:0)
2024-12-04 08:42:25,050 [INFO] PluginManage:310 - Check plugin memorymap
2024-12-04 08:42:25,088 [INFO] PluginManage:359 - Loaded plugin memorymap (category:base,tabindex:4)
2024-12-04 08:42:25,088 [INFO] PluginManage:310 - Check plugin pinoutandconfiguration
2024-12-04 08:42:25,102 [INFO] PluginManage:359 - Loaded plugin pinoutandconfiguration (category:base,tabindex:1)
2024-12-04 08:42:25,103 [INFO] PluginManage:310 - Check plugin pinoutconfig
2024-12-04 08:42:25,207 [WARN] SupportedApi:132 - Cannot load RTOS API schema: s4s-elt-must-match.1: The content of 'definitions' must match (annotation?, (simpleType | complexType)?, (unique | key | keyref)*)). A problem was found starting at: attribute.
2024-12-04 08:42:25,455 [INFO] PluginManage:359 - Loaded plugin pinoutconfig (category:base,tabindex:0)
2024-12-04 08:42:25,456 [INFO] PluginManage:310 - Check plugin power
2024-12-04 08:42:25,469 [INFO] PluginManage:359 - Loaded plugin power (category:power,tabindex:4)
2024-12-04 08:42:25,469 [INFO] PluginManage:310 - Check plugin projectmanager
2024-12-04 08:42:25,490 [INFO] PluginManage:359 - Loaded plugin projectmanager (category:projectmanager,tabindex:3)
2024-12-04 08:42:25,490 [INFO] PluginManage:310 - Check plugin thirdparty
2024-12-04 08:42:25,721 [INFO] PluginManage:359 - Loaded plugin thirdparty (category:base,tabindex:-1)
2024-12-04 08:42:25,721 [INFO] PluginManage:310 - Check plugin tools
2024-12-04 08:42:25,721 [WARN] IntegrityCheckThread:84 - waiting for thirdparty lock release [integrity check]
2024-12-04 08:42:25,721 [INFO] IntegrityCheckThread:86 - entering critical section [integrity check]
2024-12-04 08:42:25,722 [INFO] ThirdPartyUpdaterWithRetryManager:70 - Updater plugin not ready yet. [1/15]
2024-12-04 08:42:25,726 [INFO] PluginManage:359 - Loaded plugin tools (category:base,tabindex:7)
2024-12-04 08:42:25,726 [INFO] PluginManage:310 - Check plugin tutovideos
2024-12-04 08:42:26,064 [INFO] PluginManage:359 - Loaded plugin tutovideos (category:base,tabindex:-1)
2024-12-04 08:42:26,064 [INFO] PluginManage:310 - Check plugin updater
2024-12-04 08:42:26,091 [INFO] PluginManage:359 - Loaded plugin updater (category:base,tabindex:12)
2024-12-04 08:42:26,091 [INFO] PluginManage:310 - Check plugin userauth
2024-12-04 08:42:26,101 [INFO] UserAuth:114 - Init User Auth plugin
2024-12-04 08:42:26,101 [INFO] PluginManage:359 - Loaded plugin userauth (category:base,tabindex:14)
2024-12-04 08:42:26,102 [INFO] PluginManage:283 - PluginManage : Loaded plugins [17]
2024-12-04 08:42:26,436 [INFO] PinOutPanel:1561 - setPackage(No Configuration,No Configuration)
2024-12-04 08:42:26,551 [INFO] CADModel:165 - CPN selected for project level
2024-12-04 08:42:26,551 [INFO] CADModel:114 - Register for checkConnection events
2024-12-04 08:42:26,578 [INFO] IPUIPlugin:80 - create IPUIPlugin
2024-12-04 08:42:26,579 [INFO] PluginManager:220 - loadIPPluginJar : add adc
2024-12-04 08:42:26,585 [INFO] IPUIPlugin:80 - create IPUIPlugin
2024-12-04 08:42:26,586 [INFO] PluginManager:220 - loadIPPluginJar : add aes
2024-12-04 08:42:26,591 [INFO] IPUIPlugin:80 - create IPUIPlugin
2024-12-04 08:42:26,591 [INFO] PluginManager:220 - loadIPPluginJar : add can
2024-12-04 08:42:26,593 [INFO] IPUIPlugin:80 - create IPUIPlugin
2024-12-04 08:42:26,594 [INFO] PluginManager:220 - loadIPPluginJar : add comp
2024-12-04 08:42:26,599 [INFO] IPUIPlugin:80 - create IPUIPlugin
2024-12-04 08:42:26,600 [INFO] PluginManager:220 - loadIPPluginJar : add cryp
2024-12-04 08:42:26,603 [INFO] IPUIPlugin:80 - create IPUIPlugin
2024-12-04 08:42:26,603 [INFO] PluginManager:220 - loadIPPluginJar : add dfsdm
2024-12-04 08:42:26,613 [INFO] IPUIPlugin:80 - create IPUIPlugin
2024-12-04 08:42:26,613 [INFO] PluginManager:220 - loadIPPluginJar : add dma
2024-12-04 08:42:26,617 [INFO] IPUIPlugin:80 - create IPUIPlugin
2024-12-04 08:42:26,618 [INFO] PluginManager:220 - loadIPPluginJar : add dma3
2024-12-04 08:42:26,634 [INFO] IPUIPlugin:80 - create IPUIPlugin
2024-12-04 08:42:26,634 [INFO] PluginManager:220 - loadIPPluginJar : add extmemmanager
2024-12-04 08:42:26,637 [INFO] IPUIPlugin:80 - create IPUIPlugin
2024-12-04 08:42:26,637 [INFO] PluginManager:220 - loadIPPluginJar : add fatfs
2024-12-04 08:42:26,644 [INFO] IPUIPlugin:80 - create IPUIPlugin
2024-12-04 08:42:26,644 [INFO] PluginManager:220 - loadIPPluginJar : add fmc
2024-12-04 08:42:26,654 [INFO] IPUIPlugin:80 - create IPUIPlugin
2024-12-04 08:42:26,655 [INFO] PluginManager:220 - loadIPPluginJar : add freertos
2024-12-04 08:42:26,657 [INFO] IPUIPlugin:80 - create IPUIPlugin
2024-12-04 08:42:26,657 [INFO] PluginManager:220 - loadIPPluginJar : add genericplugin
2024-12-04 08:42:26,661 [INFO] IPUIPlugin:80 - create IPUIPlugin
2024-12-04 08:42:26,661 [INFO] PluginManager:220 - loadIPPluginJar : add gfxmmu
2024-12-04 08:42:26,674 [INFO] IPUIPlugin:80 - create IPUIPlugin
2024-12-04 08:42:26,675 [INFO] PluginManager:220 - loadIPPluginJar : add gic
2024-12-04 08:42:26,685 [INFO] IPUIPlugin:80 - create IPUIPlugin
2024-12-04 08:42:26,685 [INFO] PluginManager:220 - loadIPPluginJar : add gpio
2024-12-04 08:42:26,695 [INFO] IPUIPlugin:80 - create IPUIPlugin
2024-12-04 08:42:26,695 [INFO] PluginManager:220 - loadIPPluginJar : add gtzc
2024-12-04 08:42:26,700 [INFO] IPUIPlugin:80 - create IPUIPlugin
2024-12-04 08:42:26,700 [INFO] PluginManager:220 - loadIPPluginJar : add hash
2024-12-04 08:42:26,705 [INFO] IPUIPlugin:80 - create IPUIPlugin
2024-12-04 08:42:26,706 [INFO] PluginManager:220 - loadIPPluginJar : add i2c
2024-12-04 08:42:26,713 [INFO] IPUIPlugin:80 - create IPUIPlugin
2024-12-04 08:42:26,713 [INFO] PluginManager:220 - loadIPPluginJar : add i2s
2024-12-04 08:42:26,717 [INFO] IPUIPlugin:80 - create IPUIPlugin
2024-12-04 08:42:26,717 [INFO] PluginManager:220 - loadIPPluginJar : add i3c
2024-12-04 08:42:26,726 [INFO] IPUIPlugin:80 - create IPUIPlugin
2024-12-04 08:42:26,726 [INFO] PluginManager:220 - loadIPPluginJar : add ipddr
2024-12-04 08:42:26,753 [INFO] IPUIPlugin:80 - create IPUIPlugin
2024-12-04 08:42:26,753 [INFO] PluginManager:220 - loadIPPluginJar : add linkedlist
2024-12-04 08:42:26,759 [INFO] IPUIPlugin:80 - create IPUIPlugin
2024-12-04 08:42:26,760 [INFO] PluginManager:220 - loadIPPluginJar : add lorawan
2024-12-04 08:42:26,763 [INFO] IPUIPlugin:80 - create IPUIPlugin
2024-12-04 08:42:26,763 [INFO] PluginManager:220 - loadIPPluginJar : add ltdc
2024-12-04 08:42:26,775 [INFO] IPUIPlugin:80 - create IPUIPlugin
2024-12-04 08:42:26,775 [INFO] PluginManager:220 - loadIPPluginJar : add mdma
2024-12-04 08:42:26,782 [INFO] IPUIPlugin:80 - create IPUIPlugin
2024-12-04 08:42:26,782 [INFO] PluginManager:220 - loadIPPluginJar : add nvic
2024-12-04 08:42:26,793 [INFO] IPUIPlugin:80 - create IPUIPlugin
2024-12-04 08:42:26,793 [INFO] PluginManager:220 - loadIPPluginJar : add opamp
2024-12-04 08:42:26,800 [INFO] IPUIPlugin:80 - create IPUIPlugin
2024-12-04 08:42:26,800 [INFO] PluginManager:220 - loadIPPluginJar : add openamp
2024-12-04 08:42:26,810 [INFO] IPUIPlugin:80 - create IPUIPlugin
2024-12-04 08:42:26,810 [INFO] PluginManager:220 - loadIPPluginJar : add pdm2pcm
2024-12-04 08:42:26,824 [INFO] IPUIPlugin:80 - create IPUIPlugin
2024-12-04 08:42:26,827 [INFO] PluginManager:220 - loadIPPluginJar : add plateformsettings
2024-12-04 08:42:26,832 [INFO] IPUIPlugin:80 - create IPUIPlugin
2024-12-04 08:42:26,832 [INFO] PluginManager:220 - loadIPPluginJar : add quadspi
2024-12-04 08:42:26,840 [INFO] IPUIPlugin:80 - create IPUIPlugin
2024-12-04 08:42:26,840 [INFO] PluginManager:220 - loadIPPluginJar : add resmgrutility
2024-12-04 08:42:26,846 [INFO] IPUIPlugin:80 - create IPUIPlugin
2024-12-04 08:42:26,846 [INFO] PluginManager:220 - loadIPPluginJar : add sai
2024-12-04 08:42:26,851 [INFO] IPUIPlugin:80 - create IPUIPlugin
2024-12-04 08:42:26,851 [INFO] PluginManager:220 - loadIPPluginJar : add spi
2024-12-04 08:42:26,862 [INFO] IPUIPlugin:80 - create IPUIPlugin
2024-12-04 08:42:26,862 [INFO] PluginManager:220 - loadIPPluginJar : add stm32_wpan
2024-12-04 08:42:26,866 [INFO] IPUIPlugin:80 - create IPUIPlugin
2024-12-04 08:42:26,866 [INFO] PluginManager:220 - loadIPPluginJar : add tim
2024-12-04 08:42:26,872 [INFO] IPUIPlugin:80 - create IPUIPlugin
2024-12-04 08:42:26,873 [INFO] PluginManager:220 - loadIPPluginJar : add touchsensing
2024-12-04 08:42:26,877 [INFO] IPUIPlugin:80 - create IPUIPlugin
2024-12-04 08:42:26,877 [INFO] PluginManager:220 - loadIPPluginJar : add tracer_emb
2024-12-04 08:42:26,881 [INFO] IPUIPlugin:80 - create IPUIPlugin
2024-12-04 08:42:26,881 [INFO] PluginManager:220 - loadIPPluginJar : add ts
2024-12-04 08:42:26,885 [INFO] IPUIPlugin:80 - create IPUIPlugin
2024-12-04 08:42:26,885 [INFO] PluginManager:220 - loadIPPluginJar : add tsc
2024-12-04 08:42:26,891 [INFO] IPUIPlugin:80 - create IPUIPlugin
2024-12-04 08:42:26,891 [INFO] PluginManager:220 - loadIPPluginJar : add ucpd
2024-12-04 08:42:26,896 [INFO] IPUIPlugin:80 - create IPUIPlugin
2024-12-04 08:42:26,897 [INFO] PluginManager:220 - loadIPPluginJar : add usart
2024-12-04 08:42:26,906 [INFO] IPUIPlugin:80 - create IPUIPlugin
2024-12-04 08:42:26,907 [INFO] PluginManager:220 - loadIPPluginJar : add usbx
2024-12-04 08:42:27,094 [INFO] CADModel:165 - CPN selected for project level
2024-12-04 08:42:27,095 [INFO] CADModel:114 - Register for checkConnection events
2024-12-04 08:42:27,095 [FATAL] Updater:308 - Updater called before beeing initialized
2024-12-04 08:42:27,095 [ERROR] CADModel:125 - Updater not yet initialized, retry later 
2024-12-04 08:42:27,321 [INFO] CADModel:165 - CPN selected for project level
2024-12-04 08:42:27,321 [INFO] CADModel:114 - Register for checkConnection events
2024-12-04 08:42:27,321 [FATAL] Updater:308 - Updater called before beeing initialized
2024-12-04 08:42:27,321 [ERROR] CADModel:125 - Updater not yet initialized, retry later 
2024-12-04 08:42:27,328 [FATAL] Updater:308 - Updater called before beeing initialized
2024-12-04 08:42:27,572 [FATAL] Updater:308 - Updater called before beeing initialized
2024-12-04 08:42:27,590 [INFO] DbMcusAds:53 - JSON generation date=Fri Sep 20 18:34:38 IST 2024 (1726837478367)
2024-12-04 08:42:27,590 [FATAL] Updater:308 - Updater called before beeing initialized
2024-12-04 08:42:27,665 [WARN] DetailPanel:346 - Failed to get advertising image, set to default
2024-12-04 08:42:27,846 [FATAL] Updater:308 - Updater called before beeing initialized
2024-12-04 08:42:27,850 [FATAL] Updater:308 - Updater called before beeing initialized
2024-12-04 08:42:27,850 [FATAL] Updater:308 - Updater called before beeing initialized
2024-12-04 08:42:27,850 [WARN] DetailPanel:346 - Failed to get advertising image, set to default
2024-12-04 08:42:27,851 [FATAL] Updater:308 - Updater called before beeing initialized
2024-12-04 08:42:27,933 [ERROR] Updater:1120 - MainUpdater not yet initialized. External WinMGr cannot be set.
2024-12-04 08:42:27,937 [INFO] Updater:1056 - Updater Version found : 6.11.0
2024-12-04 08:42:27,988 [INFO] ApplicationProperties:184 - Using Application install path: C:\ST\STM32CubeIDE_1.15.0\STM32CubeIDE\plugins\com.st.stm32cube.common.mx_6.11.0.202403141607
2024-12-04 08:42:28,723 [INFO] ThirdPartyUpdaterWithRetryManager:70 - Updater plugin not ready yet. [2/15]
2024-12-04 08:42:29,575 [ERROR] LogOutputStream:75 - [STDERR_REDIRECT] Dec 04, 2024 8:42:29 AM java.util.prefs.WindowsPreferences <init>
2024-12-04 08:42:29,577 [ERROR] LogOutputStream:75 - [STDERR_REDIRECT] WARNING: Could not open/create prefs root node Software\JavaSoft\Prefs at root 0xffffffff80000002. Windows RegCreateKeyEx(...) returned error code 5.
2024-12-04 08:42:29,577 [ERROR] LogOutputStream:75 - [STDERR_REDIRECT] 
2024-12-04 08:42:30,101 [INFO] MainUpdater:2873 - connection check result : 10
2024-12-04 08:42:30,102 [INFO] MainUpdater:290 - Updater Check For Update Now.
2024-12-04 08:42:30,103 [INFO] MicroXplorer:498 - Change Database Version : DB.6.0.110
2024-12-04 08:42:30,113 [INFO] McuFinderGlobals:63 - Set McuFinder mode to 2 (CubeIDE integrated)
2024-12-04 08:42:30,114 [INFO] UserAuth:179 - activating auth plugin
2024-12-04 08:42:30,121 [INFO] UserAuth:415 - Internet connection configuration mode: 1
2024-12-04 08:42:30,171 [INFO] JxBrowserEngine:152 - Initiate JxBrowser Engine with user profile folder
2024-12-04 08:42:30,340 [INFO] CheckServerUpdateThread:120 - End of CheckServer Thread
2024-12-04 08:42:32,218 [WARN] PackLoader:240 - Cannot read IP mode file for STMicroelectronics.FP-SNS-MOTENVWB1.1.4.0
2024-12-04 08:42:32,234 [WARN] PackLoader:240 - Cannot read IP mode file for STMicroelectronics.FP-ATR-ASTRA1.2.0.1
2024-12-04 08:42:32,252 [WARN] PackLoader:240 - Cannot read IP mode file for STMicroelectronics.X-CUBE-SMBUS.2.1.0
2024-12-04 08:42:32,269 [WARN] PackLoader:240 - Cannot read IP mode file for STMicroelectronics.X-CUBE-WB05N.1.1.0
2024-12-04 08:42:32,285 [WARN] PackLoader:240 - Cannot read IP mode file for STMicroelectronics.X-CUBE-TOUCHGFX.4.23.2
2024-12-04 08:42:32,346 [WARN] PackLoader:240 - Cannot read IP mode file for STMicroelectronics.X-CUBE-AZRTOS-F7.1.1.0
2024-12-04 08:42:32,479 [INFO] WebApp:161 - Instantiating new browser for Auth
2024-12-04 08:42:32,501 [WARN] PackLoader:240 - Cannot read IP mode file for STMicroelectronics.X-CUBE-MEMS1.11.0.0
2024-12-04 08:42:32,872 [WARN] PackLoader:240 - Cannot read IP mode file for STMicroelectronics.FP-SNS-FLIGHT1.5.0.2
2024-12-04 08:42:32,893 [WARN] PackLoader:240 - Cannot read IP mode file for STMicroelectronics.X-CUBE-DISPLAY.3.0.0
2024-12-04 08:42:32,919 [WARN] PackLoader:240 - Cannot read IP mode file for STMicroelectronics.X-CUBE-BLE1.7.0.0
2024-12-04 08:42:32,941 [WARN] PackLoader:240 - Cannot read IP mode file for STMicroelectronics.X-CUBE-NFC10.1.0.0
2024-12-04 08:42:32,956 [WARN] PackLoader:240 - Cannot read IP mode file for emotas.I-CUBE-CANOPEN.1.3.0
2024-12-04 08:42:32,972 [WARN] PackLoader:240 - Cannot read IP mode file for STMicroelectronics.X-CUBE-BLEMGR.3.1.0
2024-12-04 08:42:32,983 [WARN] PackLoader:240 - Cannot read IP mode file for STMicroelectronics.FP-SNS-SMARTAG2.1.2.0
2024-12-04 08:42:33,001 [INFO] LogOutputStream:77 - [STDOUT_REDIRECT] 1 : Invalid condition id : UX_CORESTACK_Condition cause : null
2024-12-04 08:42:33,003 [INFO] LogOutputStream:77 - [STDOUT_REDIRECT] 1 : Invalid condition id : UX_CORESTACK_Condition cause : null
2024-12-04 08:42:33,004 [INFO] LogOutputStream:77 - [STDOUT_REDIRECT] 1 : Invalid condition id : UX_CORESTACK_Condition cause : null
2024-12-04 08:42:33,006 [INFO] LogOutputStream:77 - [STDOUT_REDIRECT] 1 : Invalid condition id : UX_CORESTACK_Condition cause : null
2024-12-04 08:42:33,008 [INFO] LogOutputStream:77 - [STDOUT_REDIRECT] 1 : Invalid condition id : UX_CORESTACK_Condition cause : null
2024-12-04 08:42:33,013 [WARN] PackLoader:240 - Cannot read IP mode file for STMicroelectronics.X-CUBE-AZRTOS-WL.2.0.0
2024-12-04 08:42:33,023 [WARN] PackLoader:240 - Cannot read IP mode file for STMicroelectronics.FP-SNS-MOTENV1.5.0.0
2024-12-04 08:42:33,031 [WARN] PackLoader:240 - Cannot read IP mode file for wolfSSL.I-CUBE-wolfMQTT.1.19.0
2024-12-04 08:42:33,052 [WARN] PackLoader:240 - Cannot read IP mode file for WES.I-CUBE-Cesium.1.3.0
2024-12-04 08:42:33,060 [WARN] PackLoader:240 - Cannot read IP mode file for STMicroelectronics.X-CUBE-BLE2.3.3.0
2024-12-04 08:42:33,073 [WARN] PackLoader:240 - Cannot read IP mode file for STMicroelectronics.X-CUBE-NFC9.1.0.0
2024-12-04 08:42:33,084 [WARN] PackLoader:240 - Cannot read IP mode file for STMicroelectronics.X-CUBE-TCPP.4.1.0
2024-12-04 08:42:33,098 [WARN] PackLoader:240 - Cannot read IP mode file for STMicroelectronics.X-CUBE-ALGOBUILD.1.3.0
2024-12-04 08:42:33,129 [WARN] PackLoader:240 - Cannot read IP mode file for STMicroelectronics.X-CUBE-AZRTOS-G0.1.1.0
2024-12-04 08:42:33,141 [WARN] PackLoader:240 - Cannot read IP mode file for STMicroelectronics.X-CUBE-SAFEA1.1.2.2
2024-12-04 08:42:33,153 [WARN] PackLoader:240 - Cannot read IP mode file for STMicroelectronics.X-CUBE-NFC4.3.0.0
2024-12-04 08:42:33,160 [WARN] PackLoader:240 - Cannot read IP mode file for wolfSSL.I-CUBE-wolfMQTT.1.18.0
2024-12-04 08:42:33,173 [WARN] PackLoader:240 - Cannot read IP mode file for EmbeddedOffice.I-CUBE-FS-RTOS.1.0.1
2024-12-04 08:42:33,174 [ERROR] ConditionMgr:805 - Attr not supported : Dmpu
2024-12-04 08:42:33,174 [ERROR] ConditionMgr:805 - Attr not supported : Dmpu
2024-12-04 08:42:33,174 [ERROR] ConditionMgr:805 - Attr not supported : Dmpu
2024-12-04 08:42:33,174 [ERROR] ConditionMgr:805 - Attr not supported : Dmpu
2024-12-04 08:42:33,174 [ERROR] ConditionMgr:805 - Attr not supported : Dmpu
2024-12-04 08:42:33,174 [ERROR] ConditionMgr:805 - Attr not supported : Dmpu
2024-12-04 08:42:33,174 [ERROR] ConditionMgr:805 - Attr not supported : Dmpu
2024-12-04 08:42:33,174 [ERROR] ConditionMgr:805 - Attr not supported : Dmpu
2024-12-04 08:42:33,174 [ERROR] ConditionMgr:805 - Attr not supported : Dmpu
2024-12-04 08:42:33,174 [ERROR] ConditionMgr:805 - Attr not supported : Dmpu
2024-12-04 08:42:33,174 [ERROR] ConditionMgr:805 - Attr not supported : Dmpu
2024-12-04 08:42:33,174 [ERROR] ConditionMgr:805 - Attr not supported : Dmpu
2024-12-04 08:42:33,175 [ERROR] ConditionMgr:805 - Attr not supported : Dmpu
2024-12-04 08:42:33,175 [ERROR] ConditionMgr:805 - Attr not supported : Dmpu
2024-12-04 08:42:33,175 [ERROR] ConditionMgr:805 - Attr not supported : Dmpu
2024-12-04 08:42:33,175 [ERROR] ConditionMgr:805 - Attr not supported : Dmpu
2024-12-04 08:42:33,175 [ERROR] ConditionMgr:805 - Attr not supported : Dmpu
2024-12-04 08:42:33,175 [ERROR] ConditionMgr:805 - Attr not supported : Dmpu
2024-12-04 08:42:33,175 [ERROR] ConditionMgr:805 - Attr not supported : Dmpu
2024-12-04 08:42:33,175 [ERROR] ConditionMgr:805 - Attr not supported : Dmpu
2024-12-04 08:42:33,175 [ERROR] ConditionMgr:805 - Attr not supported : Dmpu
2024-12-04 08:42:33,175 [ERROR] ConditionMgr:805 - Attr not supported : Dmpu
2024-12-04 08:42:33,175 [ERROR] ConditionMgr:805 - Attr not supported : Dmpu
2024-12-04 08:42:33,175 [ERROR] ConditionMgr:805 - Attr not supported : Dmpu
2024-12-04 08:42:33,175 [ERROR] ConditionMgr:805 - Attr not supported : Dmpu
2024-12-04 08:42:33,175 [ERROR] ConditionMgr:805 - Attr not supported : Dmpu
2024-12-04 08:42:33,175 [ERROR] ConditionMgr:805 - Attr not supported : Dmpu
2024-12-04 08:42:33,175 [ERROR] ConditionMgr:805 - Attr not supported : Dmpu
2024-12-04 08:42:33,176 [ERROR] ConditionMgr:805 - Attr not supported : Dmpu
2024-12-04 08:42:33,176 [ERROR] ConditionMgr:805 - Attr not supported : Dmpu
2024-12-04 08:42:33,176 [ERROR] ConditionMgr:805 - Attr not supported : Dmpu
2024-12-04 08:42:33,176 [ERROR] ConditionMgr:805 - Attr not supported : Dmpu
2024-12-04 08:42:33,176 [ERROR] ConditionMgr:805 - Attr not supported : Dmpu
2024-12-04 08:42:33,176 [ERROR] ConditionMgr:805 - Attr not supported : Dmpu
2024-12-04 08:42:33,176 [ERROR] ConditionMgr:805 - Attr not supported : Dmpu
2024-12-04 08:42:33,176 [ERROR] ConditionMgr:805 - Attr not supported : Dmpu
2024-12-04 08:42:33,176 [ERROR] ConditionMgr:805 - Attr not supported : Dmpu
2024-12-04 08:42:33,176 [ERROR] ConditionMgr:805 - Attr not supported : Dmpu
2024-12-04 08:42:33,176 [ERROR] ConditionMgr:805 - Attr not supported : Dmpu
2024-12-04 08:42:33,176 [ERROR] ConditionMgr:805 - Attr not supported : Dmpu
2024-12-04 08:42:33,176 [ERROR] ConditionMgr:805 - Attr not supported : Dmpu
2024-12-04 08:42:33,176 [ERROR] ConditionMgr:805 - Attr not supported : Dmpu
2024-12-04 08:42:33,177 [ERROR] ConditionMgr:805 - Attr not supported : Dmpu
2024-12-04 08:42:33,177 [ERROR] ConditionMgr:805 - Attr not supported : Dmpu
2024-12-04 08:42:33,177 [ERROR] ConditionMgr:805 - Attr not supported : Dmpu
2024-12-04 08:42:33,177 [ERROR] ConditionMgr:805 - Attr not supported : Dmpu
2024-12-04 08:42:33,177 [ERROR] ConditionMgr:805 - Attr not supported : Dmpu
2024-12-04 08:42:33,177 [ERROR] ConditionMgr:805 - Attr not supported : Dmpu
2024-12-04 08:42:33,177 [ERROR] ConditionMgr:805 - Attr not supported : Dmpu
2024-12-04 08:42:33,177 [ERROR] ConditionMgr:805 - Attr not supported : Dmpu
2024-12-04 08:42:33,177 [ERROR] ConditionMgr:805 - Attr not supported : Dmpu
2024-12-04 08:42:33,177 [ERROR] ConditionMgr:805 - Attr not supported : Dmpu
2024-12-04 08:42:33,177 [ERROR] ConditionMgr:805 - Attr not supported : Dmpu
2024-12-04 08:42:33,177 [ERROR] ConditionMgr:805 - Attr not supported : Dmpu
2024-12-04 08:42:33,177 [ERROR] ConditionMgr:805 - Attr not supported : Dmpu
2024-12-04 08:42:33,177 [ERROR] ConditionMgr:805 - Attr not supported : Dmpu
2024-12-04 08:42:33,178 [ERROR] ConditionMgr:805 - Attr not supported : Dmpu
2024-12-04 08:42:33,178 [ERROR] ConditionMgr:805 - Attr not supported : Dmpu
2024-12-04 08:42:33,178 [ERROR] ConditionMgr:805 - Attr not supported : Dmpu
2024-12-04 08:42:33,178 [ERROR] ConditionMgr:805 - Attr not supported : Dmpu
2024-12-04 08:42:33,178 [ERROR] ConditionMgr:805 - Attr not supported : Dmpu
2024-12-04 08:42:33,178 [ERROR] ConditionMgr:805 - Attr not supported : Dmpu
2024-12-04 08:42:33,178 [ERROR] ConditionMgr:805 - Attr not supported : Dmpu
2024-12-04 08:42:33,178 [ERROR] ConditionMgr:805 - Attr not supported : Dmpu
2024-12-04 08:42:33,187 [WARN] PackLoader:240 - Cannot read IP mode file for RealThread.X-CUBE-RT-Thread_Nano.4.1.1
2024-12-04 08:42:33,195 [WARN] PackLoader:240 - Cannot read IP mode file for wolfSSL.I-CUBE-wolfSSL.5.7.0
2024-12-04 08:42:33,203 [WARN] PackLoader:240 - Cannot read IP mode file for STMicroelectronics.FP-ATR-SIGFOX1.3.2.0
2024-12-04 08:42:33,213 [WARN] ConditionMgr:438 - getConditionDescription Invalid condition id : Cortex-A Device cause : null
2024-12-04 08:42:33,253 [WARN] ConditionMgr:1039 - genDependencies : Invalid condition id : Cortex-A Device cause : null
2024-12-04 08:42:33,253 [WARN] ConditionMgr:1039 - genDependencies : Invalid condition id : Cortex-A Device cause : null
2024-12-04 08:42:33,253 [WARN] ConditionMgr:1039 - genDependencies : Invalid condition id : Cortex-A Device cause : null
2024-12-04 08:42:33,261 [WARN] PackLoader:240 - Cannot read IP mode file for STMicroelectronics.X-CUBE-EEPRMA1.5.1.0
2024-12-04 08:42:33,276 [WARN] PackLoader:240 - Cannot read IP mode file for ITTIA_DB.I-CUBE-ITTIADB.8.9.0
2024-12-04 08:42:33,322 [WARN] PackLoader:240 - Cannot read IP mode file for SEGGER.I-CUBE-embOS.1.3.1
2024-12-04 08:42:33,383 [WARN] PackLoader:240 - Cannot read IP mode file for STMicroelectronics.X-CUBE-ALGOBUILD.1.4.0
2024-12-04 08:42:33,391 [WARN] PackLoader:240 - Cannot read IP mode file for STMicroelectronics.X-CUBE-AI.9.1.0
2024-12-04 08:42:33,402 [WARN] PackLoader:240 - Cannot read IP mode file for STMicroelectronics.X-CUBE-GNSS1.6.0.0
2024-12-04 08:42:33,425 [WARN] PackLoader:240 - Cannot read IP mode file for STMicroelectronics.X-CUBE-AZRTOS-F4.1.1.0
2024-12-04 08:42:33,435 [WARN] PackLoader:240 - Cannot read IP mode file for STMicroelectronics.X-CUBE-ISPU.2.1.0
2024-12-04 08:42:33,444 [WARN] PackLoader:240 - Cannot read IP mode file for STMicroelectronics.X-CUBE-FREERTOS.1.2.0
2024-12-04 08:42:33,470 [WARN] PackLoader:240 - Cannot read IP mode file for STMicroelectronics.X-CUBE-AZRTOS-L5.2.0.0
2024-12-04 08:42:33,483 [WARN] PackLoader:240 - Cannot read IP mode file for STMicroelectronics.X-CUBE-NFC6.3.1.0
2024-12-04 08:42:33,494 [WARN] PackLoader:240 - Cannot read IP mode file for STMicroelectronics.X-CUBE-DPower.1.2.0
2024-12-04 08:42:33,508 [WARN] PackLoader:240 - Cannot read IP mode file for STMicroelectronics.X-CUBE-AI.9.0.0
2024-12-04 08:42:33,516 [WARN] PackLoader:240 - Cannot read IP mode file for STMicroelectronics.X-CUBE-NFC7.1.0.1
2024-12-04 08:42:33,523 [WARN] PackLoader:240 - Cannot read IP mode file for wolfSSL.I-CUBE-wolfTPM.3.2.0
2024-12-04 08:42:33,556 [WARN] ConditionMgr:438 - getConditionDescription Invalid condition id : LAN8742 Phy interface Condition cause : null
2024-12-04 08:42:33,557 [WARN] PackLoader:240 - Cannot read IP mode file for STMicroelectronics.X-CUBE-AZRTOS-L4.2.0.0
2024-12-04 08:42:33,559 [WARN] ConditionMgr:1039 - genDependencies : Invalid condition id : LAN8742 Phy interface Condition cause : null
2024-12-04 08:42:33,559 [WARN] ConditionMgr:1039 - genDependencies : Invalid condition id : LAN8742 Phy interface Condition cause : null
2024-12-04 08:42:33,560 [WARN] ConditionMgr:1039 - genDependencies : Invalid condition id : LAN8742 Phy interface Condition cause : null
2024-12-04 08:42:33,573 [WARN] PackLoader:240 - Cannot read IP mode file for STMicroelectronics.X-CUBE-SFXS2LP1.4.0.0
2024-12-04 08:42:33,607 [WARN] PackLoader:240 - Cannot read IP mode file for STMicroelectronics.X-CUBE-AZRTOS-H7.3.3.0
2024-12-04 08:42:33,627 [WARN] PackLoader:240 - Cannot read IP mode file for STMicroelectronics.X-CUBE-IPS.3.0.0
2024-12-04 08:42:33,653 [WARN] ConditionMgr:438 - getConditionDescription Invalid condition id : UX DEVICE CLASS RTOS Condition cause : null
2024-12-04 08:42:33,654 [WARN] ConditionMgr:438 - getConditionDescription Invalid condition id : UX DEVICE CLASS RTOS Condition cause : null
2024-12-04 08:42:33,658 [WARN] PackLoader:240 - Cannot read IP mode file for STMicroelectronics.X-CUBE-AZRTOS-WB.2.0.0
2024-12-04 08:42:33,659 [WARN] ConditionMgr:1039 - genDependencies : Invalid condition id : UX DEVICE CLASS RTOS Condition cause : null
2024-12-04 08:42:33,660 [WARN] ConditionMgr:1039 - genDependencies : Invalid condition id : UX DEVICE CLASS RTOS Condition cause : null
2024-12-04 08:42:33,661 [WARN] ConditionMgr:1039 - genDependencies : Invalid condition id : UX DEVICE CLASS RTOS Condition cause : null
2024-12-04 08:42:33,662 [WARN] ConditionMgr:1039 - genDependencies : Invalid condition id : UX DEVICE CLASS RTOS Condition cause : null
2024-12-04 08:42:33,662 [WARN] ConditionMgr:1039 - genDependencies : Invalid condition id : UX DEVICE CLASS RTOS Condition cause : null
2024-12-04 08:42:33,671 [WARN] PackLoader:240 - Cannot read IP mode file for STMicroelectronics.X-CUBE-GNSS1.7.0.0
2024-12-04 08:42:33,681 [WARN] PackLoader:240 - Cannot read IP mode file for STMicroelectronics.FP-SNS-STBOX1.2.0.0
2024-12-04 08:42:33,699 [WARN] PackLoader:240 - Cannot read IP mode file for STMicroelectronics.X-CUBE-SUBG2.5.0.0
2024-12-04 08:42:33,727 [WARN] PackLoader:240 - Cannot read IP mode file for STMicroelectronics.X-CUBE-AZRTOS-G4.2.0.0
2024-12-04 08:42:33,737 [WARN] PackLoader:240 - Cannot read IP mode file for STMicroelectronics.X-CUBE-ISPU.2.0.0
2024-12-04 08:42:33,745 [WARN] PackLoader:240 - Cannot read IP mode file for STMicroelectronics.X-CUBE-ALS.1.0.2
2024-12-04 08:42:33,799 [WARN] PackLoader:240 - Cannot read IP mode file for STMicroelectronics.X-CUBE-MEMS1.10.0.0
2024-12-04 08:42:33,994 [WARN] PackLoader:240 - Cannot read IP mode file for STMicroelectronics.X-CUBE-FREERTOS.1.1.0
2024-12-04 08:42:33,999 [WARN] PackLoader:240 - Cannot read IP mode file for STMicroelectronics.X-CUBE-TOUCHGFX.4.24.0
2024-12-04 08:42:34,003 [WARN] PackLoader:240 - Cannot read IP mode file for STMicroelectronics.X-CUBE-TOUCHGFX.4.24.1
2024-12-04 08:42:34,013 [WARN] PackLoader:240 - Cannot read IP mode file for portGmbH.I-Cube-SoM-uGOAL.1.1.0
2024-12-04 08:42:34,020 [WARN] PackLoader:240 - Cannot read IP mode file for STMicroelectronics.X-CUBE-ALS.1.0.1
2024-12-04 08:42:34,050 [WARN] PackLoader:240 - Cannot read IP mode file for STMicroelectronics.X-CUBE-AZRTOS-H7RS.1.0.0
2024-12-04 08:42:34,061 [WARN] PackLoader:240 - Cannot read IP mode file for STMicroelectronics.FP-ATR-ASTRA1.2.0.0
2024-12-04 08:42:34,079 [WARN] PackLoader:240 - Cannot read IP mode file for STMicroelectronics.X-CUBE-TOF1.3.4.2
2024-12-04 08:42:34,105 [WARN] PackLoader:240 - Cannot read IP mode file for STMicroelectronics.X-CUBE-TOF1.3.4.1
2024-12-04 08:42:34,124 [INFO] WebApp:779 - Register for checkConnection events
2024-12-04 08:42:34,124 [INFO] WebApp:414 - Apply proxy settings
2024-12-04 08:42:34,124 [INFO] WebApp:499 - Chromium requires no authentication
2024-12-04 08:42:34,144 [INFO] WebApp:442 - Direct internet connection detected
2024-12-04 08:42:34,148 [WARN] PackLoader:240 - Cannot read IP mode file for STMicroelectronics.X-CUBE-AZRTOS-H7.3.2.0
2024-12-04 08:42:34,231 [WARN] PackLoader:240 - Cannot read IP mode file for Infineon.AIROC-Wi-Fi-Bluetooth-STM32.1.6.0
2024-12-04 08:42:34,297 [WARN] PackLoader:240 - Cannot read IP mode file for wolfSSL.I-CUBE-wolfSSH.1.4.17
2024-12-04 08:42:34,298 [INFO] ThirdParty:978 - Integrity check success = true
2024-12-04 08:42:34,298 [INFO] IntegrityCheckThread:100 - exiting critical section [integrity check]
2024-12-04 08:42:34,298 [INFO] IntegrityCheckThread:103 - End integrity checks thread
2024-12-04 08:42:34,742 [INFO] WebApp:192 - Starting web application
2024-12-04 08:42:34,743 [INFO] WebApp:544 - Web application path used C:\ST\STM32CubeIDE_1.15.0\STM32CubeIDE\plugins\com.st.stm32cube.common.mx_6.11.0.202403141607\db\plugins\mcufinder\reactClient1\index.html
2024-12-04 09:01:22,093 [ERROR] LogOutputStream:75 - [STDERR_REDIRECT] 
