2024-12-06 21:24:40,346 [INFO] Activator:176 - 


2024-12-06 21:24:40,353 [INFO] Activator:177 - !SESSION log4j initialized
2024-12-06 21:24:49,187 [INFO] LogOutputStream:77 - [STDOUT_REDIRECT] 
2024-12-06 21:24:51,119 [INFO] ApplicationProperties:184 - Using Application install path: C:\ST\STM32CubeIDE_1.15.0\STM32CubeIDE\plugins\com.st.stm32cube.common.mx_6.11.0.202403141607
2024-12-06 21:24:51,157 [INFO] DbMcusXml:78 - Set database path to: C:\ST\STM32CubeIDE_1.15.0\STM32CubeIDE\plugins\com.st.stm32cube.common.mx_6.11.0.202403141607\\db\/mcu/
2024-12-06 21:24:51,158 [INFO] ApiDb:274 - Set plugin database path to: C:\ST\STM32CubeIDE_1.15.0\STM32CubeIDE\plugins\com.st.stm32cube.common.mx_6.11.0.202403141607\\db\/plugins/boardmanager/
2024-12-06 21:24:51,158 [WARN] ApiDb:259 - Overriding images path with different value:  => C:\ST\STM32CubeIDE_1.15.0\STM32CubeIDE\plugins\com.st.stm32cube.common.mx_6.11.0.202403141607\\db\/plugins/mcufinder/images/
2024-12-06 21:24:51,174 [INFO] ApiDb:250 - Set database path to: C:\Users\BASAVARAJ\.stmcufinder\plugins\mcufinder//mcu/
2024-12-06 21:24:51,176 [INFO] DbMcusAds:125 - Set database path to: C:\Users\BASAVARAJ\.stmcufinder\plugins\mcufinder//mcu/
2024-12-06 21:24:51,178 [INFO] CrossReferenceDbSqlite:203 - Set database path to: C:\Users\BASAVARAJ\.stmcufinder\plugins\mcufinder//mcu/cs/
2024-12-06 21:24:51,492 [INFO] RulesReader:64 - Compatibility file has been processed (297 Rules)
2024-12-06 21:24:51,656 [INFO] DbMcusXml:78 - Set database path to: C:\ST\STM32CubeIDE_1.15.0\STM32CubeIDE\plugins\com.st.stm32cube.common.mx_6.11.0.202403141607\\db\/mcu/
2024-12-06 21:24:51,656 [INFO] ApiDb:274 - Set plugin database path to: C:\ST\STM32CubeIDE_1.15.0\STM32CubeIDE\plugins\com.st.stm32cube.common.mx_6.11.0.202403141607\\db\/plugins/boardmanager/
2024-12-06 21:24:51,656 [INFO] ApiDb:261 - Set plugin images path to: C:\ST\STM32CubeIDE_1.15.0\STM32CubeIDE\plugins\com.st.stm32cube.common.mx_6.11.0.202403141607\\db\/plugins/mcufinder/images/
2024-12-06 21:24:51,657 [WARN] DbFile:41 - Overriding database path with different value: C:\Users\BASAVARAJ\.stmcufinder\plugins\mcufinder/ => C:\Users\BASAVARAJ\.stmcufinder\plugins\mcufinder
2024-12-06 21:24:51,657 [INFO] ApiDb:250 - Set database path to: C:\Users\BASAVARAJ\.stmcufinder\plugins\mcufinder//mcu/
2024-12-06 21:24:51,657 [WARN] DbFile:41 - Overriding database path with different value: C:\Users\BASAVARAJ\.stmcufinder\plugins\mcufinder/ => C:\Users\BASAVARAJ\.stmcufinder\plugins\mcufinder
2024-12-06 21:24:51,657 [INFO] DbMcusAds:125 - Set database path to: C:\Users\BASAVARAJ\.stmcufinder\plugins\mcufinder//mcu/
2024-12-06 21:24:51,657 [WARN] DbFile:41 - Overriding database path with different value: C:\Users\BASAVARAJ\.stmcufinder\plugins\mcufinder/ => C:\Users\BASAVARAJ\.stmcufinder\plugins\mcufinder
2024-12-06 21:24:51,657 [WARN] DbFile:41 - Overriding database path with different value: C:\Users\BASAVARAJ\.stmcufinder\plugins\mcufinder/ => C:\Users\BASAVARAJ\.stmcufinder\plugins\mcufinder
2024-12-06 21:24:51,657 [INFO] CrossReferenceDbSqlite:203 - Set database path to: C:\Users\BASAVARAJ\.stmcufinder\plugins\mcufinder//mcu/cs/
2024-12-06 21:24:51,774 [INFO] MainPanel:264 - HeapMemory: 268435456
2024-12-06 21:24:51,939 [INFO] DbMcusXml:78 - Set database path to: C:\ST\STM32CubeIDE_1.15.0\STM32CubeIDE\plugins\com.st.stm32cube.common.mx_6.11.0.202403141607\\db\/mcu/
2024-12-06 21:24:51,939 [INFO] ApiDb:274 - Set plugin database path to: C:\ST\STM32CubeIDE_1.15.0\STM32CubeIDE\plugins\com.st.stm32cube.common.mx_6.11.0.202403141607\\db\/plugins/boardmanager/
2024-12-06 21:24:51,939 [INFO] ApiDb:261 - Set plugin images path to: C:\ST\STM32CubeIDE_1.15.0\STM32CubeIDE\plugins\com.st.stm32cube.common.mx_6.11.0.202403141607\\db\/plugins/mcufinder/images/
2024-12-06 21:24:51,940 [WARN] DbFile:41 - Overriding database path with different value: C:\Users\BASAVARAJ\.stmcufinder\plugins\mcufinder/ => C:\Users\BASAVARAJ\.stmcufinder\plugins\mcufinder
2024-12-06 21:24:51,940 [INFO] ApiDb:250 - Set database path to: C:\Users\BASAVARAJ\.stmcufinder\plugins\mcufinder//mcu/
2024-12-06 21:24:51,940 [WARN] DbFile:41 - Overriding database path with different value: C:\Users\BASAVARAJ\.stmcufinder\plugins\mcufinder/ => C:\Users\BASAVARAJ\.stmcufinder\plugins\mcufinder
2024-12-06 21:24:51,940 [INFO] DbMcusAds:125 - Set database path to: C:\Users\BASAVARAJ\.stmcufinder\plugins\mcufinder//mcu/
2024-12-06 21:24:51,941 [WARN] DbFile:41 - Overriding database path with different value: C:\Users\BASAVARAJ\.stmcufinder\plugins\mcufinder/ => C:\Users\BASAVARAJ\.stmcufinder\plugins\mcufinder
2024-12-06 21:24:51,941 [WARN] DbFile:41 - Overriding database path with different value: C:\Users\BASAVARAJ\.stmcufinder\plugins\mcufinder/ => C:\Users\BASAVARAJ\.stmcufinder\plugins\mcufinder
2024-12-06 21:24:51,941 [INFO] CrossReferenceDbSqlite:203 - Set database path to: C:\Users\BASAVARAJ\.stmcufinder\plugins\mcufinder//mcu/cs/
2024-12-06 21:24:51,972 [INFO] ApplicationProperties:184 - Using Application install path: C:\ST\STM32CubeIDE_1.15.0\STM32CubeIDE\plugins\com.st.stm32cube.common.mx_6.11.0.202403141607
2024-12-06 21:24:51,977 [INFO] PluginManage:196 - Search for loadable plugins [exclusion list=, ]
2024-12-06 21:24:51,980 [INFO] PluginManage:310 - Check plugin analytics
2024-12-06 21:24:52,280 [INFO] AnalyticsPlugin:253 - Accepted Software Licenses: 
2024-12-06 21:24:52,282 [INFO] AnalyticsPlugin:255 - Accepted CMSIS Pack Licenses: 
2024-12-06 21:24:52,282 [INFO] AnalyticsPlugin:257 - Accepted Firmware Licenses: FW.F4.1.28.0
2024-12-06 21:24:52,285 [INFO] PluginManage:359 - Loaded plugin analytics (category:tool,tabindex:-1)
2024-12-06 21:24:52,286 [INFO] PluginManage:310 - Check plugin cadmodel
2024-12-06 21:24:52,313 [INFO] CADModel:105 - Init CAD model plugin
2024-12-06 21:24:52,314 [INFO] PluginManage:359 - Loaded plugin cadmodel (category:power,tabindex:5)
2024-12-06 21:24:52,314 [INFO] PluginManage:310 - Check plugin clock
2024-12-06 21:24:52,362 [INFO] PluginManage:359 - Loaded plugin clock (category:base,tabindex:2)
2024-12-06 21:24:52,362 [INFO] PluginManage:310 - Check plugin ddr
2024-12-06 21:24:52,367 [INFO] PluginManage:359 - Loaded plugin ddr (category:tool,tabindex:6)
2024-12-06 21:24:52,368 [INFO] PluginManage:310 - Check plugin filemanager
2024-12-06 21:24:52,677 [INFO] PluginManage:359 - Loaded plugin filemanager (category:base,tabindex:10)
2024-12-06 21:24:52,677 [INFO] PluginManage:310 - Check plugin ipmanager
2024-12-06 21:24:52,690 [INFO] PluginManage:359 - Loaded plugin ipmanager (category:base,tabindex:5)
2024-12-06 21:24:52,691 [INFO] PluginManage:310 - Check plugin lpbam
2024-12-06 21:24:52,725 [INFO] PluginManage:359 - Loaded plugin lpbam (category:base,tabindex:0)
2024-12-06 21:24:52,725 [INFO] PluginManage:310 - Check plugin memorymap
2024-12-06 21:24:52,791 [INFO] PluginManage:359 - Loaded plugin memorymap (category:base,tabindex:4)
2024-12-06 21:24:52,791 [INFO] PluginManage:310 - Check plugin pinoutandconfiguration
2024-12-06 21:24:52,819 [INFO] PluginManage:359 - Loaded plugin pinoutandconfiguration (category:base,tabindex:1)
2024-12-06 21:24:52,820 [INFO] PluginManage:310 - Check plugin pinoutconfig
2024-12-06 21:24:52,956 [WARN] SupportedApi:132 - Cannot load RTOS API schema: s4s-elt-must-match.1: The content of 'definitions' must match (annotation?, (simpleType | complexType)?, (unique | key | keyref)*)). A problem was found starting at: attribute.
2024-12-06 21:24:53,264 [INFO] PluginManage:359 - Loaded plugin pinoutconfig (category:base,tabindex:0)
2024-12-06 21:24:53,264 [INFO] PluginManage:310 - Check plugin power
2024-12-06 21:24:53,299 [INFO] PluginManage:359 - Loaded plugin power (category:power,tabindex:4)
2024-12-06 21:24:53,301 [INFO] PluginManage:310 - Check plugin projectmanager
2024-12-06 21:24:53,331 [INFO] PluginManage:359 - Loaded plugin projectmanager (category:projectmanager,tabindex:3)
2024-12-06 21:24:53,331 [INFO] PluginManage:310 - Check plugin thirdparty
2024-12-06 21:24:53,959 [INFO] PluginManage:359 - Loaded plugin thirdparty (category:base,tabindex:-1)
2024-12-06 21:24:53,960 [INFO] PluginManage:310 - Check plugin tools
2024-12-06 21:24:53,959 [WARN] IntegrityCheckThread:84 - waiting for thirdparty lock release [integrity check]
2024-12-06 21:24:53,960 [INFO] IntegrityCheckThread:86 - entering critical section [integrity check]
2024-12-06 21:24:53,964 [INFO] ThirdPartyUpdaterWithRetryManager:70 - Updater plugin not ready yet. [1/15]
2024-12-06 21:24:54,050 [INFO] PluginManage:359 - Loaded plugin tools (category:base,tabindex:7)
2024-12-06 21:24:54,050 [INFO] PluginManage:310 - Check plugin tutovideos
2024-12-06 21:24:54,464 [INFO] PluginManage:359 - Loaded plugin tutovideos (category:base,tabindex:-1)
2024-12-06 21:24:54,464 [INFO] PluginManage:310 - Check plugin updater
2024-12-06 21:24:54,491 [INFO] PluginManage:359 - Loaded plugin updater (category:base,tabindex:12)
2024-12-06 21:24:54,491 [INFO] PluginManage:310 - Check plugin userauth
2024-12-06 21:24:54,503 [INFO] UserAuth:114 - Init User Auth plugin
2024-12-06 21:24:54,503 [INFO] PluginManage:359 - Loaded plugin userauth (category:base,tabindex:14)
2024-12-06 21:24:54,505 [INFO] PluginManage:283 - PluginManage : Loaded plugins [17]
2024-12-06 21:24:54,988 [INFO] PinOutPanel:1561 - setPackage(No Configuration,No Configuration)
2024-12-06 21:24:55,106 [INFO] CADModel:165 - CPN selected for project level
2024-12-06 21:24:55,106 [INFO] CADModel:114 - Register for checkConnection events
2024-12-06 21:24:55,146 [INFO] IPUIPlugin:80 - create IPUIPlugin
2024-12-06 21:24:55,146 [INFO] PluginManager:220 - loadIPPluginJar : add adc
2024-12-06 21:24:55,228 [INFO] IPUIPlugin:80 - create IPUIPlugin
2024-12-06 21:24:55,228 [INFO] PluginManager:220 - loadIPPluginJar : add aes
2024-12-06 21:24:55,297 [INFO] IPUIPlugin:80 - create IPUIPlugin
2024-12-06 21:24:55,297 [INFO] PluginManager:220 - loadIPPluginJar : add can
2024-12-06 21:24:55,358 [INFO] IPUIPlugin:80 - create IPUIPlugin
2024-12-06 21:24:55,359 [INFO] PluginManager:220 - loadIPPluginJar : add comp
2024-12-06 21:24:55,449 [INFO] IPUIPlugin:80 - create IPUIPlugin
2024-12-06 21:24:55,449 [INFO] PluginManager:220 - loadIPPluginJar : add cryp
2024-12-06 21:24:55,539 [INFO] IPUIPlugin:80 - create IPUIPlugin
2024-12-06 21:24:55,540 [INFO] PluginManager:220 - loadIPPluginJar : add dfsdm
2024-12-06 21:24:55,574 [INFO] IPUIPlugin:80 - create IPUIPlugin
2024-12-06 21:24:55,574 [INFO] PluginManager:220 - loadIPPluginJar : add dma
2024-12-06 21:24:55,691 [INFO] IPUIPlugin:80 - create IPUIPlugin
2024-12-06 21:24:55,691 [INFO] PluginManager:220 - loadIPPluginJar : add dma3
2024-12-06 21:24:55,796 [INFO] IPUIPlugin:80 - create IPUIPlugin
2024-12-06 21:24:55,797 [INFO] PluginManager:220 - loadIPPluginJar : add extmemmanager
2024-12-06 21:24:55,845 [INFO] IPUIPlugin:80 - create IPUIPlugin
2024-12-06 21:24:55,845 [INFO] PluginManager:220 - loadIPPluginJar : add fatfs
2024-12-06 21:24:55,941 [INFO] IPUIPlugin:80 - create IPUIPlugin
2024-12-06 21:24:55,941 [INFO] PluginManager:220 - loadIPPluginJar : add fmc
2024-12-06 21:24:55,969 [INFO] IPUIPlugin:80 - create IPUIPlugin
2024-12-06 21:24:55,969 [INFO] PluginManager:220 - loadIPPluginJar : add freertos
2024-12-06 21:24:56,011 [INFO] IPUIPlugin:80 - create IPUIPlugin
2024-12-06 21:24:56,011 [INFO] PluginManager:220 - loadIPPluginJar : add genericplugin
2024-12-06 21:24:56,170 [INFO] IPUIPlugin:80 - create IPUIPlugin
2024-12-06 21:24:56,170 [INFO] PluginManager:220 - loadIPPluginJar : add gfxmmu
2024-12-06 21:24:56,372 [INFO] IPUIPlugin:80 - create IPUIPlugin
2024-12-06 21:24:56,372 [INFO] PluginManager:220 - loadIPPluginJar : add gic
2024-12-06 21:24:56,391 [INFO] IPUIPlugin:80 - create IPUIPlugin
2024-12-06 21:24:56,391 [INFO] PluginManager:220 - loadIPPluginJar : add gpio
2024-12-06 21:24:56,519 [INFO] IPUIPlugin:80 - create IPUIPlugin
2024-12-06 21:24:56,519 [INFO] PluginManager:220 - loadIPPluginJar : add gtzc
2024-12-06 21:24:56,567 [INFO] IPUIPlugin:80 - create IPUIPlugin
2024-12-06 21:24:56,568 [INFO] PluginManager:220 - loadIPPluginJar : add hash
2024-12-06 21:24:56,665 [INFO] IPUIPlugin:80 - create IPUIPlugin
2024-12-06 21:24:56,665 [INFO] PluginManager:220 - loadIPPluginJar : add i2c
2024-12-06 21:24:56,754 [INFO] IPUIPlugin:80 - create IPUIPlugin
2024-12-06 21:24:56,754 [INFO] PluginManager:220 - loadIPPluginJar : add i2s
2024-12-06 21:24:56,838 [INFO] IPUIPlugin:80 - create IPUIPlugin
2024-12-06 21:24:56,838 [INFO] PluginManager:220 - loadIPPluginJar : add i3c
2024-12-06 21:24:56,966 [INFO] ThirdPartyUpdaterWithRetryManager:70 - Updater plugin not ready yet. [2/15]
2024-12-06 21:24:57,050 [INFO] IPUIPlugin:80 - create IPUIPlugin
2024-12-06 21:24:57,050 [INFO] PluginManager:220 - loadIPPluginJar : add ipddr
2024-12-06 21:24:57,188 [INFO] IPUIPlugin:80 - create IPUIPlugin
2024-12-06 21:24:57,188 [INFO] PluginManager:220 - loadIPPluginJar : add linkedlist
2024-12-06 21:24:57,235 [INFO] IPUIPlugin:80 - create IPUIPlugin
2024-12-06 21:24:57,235 [INFO] PluginManager:220 - loadIPPluginJar : add lorawan
2024-12-06 21:24:57,283 [INFO] IPUIPlugin:80 - create IPUIPlugin
2024-12-06 21:24:57,283 [INFO] PluginManager:220 - loadIPPluginJar : add ltdc
2024-12-06 21:24:57,300 [INFO] IPUIPlugin:80 - create IPUIPlugin
2024-12-06 21:24:57,300 [INFO] PluginManager:220 - loadIPPluginJar : add mdma
2024-12-06 21:24:57,315 [INFO] IPUIPlugin:80 - create IPUIPlugin
2024-12-06 21:24:57,315 [INFO] PluginManager:220 - loadIPPluginJar : add nvic
2024-12-06 21:24:57,367 [INFO] IPUIPlugin:80 - create IPUIPlugin
2024-12-06 21:24:57,368 [INFO] PluginManager:220 - loadIPPluginJar : add opamp
2024-12-06 21:24:57,446 [INFO] IPUIPlugin:80 - create IPUIPlugin
2024-12-06 21:24:57,446 [INFO] PluginManager:220 - loadIPPluginJar : add openamp
2024-12-06 21:24:57,503 [INFO] IPUIPlugin:80 - create IPUIPlugin
2024-12-06 21:24:57,503 [INFO] PluginManager:220 - loadIPPluginJar : add pdm2pcm
2024-12-06 21:24:57,523 [INFO] IPUIPlugin:80 - create IPUIPlugin
2024-12-06 21:24:57,526 [INFO] PluginManager:220 - loadIPPluginJar : add plateformsettings
2024-12-06 21:24:57,567 [INFO] IPUIPlugin:80 - create IPUIPlugin
2024-12-06 21:24:57,567 [INFO] PluginManager:220 - loadIPPluginJar : add quadspi
2024-12-06 21:24:57,590 [INFO] IPUIPlugin:80 - create IPUIPlugin
2024-12-06 21:24:57,590 [INFO] PluginManager:220 - loadIPPluginJar : add resmgrutility
2024-12-06 21:24:57,659 [INFO] IPUIPlugin:80 - create IPUIPlugin
2024-12-06 21:24:57,659 [INFO] PluginManager:220 - loadIPPluginJar : add sai
2024-12-06 21:24:57,710 [INFO] IPUIPlugin:80 - create IPUIPlugin
2024-12-06 21:24:57,710 [INFO] PluginManager:220 - loadIPPluginJar : add spi
2024-12-06 21:24:57,800 [INFO] IPUIPlugin:80 - create IPUIPlugin
2024-12-06 21:24:57,800 [INFO] PluginManager:220 - loadIPPluginJar : add stm32_wpan
2024-12-06 21:24:57,833 [INFO] IPUIPlugin:80 - create IPUIPlugin
2024-12-06 21:24:57,833 [INFO] PluginManager:220 - loadIPPluginJar : add tim
2024-12-06 21:24:57,917 [INFO] IPUIPlugin:80 - create IPUIPlugin
2024-12-06 21:24:57,918 [INFO] PluginManager:220 - loadIPPluginJar : add touchsensing
2024-12-06 21:24:57,947 [INFO] IPUIPlugin:80 - create IPUIPlugin
2024-12-06 21:24:57,947 [INFO] PluginManager:220 - loadIPPluginJar : add tracer_emb
2024-12-06 21:24:57,977 [INFO] IPUIPlugin:80 - create IPUIPlugin
2024-12-06 21:24:57,977 [INFO] PluginManager:220 - loadIPPluginJar : add ts
2024-12-06 21:24:58,005 [INFO] IPUIPlugin:80 - create IPUIPlugin
2024-12-06 21:24:58,005 [INFO] PluginManager:220 - loadIPPluginJar : add tsc
2024-12-06 21:24:58,033 [INFO] IPUIPlugin:80 - create IPUIPlugin
2024-12-06 21:24:58,033 [INFO] PluginManager:220 - loadIPPluginJar : add ucpd
2024-12-06 21:24:58,091 [INFO] IPUIPlugin:80 - create IPUIPlugin
2024-12-06 21:24:58,091 [INFO] PluginManager:220 - loadIPPluginJar : add usart
2024-12-06 21:24:58,148 [INFO] IPUIPlugin:80 - create IPUIPlugin
2024-12-06 21:24:58,148 [INFO] PluginManager:220 - loadIPPluginJar : add usbx
2024-12-06 21:24:58,297 [INFO] CADModel:165 - CPN selected for project level
2024-12-06 21:24:58,298 [INFO] CADModel:114 - Register for checkConnection events
2024-12-06 21:24:58,298 [FATAL] Updater:308 - Updater called before beeing initialized
2024-12-06 21:24:58,299 [ERROR] CADModel:125 - Updater not yet initialized, retry later 
2024-12-06 21:24:58,471 [INFO] CADModel:165 - CPN selected for project level
2024-12-06 21:24:58,471 [INFO] CADModel:114 - Register for checkConnection events
2024-12-06 21:24:58,472 [FATAL] Updater:308 - Updater called before beeing initialized
2024-12-06 21:24:58,472 [ERROR] CADModel:125 - Updater not yet initialized, retry later 
2024-12-06 21:24:58,477 [FATAL] Updater:308 - Updater called before beeing initialized
2024-12-06 21:24:58,602 [FATAL] Updater:308 - Updater called before beeing initialized
2024-12-06 21:24:58,621 [INFO] DbMcusAds:53 - JSON generation date=Fri Sep 20 18:34:38 IST 2024 (1726837478367)
2024-12-06 21:24:58,621 [FATAL] Updater:308 - Updater called before beeing initialized
2024-12-06 21:24:58,693 [WARN] DetailPanel:346 - Failed to get advertising image, set to default
2024-12-06 21:24:58,797 [FATAL] Updater:308 - Updater called before beeing initialized
2024-12-06 21:24:58,800 [FATAL] Updater:308 - Updater called before beeing initialized
2024-12-06 21:24:58,800 [FATAL] Updater:308 - Updater called before beeing initialized
2024-12-06 21:24:58,800 [WARN] DetailPanel:346 - Failed to get advertising image, set to default
2024-12-06 21:24:58,801 [FATAL] Updater:308 - Updater called before beeing initialized
2024-12-06 21:24:58,878 [ERROR] Updater:1120 - MainUpdater not yet initialized. External WinMGr cannot be set.
2024-12-06 21:24:58,893 [INFO] Updater:1056 - Updater Version found : 6.11.0
2024-12-06 21:24:58,933 [INFO] ApplicationProperties:184 - Using Application install path: C:\ST\STM32CubeIDE_1.15.0\STM32CubeIDE\plugins\com.st.stm32cube.common.mx_6.11.0.202403141607
2024-12-06 21:24:59,967 [INFO] ThirdPartyUpdaterWithRetryManager:70 - Updater plugin not ready yet. [3/15]
2024-12-06 21:25:00,530 [ERROR] LogOutputStream:75 - [STDERR_REDIRECT] Dec 06, 2024 9:25:00 PM java.util.prefs.WindowsPreferences <init>
2024-12-06 21:25:00,532 [ERROR] LogOutputStream:75 - [STDERR_REDIRECT] WARNING: Could not open/create prefs root node Software\JavaSoft\Prefs at root 0xffffffff80000002. Windows RegCreateKeyEx(...) returned error code 5.
2024-12-06 21:25:00,532 [ERROR] LogOutputStream:75 - [STDERR_REDIRECT] 
2024-12-06 21:25:02,375 [INFO] MainUpdater:2873 - connection check result : 10
2024-12-06 21:25:02,376 [INFO] MainUpdater:290 - Updater Check For Update Now.
2024-12-06 21:25:02,376 [INFO] MicroXplorer:498 - Change Database Version : DB.6.0.110
2024-12-06 21:25:02,401 [INFO] McuFinderGlobals:63 - Set McuFinder mode to 2 (CubeIDE integrated)
2024-12-06 21:25:02,401 [INFO] UserAuth:179 - activating auth plugin
2024-12-06 21:25:02,405 [INFO] UserAuth:415 - Internet connection configuration mode: 1
2024-12-06 21:25:02,463 [INFO] JxBrowserEngine:152 - Initiate JxBrowser Engine with user profile folder
2024-12-06 21:25:02,707 [INFO] CheckServerUpdateThread:120 - End of CheckServer Thread
2024-12-06 21:25:03,312 [WARN] PackLoader:240 - Cannot read IP mode file for STMicroelectronics.FP-SNS-MOTENVWB1.1.4.0
2024-12-06 21:25:03,336 [WARN] PackLoader:240 - Cannot read IP mode file for STMicroelectronics.FP-ATR-ASTRA1.2.0.1
2024-12-06 21:25:03,355 [WARN] PackLoader:240 - Cannot read IP mode file for STMicroelectronics.X-CUBE-SMBUS.2.1.0
2024-12-06 21:25:03,386 [WARN] PackLoader:240 - Cannot read IP mode file for STMicroelectronics.X-CUBE-WB05N.1.1.0
2024-12-06 21:25:03,406 [WARN] PackLoader:240 - Cannot read IP mode file for STMicroelectronics.X-CUBE-TOUCHGFX.4.23.2
2024-12-06 21:25:03,463 [WARN] PackLoader:240 - Cannot read IP mode file for STMicroelectronics.X-CUBE-AZRTOS-F7.1.1.0
2024-12-06 21:25:03,567 [WARN] PackLoader:240 - Cannot read IP mode file for STMicroelectronics.X-CUBE-MEMS1.11.0.0
2024-12-06 21:25:03,733 [WARN] PackLoader:240 - Cannot read IP mode file for STMicroelectronics.FP-SNS-FLIGHT1.5.0.2
2024-12-06 21:25:03,756 [WARN] PackLoader:240 - Cannot read IP mode file for STMicroelectronics.X-CUBE-DISPLAY.3.0.0
2024-12-06 21:25:03,779 [WARN] PackLoader:240 - Cannot read IP mode file for STMicroelectronics.X-CUBE-BLE1.7.0.0
2024-12-06 21:25:03,800 [WARN] PackLoader:240 - Cannot read IP mode file for STMicroelectronics.X-CUBE-NFC10.1.0.0
2024-12-06 21:25:03,820 [WARN] PackLoader:240 - Cannot read IP mode file for emotas.I-CUBE-CANOPEN.1.3.0
2024-12-06 21:25:03,841 [WARN] PackLoader:240 - Cannot read IP mode file for STMicroelectronics.X-CUBE-BLEMGR.3.1.0
2024-12-06 21:25:03,860 [WARN] PackLoader:240 - Cannot read IP mode file for STMicroelectronics.FP-SNS-SMARTAG2.1.2.0
2024-12-06 21:25:03,888 [INFO] LogOutputStream:77 - [STDOUT_REDIRECT] 1 : Invalid condition id : UX_CORESTACK_Condition cause : null
2024-12-06 21:25:03,889 [INFO] LogOutputStream:77 - [STDOUT_REDIRECT] 1 : Invalid condition id : UX_CORESTACK_Condition cause : null
2024-12-06 21:25:03,890 [INFO] LogOutputStream:77 - [STDOUT_REDIRECT] 1 : Invalid condition id : UX_CORESTACK_Condition cause : null
2024-12-06 21:25:03,891 [INFO] LogOutputStream:77 - [STDOUT_REDIRECT] 1 : Invalid condition id : UX_CORESTACK_Condition cause : null
2024-12-06 21:25:03,893 [INFO] LogOutputStream:77 - [STDOUT_REDIRECT] 1 : Invalid condition id : UX_CORESTACK_Condition cause : null
2024-12-06 21:25:03,896 [WARN] PackLoader:240 - Cannot read IP mode file for STMicroelectronics.X-CUBE-AZRTOS-WL.2.0.0
2024-12-06 21:25:03,920 [WARN] PackLoader:240 - Cannot read IP mode file for STMicroelectronics.FP-SNS-MOTENV1.5.0.0
2024-12-06 21:25:03,938 [WARN] PackLoader:240 - Cannot read IP mode file for wolfSSL.I-CUBE-wolfMQTT.1.19.0
2024-12-06 21:25:03,955 [WARN] PackLoader:240 - Cannot read IP mode file for WES.I-CUBE-Cesium.1.3.0
2024-12-06 21:25:03,976 [WARN] PackLoader:240 - Cannot read IP mode file for STMicroelectronics.X-CUBE-BLE2.3.3.0
2024-12-06 21:25:03,998 [WARN] PackLoader:240 - Cannot read IP mode file for STMicroelectronics.X-CUBE-NFC9.1.0.0
2024-12-06 21:25:04,017 [WARN] PackLoader:240 - Cannot read IP mode file for STMicroelectronics.X-CUBE-TCPP.4.1.0
2024-12-06 21:25:04,042 [WARN] PackLoader:240 - Cannot read IP mode file for STMicroelectronics.X-CUBE-ALGOBUILD.1.3.0
2024-12-06 21:25:04,081 [WARN] PackLoader:240 - Cannot read IP mode file for STMicroelectronics.X-CUBE-AZRTOS-G0.1.1.0
2024-12-06 21:25:04,111 [WARN] PackLoader:240 - Cannot read IP mode file for STMicroelectronics.X-CUBE-SAFEA1.1.2.2
2024-12-06 21:25:04,134 [WARN] PackLoader:240 - Cannot read IP mode file for STMicroelectronics.X-CUBE-NFC4.3.0.0
2024-12-06 21:25:04,150 [WARN] PackLoader:240 - Cannot read IP mode file for wolfSSL.I-CUBE-wolfMQTT.1.18.0
2024-12-06 21:25:04,192 [WARN] PackLoader:240 - Cannot read IP mode file for EmbeddedOffice.I-CUBE-FS-RTOS.1.0.1
2024-12-06 21:25:04,192 [ERROR] ConditionMgr:805 - Attr not supported : Dmpu
2024-12-06 21:25:04,192 [ERROR] ConditionMgr:805 - Attr not supported : Dmpu
2024-12-06 21:25:04,192 [ERROR] ConditionMgr:805 - Attr not supported : Dmpu
2024-12-06 21:25:04,193 [ERROR] ConditionMgr:805 - Attr not supported : Dmpu
2024-12-06 21:25:04,193 [ERROR] ConditionMgr:805 - Attr not supported : Dmpu
2024-12-06 21:25:04,193 [ERROR] ConditionMgr:805 - Attr not supported : Dmpu
2024-12-06 21:25:04,193 [ERROR] ConditionMgr:805 - Attr not supported : Dmpu
2024-12-06 21:25:04,193 [ERROR] ConditionMgr:805 - Attr not supported : Dmpu
2024-12-06 21:25:04,193 [ERROR] ConditionMgr:805 - Attr not supported : Dmpu
2024-12-06 21:25:04,193 [ERROR] ConditionMgr:805 - Attr not supported : Dmpu
2024-12-06 21:25:04,193 [ERROR] ConditionMgr:805 - Attr not supported : Dmpu
2024-12-06 21:25:04,193 [ERROR] ConditionMgr:805 - Attr not supported : Dmpu
2024-12-06 21:25:04,193 [ERROR] ConditionMgr:805 - Attr not supported : Dmpu
2024-12-06 21:25:04,193 [ERROR] ConditionMgr:805 - Attr not supported : Dmpu
2024-12-06 21:25:04,193 [ERROR] ConditionMgr:805 - Attr not supported : Dmpu
2024-12-06 21:25:04,193 [ERROR] ConditionMgr:805 - Attr not supported : Dmpu
2024-12-06 21:25:04,193 [ERROR] ConditionMgr:805 - Attr not supported : Dmpu
2024-12-06 21:25:04,193 [ERROR] ConditionMgr:805 - Attr not supported : Dmpu
2024-12-06 21:25:04,194 [ERROR] ConditionMgr:805 - Attr not supported : Dmpu
2024-12-06 21:25:04,194 [ERROR] ConditionMgr:805 - Attr not supported : Dmpu
2024-12-06 21:25:04,194 [ERROR] ConditionMgr:805 - Attr not supported : Dmpu
2024-12-06 21:25:04,194 [ERROR] ConditionMgr:805 - Attr not supported : Dmpu
2024-12-06 21:25:04,194 [ERROR] ConditionMgr:805 - Attr not supported : Dmpu
2024-12-06 21:25:04,194 [ERROR] ConditionMgr:805 - Attr not supported : Dmpu
2024-12-06 21:25:04,194 [ERROR] ConditionMgr:805 - Attr not supported : Dmpu
2024-12-06 21:25:04,194 [ERROR] ConditionMgr:805 - Attr not supported : Dmpu
2024-12-06 21:25:04,194 [ERROR] ConditionMgr:805 - Attr not supported : Dmpu
2024-12-06 21:25:04,194 [ERROR] ConditionMgr:805 - Attr not supported : Dmpu
2024-12-06 21:25:04,194 [ERROR] ConditionMgr:805 - Attr not supported : Dmpu
2024-12-06 21:25:04,194 [ERROR] ConditionMgr:805 - Attr not supported : Dmpu
2024-12-06 21:25:04,195 [ERROR] ConditionMgr:805 - Attr not supported : Dmpu
2024-12-06 21:25:04,195 [ERROR] ConditionMgr:805 - Attr not supported : Dmpu
2024-12-06 21:25:04,195 [ERROR] ConditionMgr:805 - Attr not supported : Dmpu
2024-12-06 21:25:04,195 [ERROR] ConditionMgr:805 - Attr not supported : Dmpu
2024-12-06 21:25:04,195 [ERROR] ConditionMgr:805 - Attr not supported : Dmpu
2024-12-06 21:25:04,195 [ERROR] ConditionMgr:805 - Attr not supported : Dmpu
2024-12-06 21:25:04,195 [ERROR] ConditionMgr:805 - Attr not supported : Dmpu
2024-12-06 21:25:04,195 [ERROR] ConditionMgr:805 - Attr not supported : Dmpu
2024-12-06 21:25:04,195 [ERROR] ConditionMgr:805 - Attr not supported : Dmpu
2024-12-06 21:25:04,195 [ERROR] ConditionMgr:805 - Attr not supported : Dmpu
2024-12-06 21:25:04,195 [ERROR] ConditionMgr:805 - Attr not supported : Dmpu
2024-12-06 21:25:04,195 [ERROR] ConditionMgr:805 - Attr not supported : Dmpu
2024-12-06 21:25:04,195 [ERROR] ConditionMgr:805 - Attr not supported : Dmpu
2024-12-06 21:25:04,195 [ERROR] ConditionMgr:805 - Attr not supported : Dmpu
2024-12-06 21:25:04,195 [ERROR] ConditionMgr:805 - Attr not supported : Dmpu
2024-12-06 21:25:04,196 [ERROR] ConditionMgr:805 - Attr not supported : Dmpu
2024-12-06 21:25:04,196 [ERROR] ConditionMgr:805 - Attr not supported : Dmpu
2024-12-06 21:25:04,196 [ERROR] ConditionMgr:805 - Attr not supported : Dmpu
2024-12-06 21:25:04,196 [ERROR] ConditionMgr:805 - Attr not supported : Dmpu
2024-12-06 21:25:04,196 [ERROR] ConditionMgr:805 - Attr not supported : Dmpu
2024-12-06 21:25:04,196 [ERROR] ConditionMgr:805 - Attr not supported : Dmpu
2024-12-06 21:25:04,196 [ERROR] ConditionMgr:805 - Attr not supported : Dmpu
2024-12-06 21:25:04,196 [ERROR] ConditionMgr:805 - Attr not supported : Dmpu
2024-12-06 21:25:04,196 [ERROR] ConditionMgr:805 - Attr not supported : Dmpu
2024-12-06 21:25:04,196 [ERROR] ConditionMgr:805 - Attr not supported : Dmpu
2024-12-06 21:25:04,196 [ERROR] ConditionMgr:805 - Attr not supported : Dmpu
2024-12-06 21:25:04,196 [ERROR] ConditionMgr:805 - Attr not supported : Dmpu
2024-12-06 21:25:04,196 [ERROR] ConditionMgr:805 - Attr not supported : Dmpu
2024-12-06 21:25:04,196 [ERROR] ConditionMgr:805 - Attr not supported : Dmpu
2024-12-06 21:25:04,196 [ERROR] ConditionMgr:805 - Attr not supported : Dmpu
2024-12-06 21:25:04,196 [ERROR] ConditionMgr:805 - Attr not supported : Dmpu
2024-12-06 21:25:04,196 [ERROR] ConditionMgr:805 - Attr not supported : Dmpu
2024-12-06 21:25:04,196 [ERROR] ConditionMgr:805 - Attr not supported : Dmpu
2024-12-06 21:25:04,197 [ERROR] ConditionMgr:805 - Attr not supported : Dmpu
2024-12-06 21:25:04,217 [WARN] PackLoader:240 - Cannot read IP mode file for RealThread.X-CUBE-RT-Thread_Nano.4.1.1
2024-12-06 21:25:04,234 [WARN] PackLoader:240 - Cannot read IP mode file for wolfSSL.I-CUBE-wolfSSL.5.7.0
2024-12-06 21:25:04,254 [WARN] PackLoader:240 - Cannot read IP mode file for STMicroelectronics.FP-ATR-SIGFOX1.3.2.0
2024-12-06 21:25:04,273 [WARN] ConditionMgr:438 - getConditionDescription Invalid condition id : Cortex-A Device cause : null
2024-12-06 21:25:04,303 [WARN] ConditionMgr:1039 - genDependencies : Invalid condition id : Cortex-A Device cause : null
2024-12-06 21:25:04,304 [WARN] ConditionMgr:1039 - genDependencies : Invalid condition id : Cortex-A Device cause : null
2024-12-06 21:25:04,304 [WARN] ConditionMgr:1039 - genDependencies : Invalid condition id : Cortex-A Device cause : null
2024-12-06 21:25:04,327 [WARN] PackLoader:240 - Cannot read IP mode file for STMicroelectronics.X-CUBE-EEPRMA1.5.1.0
2024-12-06 21:25:04,354 [WARN] PackLoader:240 - Cannot read IP mode file for ITTIA_DB.I-CUBE-ITTIADB.8.9.0
2024-12-06 21:25:04,410 [WARN] PackLoader:240 - Cannot read IP mode file for SEGGER.I-CUBE-embOS.1.3.1
2024-12-06 21:25:04,486 [WARN] PackLoader:240 - Cannot read IP mode file for STMicroelectronics.X-CUBE-ALGOBUILD.1.4.0
2024-12-06 21:25:04,517 [WARN] PackLoader:240 - Cannot read IP mode file for STMicroelectronics.X-CUBE-AI.9.1.0
2024-12-06 21:25:04,543 [WARN] PackLoader:240 - Cannot read IP mode file for STMicroelectronics.X-CUBE-GNSS1.6.0.0
2024-12-06 21:25:04,591 [WARN] PackLoader:240 - Cannot read IP mode file for STMicroelectronics.X-CUBE-AZRTOS-F4.1.1.0
2024-12-06 21:25:04,615 [WARN] PackLoader:240 - Cannot read IP mode file for STMicroelectronics.X-CUBE-ISPU.2.1.0
2024-12-06 21:25:04,635 [WARN] PackLoader:240 - Cannot read IP mode file for STMicroelectronics.X-CUBE-FREERTOS.1.2.0
2024-12-06 21:25:04,681 [WARN] PackLoader:240 - Cannot read IP mode file for STMicroelectronics.X-CUBE-AZRTOS-L5.2.0.0
2024-12-06 21:25:04,719 [WARN] PackLoader:240 - Cannot read IP mode file for STMicroelectronics.X-CUBE-NFC6.3.1.0
2024-12-06 21:25:04,748 [WARN] PackLoader:240 - Cannot read IP mode file for STMicroelectronics.X-CUBE-DPower.1.2.0
2024-12-06 21:25:04,773 [WARN] PackLoader:240 - Cannot read IP mode file for STMicroelectronics.X-CUBE-AI.9.0.0
2024-12-06 21:25:04,798 [WARN] PackLoader:240 - Cannot read IP mode file for STMicroelectronics.X-CUBE-NFC7.1.0.1
2024-12-06 21:25:04,822 [WARN] PackLoader:240 - Cannot read IP mode file for wolfSSL.I-CUBE-wolfTPM.3.2.0
2024-12-06 21:25:04,876 [WARN] ConditionMgr:438 - getConditionDescription Invalid condition id : LAN8742 Phy interface Condition cause : null
2024-12-06 21:25:04,877 [WARN] PackLoader:240 - Cannot read IP mode file for STMicroelectronics.X-CUBE-AZRTOS-L4.2.0.0
2024-12-06 21:25:04,878 [WARN] ConditionMgr:1039 - genDependencies : Invalid condition id : LAN8742 Phy interface Condition cause : null
2024-12-06 21:25:04,878 [WARN] ConditionMgr:1039 - genDependencies : Invalid condition id : LAN8742 Phy interface Condition cause : null
2024-12-06 21:25:04,879 [WARN] ConditionMgr:1039 - genDependencies : Invalid condition id : LAN8742 Phy interface Condition cause : null
2024-12-06 21:25:04,904 [WARN] PackLoader:240 - Cannot read IP mode file for STMicroelectronics.X-CUBE-SFXS2LP1.4.0.0
2024-12-06 21:25:04,945 [WARN] PackLoader:240 - Cannot read IP mode file for STMicroelectronics.X-CUBE-AZRTOS-H7.3.3.0
2024-12-06 21:25:04,976 [WARN] PackLoader:240 - Cannot read IP mode file for STMicroelectronics.X-CUBE-IPS.3.0.0
2024-12-06 21:25:05,010 [WARN] ConditionMgr:438 - getConditionDescription Invalid condition id : UX DEVICE CLASS RTOS Condition cause : null
2024-12-06 21:25:05,010 [WARN] ConditionMgr:438 - getConditionDescription Invalid condition id : UX DEVICE CLASS RTOS Condition cause : null
2024-12-06 21:25:05,014 [WARN] PackLoader:240 - Cannot read IP mode file for STMicroelectronics.X-CUBE-AZRTOS-WB.2.0.0
2024-12-06 21:25:05,014 [WARN] ConditionMgr:1039 - genDependencies : Invalid condition id : UX DEVICE CLASS RTOS Condition cause : null
2024-12-06 21:25:05,015 [WARN] ConditionMgr:1039 - genDependencies : Invalid condition id : UX DEVICE CLASS RTOS Condition cause : null
2024-12-06 21:25:05,015 [WARN] ConditionMgr:1039 - genDependencies : Invalid condition id : UX DEVICE CLASS RTOS Condition cause : null
2024-12-06 21:25:05,015 [WARN] ConditionMgr:1039 - genDependencies : Invalid condition id : UX DEVICE CLASS RTOS Condition cause : null
2024-12-06 21:25:05,016 [WARN] ConditionMgr:1039 - genDependencies : Invalid condition id : UX DEVICE CLASS RTOS Condition cause : null
2024-12-06 21:25:05,041 [WARN] PackLoader:240 - Cannot read IP mode file for STMicroelectronics.X-CUBE-GNSS1.7.0.0
2024-12-06 21:25:05,063 [WARN] PackLoader:240 - Cannot read IP mode file for STMicroelectronics.FP-SNS-STBOX1.2.0.0
2024-12-06 21:25:05,090 [WARN] PackLoader:240 - Cannot read IP mode file for STMicroelectronics.X-CUBE-SUBG2.5.0.0
2024-12-06 21:25:05,133 [WARN] PackLoader:240 - Cannot read IP mode file for STMicroelectronics.X-CUBE-AZRTOS-G4.2.0.0
2024-12-06 21:25:05,152 [WARN] PackLoader:240 - Cannot read IP mode file for STMicroelectronics.X-CUBE-ISPU.2.0.0
2024-12-06 21:25:05,176 [WARN] PackLoader:240 - Cannot read IP mode file for STMicroelectronics.X-CUBE-ALS.1.0.2
2024-12-06 21:25:05,246 [WARN] PackLoader:240 - Cannot read IP mode file for STMicroelectronics.X-CUBE-MEMS1.10.0.0
2024-12-06 21:25:05,399 [WARN] PackLoader:240 - Cannot read IP mode file for STMicroelectronics.X-CUBE-FREERTOS.1.1.0
2024-12-06 21:25:05,426 [WARN] PackLoader:240 - Cannot read IP mode file for STMicroelectronics.X-CUBE-TOUCHGFX.4.24.0
2024-12-06 21:25:05,448 [WARN] PackLoader:240 - Cannot read IP mode file for STMicroelectronics.X-CUBE-TOUCHGFX.4.24.1
2024-12-06 21:25:05,471 [WARN] PackLoader:240 - Cannot read IP mode file for portGmbH.I-Cube-SoM-uGOAL.1.1.0
2024-12-06 21:25:05,492 [WARN] PackLoader:240 - Cannot read IP mode file for STMicroelectronics.X-CUBE-ALS.1.0.1
2024-12-06 21:25:05,539 [WARN] PackLoader:240 - Cannot read IP mode file for STMicroelectronics.X-CUBE-AZRTOS-H7RS.1.0.0
2024-12-06 21:25:05,560 [WARN] PackLoader:240 - Cannot read IP mode file for STMicroelectronics.FP-ATR-ASTRA1.2.0.0
2024-12-06 21:25:05,610 [WARN] PackLoader:240 - Cannot read IP mode file for STMicroelectronics.X-CUBE-TOF1.3.4.2
2024-12-06 21:25:05,648 [WARN] PackLoader:240 - Cannot read IP mode file for STMicroelectronics.X-CUBE-TOF1.3.4.1
2024-12-06 21:25:05,697 [WARN] PackLoader:240 - Cannot read IP mode file for STMicroelectronics.X-CUBE-AZRTOS-H7.3.2.0
2024-12-06 21:25:05,738 [WARN] PackLoader:240 - Cannot read IP mode file for Infineon.AIROC-Wi-Fi-Bluetooth-STM32.1.6.0
2024-12-06 21:25:05,759 [WARN] PackLoader:240 - Cannot read IP mode file for wolfSSL.I-CUBE-wolfSSH.1.4.17
2024-12-06 21:25:05,759 [INFO] ThirdParty:978 - Integrity check success = true
2024-12-06 21:25:05,760 [INFO] IntegrityCheckThread:100 - exiting critical section [integrity check]
2024-12-06 21:25:05,760 [INFO] IntegrityCheckThread:103 - End integrity checks thread
2024-12-06 21:25:17,457 [INFO] WebApp:161 - Instantiating new browser for Auth
2024-12-06 21:25:19,645 [INFO] WebApp:779 - Register for checkConnection events
2024-12-06 21:25:19,645 [INFO] WebApp:414 - Apply proxy settings
2024-12-06 21:25:19,645 [INFO] WebApp:499 - Chromium requires no authentication
2024-12-06 21:25:19,662 [INFO] WebApp:442 - Direct internet connection detected
2024-12-06 21:25:20,155 [INFO] WebApp:192 - Starting web application
2024-12-06 21:25:20,155 [INFO] WebApp:544 - Web application path used C:\ST\STM32CubeIDE_1.15.0\STM32CubeIDE\plugins\com.st.stm32cube.common.mx_6.11.0.202403141607\db\plugins\mcufinder\reactClient1\index.html
2024-12-06 21:28:09,238 [INFO] McuFinderGlobals:63 - Set McuFinder mode to 2 (CubeIDE integrated)
2024-12-06 21:28:09,269 [INFO] MainUpdater:2873 - connection check result : 10
2024-12-06 21:28:09,298 [INFO] McuFinderGlobals:76 - Set McuFinderConnectedMode to true
2024-12-06 21:28:09,773 [INFO] ServerAccessManage:473 - Download File mcusAds.json._tmp_
2024-12-06 21:28:09,887 [INFO] LoadUrlFilesThread:156 - End of LoadUrlFiles Thread
2024-12-06 21:28:11,169 [INFO] ServerAccessManage:473 - Download File cube-finder-db.zip
2024-12-06 21:28:25,237 [INFO] FileExtend:240 - Unzip File : cube-finder-db.zip
2024-12-06 21:28:25,238 [INFO] FileExtend:255 - Standard Zip Deflate
2024-12-06 21:28:26,336 [INFO] LoadUrlFilesThread:156 - End of LoadUrlFiles Thread
2024-12-06 21:28:27,387 [INFO] ServerAccessManage:473 - Download File crdb.zip
2024-12-06 21:28:28,439 [INFO] FileExtend:240 - Unzip File : crdb.zip
2024-12-06 21:28:28,440 [INFO] FileExtend:255 - Standard Zip Deflate
2024-12-06 21:28:28,576 [INFO] LoadUrlFilesThread:156 - End of LoadUrlFiles Thread
2024-12-06 21:28:29,730 [INFO] ServerAccessManage:473 - Download File tutoVideoDB.zip
2024-12-06 21:28:29,836 [INFO] FileExtend:240 - Unzip File : tutoVideoDB.zip
2024-12-06 21:28:29,837 [INFO] FileExtend:255 - Standard Zip Deflate
2024-12-06 21:28:29,957 [INFO] LoadUrlFilesThread:156 - End of LoadUrlFiles Thread
2024-12-06 21:28:29,961 [WARN] DbFile:41 - Overriding database path with different value: C:\Users\BASAVARAJ\.stmcufinder\plugins\mcufinder/ => C:\Users\BASAVARAJ\.stmcufinder\plugins\mcufinder
2024-12-06 21:28:30,677 [INFO] ServerAccessManage:473 - Download File api_config.json
2024-12-06 21:28:30,787 [INFO] LoadUrlFilesThread:156 - End of LoadUrlFiles Thread
2024-12-06 21:28:30,789 [INFO] DbMcusAds:53 - JSON generation date=Fri Sep 20 18:34:23 IST 2024 (1726837463113)
2024-12-06 21:28:30,814 [INFO] LoadUrlFilesThread:185 - End of LoadServerUrlFiles without Thread
2024-12-06 21:28:30,815 [INFO] TargetSelectorAdapter:259 - Refresh data is successful
2024-12-06 21:28:32,719 [INFO] ApiDb:581 - Connected to CubeFinder SQLite database (C:\Users\BASAVARAJ\.stmcufinder\plugins\mcufinder\mcu\cube-finder-db.db)
2024-12-06 21:28:32,785 [INFO] ApiDb:668 - CubeFinder database Data Model version=2.1
2024-12-06 21:28:32,786 [INFO] ApiDb:669 - CubeFinder database Configuration version=3.0.39
2024-12-06 21:28:32,786 [INFO] ApiDb:670 - CubeFinder database generation date=2024-11-21 (1732182206)
2024-12-06 21:28:32,786 [INFO] ApiDb:671 - CubeFinder database FW Pack versions=[FP-ATR-ASTRA1_V2.0.0, FP-SNS-FLIGHT1_V5.0.2, FP-SNS-MOTENV1_V5.0.0, FP-SNS-MOTENVWB1_V1.4.0, FP-SNS-SMARTAG2_V1.2.0, FP-SNS-STBOX1_V2.0.0, STM32Cube_FW_C0_V1.3.0, STM32Cube_FW_F4_V1.28.1, STM32Cube_FW_F7_V1.17.2, STM32Cube_FW_G0_V1.6.2, STM32Cube_FW_G4_V1.6.1, STM32Cube_FW_H5_V1.4.0, STM32Cube_FW_H7RS_V1.1.0, STM32Cube_FW_H7_V1.12.0, STM32Cube_FW_L0_V1.12.2, STM32Cube_FW_L4_V1.18.1, STM32Cube_FW_L5_V1.5.1, STM32Cube_FW_N6_V1.0.0, STM32Cube_FW_U0_V1.2.0, STM32Cube_FW_U3_V1.0.0, STM32Cube_FW_U5_V1.7.0, STM32Cube_FW_WB0_V1.1.0, STM32Cube_FW_WBA_V1.5.0, STM32Cube_FW_WB_V1.21.0, STM32Cube_FW_WL3_V1.0.0, STM32Cube_FW_WL_V1.3.0, X-CUBE-ALGOBUILD_V1.4.0, X-CUBE-ALS_V1.0.2, X-CUBE-AZRTOS-F4_V1.1.0, X-CUBE-AZRTOS-F7_V1.1.0, X-CUBE-AZRTOS-G0_V1.1.0, X-CUBE-AZRTOS-G4_V2.0.0, X-CUBE-AZRTOS-H7RS_V1.0.0, X-CUBE-AZRTOS-H7_V3.3.0, X-CUBE-AZRTOS-L4_V2.0.0, X-CUBE-AZRTOS-L5_V2.0.0, X-CUBE-AZRTOS-WB_V2.0.0, X-CUBE-AZRTOS-WL_V2.0.0, X-CUBE-BLE1_V7.0.0, X-CUBE-BLE2_V3.3.0, X-CUBE-BLEMGR_V3.1.0, X-CUBE-EEPRMA1_V5.1.0, X-CUBE-FREERTOS_V1.2.0, X-CUBE-GNSS1_V6.0.0, X-CUBE-MEMS1_V11.0.0, X-CUBE-NFC4_V3.0.0, X-CUBE-NFC7_V1.0.1, X-CUBE-SFXS2LP1_V4.0.0, X-CUBE-SUBG2_V5.0.0, X-CUBE-TOF1_V3.4.2]
2024-12-06 21:28:34,840 [INFO] ApiDb:240 - Found 483 in-development CPN: [B-G473E-ZEST1S, B-WB1M-WPAN1, B-WL5M-SUBG1, NUCLEO-C031C6, NUCLEO-H503RB, NUCLEO-H533RE, NUCLEO-H563ZI, NUCLEO-H7S3L8, NUCLEO-U031R8, NUCLEO-U083RC, NUCLEO-U545RE-Q, NUCLEO-U5A5ZJ-Q, NUCLEO-WBA52CG, NUCLEO-WBA55CG, STEVAL-PROTEUS1, STEVAL-SMARTAG2, STEVAL-STWINBX1, STM320518-EVAL, STM32C0116-DK, STM32C011D6Y3TR, STM32C011D6Y6TR, STM32C011F4P3, STM32C011F4P6, STM32C011F4U3, STM32C011F4U6TR, STM32C011F6P3, STM32C011F6P6, STM32C011F6U3, STM32C011F6U6TR, STM32C011J4M3, STM32C011J4M6, STM32C011J6M3, STM32C011J6M6, STM32C0316-DK, STM32C031C4T3, STM32C031C4T6, STM32C031C4U3, STM32C031C4U6, STM32C031C6T3, STM32C031C6T6, STM32C031C6U3, STM32C031C6U6, STM32C031F4P3, STM32C031F4P6, STM32C031F6P3, STM32C031F6P6, STM32C031G4U3, STM32C031G4U6, STM32C031G6U3, STM32C031G6U6, STM32C031K4T3, STM32C031K4T6, STM32C031K4U3, STM32C031K4U6, STM32C031K6T3, STM32C031K6T6, STM32C031K6U3, STM32C031K6U6, STM32G071K8TXN, STM32G071K8UXN, STM32G081GBU6N, STM32G081KBT6N, STM32G081KBUXN, STM32G0B1CCT6N, STM32G0B1KCT6, STM32G0B1NEY6TR, STM32G0B1RCT6N, STM32G0C1CCT6, STM32G0C1CCT6N, STM32G0C1CCU6N, STM32G0C1CET6N, STM32G0C1CEU6N, STM32G0C1KCT6, STM32G0C1NEY6TR, STM32G0C1RCI6N, STM32G0C1RCT6N, STM32G0C1REI6N, STM32G0C1RET6N, STM32G0C1VCI6, STM32G0C1VEI6, STM32G471CCT6, STM32G471CCU6, STM32G471CET3, STM32G471CET6, STM32G471CEU3, STM32G471CEU6, STM32G471MCT6, STM32G471MET3, STM32G471MET6, STM32G471MEY6TR, STM32G471QCT6, STM32G471QET3, STM32G471RCT6, STM32G471RET3, STM32G471RET6, STM32G471VCH6, STM32G471VCI6, STM32G471VCT6, STM32G471VEH3, STM32G471VEH6, STM32G471VEI3, STM32G471VEI6, STM32G471VET3, STM32G471VET6, STM32G474CCT6, STM32H503CBT6, STM32H503CBU6, STM32H503EBY6TR, STM32H503KBU6, STM32H503RBT6, STM32H523CCT6, STM32H523CCU6, STM32H523CET6, STM32H523CEU6, STM32H523HEY6TR, STM32H523RCT6, STM32H523RET6, STM32H523VCI6, STM32H523VCT6, STM32H523VEI6, STM32H523VET6, STM32H523ZCJ6, STM32H523ZCT6, STM32H523ZEJ6, STM32H523ZET6, STM32H533CET6, STM32H533CEU6, STM32H533HEY6TR, STM32H533RET6, STM32H533VEI6, STM32H533VET6, STM32H533ZEJ6, STM32H533ZET6, STM32H562AGI6, STM32H562AII6, STM32H562IGK6, STM32H562IGT6, STM32H562IIK6, STM32H562IIT6, STM32H562RGT6, STM32H562RGV6, STM32H562RIT6, STM32H562RIV6, STM32H562VGT6, STM32H562VIT6, STM32H562ZGT6, STM32H562ZIT6, STM32H563AGI6, STM32H563AII3Q, STM32H563AII6, STM32H563IGK6, STM32H563IGT6, STM32H563IIK3Q, STM32H563IIK6, STM32H563IIT3Q, STM32H563IIT6, STM32H563MIY3QTR, STM32H563RGT6, STM32H563RGV6, STM32H563RIT6, STM32H563RIV6, STM32H563VGT6, STM32H563VIT3Q, STM32H563VIT6, STM32H563ZGT6, STM32H563ZIT3Q, STM32H563ZIT6, STM32H573AII3Q, STM32H573AII6, STM32H573I-DK, STM32H573IIK3Q, STM32H573IIK6, STM32H573IIT3Q, STM32H573IIT6, STM32H573MIY3QTR, STM32H573RIT6, STM32H573RIV6, STM32H573VIT3Q, STM32H573VIT6, STM32H573ZIT3Q, STM32H573ZIT6, STM32H7R3A8I6, STM32H7R3I8K6, STM32H7R3I8T6, STM32H7R3L8H6, STM32H7R3L8H6H, STM32H7R3R8V6, STM32H7R3V8H6, STM32H7R3V8T6, STM32H7R3V8Y6, STM32H7R3Z8J6, STM32H7R3Z8T6, STM32H7R7A8I6, STM32H7R7I8K6, STM32H7R7I8T6, STM32H7R7L8H6, STM32H7R7L8H6H, STM32H7R7Z8J6, STM32H7S3A8I6, STM32H7S3I8K6, STM32H7S3I8T6, STM32H7S3L8H6, STM32H7S3L8H6H, STM32H7S3R8V6, STM32H7S3V8H6, STM32H7S3V8T6, STM32H7S3V8Y6, STM32H7S3Z8J6, STM32H7S3Z8T6, STM32H7S78-DK, STM32H7S7A8I6, STM32H7S7I8K6, STM32H7S7I8T6, STM32H7S7L8H6, STM32H7S7L8H6H, STM32H7S7Z8J6, STM32L4R5QGI6STR, STM32MP131AAE3, STM32MP131AAF3, STM32MP131AAG3, STM32MP131CAE3, STM32MP131CAF3, STM32MP131CAG3, STM32MP131DAE7, STM32MP131DAF7, STM32MP131DAG7, STM32MP131FAE7, STM32MP131FAF7, STM32MP131FAG7, STM32MP133AAE3, STM32MP133AAF3, STM32MP133AAG3, STM32MP133CAE3, STM32MP133CAF3, STM32MP133CAG3, STM32MP133DAE7, STM32MP133DAF7, STM32MP133DAG7, STM32MP133FAE7, STM32MP133FAF7, STM32MP133FAG7, STM32MP135AAE3, STM32MP135AAF3, STM32MP135AAG3, STM32MP135CAE3, STM32MP135CAF3, STM32MP135CAG3, STM32MP135DAE7, STM32MP135DAF7, STM32MP135DAG7, STM32MP135F-DK, STM32MP135FAE7, STM32MP135FAF7, STM32MP135FAF7T, STM32MP135FAF7U, STM32MP135FAG7, STM32U031C6T6, STM32U031C6U6, STM32U031C8T6, STM32U031C8U6, STM32U031F4P6, STM32U031F6P6, STM32U031F8P6, STM32U031G6Y6TR, STM32U031G8Y6TR, STM32U031K4U6, STM32U031K6U6, STM32U031K8U6, STM32U031R6I6, STM32U031R6T6, STM32U031R8I6, STM32U031R8T6, STM32U073C8T6, STM32U073C8U6, STM32U073CBT6, STM32U073CBU6, STM32U073CCT6, STM32U073CCU6, STM32U073H8Y6TR, STM32U073HBY6TR, STM32U073HCY6TR, STM32U073K8U6, STM32U073KBU6, STM32U073KCU6, STM32U073M8I6, STM32U073M8T6, STM32U073MBI6, STM32U073MBT6, STM32U073MCI6, STM32U073MCT6, STM32U073R8I6, STM32U073R8T6, STM32U073RBI6, STM32U073RBT6, STM32U073RCI6, STM32U073RCT6, STM32U083C-DK, STM32U083CCT6, STM32U083CCU6, STM32U083HCY6TR, STM32U083KCU6, STM32U083MCI6, STM32U083MCT6, STM32U083RCI6, STM32U083RCT6, STM32U535CBT6, STM32U535CBT6Q, STM32U535CBU6, STM32U535CBU6Q, STM32U535CCT6, STM32U535CCT6Q, STM32U535CCU6, STM32U535CCU6Q, STM32U535CET6, STM32U535CET6Q, STM32U535CEU6, STM32U535CEU6Q, STM32U535JEY6QTR, STM32U535NCY6QTR, STM32U535NEY6QTR, STM32U535RBI6, STM32U535RBI6Q, STM32U535RBT6, STM32U535RBT6Q, STM32U535RCI6, STM32U535RCI6Q, STM32U535RCT6, STM32U535RCT6Q, STM32U535REI6, STM32U535REI6Q, STM32U535RET6, STM32U535RET6Q, STM32U535VCI6, STM32U535VCI6Q, STM32U535VCT6, STM32U535VCT6Q, STM32U535VEI6, STM32U535VEI6Q, STM32U535VET6, STM32U535VET6Q, STM32U545CET6, STM32U545CET6Q, STM32U545CEU6, STM32U545CEU6Q, STM32U545JEY6QTR, STM32U545NEY6QTR, STM32U545REI6, STM32U545REI6Q, STM32U545RET6, STM32U545RET6Q, STM32U545VEI6, STM32U545VEI6Q, STM32U545VET6, STM32U545VET6Q, STM32U595AIH6, STM32U595AIH6Q, STM32U595AJH6, STM32U595AJH6Q, STM32U595QII6, STM32U595QII6Q, STM32U595QJI6, STM32U595QJI6Q, STM32U595RIT6, STM32U595RIT6Q, STM32U595RJT6, STM32U595RJT6Q, STM32U595VIT6, STM32U595VIT6Q, STM32U595VJT6, STM32U595VJT6Q, STM32U595ZIT6, STM32U595ZIT6Q, STM32U595ZIY6QTR, STM32U595ZJT6, STM32U595ZJT6Q, STM32U595ZJY6QTR, STM32U599BJY6QTR, STM32U599NIH6Q, STM32U599NJH6Q, STM32U599VIT6Q, STM32U599VJT6, STM32U599VJT6Q, STM32U599ZIT6Q, STM32U599ZIY6QTR, STM32U599ZJT6Q, STM32U599ZJY6QTR, STM32U5A5AJH6, STM32U5A5AJH6Q, STM32U5A5QII3Q , STM32U5A5QJI6, STM32U5A5QJI6Q, STM32U5A5RJT6, STM32U5A5RJT6Q, STM32U5A5VJT6, STM32U5A5VJT6Q, STM32U5A5ZJT6, STM32U5A5ZJT6Q, STM32U5A5ZJY6QTR, STM32U5A9BJY6QTR, STM32U5A9J-DK, STM32U5A9NJH6Q, STM32U5A9VJT6Q, STM32U5A9ZJT6Q, STM32U5A9ZJY6QTR, STM32U5F7VIT6, STM32U5F7VIT6Q, STM32U5F7VJT6, STM32U5F7VJT6Q, STM32U5F9BJY6QTR, STM32U5F9NJH6Q, STM32U5F9VIT6Q, STM32U5F9VJT6Q, STM32U5F9ZIJ6QTR, STM32U5F9ZIT6Q, STM32U5F9ZJJ6QTR, STM32U5F9ZJT6Q, STM32U5G7VJT6, STM32U5G7VJT6Q, STM32U5G9BJY6QTR, STM32U5G9J-DK1, STM32U5G9J-DK2, STM32U5G9NJH6Q, STM32U5G9VJT6Q, STM32U5G9ZJJ6QTR, STM32U5G9ZJT6Q, STM32WB1MMCH6, STM32WBA50KEU6, STM32WBA50KEU6TR, STM32WBA50KGU6, STM32WBA50KGU6TR, STM32WBA52CEU6, STM32WBA52CEU6TR, STM32WBA52CEU7, STM32WBA52CEU7TR, STM32WBA52CGU6, STM32WBA52CGU6TR, STM32WBA52CGU6U, STM32WBA52CGU7, STM32WBA52CGU7TR, STM32WBA52KEU6, STM32WBA52KEU6TR, STM32WBA52KGU6, STM32WBA52KGU6TR, STM32WBA54CEU6, STM32WBA54CEU6TR, STM32WBA54CEU7, STM32WBA54CEU7TR, STM32WBA54CGU6, STM32WBA54CGU6TR, STM32WBA54CGU7, STM32WBA54CGU7TR, STM32WBA54KEU6, STM32WBA54KEU6TR, STM32WBA54KEU7, STM32WBA54KEU7TR, STM32WBA54KGU6, STM32WBA54KGU6TR, STM32WBA54KGU7, STM32WBA54KGU7TR, STM32WBA55CEU6, STM32WBA55CEU6TR, STM32WBA55CEU7, STM32WBA55CEU7TR, STM32WBA55CGU6, STM32WBA55CGU6TR, STM32WBA55CGU6U, STM32WBA55CGU7, STM32WBA55CGU7TR, STM32WBA55G-DK1, STM32WBA55HEF6, STM32WBA55HEF7, STM32WBA55HGF6, STM32WBA55HGF7, STM32WBA55UEI6, STM32WBA55UEI6TR, STM32WBA55UEI7, STM32WBA55UEI7TR, STM32WBA55UGI6, STM32WBA55UGI6TR, STM32WBA55UGI7, STM32WBA55UGI7TR, STM32WL5MOCH6, STM32WL5MOCH6TR]
2024-12-06 21:28:34,846 [INFO] DbMcus:218 - Found 4389 MCUs, 4389 are supported
2024-12-06 21:28:34,855 [INFO] ApiDb:423 - Load user favorites file C:\Users\BASAVARAJ/.stm32cubeide/favorites.mcus.txt: 1 item(s)
2024-12-06 21:28:34,855 [INFO] ApiDb:427 - User favorites MCUs=[STM32F407VGT6]
2024-12-06 21:28:34,856 [INFO] DbMcus:224 - Set 1 / 1 favorites MCUs
2024-12-06 21:28:35,159 [INFO] ApiDb:668 - CubeFinder database Data Model version=2.1
2024-12-06 21:28:35,159 [INFO] ApiDb:669 - CubeFinder database Configuration version=3.0.39
2024-12-06 21:28:35,159 [INFO] ApiDb:670 - CubeFinder database generation date=2024-11-21 (1732182206)
2024-12-06 21:28:35,159 [INFO] ApiDb:671 - CubeFinder database FW Pack versions=[FP-ATR-ASTRA1_V2.0.0, FP-SNS-FLIGHT1_V5.0.2, FP-SNS-MOTENV1_V5.0.0, FP-SNS-MOTENVWB1_V1.4.0, FP-SNS-SMARTAG2_V1.2.0, FP-SNS-STBOX1_V2.0.0, STM32Cube_FW_C0_V1.3.0, STM32Cube_FW_F4_V1.28.1, STM32Cube_FW_F7_V1.17.2, STM32Cube_FW_G0_V1.6.2, STM32Cube_FW_G4_V1.6.1, STM32Cube_FW_H5_V1.4.0, STM32Cube_FW_H7RS_V1.1.0, STM32Cube_FW_H7_V1.12.0, STM32Cube_FW_L0_V1.12.2, STM32Cube_FW_L4_V1.18.1, STM32Cube_FW_L5_V1.5.1, STM32Cube_FW_N6_V1.0.0, STM32Cube_FW_U0_V1.2.0, STM32Cube_FW_U3_V1.0.0, STM32Cube_FW_U5_V1.7.0, STM32Cube_FW_WB0_V1.1.0, STM32Cube_FW_WBA_V1.5.0, STM32Cube_FW_WB_V1.21.0, STM32Cube_FW_WL3_V1.0.0, STM32Cube_FW_WL_V1.3.0, X-CUBE-ALGOBUILD_V1.4.0, X-CUBE-ALS_V1.0.2, X-CUBE-AZRTOS-F4_V1.1.0, X-CUBE-AZRTOS-F7_V1.1.0, X-CUBE-AZRTOS-G0_V1.1.0, X-CUBE-AZRTOS-G4_V2.0.0, X-CUBE-AZRTOS-H7RS_V1.0.0, X-CUBE-AZRTOS-H7_V3.3.0, X-CUBE-AZRTOS-L4_V2.0.0, X-CUBE-AZRTOS-L5_V2.0.0, X-CUBE-AZRTOS-WB_V2.0.0, X-CUBE-AZRTOS-WL_V2.0.0, X-CUBE-BLE1_V7.0.0, X-CUBE-BLE2_V3.3.0, X-CUBE-BLEMGR_V3.1.0, X-CUBE-EEPRMA1_V5.1.0, X-CUBE-FREERTOS_V1.2.0, X-CUBE-GNSS1_V6.0.0, X-CUBE-MEMS1_V11.0.0, X-CUBE-NFC4_V3.0.0, X-CUBE-NFC7_V1.0.1, X-CUBE-SFXS2LP1_V4.0.0, X-CUBE-SUBG2_V5.0.0, X-CUBE-TOF1_V3.4.2]
2024-12-06 21:28:35,206 [INFO] DbBoardsSqlite:226 - include board P-NUCLEO-WB55-NUCLEO as a kit item of type 'Nucleo-64'
2024-12-06 21:28:35,207 [INFO] DbBoardsSqlite:226 - include board P-NUCLEO-WB55-USBDONGLE as a kit item of type 'Nucleo USB Dongle'
2024-12-06 21:28:35,207 [INFO] DbBoardsSqlite:226 - include board STEVAL-IDP005V1 as a kit item of type 'Evaluation Board'
2024-12-06 21:28:35,207 [INFO] DbBoardsSqlite:226 - include board STEVAL-IDP005V2 as a kit item of type 'Evaluation Board'
2024-12-06 21:28:35,261 [INFO] ApiDb:240 - Found 483 in-development CPN: [B-G473E-ZEST1S, B-WB1M-WPAN1, B-WL5M-SUBG1, NUCLEO-C031C6, NUCLEO-H503RB, NUCLEO-H533RE, NUCLEO-H563ZI, NUCLEO-H7S3L8, NUCLEO-U031R8, NUCLEO-U083RC, NUCLEO-U545RE-Q, NUCLEO-U5A5ZJ-Q, NUCLEO-WBA52CG, NUCLEO-WBA55CG, STEVAL-PROTEUS1, STEVAL-SMARTAG2, STEVAL-STWINBX1, STM320518-EVAL, STM32C0116-DK, STM32C011D6Y3TR, STM32C011D6Y6TR, STM32C011F4P3, STM32C011F4P6, STM32C011F4U3, STM32C011F4U6TR, STM32C011F6P3, STM32C011F6P6, STM32C011F6U3, STM32C011F6U6TR, STM32C011J4M3, STM32C011J4M6, STM32C011J6M3, STM32C011J6M6, STM32C0316-DK, STM32C031C4T3, STM32C031C4T6, STM32C031C4U3, STM32C031C4U6, STM32C031C6T3, STM32C031C6T6, STM32C031C6U3, STM32C031C6U6, STM32C031F4P3, STM32C031F4P6, STM32C031F6P3, STM32C031F6P6, STM32C031G4U3, STM32C031G4U6, STM32C031G6U3, STM32C031G6U6, STM32C031K4T3, STM32C031K4T6, STM32C031K4U3, STM32C031K4U6, STM32C031K6T3, STM32C031K6T6, STM32C031K6U3, STM32C031K6U6, STM32G071K8TXN, STM32G071K8UXN, STM32G081GBU6N, STM32G081KBT6N, STM32G081KBUXN, STM32G0B1CCT6N, STM32G0B1KCT6, STM32G0B1NEY6TR, STM32G0B1RCT6N, STM32G0C1CCT6, STM32G0C1CCT6N, STM32G0C1CCU6N, STM32G0C1CET6N, STM32G0C1CEU6N, STM32G0C1KCT6, STM32G0C1NEY6TR, STM32G0C1RCI6N, STM32G0C1RCT6N, STM32G0C1REI6N, STM32G0C1RET6N, STM32G0C1VCI6, STM32G0C1VEI6, STM32G471CCT6, STM32G471CCU6, STM32G471CET3, STM32G471CET6, STM32G471CEU3, STM32G471CEU6, STM32G471MCT6, STM32G471MET3, STM32G471MET6, STM32G471MEY6TR, STM32G471QCT6, STM32G471QET3, STM32G471RCT6, STM32G471RET3, STM32G471RET6, STM32G471VCH6, STM32G471VCI6, STM32G471VCT6, STM32G471VEH3, STM32G471VEH6, STM32G471VEI3, STM32G471VEI6, STM32G471VET3, STM32G471VET6, STM32G474CCT6, STM32H503CBT6, STM32H503CBU6, STM32H503EBY6TR, STM32H503KBU6, STM32H503RBT6, STM32H523CCT6, STM32H523CCU6, STM32H523CET6, STM32H523CEU6, STM32H523HEY6TR, STM32H523RCT6, STM32H523RET6, STM32H523VCI6, STM32H523VCT6, STM32H523VEI6, STM32H523VET6, STM32H523ZCJ6, STM32H523ZCT6, STM32H523ZEJ6, STM32H523ZET6, STM32H533CET6, STM32H533CEU6, STM32H533HEY6TR, STM32H533RET6, STM32H533VEI6, STM32H533VET6, STM32H533ZEJ6, STM32H533ZET6, STM32H562AGI6, STM32H562AII6, STM32H562IGK6, STM32H562IGT6, STM32H562IIK6, STM32H562IIT6, STM32H562RGT6, STM32H562RGV6, STM32H562RIT6, STM32H562RIV6, STM32H562VGT6, STM32H562VIT6, STM32H562ZGT6, STM32H562ZIT6, STM32H563AGI6, STM32H563AII3Q, STM32H563AII6, STM32H563IGK6, STM32H563IGT6, STM32H563IIK3Q, STM32H563IIK6, STM32H563IIT3Q, STM32H563IIT6, STM32H563MIY3QTR, STM32H563RGT6, STM32H563RGV6, STM32H563RIT6, STM32H563RIV6, STM32H563VGT6, STM32H563VIT3Q, STM32H563VIT6, STM32H563ZGT6, STM32H563ZIT3Q, STM32H563ZIT6, STM32H573AII3Q, STM32H573AII6, STM32H573I-DK, STM32H573IIK3Q, STM32H573IIK6, STM32H573IIT3Q, STM32H573IIT6, STM32H573MIY3QTR, STM32H573RIT6, STM32H573RIV6, STM32H573VIT3Q, STM32H573VIT6, STM32H573ZIT3Q, STM32H573ZIT6, STM32H7R3A8I6, STM32H7R3I8K6, STM32H7R3I8T6, STM32H7R3L8H6, STM32H7R3L8H6H, STM32H7R3R8V6, STM32H7R3V8H6, STM32H7R3V8T6, STM32H7R3V8Y6, STM32H7R3Z8J6, STM32H7R3Z8T6, STM32H7R7A8I6, STM32H7R7I8K6, STM32H7R7I8T6, STM32H7R7L8H6, STM32H7R7L8H6H, STM32H7R7Z8J6, STM32H7S3A8I6, STM32H7S3I8K6, STM32H7S3I8T6, STM32H7S3L8H6, STM32H7S3L8H6H, STM32H7S3R8V6, STM32H7S3V8H6, STM32H7S3V8T6, STM32H7S3V8Y6, STM32H7S3Z8J6, STM32H7S3Z8T6, STM32H7S78-DK, STM32H7S7A8I6, STM32H7S7I8K6, STM32H7S7I8T6, STM32H7S7L8H6, STM32H7S7L8H6H, STM32H7S7Z8J6, STM32L4R5QGI6STR, STM32MP131AAE3, STM32MP131AAF3, STM32MP131AAG3, STM32MP131CAE3, STM32MP131CAF3, STM32MP131CAG3, STM32MP131DAE7, STM32MP131DAF7, STM32MP131DAG7, STM32MP131FAE7, STM32MP131FAF7, STM32MP131FAG7, STM32MP133AAE3, STM32MP133AAF3, STM32MP133AAG3, STM32MP133CAE3, STM32MP133CAF3, STM32MP133CAG3, STM32MP133DAE7, STM32MP133DAF7, STM32MP133DAG7, STM32MP133FAE7, STM32MP133FAF7, STM32MP133FAG7, STM32MP135AAE3, STM32MP135AAF3, STM32MP135AAG3, STM32MP135CAE3, STM32MP135CAF3, STM32MP135CAG3, STM32MP135DAE7, STM32MP135DAF7, STM32MP135DAG7, STM32MP135F-DK, STM32MP135FAE7, STM32MP135FAF7, STM32MP135FAF7T, STM32MP135FAF7U, STM32MP135FAG7, STM32U031C6T6, STM32U031C6U6, STM32U031C8T6, STM32U031C8U6, STM32U031F4P6, STM32U031F6P6, STM32U031F8P6, STM32U031G6Y6TR, STM32U031G8Y6TR, STM32U031K4U6, STM32U031K6U6, STM32U031K8U6, STM32U031R6I6, STM32U031R6T6, STM32U031R8I6, STM32U031R8T6, STM32U073C8T6, STM32U073C8U6, STM32U073CBT6, STM32U073CBU6, STM32U073CCT6, STM32U073CCU6, STM32U073H8Y6TR, STM32U073HBY6TR, STM32U073HCY6TR, STM32U073K8U6, STM32U073KBU6, STM32U073KCU6, STM32U073M8I6, STM32U073M8T6, STM32U073MBI6, STM32U073MBT6, STM32U073MCI6, STM32U073MCT6, STM32U073R8I6, STM32U073R8T6, STM32U073RBI6, STM32U073RBT6, STM32U073RCI6, STM32U073RCT6, STM32U083C-DK, STM32U083CCT6, STM32U083CCU6, STM32U083HCY6TR, STM32U083KCU6, STM32U083MCI6, STM32U083MCT6, STM32U083RCI6, STM32U083RCT6, STM32U535CBT6, STM32U535CBT6Q, STM32U535CBU6, STM32U535CBU6Q, STM32U535CCT6, STM32U535CCT6Q, STM32U535CCU6, STM32U535CCU6Q, STM32U535CET6, STM32U535CET6Q, STM32U535CEU6, STM32U535CEU6Q, STM32U535JEY6QTR, STM32U535NCY6QTR, STM32U535NEY6QTR, STM32U535RBI6, STM32U535RBI6Q, STM32U535RBT6, STM32U535RBT6Q, STM32U535RCI6, STM32U535RCI6Q, STM32U535RCT6, STM32U535RCT6Q, STM32U535REI6, STM32U535REI6Q, STM32U535RET6, STM32U535RET6Q, STM32U535VCI6, STM32U535VCI6Q, STM32U535VCT6, STM32U535VCT6Q, STM32U535VEI6, STM32U535VEI6Q, STM32U535VET6, STM32U535VET6Q, STM32U545CET6, STM32U545CET6Q, STM32U545CEU6, STM32U545CEU6Q, STM32U545JEY6QTR, STM32U545NEY6QTR, STM32U545REI6, STM32U545REI6Q, STM32U545RET6, STM32U545RET6Q, STM32U545VEI6, STM32U545VEI6Q, STM32U545VET6, STM32U545VET6Q, STM32U595AIH6, STM32U595AIH6Q, STM32U595AJH6, STM32U595AJH6Q, STM32U595QII6, STM32U595QII6Q, STM32U595QJI6, STM32U595QJI6Q, STM32U595RIT6, STM32U595RIT6Q, STM32U595RJT6, STM32U595RJT6Q, STM32U595VIT6, STM32U595VIT6Q, STM32U595VJT6, STM32U595VJT6Q, STM32U595ZIT6, STM32U595ZIT6Q, STM32U595ZIY6QTR, STM32U595ZJT6, STM32U595ZJT6Q, STM32U595ZJY6QTR, STM32U599BJY6QTR, STM32U599NIH6Q, STM32U599NJH6Q, STM32U599VIT6Q, STM32U599VJT6, STM32U599VJT6Q, STM32U599ZIT6Q, STM32U599ZIY6QTR, STM32U599ZJT6Q, STM32U599ZJY6QTR, STM32U5A5AJH6, STM32U5A5AJH6Q, STM32U5A5QII3Q , STM32U5A5QJI6, STM32U5A5QJI6Q, STM32U5A5RJT6, STM32U5A5RJT6Q, STM32U5A5VJT6, STM32U5A5VJT6Q, STM32U5A5ZJT6, STM32U5A5ZJT6Q, STM32U5A5ZJY6QTR, STM32U5A9BJY6QTR, STM32U5A9J-DK, STM32U5A9NJH6Q, STM32U5A9VJT6Q, STM32U5A9ZJT6Q, STM32U5A9ZJY6QTR, STM32U5F7VIT6, STM32U5F7VIT6Q, STM32U5F7VJT6, STM32U5F7VJT6Q, STM32U5F9BJY6QTR, STM32U5F9NJH6Q, STM32U5F9VIT6Q, STM32U5F9VJT6Q, STM32U5F9ZIJ6QTR, STM32U5F9ZIT6Q, STM32U5F9ZJJ6QTR, STM32U5F9ZJT6Q, STM32U5G7VJT6, STM32U5G7VJT6Q, STM32U5G9BJY6QTR, STM32U5G9J-DK1, STM32U5G9J-DK2, STM32U5G9NJH6Q, STM32U5G9VJT6Q, STM32U5G9ZJJ6QTR, STM32U5G9ZJT6Q, STM32WB1MMCH6, STM32WBA50KEU6, STM32WBA50KEU6TR, STM32WBA50KGU6, STM32WBA50KGU6TR, STM32WBA52CEU6, STM32WBA52CEU6TR, STM32WBA52CEU7, STM32WBA52CEU7TR, STM32WBA52CGU6, STM32WBA52CGU6TR, STM32WBA52CGU6U, STM32WBA52CGU7, STM32WBA52CGU7TR, STM32WBA52KEU6, STM32WBA52KEU6TR, STM32WBA52KGU6, STM32WBA52KGU6TR, STM32WBA54CEU6, STM32WBA54CEU6TR, STM32WBA54CEU7, STM32WBA54CEU7TR, STM32WBA54CGU6, STM32WBA54CGU6TR, STM32WBA54CGU7, STM32WBA54CGU7TR, STM32WBA54KEU6, STM32WBA54KEU6TR, STM32WBA54KEU7, STM32WBA54KEU7TR, STM32WBA54KGU6, STM32WBA54KGU6TR, STM32WBA54KGU7, STM32WBA54KGU7TR, STM32WBA55CEU6, STM32WBA55CEU6TR, STM32WBA55CEU7, STM32WBA55CEU7TR, STM32WBA55CGU6, STM32WBA55CGU6TR, STM32WBA55CGU6U, STM32WBA55CGU7, STM32WBA55CGU7TR, STM32WBA55G-DK1, STM32WBA55HEF6, STM32WBA55HEF7, STM32WBA55HGF6, STM32WBA55HGF7, STM32WBA55UEI6, STM32WBA55UEI6TR, STM32WBA55UEI7, STM32WBA55UEI7TR, STM32WBA55UGI6, STM32WBA55UGI6TR, STM32WBA55UGI7, STM32WBA55UGI7TR, STM32WL5MOCH6, STM32WL5MOCH6TR]
2024-12-06 21:28:35,331 [INFO] BoardInfo:889 - No configuration file found for board NUCLEO-C071RB
2024-12-06 21:28:35,332 [INFO] DbBoards:161 - Board is not supported: NUCLEO-C071RB
2024-12-06 21:28:35,449 [INFO] BoardInfo:889 - No configuration file found for board NUCLEO-WB05KZ
2024-12-06 21:28:35,450 [INFO] DbBoards:161 - Board is not supported: NUCLEO-WB05KZ
2024-12-06 21:28:35,451 [INFO] BoardInfo:889 - No configuration file found for board NUCLEO-WB07CC
2024-12-06 21:28:35,451 [INFO] DbBoards:161 - Board is not supported: NUCLEO-WB07CC
2024-12-06 21:28:35,452 [INFO] BoardInfo:889 - No configuration file found for board NUCLEO-WB09KE
2024-12-06 21:28:35,453 [INFO] DbBoards:161 - Board is not supported: NUCLEO-WB09KE
2024-12-06 21:28:35,473 [INFO] BoardInfo:889 - No configuration file found for board P-NUCLEO-WB55
2024-12-06 21:28:35,474 [INFO] DbBoards:161 - Kit is not supported: P-NUCLEO-WB55
2024-12-06 21:28:35,478 [INFO] BoardInfo:889 - No configuration file found for board STEVAL-BFA001V1B
2024-12-06 21:28:35,478 [INFO] DbBoards:161 - Kit is not supported: STEVAL-BFA001V1B
2024-12-06 21:28:35,479 [INFO] BoardInfo:889 - No configuration file found for board STEVAL-BFA001V2B
2024-12-06 21:28:35,480 [INFO] DbBoards:161 - Kit is not supported: STEVAL-BFA001V2B
2024-12-06 21:28:35,588 [INFO] BoardInfo:889 - No configuration file found for board STM32MP257F-DK
2024-12-06 21:28:35,588 [INFO] DbBoards:161 - Board is not supported: STM32MP257F-DK
2024-12-06 21:28:35,589 [INFO] BoardInfo:889 - No configuration file found for board STM32MP257F-EV1
2024-12-06 21:28:35,590 [INFO] DbBoards:161 - Board is not supported: STM32MP257F-EV1
2024-12-06 21:28:35,599 [INFO] DbBoards:168 - Found 201 boards, 192 are supported
2024-12-06 21:28:35,599 [INFO] DbBoards:169 - Found 201 boards, 8 of them is supported for  Bsp
2024-12-06 21:28:35,608 [INFO] ApiDb:423 - Load user favorites file C:\Users\BASAVARAJ/.stm32cubeide/favorites.boards.txt: 1 item(s)
2024-12-06 21:28:35,608 [INFO] ApiDb:427 - User favorites Boards=[STM32F407G-DISC1]
2024-12-06 21:28:35,608 [INFO] DbBoards:198 - Set 1 / 1 favorites Boards
2024-12-06 21:28:35,611 [INFO] ApiDb:668 - CubeFinder database Data Model version=2.1
2024-12-06 21:28:35,611 [INFO] ApiDb:669 - CubeFinder database Configuration version=3.0.39
2024-12-06 21:28:35,611 [INFO] ApiDb:670 - CubeFinder database generation date=2024-11-21 (1732182206)
2024-12-06 21:28:35,611 [INFO] ApiDb:671 - CubeFinder database FW Pack versions=[FP-ATR-ASTRA1_V2.0.0, FP-SNS-FLIGHT1_V5.0.2, FP-SNS-MOTENV1_V5.0.0, FP-SNS-MOTENVWB1_V1.4.0, FP-SNS-SMARTAG2_V1.2.0, FP-SNS-STBOX1_V2.0.0, STM32Cube_FW_C0_V1.3.0, STM32Cube_FW_F4_V1.28.1, STM32Cube_FW_F7_V1.17.2, STM32Cube_FW_G0_V1.6.2, STM32Cube_FW_G4_V1.6.1, STM32Cube_FW_H5_V1.4.0, STM32Cube_FW_H7RS_V1.1.0, STM32Cube_FW_H7_V1.12.0, STM32Cube_FW_L0_V1.12.2, STM32Cube_FW_L4_V1.18.1, STM32Cube_FW_L5_V1.5.1, STM32Cube_FW_N6_V1.0.0, STM32Cube_FW_U0_V1.2.0, STM32Cube_FW_U3_V1.0.0, STM32Cube_FW_U5_V1.7.0, STM32Cube_FW_WB0_V1.1.0, STM32Cube_FW_WBA_V1.5.0, STM32Cube_FW_WB_V1.21.0, STM32Cube_FW_WL3_V1.0.0, STM32Cube_FW_WL_V1.3.0, X-CUBE-ALGOBUILD_V1.4.0, X-CUBE-ALS_V1.0.2, X-CUBE-AZRTOS-F4_V1.1.0, X-CUBE-AZRTOS-F7_V1.1.0, X-CUBE-AZRTOS-G0_V1.1.0, X-CUBE-AZRTOS-G4_V2.0.0, X-CUBE-AZRTOS-H7RS_V1.0.0, X-CUBE-AZRTOS-H7_V3.3.0, X-CUBE-AZRTOS-L4_V2.0.0, X-CUBE-AZRTOS-L5_V2.0.0, X-CUBE-AZRTOS-WB_V2.0.0, X-CUBE-AZRTOS-WL_V2.0.0, X-CUBE-BLE1_V7.0.0, X-CUBE-BLE2_V3.3.0, X-CUBE-BLEMGR_V3.1.0, X-CUBE-EEPRMA1_V5.1.0, X-CUBE-FREERTOS_V1.2.0, X-CUBE-GNSS1_V6.0.0, X-CUBE-MEMS1_V11.0.0, X-CUBE-NFC4_V3.0.0, X-CUBE-NFC7_V1.0.1, X-CUBE-SFXS2LP1_V4.0.0, X-CUBE-SUBG2_V5.0.0, X-CUBE-TOF1_V3.4.2]
2024-12-06 21:28:36,270 [ERROR] DbExamplesSqlite:437 - Missing JSON key: board_cpn
2024-12-06 21:28:36,270 [ERROR] DbExamplesSqlite:437 - Missing JSON key: board_cpn
2024-12-06 21:28:36,270 [ERROR] DbExamplesSqlite:437 - Missing JSON key: board_cpn
2024-12-06 21:28:36,271 [ERROR] DbExamplesSqlite:437 - Missing JSON key: board_cpn
2024-12-06 21:28:36,393 [ERROR] DbExamplesSqlite:437 - Missing JSON key: board_cpn
2024-12-06 21:28:36,393 [ERROR] DbExamplesSqlite:437 - Missing JSON key: board_cpn
2024-12-06 21:28:36,393 [ERROR] DbExamplesSqlite:437 - Missing JSON key: board_cpn
2024-12-06 21:28:36,393 [ERROR] DbExamplesSqlite:437 - Missing JSON key: board_cpn
2024-12-06 21:28:36,394 [ERROR] DbExamplesSqlite:437 - Missing JSON key: board_cpn
2024-12-06 21:28:36,394 [ERROR] DbExamplesSqlite:437 - Missing JSON key: board_cpn
2024-12-06 21:28:36,394 [ERROR] DbExamplesSqlite:437 - Missing JSON key: board_cpn
2024-12-06 21:28:36,394 [ERROR] DbExamplesSqlite:437 - Missing JSON key: board_cpn
2024-12-06 21:28:36,394 [ERROR] DbExamplesSqlite:437 - Missing JSON key: board_cpn
2024-12-06 21:28:36,552 [INFO] DbExamplesSqlite:395 - Ignored 77 examples not supported by CubeIDE
2024-12-06 21:28:36,553 [INFO] DbExamplesSqlite:396 - Found 10474 examples active
2024-12-06 21:28:36,553 [INFO] DbExamplesSqlite:397 - Found 0 examples obsolete
2024-12-06 21:28:36,553 [INFO] DbExamplesSqlite:398 - Found 0 examples under development
2024-12-06 21:28:36,553 [INFO] DbExamplesSqlite:399 - Found 43 examples not building
2024-12-06 21:28:36,555 [INFO] DbExamples:125 - Found 10440 examples
2024-12-06 21:28:36,730 [ERROR] DbExamples:208 - Found 682 examples with invalid data (board or MCU)
2024-12-06 21:28:36,730 [INFO] DbExamples:222 - Found 124 boards with related examples
2024-12-06 21:28:36,732 [INFO] DbExamples:235 - Found 105 MCUs with related examples
2024-12-06 21:28:36,766 [INFO] ApiDb:414 - User favorites file not found: C:\Users\BASAVARAJ/.stm32cubeide/favorites.examples.txt
2024-12-06 21:28:36,766 [INFO] DbExamples:250 - Set 0 / 0 favorites Examples
2024-12-06 21:28:37,191 [INFO] McuFinderGlobals:76 - Set McuFinderConnectedMode to true
2024-12-06 21:28:37,200 [INFO] MultiScanPanel:200 - Auto-refresh data requested => check proxy status ongoing
2024-12-06 21:28:37,204 [INFO] FinderPluginLoader:95 - Searching for filters in installed packs
2024-12-06 21:28:38,687 [INFO] LoadUrlFilesThread:185 - End of LoadServerUrlFiles without Thread
2024-12-06 21:28:38,725 [INFO] DetailPanel:341 - Set advertising image to C:/Users/BASAVARAJ/STM32Cube/Repository/\en.prom-stm32c071-usb-memories-mcu-finder.png
2024-12-06 21:31:36,421 [INFO] MainUpdater:2873 - connection check result : 10
2024-12-06 21:31:36,421 [INFO] MainUpdater:2873 - connection check result : 10
2024-12-06 21:31:36,459 [INFO] MicroXplorer:468 - Change Database Path : 
2024-12-06 21:31:36,460 [INFO] MicroXplorer:498 - Change Database Version : DB.6.0.110
2024-12-06 21:31:36,473 [WARN] ThirdParty:871 - waiting for thirdparty lock release [close project]
2024-12-06 21:31:36,473 [INFO] ThirdParty:873 - entering critical section [close project]
2024-12-06 21:31:36,475 [INFO] ThirdParty:883 - exiting critical section [close project]
2024-12-06 21:31:36,477 [INFO] PinOutPanel:1561 - setPackage(No Configuration,No Configuration)
2024-12-06 21:31:36,481 [INFO] UtilMem:75 - Begin LoadConfig() Used Memory: 649510184 Bytes (1073741824)
2024-12-06 21:31:36,486 [INFO] MicroXplorer:468 - Change Database Path : 
2024-12-06 21:31:36,486 [INFO] MicroXplorer:498 - Change Database Version : DB.6.0.110
2024-12-06 21:31:36,486 [INFO] OpenFileManager:312 - Change cursor
2024-12-06 21:31:36,922 [INFO] Mcu:2021 - Initializing MCU STM32F407VGTx STM32F407VGTx STM32F407VGT6
2024-12-06 21:31:39,564 [INFO] Context:663 - Trying to add GPIOservice into a context  which must be forbidden
2024-12-06 21:31:40,180 [INFO] ImportTextPane:194 - (OptionalMessage_ERROR) Unable to find key (Mcu.ThirdPartyNb) in loaded IOC file
2024-12-06 21:31:40,180 [INFO] ImportTextPane:194 - (OptionalMessage_ERROR) Unable to find key (Mcu.PinsNb) in loaded IOC file
2024-12-06 21:31:40,180 [INFO] ImportTextPane:194 - (OptionalMessage_ERROR) Unable to find key (Mcu.IPNb) in loaded IOC file
2024-12-06 21:31:40,401 [INFO] RtosManager:555 - Registered RTOS mode: class=CMSIS, group=RTOS, mode=CMSIS_V1, owner=FREERTOS
2024-12-06 21:31:40,401 [INFO] RtosManager:555 - Registered RTOS mode: class=CMSIS, group=RTOS2, mode=CMSIS_V2, owner=FREERTOS
2024-12-06 21:31:40,401 [INFO] RtosManager:555 - Registered RTOS mode: class=RTOS, group=Core, mode=CMSIS_V1, owner=FREERTOS
2024-12-06 21:31:40,401 [INFO] RtosManager:555 - Registered RTOS mode: class=RTOS, group=Core, mode=CMSIS_V2, owner=FREERTOS
2024-12-06 21:31:40,402 [WARN] ModelIntegratedComponent:184 - Missing modes for component STMicroelectronics:FreeRTOS:0.0.1:STMicroelectronics:RTOS:FreeRTOS:Core:::10.2.0:
2024-12-06 21:31:40,417 [WARN] ModelIntegratedComponent:63 - No mode defined for component null
2024-12-06 21:31:40,417 [WARN] ModelIntegratedComponent:63 - No mode defined for component null
2024-12-06 21:31:40,417 [WARN] ModelIntegratedComponent:63 - No mode defined for component null
2024-12-06 21:31:40,418 [WARN] ModelIntegratedComponent:63 - No mode defined for component null
2024-12-06 21:31:40,418 [WARN] ModelIntegratedComponent:63 - No mode defined for component null
2024-12-06 21:31:40,418 [WARN] ModelIntegratedComponent:63 - No mode defined for component null
2024-12-06 21:31:40,418 [WARN] ModelIntegratedComponent:63 - No mode defined for component null
2024-12-06 21:31:40,418 [WARN] ModelIntegratedComponent:63 - No mode defined for component null
2024-12-06 21:31:40,418 [WARN] ModelIntegratedComponent:63 - No mode defined for component null
2024-12-06 21:31:40,418 [WARN] ModelIntegratedComponent:63 - No mode defined for component null
2024-12-06 21:31:40,418 [WARN] ModelIntegratedComponent:63 - No mode defined for component null
2024-12-06 21:31:40,418 [WARN] ModelIntegratedComponent:63 - No mode defined for component null
2024-12-06 21:31:40,418 [WARN] ModelIntegratedComponent:63 - No mode defined for component null
2024-12-06 21:31:40,418 [WARN] ModelIntegratedComponent:63 - No mode defined for component null
2024-12-06 21:31:40,418 [WARN] ModelIntegratedComponent:63 - No mode defined for component null
2024-12-06 21:31:40,418 [WARN] ModelIntegratedComponent:63 - No mode defined for component null
2024-12-06 21:31:40,418 [WARN] ModelIntegratedComponent:63 - No mode defined for component null
2024-12-06 21:31:40,418 [WARN] ModelIntegratedComponent:63 - No mode defined for component null
2024-12-06 21:31:40,418 [WARN] ModelIntegratedComponent:63 - No mode defined for component null
2024-12-06 21:31:40,418 [WARN] ModelIntegratedComponent:63 - No mode defined for component null
2024-12-06 21:31:40,418 [WARN] ModelIntegratedComponent:63 - No mode defined for component null
2024-12-06 21:31:40,418 [WARN] ModelIntegratedComponent:63 - No mode defined for component null
2024-12-06 21:31:40,418 [WARN] ModelIntegratedComponent:63 - No mode defined for component null
2024-12-06 21:31:40,418 [WARN] ModelIntegratedComponent:63 - No mode defined for component null
2024-12-06 21:31:40,418 [WARN] ModelIntegratedComponent:63 - No mode defined for component null
2024-12-06 21:31:40,418 [WARN] ModelIntegratedComponent:63 - No mode defined for component null
2024-12-06 21:31:40,418 [WARN] ModelIntegratedComponent:63 - No mode defined for component null
2024-12-06 21:31:40,418 [WARN] ModelIntegratedComponent:63 - No mode defined for component null
2024-12-06 21:31:40,418 [WARN] ModelIntegratedComponent:63 - No mode defined for component null
2024-12-06 21:31:40,418 [WARN] ModelIntegratedComponent:63 - No mode defined for component null
2024-12-06 21:31:40,418 [WARN] ModelIntegratedComponent:63 - No mode defined for component null
2024-12-06 21:31:40,418 [WARN] ModelIntegratedComponent:63 - No mode defined for component null
2024-12-06 21:31:40,418 [WARN] ModelIntegratedComponent:63 - No mode defined for component null
2024-12-06 21:31:40,418 [WARN] ModelIntegratedComponent:63 - No mode defined for component null
2024-12-06 21:31:40,532 [INFO] ThirdPartyModel:298 - Start build external matchings
2024-12-06 21:31:41,463 [INFO] ThirdPartyModel:316 - End build external matchings
2024-12-06 21:31:41,838 [INFO] UtilMem:75 - End LoadConfig() Used Memory: 874396288 Bytes (1073741824)
2024-12-06 21:31:41,870 [WARN] ThirdParty:833 - waiting for thirdparty lock release [change project]
2024-12-06 21:31:41,870 [INFO] ThirdParty:835 - entering critical section [change project]
2024-12-06 21:31:41,870 [INFO] ThirdParty:1030 - CMSIS Pack Vendor :STMicroelectronics USBPD 4.1
2024-12-06 21:31:41,870 [INFO] ThirdParty:1030 - CMSIS Pack Vendor :STMicroelectronics X-CUBE-AZRTOS-H7 3.3.0
2024-12-06 21:31:41,870 [INFO] ThirdParty:1030 - CMSIS Pack Vendor :STMicroelectronics X-CUBE-NFC9 1.0.0
2024-12-06 21:31:41,870 [INFO] ThirdParty:1030 - CMSIS Pack Vendor :STMicroelectronics X-CUBE-GNSS1 6.0.0
2024-12-06 21:31:41,870 [INFO] ThirdParty:1030 - CMSIS Pack Vendor :STMicroelectronics USB_HOST 2.0.0
2024-12-06 21:31:41,870 [INFO] ThirdParty:1030 - CMSIS Pack Vendor :STMicroelectronics FP-SNS-MOTENVWB1 1.4.0
2024-12-06 21:31:41,870 [INFO] ThirdParty:1030 - CMSIS Pack Vendor :STMicroelectronics X-CUBE-AZRTOS-F4 1.1.0
2024-12-06 21:31:41,870 [INFO] ThirdParty:1030 - CMSIS Pack Vendor :STMicroelectronics LIBJPEG 8.0.0
2024-12-06 21:31:41,870 [INFO] ThirdParty:1030 - CMSIS Pack Vendor :STMicroelectronics FP-ATR-ASTRA1 2.0.1
2024-12-06 21:31:41,870 [INFO] ThirdParty:1030 - CMSIS Pack Vendor :STMicroelectronics X-CUBE-SMBUS 2.1.0
2024-12-06 21:31:41,870 [INFO] ThirdParty:1030 - CMSIS Pack Vendor :STMicroelectronics X-CUBE-WB05N 1.1.0
2024-12-06 21:31:41,870 [INFO] ThirdParty:1030 - CMSIS Pack Vendor :STMicroelectronics USB_DEVICE 3.0.0
2024-12-06 21:31:41,871 [INFO] ThirdParty:1030 - CMSIS Pack Vendor :STMicroelectronics X-CUBE-TCPP 4.1.0
2024-12-06 21:31:41,871 [INFO] ThirdParty:1030 - CMSIS Pack Vendor :STMicroelectronics X-CUBE-ISPU 2.1.0
2024-12-06 21:31:41,871 [INFO] ThirdParty:1030 - CMSIS Pack Vendor :STMicroelectronics X-CUBE-FREERTOS 1.2.0
2024-12-06 21:31:41,871 [INFO] ThirdParty:1030 - CMSIS Pack Vendor :STMicroelectronics X-CUBE-IPS 3.0.0
2024-12-06 21:31:41,871 [INFO] ThirdParty:1030 - CMSIS Pack Vendor :STMicroelectronics X-CUBE-AZRTOS-WB 2.0.0
2024-12-06 21:31:41,871 [INFO] ThirdParty:1030 - CMSIS Pack Vendor :STMicroelectronics X-CUBE-GNSS1 7.0.0
2024-12-06 21:31:41,871 [INFO] ThirdParty:1030 - CMSIS Pack Vendor :STMicroelectronics X-CUBE-TOUCHGFX 4.23.2
2024-12-06 21:31:41,871 [INFO] ThirdParty:1030 - CMSIS Pack Vendor :STMicroelectronics X-CUBE-AZRTOS-F7 1.1.0
2024-12-06 21:31:41,871 [INFO] ThirdParty:1030 - CMSIS Pack Vendor :STMicroelectronics X-CUBE-AZRTOS-L5 2.0.0
2024-12-06 21:31:41,871 [INFO] ThirdParty:1030 - CMSIS Pack Vendor :STMicroelectronics USB_DEVICE 2.0.0
2024-12-06 21:31:41,871 [INFO] ThirdParty:1030 - CMSIS Pack Vendor :STMicroelectronics X-CUBE-NFC6 3.1.0
2024-12-06 21:31:41,871 [INFO] ThirdParty:1030 - CMSIS Pack Vendor :STMicroelectronics FP-SNS-STBOX1 2.0.0
2024-12-06 21:31:41,871 [INFO] ThirdParty:1030 - CMSIS Pack Vendor :STMicroelectronics X-CUBE-ALGOBUILD 1.3.0
2024-12-06 21:31:41,871 [INFO] ThirdParty:1030 - CMSIS Pack Vendor :STMicroelectronics X-CUBE-MEMS1 11.0.0
2024-12-06 21:31:41,871 [INFO] ThirdParty:1030 - CMSIS Pack Vendor :STMicroelectronics FreeRTOS 0.0.1
2024-12-06 21:31:41,871 [INFO] ThirdParty:1030 - CMSIS Pack Vendor :STMicroelectronics X-CUBE-AZRTOS-G0 1.1.0
2024-12-06 21:31:41,871 [INFO] ThirdParty:1030 - CMSIS Pack Vendor :STMicroelectronics X-CUBE-SAFEA1 1.2.2
2024-12-06 21:31:41,871 [INFO] ThirdParty:1030 - CMSIS Pack Vendor :STMicroelectronics X-CUBE-NFC4 3.0.0
2024-12-06 21:31:41,871 [INFO] ThirdParty:1030 - CMSIS Pack Vendor :STMicroelectronics X-CUBE-DPower 1.2.0
2024-12-06 21:31:41,871 [INFO] ThirdParty:1030 - CMSIS Pack Vendor :STMicroelectronics X-CUBE-SUBG2 5.0.0
2024-12-06 21:31:41,871 [INFO] ThirdParty:1030 - CMSIS Pack Vendor :STMicroelectronics STM32_WPAN 1.0.0
2024-12-06 21:31:41,871 [INFO] ThirdParty:1030 - CMSIS Pack Vendor :wolfSSL I-CUBE-wolfMQTT 1.18.0
2024-12-06 21:31:41,871 [INFO] ThirdParty:1030 - CMSIS Pack Vendor :EmbeddedOffice I-CUBE-FS-RTOS 1.0.1
2024-12-06 21:31:41,871 [INFO] ThirdParty:1030 - CMSIS Pack Vendor :STMicroelectronics lwIP 2.0.3
2024-12-06 21:31:41,871 [INFO] ThirdParty:1030 - CMSIS Pack Vendor :STMicroelectronics FP-SNS-FLIGHT1 5.0.2
2024-12-06 21:31:41,871 [INFO] ThirdParty:1030 - CMSIS Pack Vendor :STMicroelectronics USB_HOST 1.0.0
2024-12-06 21:31:41,871 [INFO] ThirdParty:1030 - CMSIS Pack Vendor :STMicroelectronics X-CUBE-AI 9.0.0
2024-12-06 21:31:41,871 [INFO] ThirdParty:1030 - CMSIS Pack Vendor :STMicroelectronics X-CUBE-AZRTOS-G4 2.0.0
2024-12-06 21:31:41,871 [INFO] ThirdParty:1030 - CMSIS Pack Vendor :STMicroelectronics PDM2PCM 3.1.0
2024-12-06 21:31:41,871 [INFO] ThirdParty:1030 - CMSIS Pack Vendor :STMicroelectronics PDM2PCM 3.3.0
2024-12-06 21:31:41,871 [INFO] ThirdParty:1030 - CMSIS Pack Vendor :STMicroelectronics X-CUBE-DISPLAY 3.0.0
2024-12-06 21:31:41,871 [INFO] ThirdParty:1030 - CMSIS Pack Vendor :RealThread X-CUBE-RT-Thread_Nano 4.1.1
2024-12-06 21:31:41,871 [INFO] ThirdParty:1030 - CMSIS Pack Vendor :wolfSSL I-CUBE-wolfSSL 5.7.0
2024-12-06 21:31:41,871 [INFO] ThirdParty:1030 - CMSIS Pack Vendor :STMicroelectronics X-CUBE-BLE1 7.0.0
2024-12-06 21:31:41,871 [INFO] ThirdParty:1030 - CMSIS Pack Vendor :STMicroelectronics FP-ATR-SIGFOX1 3.2.0
2024-12-06 21:31:41,871 [INFO] ThirdParty:1030 - CMSIS Pack Vendor :STMicroelectronics X-CUBE-NFC10 1.0.0
2024-12-06 21:31:41,871 [INFO] ThirdParty:1030 - CMSIS Pack Vendor :quantropi X-CUBE-qispace-sdk-base 1.9.3
2024-12-06 21:31:41,871 [INFO] ThirdParty:1030 - CMSIS Pack Vendor :STMicroelectronics X-CUBE-ISPU 2.0.0
2024-12-06 21:31:41,871 [INFO] ThirdParty:1030 - CMSIS Pack Vendor :STMicroelectronics X-CUBE-EEPRMA1 5.1.0
2024-12-06 21:31:41,872 [INFO] ThirdParty:1030 - CMSIS Pack Vendor :STMicroelectronics HAL Drivers 0.0.0
2024-12-06 21:31:41,872 [INFO] ThirdParty:1030 - CMSIS Pack Vendor :STMicroelectronics MBEDTLS 2.16.2
2024-12-06 21:31:41,872 [INFO] ThirdParty:1030 - CMSIS Pack Vendor :STMicroelectronics X-CUBE-ALS 1.0.2
2024-12-06 21:31:41,872 [INFO] ThirdParty:1030 - CMSIS Pack Vendor :emotas I-CUBE-CANOPEN 1.3.0
2024-12-06 21:31:41,872 [INFO] ThirdParty:1030 - CMSIS Pack Vendor :STMicroelectronics X-CUBE-MEMS1 10.0.0
2024-12-06 21:31:41,872 [INFO] ThirdParty:1030 - CMSIS Pack Vendor :STMicroelectronics X-CUBE-FREERTOS 1.1.0
2024-12-06 21:31:41,872 [INFO] ThirdParty:1030 - CMSIS Pack Vendor :STMicroelectronics X-CUBE-NFC7 1.0.1
2024-12-06 21:31:41,872 [INFO] ThirdParty:1030 - CMSIS Pack Vendor :STMicroelectronics MBEDTLS 2.14.1
2024-12-06 21:31:41,872 [INFO] ThirdParty:1030 - CMSIS Pack Vendor :STMicroelectronics X-CUBE-TOUCHGFX 4.24.0
2024-12-06 21:31:41,872 [INFO] ThirdParty:1030 - CMSIS Pack Vendor :ITTIA_DB I-CUBE-ITTIADB 8.9.0
2024-12-06 21:31:41,872 [INFO] ThirdParty:1030 - CMSIS Pack Vendor :wolfSSL I-CUBE-wolfTPM 3.2.0
2024-12-06 21:31:41,872 [INFO] ThirdParty:1030 - CMSIS Pack Vendor :STMicroelectronics X-CUBE-TOUCHGFX 4.24.1
2024-12-06 21:31:41,872 [INFO] ThirdParty:1030 - CMSIS Pack Vendor :portGmbH I-Cube-SoM-uGOAL 1.1.0
2024-12-06 21:31:41,872 [INFO] ThirdParty:1030 - CMSIS Pack Vendor :STMicroelectronics X-CUBE-ALS 1.0.1
2024-12-06 21:31:41,872 [INFO] ThirdParty:1030 - CMSIS Pack Vendor :STMicroelectronics X-CUBE-BLEMGR 3.1.0
2024-12-06 21:31:41,872 [INFO] ThirdParty:1030 - CMSIS Pack Vendor :STMicroelectronics ThreadX 1.0.0
2024-12-06 21:31:41,872 [INFO] ThirdParty:1030 - CMSIS Pack Vendor :STMicroelectronics FP-SNS-SMARTAG2 1.2.0
2024-12-06 21:31:41,872 [INFO] ThirdParty:1030 - CMSIS Pack Vendor :STMicroelectronics X-CUBE-AZRTOS-WL 2.0.0
2024-12-06 21:31:41,872 [INFO] ThirdParty:1030 - CMSIS Pack Vendor :SEGGER I-CUBE-embOS 1.3.1
2024-12-06 21:31:41,872 [INFO] ThirdParty:1030 - CMSIS Pack Vendor :STMicroelectronics X-CUBE-ALGOBUILD 1.4.0
2024-12-06 21:31:41,872 [INFO] ThirdParty:1030 - CMSIS Pack Vendor :STMicroelectronics FP-SNS-MOTENV1 5.0.0
2024-12-06 21:31:41,872 [INFO] ThirdParty:1030 - CMSIS Pack Vendor :STMicroelectronics USB_DEVICE 1.0.0
2024-12-06 21:31:41,872 [INFO] ThirdParty:1030 - CMSIS Pack Vendor :STMicroelectronics X-CUBE-AZRTOS-H7RS 1.0.0
2024-12-06 21:31:41,872 [INFO] ThirdParty:1030 - CMSIS Pack Vendor :wolfSSL I-CUBE-wolfMQTT 1.19.0
2024-12-06 21:31:41,872 [INFO] ThirdParty:1030 - CMSIS Pack Vendor :STMicroelectronics X-CUBE-AZRTOS-L4 2.0.0
2024-12-06 21:31:41,872 [INFO] ThirdParty:1030 - CMSIS Pack Vendor :STMicroelectronics ThreadX 0.0.2
2024-12-06 21:31:41,872 [INFO] ThirdParty:1030 - CMSIS Pack Vendor :WES I-CUBE-Cesium 1.3.0
2024-12-06 21:31:41,872 [INFO] ThirdParty:1030 - CMSIS Pack Vendor :STMicroelectronics FP-ATR-ASTRA1 2.0.0
2024-12-06 21:31:41,872 [INFO] ThirdParty:1030 - CMSIS Pack Vendor :STMicroelectronics lwIP 2.1.2
2024-12-06 21:31:41,872 [INFO] ThirdParty:1030 - CMSIS Pack Vendor :STMicroelectronics X-CUBE-SFXS2LP1 4.0.0
2024-12-06 21:31:41,872 [INFO] ThirdParty:1030 - CMSIS Pack Vendor :STMicroelectronics X-CUBE-BLE2 3.3.0
2024-12-06 21:31:41,872 [INFO] ThirdParty:1030 - CMSIS Pack Vendor :STMicroelectronics X-CUBE-TOF1 3.4.2
2024-12-06 21:31:41,872 [INFO] ThirdParty:1030 - CMSIS Pack Vendor :STMicroelectronics X-CUBE-AI 9.1.0
2024-12-06 21:31:41,872 [INFO] ThirdParty:1030 - CMSIS Pack Vendor :STMicroelectronics X-CUBE-TOF1 3.4.1
2024-12-06 21:31:41,872 [INFO] ThirdParty:1030 - CMSIS Pack Vendor :STMicroelectronics X-CUBE-AZRTOS-H7 3.2.0
2024-12-06 21:31:41,872 [INFO] ThirdParty:1030 - CMSIS Pack Vendor :Infineon AIROC-Wi-Fi-Bluetooth-STM32 1.6.0
2024-12-06 21:31:41,872 [INFO] ThirdParty:1030 - CMSIS Pack Vendor :STMicroelectronics PDM2PCM 3.2.0
2024-12-06 21:31:41,872 [INFO] ThirdParty:1030 - CMSIS Pack Vendor :wolfSSL I-CUBE-wolfSSH 1.4.17
2024-12-06 21:31:41,873 [INFO] ThirdParty:841 - exiting critical section [change project]
2024-12-06 21:31:42,314 [INFO] PinOutPanel:1561 - setPackage(No Configuration,No Configuration)
2024-12-06 21:31:42,317 [INFO] PinOutPanel:1561 - setPackage(STM32F407VGTx,LQFP100)
2024-12-06 21:31:42,892 [INFO] UtilMem:75 - Before build in PCC Used Memory: 810522624 Bytes (1073741824)
2024-12-06 21:31:43,977 [INFO] UtilMem:75 - After build in PCC Used Memory: 908708968 Bytes (1073741824)
2024-12-06 21:31:44,014 [INFO] IPUIPlugin:80 - create IPUIPlugin
2024-12-06 21:31:44,014 [INFO] IPUIPlugin:80 - create IPUIPlugin
2024-12-06 21:31:44,015 [INFO] IPUIPlugin:80 - create IPUIPlugin
2024-12-06 21:31:44,015 [INFO] IPUIPlugin:80 - create IPUIPlugin
2024-12-06 21:31:44,015 [INFO] IPUIPlugin:80 - create IPUIPlugin
2024-12-06 21:31:44,015 [INFO] IPUIPlugin:80 - create IPUIPlugin
2024-12-06 21:31:44,015 [INFO] IPUIPlugin:80 - create IPUIPlugin
2024-12-06 21:31:44,015 [INFO] IPUIPlugin:80 - create IPUIPlugin
2024-12-06 21:31:44,015 [INFO] IPUIPlugin:80 - create IPUIPlugin
2024-12-06 21:31:44,016 [INFO] IPUIPlugin:80 - create IPUIPlugin
2024-12-06 21:31:44,016 [INFO] IPUIPlugin:80 - create IPUIPlugin
2024-12-06 21:31:44,016 [INFO] IPUIPlugin:80 - create IPUIPlugin
2024-12-06 21:31:44,016 [INFO] IPUIPlugin:80 - create IPUIPlugin
2024-12-06 21:31:44,016 [INFO] IPUIPlugin:80 - create IPUIPlugin
2024-12-06 21:31:44,016 [INFO] IPUIPlugin:80 - create IPUIPlugin
2024-12-06 21:31:44,016 [INFO] IPUIPlugin:80 - create IPUIPlugin
2024-12-06 21:31:44,017 [INFO] IPUIPlugin:80 - create IPUIPlugin
2024-12-06 21:31:44,017 [INFO] IPUIPlugin:80 - create IPUIPlugin
2024-12-06 21:31:44,017 [INFO] IPUIPlugin:80 - create IPUIPlugin
2024-12-06 21:31:44,017 [INFO] IPUIPlugin:80 - create IPUIPlugin
2024-12-06 21:31:44,017 [INFO] IPUIPlugin:80 - create IPUIPlugin
2024-12-06 21:31:44,019 [INFO] IPUIPlugin:80 - create IPUIPlugin
2024-12-06 21:31:44,019 [INFO] IPUIPlugin:80 - create IPUIPlugin
2024-12-06 21:31:44,019 [INFO] IPUIPlugin:80 - create IPUIPlugin
2024-12-06 21:31:44,020 [INFO] IPUIPlugin:80 - create IPUIPlugin
2024-12-06 21:31:44,020 [INFO] IPUIPlugin:80 - create IPUIPlugin
2024-12-06 21:31:44,020 [INFO] IPUIPlugin:80 - create IPUIPlugin
2024-12-06 21:31:44,021 [INFO] IPUIPlugin:80 - create IPUIPlugin
2024-12-06 21:31:44,021 [INFO] IPUIPlugin:80 - create IPUIPlugin
2024-12-06 21:31:44,021 [INFO] IPUIPlugin:80 - create IPUIPlugin
2024-12-06 21:31:44,022 [INFO] IPUIPlugin:80 - create IPUIPlugin
2024-12-06 21:31:44,022 [INFO] IPUIPlugin:80 - create IPUIPlugin
2024-12-06 21:31:44,022 [INFO] IPUIPlugin:80 - create IPUIPlugin
2024-12-06 21:31:44,023 [INFO] IPUIPlugin:80 - create IPUIPlugin
2024-12-06 21:31:44,023 [INFO] IPUIPlugin:80 - create IPUIPlugin
2024-12-06 21:31:44,023 [INFO] IPUIPlugin:80 - create IPUIPlugin
2024-12-06 21:31:44,024 [INFO] IPUIPlugin:80 - create IPUIPlugin
2024-12-06 21:31:44,024 [INFO] IPUIPlugin:80 - create IPUIPlugin
2024-12-06 21:31:44,024 [INFO] IPUIPlugin:80 - create IPUIPlugin
2024-12-06 21:31:44,025 [INFO] IPUIPlugin:80 - create IPUIPlugin
2024-12-06 21:31:44,025 [INFO] IPUIPlugin:80 - create IPUIPlugin
2024-12-06 21:31:44,026 [INFO] IPUIPlugin:80 - create IPUIPlugin
2024-12-06 21:31:44,026 [INFO] IPUIPlugin:80 - create IPUIPlugin
2024-12-06 21:31:44,026 [INFO] IPUIPlugin:80 - create IPUIPlugin
2024-12-06 21:31:44,027 [INFO] IPUIPlugin:80 - create IPUIPlugin
2024-12-06 21:31:44,027 [INFO] IPUIPlugin:80 - create IPUIPlugin
2024-12-06 21:31:44,028 [INFO] IPUIPlugin:80 - create IPUIPlugin
2024-12-06 21:31:44,028 [INFO] IPUIPlugin:80 - create IPUIPlugin
2024-12-06 21:31:44,028 [INFO] IPUIPlugin:80 - create IPUIPlugin
2024-12-06 21:31:44,029 [INFO] IPUIPlugin:80 - create IPUIPlugin
2024-12-06 21:31:44,030 [INFO] IPUIPlugin:80 - create IPUIPlugin
2024-12-06 21:31:44,030 [INFO] IPUIPlugin:80 - create IPUIPlugin
2024-12-06 21:31:44,031 [INFO] IPUIPlugin:80 - create IPUIPlugin
2024-12-06 21:31:44,031 [INFO] IPUIPlugin:80 - create IPUIPlugin
2024-12-06 21:31:44,032 [INFO] IPUIPlugin:80 - create IPUIPlugin
2024-12-06 21:31:44,032 [INFO] IPUIPlugin:80 - create IPUIPlugin
2024-12-06 21:31:44,033 [INFO] IPUIPlugin:80 - create IPUIPlugin
2024-12-06 21:31:44,033 [INFO] IPUIPlugin:80 - create IPUIPlugin
2024-12-06 21:31:44,151 [INFO] ApiDbMcu:508 - Load IP Config File for PDM2PCM
2024-12-06 21:31:44,414 [INFO] CADModel:165 - CPN selected for project levelSTM32F407VGT6
2024-12-06 21:31:44,414 [INFO] CADModel:114 - Register for checkConnection events
2024-12-06 21:31:44,463 [INFO] OpenFileManager:343 - Restore cursor
2024-12-06 21:31:47,467 [INFO] UtilMem:75 - End SaveConfig() Used Memory: 705116160 Bytes (1073741824)
2024-12-06 21:31:47,536 [INFO] UtilMem:75 - End SaveConfig() Used Memory: 728711168 Bytes (1073741824)
2024-12-06 21:31:48,073 [INFO] BlockDiagram:2759 - set Specific Code input for plugin: RCC
2024-12-06 21:31:48,073 [INFO] BlockDiagram:2759 - set Specific Code input for plugin: NVIC
2024-12-06 21:31:48,075 [INFO] CodeGenerator:807 - code generatio: config db path: C:\ST\STM32CubeIDE_1.15.0\STM32CubeIDE\plugins\com.st.stm32cube.common.mx_6.11.0.202403141607\\db\
2024-12-06 21:31:48,418 [INFO] CodeEngine:255 - oldGeneratedFile, D:\STM32\Stm32-HAL\RTC\RTC\MXTmpFiles\license.tmp_save
2024-12-06 21:31:49,081 [INFO] CodeEngine:279 - Generated code: D:\STM32\Stm32-HAL\RTC\RTC\MXTmpFiles\license.tmp
2024-12-06 21:31:49,111 [INFO] CodeEngine:255 - oldGeneratedFile, D:\STM32\Stm32-HAL\RTC\RTC\Core\Src\stm32f4xx_it.c_save
2024-12-06 21:31:49,321 [INFO] CodeEngine:279 - Generated code: D:\STM32\Stm32-HAL\RTC\RTC\Core\Src\stm32f4xx_it.c
2024-12-06 21:31:49,335 [INFO] CodeEngine:255 - oldGeneratedFile, D:\STM32\Stm32-HAL\RTC\RTC\Core\Inc\stm32f4xx_it.h_save
2024-12-06 21:31:49,458 [INFO] CodeEngine:279 - Generated code: D:\STM32\Stm32-HAL\RTC\RTC\Core\Inc\stm32f4xx_it.h
2024-12-06 21:31:49,596 [INFO] CodeEngine:255 - oldGeneratedFile, D:\STM32\Stm32-HAL\RTC\RTC\Core\Src\stm32f4xx_hal_msp.c_save
2024-12-06 21:31:49,781 [INFO] CodeEngine:279 - Generated code: D:\STM32\Stm32-HAL\RTC\RTC\Core\Src\stm32f4xx_hal_msp.c
2024-12-06 21:31:49,798 [INFO] CodeEngine:255 - oldGeneratedFile, D:\STM32\Stm32-HAL\RTC\RTC\MXTmpFiles\system.tmp_save
2024-12-06 21:31:49,888 [INFO] CodeEngine:279 - Generated code: D:\STM32\Stm32-HAL\RTC\RTC\MXTmpFiles\system.tmp
2024-12-06 21:31:49,916 [INFO] CodeEngine:311 - oldGeneratedFile, D:\STM32\Stm32-HAL\RTC\RTC\Core\Inc\stm32f4xx_hal_conf.h_save
2024-12-06 21:31:50,041 [INFO] CodeEngine:335 - Generated code: D:\STM32\Stm32-HAL\RTC\RTC\Core\Inc\stm32f4xx_hal_conf.h
2024-12-06 21:31:50,138 [INFO] CodeEngine:255 - oldGeneratedFile, D:\STM32\Stm32-HAL\RTC\RTC\Core\Inc\main.h_save
2024-12-06 21:31:50,279 [INFO] CodeEngine:279 - Generated code: D:\STM32\Stm32-HAL\RTC\RTC\Core\Inc\main.h
2024-12-06 21:31:50,295 [INFO] CodeEngine:255 - oldGeneratedFile, D:\STM32\Stm32-HAL\RTC\RTC\Core\Src\main.c_save
2024-12-06 21:31:50,495 [INFO] CodeEngine:279 - Generated code: D:\STM32\Stm32-HAL\RTC\RTC\Core\Src\main.c
2024-12-06 21:31:50,836 [INFO] ProjectBuilder:3163 - Time for Copy HAL[1] : 168mS.
2024-12-06 21:31:50,844 [INFO] ProjectBuilder:4736 - Project Generator version: 4.3.0-B58
2024-12-06 21:31:50,950 [INFO] ConfigFileManager:1503 - The Die is : DIE413
2024-12-06 21:31:50,977 [INFO] ApiDbMcu:508 - Load IP Config File for FATFS
2024-12-06 21:31:51,000 [INFO] ApiDbMcu:508 - Load IP Config File for FREERTOS
2024-12-06 21:31:51,017 [INFO] ApiDbMcu:508 - Load IP Config File for LIBJPEG
2024-12-06 21:31:51,037 [INFO] ApiDbMcu:508 - Load IP Config File for LWIP
2024-12-06 21:31:51,054 [INFO] ApiDbMcu:508 - Load IP Config File for MBEDTLS
2024-12-06 21:31:51,079 [INFO] ApiDbMcu:508 - Load IP Config File for USB_DEVICE
2024-12-06 21:31:51,098 [INFO] ApiDbMcu:508 - Load IP Config File for USB_HOST
2024-12-06 21:31:52,075 [INFO] LogOutputStream:77 - [STDOUT_REDIRECT] 
2024-12-06 21:31:57,002 [INFO] ProjectBuilder:5002 - Time for Generating toolchain IDE Files: 6158mS.
2024-12-06 21:31:57,002 [INFO] ProjectBuilder:3034 - Time for Copy CMSIS : 0mS.
2024-12-06 21:31:57,003 [INFO] ProjectBuilder:3034 - Time for Copy CMSIS : 0mS.
2024-12-06 21:31:59,679 [INFO] McuFinderGlobals:76 - Set McuFinderConnectedMode to true
2024-12-06 21:31:59,682 [INFO] ApiDb:448 - Save user favorites file C:\Users\BASAVARAJ/.stm32cubeide/favorites.mcus.txt: 1 item(s)
2024-12-06 21:31:59,684 [INFO] ApiDb:452 - User favorites MCUs=[STM32F407VGT6]
2024-12-06 21:33:59,177 [INFO] NvicIntPanel:101 - NVIC parent = com.st.microxplorer.plugins.ip.nvic.MultiNvicIntPanel[,0,0,0x0,invalid,layout=javax.swing.BoxLayout,alignmentX=0.0,alignmentY=0.0,border=,flags=9,maximumSize=,minimumSize=,preferredSize=]
2024-12-06 21:34:10,456 [INFO] NvicIntPanel:101 - NVIC parent = com.st.microxplorer.plugins.ip.nvic.MultiNvicIntPanel[,0,0,0x0,invalid,layout=javax.swing.BoxLayout,alignmentX=0.0,alignmentY=0.0,border=,flags=9,maximumSize=,minimumSize=,preferredSize=]
2024-12-06 21:34:23,966 [INFO] NvicIntPanel:101 - NVIC parent = com.st.microxplorer.plugins.ip.nvic.MultiNvicIntPanel[,0,0,0x0,invalid,layout=javax.swing.BoxLayout,alignmentX=0.0,alignmentY=0.0,border=,flags=9,maximumSize=,minimumSize=,preferredSize=]
2024-12-06 21:34:32,893 [INFO] NvicIntPanel:101 - NVIC parent = com.st.microxplorer.plugins.ip.nvic.MultiNvicIntPanel[,0,0,0x0,invalid,layout=javax.swing.BoxLayout,alignmentX=0.0,alignmentY=0.0,border=,flags=9,maximumSize=,minimumSize=,preferredSize=]
2024-12-06 21:34:41,953 [INFO] NvicIntPanel:101 - NVIC parent = com.st.microxplorer.plugins.ip.nvic.MultiNvicIntPanel[,0,0,0x0,invalid,layout=javax.swing.BoxLayout,alignmentX=0.0,alignmentY=0.0,border=,flags=9,maximumSize=,minimumSize=,preferredSize=]
2024-12-06 21:35:02,737 [INFO] NvicIntPanel:101 - NVIC parent = com.st.microxplorer.plugins.ip.nvic.MultiNvicIntPanel[,0,0,0x0,invalid,layout=javax.swing.BoxLayout,alignmentX=0.0,alignmentY=0.0,border=,flags=9,maximumSize=,minimumSize=,preferredSize=]
2024-12-06 21:36:02,747 [INFO] NvicIntPanel:101 - NVIC parent = com.st.microxplorer.plugins.ip.nvic.MultiNvicIntPanel[,0,0,450x284,layout=javax.swing.BoxLayout,alignmentX=0.0,alignmentY=0.0,border=,flags=9,maximumSize=,minimumSize=,preferredSize=]
2024-12-06 21:36:05,173 [INFO] NvicIntPanel:101 - NVIC parent = com.st.microxplorer.plugins.ip.nvic.MultiNvicIntPanel[,0,0,0x0,invalid,layout=javax.swing.BoxLayout,alignmentX=0.0,alignmentY=0.0,border=,flags=9,maximumSize=,minimumSize=,preferredSize=]
2024-12-06 21:36:06,998 [INFO] NvicIntPanel:101 - NVIC parent = com.st.microxplorer.plugins.ip.nvic.MultiNvicIntPanel[,0,0,0x0,invalid,layout=javax.swing.BoxLayout,alignmentX=0.0,alignmentY=0.0,border=,flags=9,maximumSize=,minimumSize=,preferredSize=]
2024-12-06 21:36:54,545 [INFO] UtilMem:75 - End SaveConfig() Used Memory: 641566824 Bytes (1073741824)
2024-12-06 21:36:56,465 [INFO] UtilMem:75 - End SaveConfig() Used Memory: 674072752 Bytes (1073741824)
2024-12-06 21:36:58,301 [INFO] UtilMem:75 - End SaveConfig() Used Memory: 723879448 Bytes (1073741824)
2024-12-06 21:36:58,583 [INFO] BlockDiagram:2759 - set Specific Code input for plugin: SYS
2024-12-06 21:36:58,583 [INFO] BlockDiagram:2759 - set Specific Code input for plugin: RCC
2024-12-06 21:36:58,583 [INFO] BlockDiagram:2759 - set Specific Code input for plugin: RTC
2024-12-06 21:36:58,583 [INFO] BlockDiagram:2759 - set Specific Code input for plugin: NVIC
2024-12-06 21:36:58,585 [INFO] BlockDiagram:2759 - set Specific Code input for plugin: GPIO
2024-12-06 21:36:58,586 [INFO] CodeGenerator:807 - code generatio: config db path: C:\ST\STM32CubeIDE_1.15.0\STM32CubeIDE\plugins\com.st.stm32cube.common.mx_6.11.0.202403141607\\db\
2024-12-06 21:36:58,707 [INFO] CodeEngine:255 - oldGeneratedFile, D:\STM32\Stm32-HAL\RTC\RTC\MXTmpFiles\license.tmp_save
2024-12-06 21:36:58,818 [INFO] CodeEngine:279 - Generated code: D:\STM32\Stm32-HAL\RTC\RTC\MXTmpFiles\license.tmp
2024-12-06 21:36:58,856 [INFO] CodeEngine:255 - oldGeneratedFile, D:\STM32\Stm32-HAL\RTC\RTC\MXTmpFiles\gpio.tmp_save
2024-12-06 21:36:59,002 [INFO] CodeEngine:279 - Generated code: D:\STM32\Stm32-HAL\RTC\RTC\MXTmpFiles\gpio.tmp
2024-12-06 21:36:59,099 [INFO] CodeEngine:255 - oldGeneratedFile, D:\STM32\Stm32-HAL\RTC\RTC\Core\Src\stm32f4xx_it.c_save
2024-12-06 21:36:59,270 [INFO] CodeEngine:279 - Generated code: D:\STM32\Stm32-HAL\RTC\RTC\Core\Src\stm32f4xx_it.c
2024-12-06 21:36:59,282 [INFO] CodeEngine:255 - oldGeneratedFile, D:\STM32\Stm32-HAL\RTC\RTC\Core\Inc\stm32f4xx_it.h_save
2024-12-06 21:36:59,379 [INFO] CodeEngine:279 - Generated code: D:\STM32\Stm32-HAL\RTC\RTC\Core\Inc\stm32f4xx_it.h
2024-12-06 21:36:59,402 [INFO] CodeEngine:255 - oldGeneratedFile, D:\STM32\Stm32-HAL\RTC\RTC\Core\Src\stm32f4xx_hal_msp.c_save
2024-12-06 21:36:59,533 [INFO] CodeEngine:279 - Generated code: D:\STM32\Stm32-HAL\RTC\RTC\Core\Src\stm32f4xx_hal_msp.c
2024-12-06 21:36:59,537 [INFO] CodeEngine:255 - oldGeneratedFile, D:\STM32\Stm32-HAL\RTC\RTC\MXTmpFiles\system.tmp_save
2024-12-06 21:36:59,591 [INFO] CodeEngine:279 - Generated code: D:\STM32\Stm32-HAL\RTC\RTC\MXTmpFiles\system.tmp
2024-12-06 21:36:59,608 [INFO] CodeEngine:311 - oldGeneratedFile, D:\STM32\Stm32-HAL\RTC\RTC\Core\Inc\stm32f4xx_hal_conf.h_save
2024-12-06 21:36:59,704 [INFO] CodeEngine:335 - Generated code: D:\STM32\Stm32-HAL\RTC\RTC\Core\Inc\stm32f4xx_hal_conf.h
2024-12-06 21:36:59,770 [INFO] CodeEngine:255 - oldGeneratedFile, D:\STM32\Stm32-HAL\RTC\RTC\Core\Inc\main.h_save
2024-12-06 21:36:59,848 [INFO] CodeEngine:279 - Generated code: D:\STM32\Stm32-HAL\RTC\RTC\Core\Inc\main.h
2024-12-06 21:36:59,864 [INFO] CodeEngine:255 - oldGeneratedFile, D:\STM32\Stm32-HAL\RTC\RTC\Core\Src\main.c_save
2024-12-06 21:37:00,025 [INFO] CodeEngine:279 - Generated code: D:\STM32\Stm32-HAL\RTC\RTC\Core\Src\main.c
2024-12-06 21:37:00,310 [INFO] ProjectBuilder:3163 - Time for Copy HAL[1] : 123mS.
2024-12-06 21:37:00,313 [INFO] ProjectBuilder:4736 - Project Generator version: 4.3.0-B58
2024-12-06 21:37:00,370 [INFO] ConfigFileManager:1503 - The Die is : DIE413
2024-12-06 21:37:01,620 [INFO] ProjectBuilder:5002 - Time for Generating toolchain IDE Files: 1306mS.
2024-12-06 21:37:01,620 [INFO] ProjectBuilder:3034 - Time for Copy CMSIS : 0mS.
2024-12-06 21:37:01,621 [INFO] ProjectBuilder:3034 - Time for Copy CMSIS : 0mS.
2024-12-06 21:51:29,838 [ERROR] ConfigurationRetriever:142 - IOException on connection: Connect timed out
2024-12-06 23:36:01,789 [ERROR] LogOutputStream:75 - [STDERR_REDIRECT] 
