2024-07-08 00:04:45,347 [ERROR] LogOutputStream:75 - [STDERR_REDIRECT] 
2024-07-08 00:16:13,542 [INFO] Activator:176 - 


2024-07-08 00:16:13,545 [INFO] Activator:177 - !SESSION log4j initialized
2024-07-08 00:16:20,859 [INFO] LogOutputStream:77 - [STDOUT_REDIRECT] 
2024-07-08 00:16:27,751 [INFO] ApplicationProperties:184 - Using Application install path: C:\ST\STM32CubeIDE_1.15.0\STM32CubeIDE\plugins\com.st.stm32cube.common.mx_6.11.0.202403141607
2024-07-08 00:16:27,792 [INFO] DbMcusXml:78 - Set database path to: C:\ST\STM32CubeIDE_1.15.0\STM32CubeIDE\plugins\com.st.stm32cube.common.mx_6.11.0.202403141607\\db\/mcu/
2024-07-08 00:16:27,792 [INFO] ApiDb:274 - Set plugin database path to: C:\ST\STM32CubeIDE_1.15.0\STM32CubeIDE\plugins\com.st.stm32cube.common.mx_6.11.0.202403141607\\db\/plugins/boardmanager/
2024-07-08 00:16:27,793 [WARN] ApiDb:259 - Overriding images path with different value:  => C:\ST\STM32CubeIDE_1.15.0\STM32CubeIDE\plugins\com.st.stm32cube.common.mx_6.11.0.202403141607\\db\/plugins/mcufinder/images/
2024-07-08 00:16:27,807 [INFO] ApiDb:250 - Set database path to: C:\Users\BASAVARAJ\.stmcufinder\plugins\mcufinder//mcu/
2024-07-08 00:16:27,808 [INFO] DbMcusAds:125 - Set database path to: C:\Users\BASAVARAJ\.stmcufinder\plugins\mcufinder//mcu/
2024-07-08 00:16:27,810 [INFO] CrossReferenceDbSqlite:203 - Set database path to: C:\Users\BASAVARAJ\.stmcufinder\plugins\mcufinder//mcu/cs/
2024-07-08 00:16:28,064 [INFO] RulesReader:64 - Compatibility file has been processed (297 Rules)
2024-07-08 00:16:28,246 [INFO] DbMcusXml:78 - Set database path to: C:\ST\STM32CubeIDE_1.15.0\STM32CubeIDE\plugins\com.st.stm32cube.common.mx_6.11.0.202403141607\\db\/mcu/
2024-07-08 00:16:28,246 [INFO] ApiDb:274 - Set plugin database path to: C:\ST\STM32CubeIDE_1.15.0\STM32CubeIDE\plugins\com.st.stm32cube.common.mx_6.11.0.202403141607\\db\/plugins/boardmanager/
2024-07-08 00:16:28,246 [INFO] ApiDb:261 - Set plugin images path to: C:\ST\STM32CubeIDE_1.15.0\STM32CubeIDE\plugins\com.st.stm32cube.common.mx_6.11.0.202403141607\\db\/plugins/mcufinder/images/
2024-07-08 00:16:28,247 [WARN] DbFile:41 - Overriding database path with different value: C:\Users\BASAVARAJ\.stmcufinder\plugins\mcufinder/ => C:\Users\BASAVARAJ\.stmcufinder\plugins\mcufinder
2024-07-08 00:16:28,247 [INFO] ApiDb:250 - Set database path to: C:\Users\BASAVARAJ\.stmcufinder\plugins\mcufinder//mcu/
2024-07-08 00:16:28,247 [WARN] DbFile:41 - Overriding database path with different value: C:\Users\BASAVARAJ\.stmcufinder\plugins\mcufinder/ => C:\Users\BASAVARAJ\.stmcufinder\plugins\mcufinder
2024-07-08 00:16:28,247 [INFO] DbMcusAds:125 - Set database path to: C:\Users\BASAVARAJ\.stmcufinder\plugins\mcufinder//mcu/
2024-07-08 00:16:28,248 [WARN] DbFile:41 - Overriding database path with different value: C:\Users\BASAVARAJ\.stmcufinder\plugins\mcufinder/ => C:\Users\BASAVARAJ\.stmcufinder\plugins\mcufinder
2024-07-08 00:16:28,248 [WARN] DbFile:41 - Overriding database path with different value: C:\Users\BASAVARAJ\.stmcufinder\plugins\mcufinder/ => C:\Users\BASAVARAJ\.stmcufinder\plugins\mcufinder
2024-07-08 00:16:28,248 [INFO] CrossReferenceDbSqlite:203 - Set database path to: C:\Users\BASAVARAJ\.stmcufinder\plugins\mcufinder//mcu/cs/
2024-07-08 00:16:28,389 [INFO] MainPanel:264 - HeapMemory: 268435456
2024-07-08 00:16:28,577 [INFO] DbMcusXml:78 - Set database path to: C:\ST\STM32CubeIDE_1.15.0\STM32CubeIDE\plugins\com.st.stm32cube.common.mx_6.11.0.202403141607\\db\/mcu/
2024-07-08 00:16:28,577 [INFO] ApiDb:274 - Set plugin database path to: C:\ST\STM32CubeIDE_1.15.0\STM32CubeIDE\plugins\com.st.stm32cube.common.mx_6.11.0.202403141607\\db\/plugins/boardmanager/
2024-07-08 00:16:28,577 [INFO] ApiDb:261 - Set plugin images path to: C:\ST\STM32CubeIDE_1.15.0\STM32CubeIDE\plugins\com.st.stm32cube.common.mx_6.11.0.202403141607\\db\/plugins/mcufinder/images/
2024-07-08 00:16:28,577 [WARN] DbFile:41 - Overriding database path with different value: C:\Users\BASAVARAJ\.stmcufinder\plugins\mcufinder/ => C:\Users\BASAVARAJ\.stmcufinder\plugins\mcufinder
2024-07-08 00:16:28,577 [INFO] ApiDb:250 - Set database path to: C:\Users\BASAVARAJ\.stmcufinder\plugins\mcufinder//mcu/
2024-07-08 00:16:28,577 [WARN] DbFile:41 - Overriding database path with different value: C:\Users\BASAVARAJ\.stmcufinder\plugins\mcufinder/ => C:\Users\BASAVARAJ\.stmcufinder\plugins\mcufinder
2024-07-08 00:16:28,577 [INFO] DbMcusAds:125 - Set database path to: C:\Users\BASAVARAJ\.stmcufinder\plugins\mcufinder//mcu/
2024-07-08 00:16:28,578 [WARN] DbFile:41 - Overriding database path with different value: C:\Users\BASAVARAJ\.stmcufinder\plugins\mcufinder/ => C:\Users\BASAVARAJ\.stmcufinder\plugins\mcufinder
2024-07-08 00:16:28,578 [WARN] DbFile:41 - Overriding database path with different value: C:\Users\BASAVARAJ\.stmcufinder\plugins\mcufinder/ => C:\Users\BASAVARAJ\.stmcufinder\plugins\mcufinder
2024-07-08 00:16:28,578 [INFO] CrossReferenceDbSqlite:203 - Set database path to: C:\Users\BASAVARAJ\.stmcufinder\plugins\mcufinder//mcu/cs/
2024-07-08 00:16:28,605 [INFO] ApplicationProperties:184 - Using Application install path: C:\ST\STM32CubeIDE_1.15.0\STM32CubeIDE\plugins\com.st.stm32cube.common.mx_6.11.0.202403141607
2024-07-08 00:16:28,609 [INFO] PluginManage:196 - Search for loadable plugins [exclusion list=, ]
2024-07-08 00:16:28,611 [INFO] PluginManage:310 - Check plugin analytics
2024-07-08 00:16:28,887 [INFO] AnalyticsPlugin:253 - Accepted Software Licenses: 
2024-07-08 00:16:28,887 [INFO] AnalyticsPlugin:255 - Accepted CMSIS Pack Licenses: 
2024-07-08 00:16:28,888 [INFO] AnalyticsPlugin:257 - Accepted Firmware Licenses: FW.F4.1.28.0
2024-07-08 00:16:28,892 [INFO] PluginManage:359 - Loaded plugin analytics (category:tool,tabindex:-1)
2024-07-08 00:16:28,892 [INFO] PluginManage:310 - Check plugin cadmodel
2024-07-08 00:16:28,912 [INFO] CADModel:105 - Init CAD model plugin
2024-07-08 00:16:28,912 [INFO] PluginManage:359 - Loaded plugin cadmodel (category:power,tabindex:5)
2024-07-08 00:16:28,912 [INFO] PluginManage:310 - Check plugin clock
2024-07-08 00:16:28,942 [INFO] PluginManage:359 - Loaded plugin clock (category:base,tabindex:2)
2024-07-08 00:16:28,943 [INFO] PluginManage:310 - Check plugin ddr
2024-07-08 00:16:28,946 [INFO] PluginManage:359 - Loaded plugin ddr (category:tool,tabindex:6)
2024-07-08 00:16:28,946 [INFO] PluginManage:310 - Check plugin filemanager
2024-07-08 00:16:29,202 [INFO] PluginManage:359 - Loaded plugin filemanager (category:base,tabindex:10)
2024-07-08 00:16:29,202 [INFO] PluginManage:310 - Check plugin ipmanager
2024-07-08 00:16:29,211 [INFO] PluginManage:359 - Loaded plugin ipmanager (category:base,tabindex:5)
2024-07-08 00:16:29,211 [INFO] PluginManage:310 - Check plugin lpbam
2024-07-08 00:16:29,236 [INFO] PluginManage:359 - Loaded plugin lpbam (category:base,tabindex:0)
2024-07-08 00:16:29,236 [INFO] PluginManage:310 - Check plugin memorymap
2024-07-08 00:16:29,282 [INFO] PluginManage:359 - Loaded plugin memorymap (category:base,tabindex:4)
2024-07-08 00:16:29,282 [INFO] PluginManage:310 - Check plugin pinoutandconfiguration
2024-07-08 00:16:29,309 [INFO] PluginManage:359 - Loaded plugin pinoutandconfiguration (category:base,tabindex:1)
2024-07-08 00:16:29,309 [INFO] PluginManage:310 - Check plugin pinoutconfig
2024-07-08 00:16:29,436 [WARN] SupportedApi:132 - Cannot load RTOS API schema: s4s-elt-must-match.1: The content of 'definitions' must match (annotation?, (simpleType | complexType)?, (unique | key | keyref)*)). A problem was found starting at: attribute.
2024-07-08 00:16:29,658 [INFO] PluginManage:359 - Loaded plugin pinoutconfig (category:base,tabindex:0)
2024-07-08 00:16:29,658 [INFO] PluginManage:310 - Check plugin power
2024-07-08 00:16:29,683 [INFO] PluginManage:359 - Loaded plugin power (category:power,tabindex:4)
2024-07-08 00:16:29,683 [INFO] PluginManage:310 - Check plugin projectmanager
2024-07-08 00:16:29,734 [INFO] PluginManage:359 - Loaded plugin projectmanager (category:projectmanager,tabindex:3)
2024-07-08 00:16:29,734 [INFO] PluginManage:310 - Check plugin thirdparty
2024-07-08 00:16:30,217 [INFO] PluginManage:359 - Loaded plugin thirdparty (category:base,tabindex:-1)
2024-07-08 00:16:30,217 [WARN] IntegrityCheckThread:84 - waiting for thirdparty lock release [integrity check]
2024-07-08 00:16:30,217 [INFO] IntegrityCheckThread:86 - entering critical section [integrity check]
2024-07-08 00:16:30,217 [INFO] PluginManage:310 - Check plugin tools
2024-07-08 00:16:30,219 [INFO] ThirdPartyUpdaterWithRetryManager:70 - Updater plugin not ready yet. [1/15]
2024-07-08 00:16:30,297 [INFO] PluginManage:359 - Loaded plugin tools (category:base,tabindex:7)
2024-07-08 00:16:30,299 [INFO] PluginManage:310 - Check plugin tutovideos
2024-07-08 00:16:30,619 [INFO] PluginManage:359 - Loaded plugin tutovideos (category:base,tabindex:-1)
2024-07-08 00:16:30,619 [INFO] PluginManage:310 - Check plugin updater
2024-07-08 00:16:30,643 [INFO] PluginManage:359 - Loaded plugin updater (category:base,tabindex:12)
2024-07-08 00:16:30,643 [INFO] PluginManage:310 - Check plugin userauth
2024-07-08 00:16:30,656 [INFO] UserAuth:114 - Init User Auth plugin
2024-07-08 00:16:30,657 [INFO] PluginManage:359 - Loaded plugin userauth (category:base,tabindex:14)
2024-07-08 00:16:30,658 [INFO] PluginManage:283 - PluginManage : Loaded plugins [17]
2024-07-08 00:16:30,986 [INFO] PinOutPanel:1561 - setPackage(No Configuration,No Configuration)
2024-07-08 00:16:31,098 [INFO] CADModel:165 - CPN selected for project level
2024-07-08 00:16:31,098 [INFO] CADModel:114 - Register for checkConnection events
2024-07-08 00:16:31,140 [INFO] IPUIPlugin:80 - create IPUIPlugin
2024-07-08 00:16:31,141 [INFO] PluginManager:220 - loadIPPluginJar : add adc
2024-07-08 00:16:31,235 [INFO] IPUIPlugin:80 - create IPUIPlugin
2024-07-08 00:16:31,235 [INFO] PluginManager:220 - loadIPPluginJar : add aes
2024-07-08 00:16:31,350 [INFO] IPUIPlugin:80 - create IPUIPlugin
2024-07-08 00:16:31,350 [INFO] PluginManager:220 - loadIPPluginJar : add can
2024-07-08 00:16:31,403 [INFO] IPUIPlugin:80 - create IPUIPlugin
2024-07-08 00:16:31,403 [INFO] PluginManager:220 - loadIPPluginJar : add comp
2024-07-08 00:16:31,505 [INFO] IPUIPlugin:80 - create IPUIPlugin
2024-07-08 00:16:31,505 [INFO] PluginManager:220 - loadIPPluginJar : add cryp
2024-07-08 00:16:31,578 [INFO] IPUIPlugin:80 - create IPUIPlugin
2024-07-08 00:16:31,579 [INFO] PluginManager:220 - loadIPPluginJar : add dfsdm
2024-07-08 00:16:31,613 [INFO] IPUIPlugin:80 - create IPUIPlugin
2024-07-08 00:16:31,613 [INFO] PluginManager:220 - loadIPPluginJar : add dma
2024-07-08 00:16:31,737 [INFO] IPUIPlugin:80 - create IPUIPlugin
2024-07-08 00:16:31,737 [INFO] PluginManager:220 - loadIPPluginJar : add dma3
2024-07-08 00:16:31,850 [INFO] IPUIPlugin:80 - create IPUIPlugin
2024-07-08 00:16:31,850 [INFO] PluginManager:220 - loadIPPluginJar : add extmemmanager
2024-07-08 00:16:31,904 [INFO] IPUIPlugin:80 - create IPUIPlugin
2024-07-08 00:16:31,904 [INFO] PluginManager:220 - loadIPPluginJar : add fatfs
2024-07-08 00:16:32,027 [INFO] IPUIPlugin:80 - create IPUIPlugin
2024-07-08 00:16:32,027 [INFO] PluginManager:220 - loadIPPluginJar : add fmc
2024-07-08 00:16:32,062 [INFO] IPUIPlugin:80 - create IPUIPlugin
2024-07-08 00:16:32,062 [INFO] PluginManager:220 - loadIPPluginJar : add freertos
2024-07-08 00:16:32,108 [INFO] IPUIPlugin:80 - create IPUIPlugin
2024-07-08 00:16:32,109 [INFO] PluginManager:220 - loadIPPluginJar : add genericplugin
2024-07-08 00:16:32,378 [INFO] IPUIPlugin:80 - create IPUIPlugin
2024-07-08 00:16:32,378 [INFO] PluginManager:220 - loadIPPluginJar : add gfxmmu
2024-07-08 00:16:32,789 [INFO] IPUIPlugin:80 - create IPUIPlugin
2024-07-08 00:16:32,790 [INFO] PluginManager:220 - loadIPPluginJar : add gic
2024-07-08 00:16:32,820 [INFO] IPUIPlugin:80 - create IPUIPlugin
2024-07-08 00:16:32,820 [INFO] PluginManager:220 - loadIPPluginJar : add gpio
2024-07-08 00:16:33,057 [INFO] IPUIPlugin:80 - create IPUIPlugin
2024-07-08 00:16:33,057 [INFO] PluginManager:220 - loadIPPluginJar : add gtzc
2024-07-08 00:16:33,126 [INFO] IPUIPlugin:80 - create IPUIPlugin
2024-07-08 00:16:33,126 [INFO] PluginManager:220 - loadIPPluginJar : add hash
2024-07-08 00:16:33,220 [INFO] ThirdPartyUpdaterWithRetryManager:70 - Updater plugin not ready yet. [2/15]
2024-07-08 00:16:33,273 [INFO] IPUIPlugin:80 - create IPUIPlugin
2024-07-08 00:16:33,273 [INFO] PluginManager:220 - loadIPPluginJar : add i2c
2024-07-08 00:16:33,370 [INFO] IPUIPlugin:80 - create IPUIPlugin
2024-07-08 00:16:33,370 [INFO] PluginManager:220 - loadIPPluginJar : add i2s
2024-07-08 00:16:33,492 [INFO] IPUIPlugin:80 - create IPUIPlugin
2024-07-08 00:16:33,493 [INFO] PluginManager:220 - loadIPPluginJar : add i3c
2024-07-08 00:16:33,802 [INFO] IPUIPlugin:80 - create IPUIPlugin
2024-07-08 00:16:33,803 [INFO] PluginManager:220 - loadIPPluginJar : add ipddr
2024-07-08 00:16:34,082 [INFO] IPUIPlugin:80 - create IPUIPlugin
2024-07-08 00:16:34,083 [INFO] PluginManager:220 - loadIPPluginJar : add linkedlist
2024-07-08 00:16:34,192 [INFO] IPUIPlugin:80 - create IPUIPlugin
2024-07-08 00:16:34,192 [INFO] PluginManager:220 - loadIPPluginJar : add lorawan
2024-07-08 00:16:34,304 [INFO] IPUIPlugin:80 - create IPUIPlugin
2024-07-08 00:16:34,304 [INFO] PluginManager:220 - loadIPPluginJar : add ltdc
2024-07-08 00:16:34,336 [INFO] IPUIPlugin:80 - create IPUIPlugin
2024-07-08 00:16:34,336 [INFO] PluginManager:220 - loadIPPluginJar : add mdma
2024-07-08 00:16:34,353 [INFO] IPUIPlugin:80 - create IPUIPlugin
2024-07-08 00:16:34,353 [INFO] PluginManager:220 - loadIPPluginJar : add nvic
2024-07-08 00:16:34,431 [INFO] IPUIPlugin:80 - create IPUIPlugin
2024-07-08 00:16:34,431 [INFO] PluginManager:220 - loadIPPluginJar : add opamp
2024-07-08 00:16:34,617 [INFO] IPUIPlugin:80 - create IPUIPlugin
2024-07-08 00:16:34,617 [INFO] PluginManager:220 - loadIPPluginJar : add openamp
2024-07-08 00:16:34,742 [INFO] IPUIPlugin:80 - create IPUIPlugin
2024-07-08 00:16:34,742 [INFO] PluginManager:220 - loadIPPluginJar : add pdm2pcm
2024-07-08 00:16:34,763 [INFO] IPUIPlugin:80 - create IPUIPlugin
2024-07-08 00:16:34,765 [INFO] PluginManager:220 - loadIPPluginJar : add plateformsettings
2024-07-08 00:16:34,803 [INFO] IPUIPlugin:80 - create IPUIPlugin
2024-07-08 00:16:34,803 [INFO] PluginManager:220 - loadIPPluginJar : add quadspi
2024-07-08 00:16:34,820 [INFO] IPUIPlugin:80 - create IPUIPlugin
2024-07-08 00:16:34,821 [INFO] PluginManager:220 - loadIPPluginJar : add resmgrutility
2024-07-08 00:16:34,950 [INFO] IPUIPlugin:80 - create IPUIPlugin
2024-07-08 00:16:34,950 [INFO] PluginManager:220 - loadIPPluginJar : add sai
2024-07-08 00:16:35,056 [INFO] IPUIPlugin:80 - create IPUIPlugin
2024-07-08 00:16:35,056 [INFO] PluginManager:220 - loadIPPluginJar : add spi
2024-07-08 00:16:35,269 [INFO] IPUIPlugin:80 - create IPUIPlugin
2024-07-08 00:16:35,269 [INFO] PluginManager:220 - loadIPPluginJar : add stm32_wpan
2024-07-08 00:16:35,338 [INFO] IPUIPlugin:80 - create IPUIPlugin
2024-07-08 00:16:35,338 [INFO] PluginManager:220 - loadIPPluginJar : add tim
2024-07-08 00:16:35,531 [INFO] IPUIPlugin:80 - create IPUIPlugin
2024-07-08 00:16:35,532 [INFO] PluginManager:220 - loadIPPluginJar : add touchsensing
2024-07-08 00:16:35,601 [INFO] IPUIPlugin:80 - create IPUIPlugin
2024-07-08 00:16:35,602 [INFO] PluginManager:220 - loadIPPluginJar : add tracer_emb
2024-07-08 00:16:35,670 [INFO] IPUIPlugin:80 - create IPUIPlugin
2024-07-08 00:16:35,671 [INFO] PluginManager:220 - loadIPPluginJar : add ts
2024-07-08 00:16:35,736 [INFO] IPUIPlugin:80 - create IPUIPlugin
2024-07-08 00:16:35,738 [INFO] PluginManager:220 - loadIPPluginJar : add tsc
2024-07-08 00:16:35,803 [INFO] IPUIPlugin:80 - create IPUIPlugin
2024-07-08 00:16:35,803 [INFO] PluginManager:220 - loadIPPluginJar : add ucpd
2024-07-08 00:16:35,938 [INFO] IPUIPlugin:80 - create IPUIPlugin
2024-07-08 00:16:35,938 [INFO] PluginManager:220 - loadIPPluginJar : add usart
2024-07-08 00:16:36,072 [INFO] IPUIPlugin:80 - create IPUIPlugin
2024-07-08 00:16:36,072 [INFO] PluginManager:220 - loadIPPluginJar : add usbx
2024-07-08 00:16:36,221 [INFO] ThirdPartyUpdaterWithRetryManager:70 - Updater plugin not ready yet. [3/15]
2024-07-08 00:16:36,323 [INFO] CADModel:165 - CPN selected for project level
2024-07-08 00:16:36,323 [INFO] CADModel:114 - Register for checkConnection events
2024-07-08 00:16:36,324 [FATAL] Updater:308 - Updater called before beeing initialized
2024-07-08 00:16:36,324 [ERROR] CADModel:125 - Updater not yet initialized, retry later 
2024-07-08 00:16:36,722 [INFO] CADModel:165 - CPN selected for project level
2024-07-08 00:16:36,722 [INFO] CADModel:114 - Register for checkConnection events
2024-07-08 00:16:36,723 [FATAL] Updater:308 - Updater called before beeing initialized
2024-07-08 00:16:36,723 [ERROR] CADModel:125 - Updater not yet initialized, retry later 
2024-07-08 00:16:36,732 [FATAL] Updater:308 - Updater called before beeing initialized
2024-07-08 00:16:37,037 [FATAL] Updater:308 - Updater called before beeing initialized
2024-07-08 00:16:37,068 [INFO] DbMcusAds:53 - JSON generation date=Thu May 16 14:52:00 IST 2024 (1715851320667)
2024-07-08 00:16:37,068 [FATAL] Updater:308 - Updater called before beeing initialized
2024-07-08 00:16:37,187 [WARN] DetailPanel:346 - Failed to get advertising image, set to default
2024-07-08 00:16:37,466 [FATAL] Updater:308 - Updater called before beeing initialized
2024-07-08 00:16:37,472 [FATAL] Updater:308 - Updater called before beeing initialized
2024-07-08 00:16:37,472 [FATAL] Updater:308 - Updater called before beeing initialized
2024-07-08 00:16:37,472 [WARN] DetailPanel:346 - Failed to get advertising image, set to default
2024-07-08 00:16:37,475 [FATAL] Updater:308 - Updater called before beeing initialized
2024-07-08 00:16:37,633 [ERROR] Updater:1120 - MainUpdater not yet initialized. External WinMGr cannot be set.
2024-07-08 00:16:37,650 [INFO] Updater:1056 - Updater Version found : 6.11.0
2024-07-08 00:16:37,714 [INFO] ApplicationProperties:184 - Using Application install path: C:\ST\STM32CubeIDE_1.15.0\STM32CubeIDE\plugins\com.st.stm32cube.common.mx_6.11.0.202403141607
2024-07-08 00:16:39,223 [FATAL] Updater:308 - Updater called before beeing initialized
2024-07-08 00:16:39,223 [ERROR] IntegrityCheckThread:130 - Cannot retrieve database content from updater: error 21
2024-07-08 00:16:39,223 [INFO] ThirdParty:978 - Integrity check success = false
2024-07-08 00:16:39,224 [INFO] IntegrityCheckThread:100 - exiting critical section [integrity check]
2024-07-08 00:16:39,224 [INFO] IntegrityCheckThread:103 - End integrity checks thread
2024-07-08 00:16:39,319 [ERROR] LogOutputStream:75 - [STDERR_REDIRECT] Jul 08, 2024 12:16:39 AM java.util.prefs.WindowsPreferences <init>
2024-07-08 00:16:39,323 [ERROR] LogOutputStream:75 - [STDERR_REDIRECT] WARNING: Could not open/create prefs root node Software\JavaSoft\Prefs at root 0xffffffff80000002. Windows RegCreateKeyEx(...) returned error code 5.
2024-07-08 00:16:39,323 [ERROR] LogOutputStream:75 - [STDERR_REDIRECT] 
2024-07-08 00:16:40,059 [INFO] MainUpdater:2873 - connection check result : 10
2024-07-08 00:16:40,061 [INFO] MainUpdater:290 - Updater Check For Update Now.
2024-07-08 00:16:40,061 [INFO] MicroXplorer:498 - Change Database Version : DB.6.0.110
2024-07-08 00:16:40,088 [INFO] McuFinderGlobals:63 - Set McuFinder mode to 2 (CubeIDE integrated)
2024-07-08 00:16:40,089 [INFO] UserAuth:179 - activating auth plugin
2024-07-08 00:16:40,098 [INFO] UserAuth:415 - Internet connection configuration mode: 1
2024-07-08 00:16:40,169 [INFO] JxBrowserEngine:152 - Initiate JxBrowser Engine with user profile folder
2024-07-08 00:16:40,466 [INFO] CheckServerUpdateThread:120 - End of CheckServer Thread
2024-07-08 00:16:51,664 [INFO] WebApp:161 - Instantiating new browser for Auth
2024-07-08 00:16:53,130 [INFO] WebApp:779 - Register for checkConnection events
2024-07-08 00:16:53,130 [INFO] WebApp:414 - Apply proxy settings
2024-07-08 00:16:53,131 [INFO] WebApp:499 - Chromium requires no authentication
2024-07-08 00:16:53,155 [INFO] WebApp:442 - Direct internet connection detected
2024-07-08 00:16:53,707 [INFO] WebApp:192 - Starting web application
2024-07-08 00:16:53,707 [INFO] WebApp:544 - Web application path used C:\ST\STM32CubeIDE_1.15.0\STM32CubeIDE\plugins\com.st.stm32cube.common.mx_6.11.0.202403141607\db\plugins\mcufinder\reactClient1\index.html
2024-07-08 00:24:15,461 [ERROR] LogOutputStream:75 - [STDERR_REDIRECT] 
