2024-11-11 20:43:24,393 [INFO] Activator:176 - 


2024-11-11 20:43:24,412 [INFO] Activator:177 - !SESSION log4j initialized
2024-11-11 20:43:39,983 [INFO] LogOutputStream:77 - [STDOUT_REDIRECT] 
2024-11-11 20:43:41,590 [INFO] ApplicationProperties:184 - Using Application install path: C:\ST\STM32CubeIDE_1.15.0\STM32CubeIDE\plugins\com.st.stm32cube.common.mx_6.11.0.202403141607
2024-11-11 20:43:41,633 [INFO] DbMcusXml:78 - Set database path to: C:\ST\STM32CubeIDE_1.15.0\STM32CubeIDE\plugins\com.st.stm32cube.common.mx_6.11.0.202403141607\\db\/mcu/
2024-11-11 20:43:41,634 [INFO] ApiDb:274 - Set plugin database path to: C:\ST\STM32CubeIDE_1.15.0\STM32CubeIDE\plugins\com.st.stm32cube.common.mx_6.11.0.202403141607\\db\/plugins/boardmanager/
2024-11-11 20:43:41,635 [WARN] ApiDb:259 - Overriding images path with different value:  => C:\ST\STM32CubeIDE_1.15.0\STM32CubeIDE\plugins\com.st.stm32cube.common.mx_6.11.0.202403141607\\db\/plugins/mcufinder/images/
2024-11-11 20:43:41,653 [INFO] ApiDb:250 - Set database path to: C:\Users\BASAVARAJ\.stmcufinder\plugins\mcufinder//mcu/
2024-11-11 20:43:41,654 [INFO] DbMcusAds:125 - Set database path to: C:\Users\BASAVARAJ\.stmcufinder\plugins\mcufinder//mcu/
2024-11-11 20:43:41,657 [INFO] CrossReferenceDbSqlite:203 - Set database path to: C:\Users\BASAVARAJ\.stmcufinder\plugins\mcufinder//mcu/cs/
2024-11-11 20:43:41,939 [INFO] RulesReader:64 - Compatibility file has been processed (297 Rules)
2024-11-11 20:43:42,083 [INFO] DbMcusXml:78 - Set database path to: C:\ST\STM32CubeIDE_1.15.0\STM32CubeIDE\plugins\com.st.stm32cube.common.mx_6.11.0.202403141607\\db\/mcu/
2024-11-11 20:43:42,083 [INFO] ApiDb:274 - Set plugin database path to: C:\ST\STM32CubeIDE_1.15.0\STM32CubeIDE\plugins\com.st.stm32cube.common.mx_6.11.0.202403141607\\db\/plugins/boardmanager/
2024-11-11 20:43:42,083 [INFO] ApiDb:261 - Set plugin images path to: C:\ST\STM32CubeIDE_1.15.0\STM32CubeIDE\plugins\com.st.stm32cube.common.mx_6.11.0.202403141607\\db\/plugins/mcufinder/images/
2024-11-11 20:43:42,083 [WARN] DbFile:41 - Overriding database path with different value: C:\Users\BASAVARAJ\.stmcufinder\plugins\mcufinder/ => C:\Users\BASAVARAJ\.stmcufinder\plugins\mcufinder
2024-11-11 20:43:42,083 [INFO] ApiDb:250 - Set database path to: C:\Users\BASAVARAJ\.stmcufinder\plugins\mcufinder//mcu/
2024-11-11 20:43:42,083 [WARN] DbFile:41 - Overriding database path with different value: C:\Users\BASAVARAJ\.stmcufinder\plugins\mcufinder/ => C:\Users\BASAVARAJ\.stmcufinder\plugins\mcufinder
2024-11-11 20:43:42,084 [INFO] DbMcusAds:125 - Set database path to: C:\Users\BASAVARAJ\.stmcufinder\plugins\mcufinder//mcu/
2024-11-11 20:43:42,084 [WARN] DbFile:41 - Overriding database path with different value: C:\Users\BASAVARAJ\.stmcufinder\plugins\mcufinder/ => C:\Users\BASAVARAJ\.stmcufinder\plugins\mcufinder
2024-11-11 20:43:42,084 [WARN] DbFile:41 - Overriding database path with different value: C:\Users\BASAVARAJ\.stmcufinder\plugins\mcufinder/ => C:\Users\BASAVARAJ\.stmcufinder\plugins\mcufinder
2024-11-11 20:43:42,084 [INFO] CrossReferenceDbSqlite:203 - Set database path to: C:\Users\BASAVARAJ\.stmcufinder\plugins\mcufinder//mcu/cs/
2024-11-11 20:43:42,190 [INFO] MainPanel:264 - HeapMemory: 268435456
2024-11-11 20:43:42,344 [INFO] DbMcusXml:78 - Set database path to: C:\ST\STM32CubeIDE_1.15.0\STM32CubeIDE\plugins\com.st.stm32cube.common.mx_6.11.0.202403141607\\db\/mcu/
2024-11-11 20:43:42,344 [INFO] ApiDb:274 - Set plugin database path to: C:\ST\STM32CubeIDE_1.15.0\STM32CubeIDE\plugins\com.st.stm32cube.common.mx_6.11.0.202403141607\\db\/plugins/boardmanager/
2024-11-11 20:43:42,344 [INFO] ApiDb:261 - Set plugin images path to: C:\ST\STM32CubeIDE_1.15.0\STM32CubeIDE\plugins\com.st.stm32cube.common.mx_6.11.0.202403141607\\db\/plugins/mcufinder/images/
2024-11-11 20:43:42,344 [WARN] DbFile:41 - Overriding database path with different value: C:\Users\BASAVARAJ\.stmcufinder\plugins\mcufinder/ => C:\Users\BASAVARAJ\.stmcufinder\plugins\mcufinder
2024-11-11 20:43:42,345 [INFO] ApiDb:250 - Set database path to: C:\Users\BASAVARAJ\.stmcufinder\plugins\mcufinder//mcu/
2024-11-11 20:43:42,345 [WARN] DbFile:41 - Overriding database path with different value: C:\Users\BASAVARAJ\.stmcufinder\plugins\mcufinder/ => C:\Users\BASAVARAJ\.stmcufinder\plugins\mcufinder
2024-11-11 20:43:42,345 [INFO] DbMcusAds:125 - Set database path to: C:\Users\BASAVARAJ\.stmcufinder\plugins\mcufinder//mcu/
2024-11-11 20:43:42,345 [WARN] DbFile:41 - Overriding database path with different value: C:\Users\BASAVARAJ\.stmcufinder\plugins\mcufinder/ => C:\Users\BASAVARAJ\.stmcufinder\plugins\mcufinder
2024-11-11 20:43:42,345 [WARN] DbFile:41 - Overriding database path with different value: C:\Users\BASAVARAJ\.stmcufinder\plugins\mcufinder/ => C:\Users\BASAVARAJ\.stmcufinder\plugins\mcufinder
2024-11-11 20:43:42,345 [INFO] CrossReferenceDbSqlite:203 - Set database path to: C:\Users\BASAVARAJ\.stmcufinder\plugins\mcufinder//mcu/cs/
2024-11-11 20:43:42,373 [INFO] ApplicationProperties:184 - Using Application install path: C:\ST\STM32CubeIDE_1.15.0\STM32CubeIDE\plugins\com.st.stm32cube.common.mx_6.11.0.202403141607
2024-11-11 20:43:42,377 [INFO] PluginManage:196 - Search for loadable plugins [exclusion list=, ]
2024-11-11 20:43:42,379 [INFO] PluginManage:310 - Check plugin analytics
2024-11-11 20:43:42,657 [INFO] AnalyticsPlugin:253 - Accepted Software Licenses: 
2024-11-11 20:43:42,657 [INFO] AnalyticsPlugin:255 - Accepted CMSIS Pack Licenses: 
2024-11-11 20:43:42,657 [INFO] AnalyticsPlugin:257 - Accepted Firmware Licenses: FW.F4.1.28.0
2024-11-11 20:43:42,660 [INFO] PluginManage:359 - Loaded plugin analytics (category:tool,tabindex:-1)
2024-11-11 20:43:42,660 [INFO] PluginManage:310 - Check plugin cadmodel
2024-11-11 20:43:42,682 [INFO] CADModel:105 - Init CAD model plugin
2024-11-11 20:43:42,682 [INFO] PluginManage:359 - Loaded plugin cadmodel (category:power,tabindex:5)
2024-11-11 20:43:42,682 [INFO] PluginManage:310 - Check plugin clock
2024-11-11 20:43:42,712 [INFO] PluginManage:359 - Loaded plugin clock (category:base,tabindex:2)
2024-11-11 20:43:42,712 [INFO] PluginManage:310 - Check plugin ddr
2024-11-11 20:43:42,715 [INFO] PluginManage:359 - Loaded plugin ddr (category:tool,tabindex:6)
2024-11-11 20:43:42,715 [INFO] PluginManage:310 - Check plugin filemanager
2024-11-11 20:43:42,969 [INFO] PluginManage:359 - Loaded plugin filemanager (category:base,tabindex:10)
2024-11-11 20:43:42,970 [INFO] PluginManage:310 - Check plugin ipmanager
2024-11-11 20:43:42,979 [INFO] PluginManage:359 - Loaded plugin ipmanager (category:base,tabindex:5)
2024-11-11 20:43:42,979 [INFO] PluginManage:310 - Check plugin lpbam
2024-11-11 20:43:43,006 [INFO] PluginManage:359 - Loaded plugin lpbam (category:base,tabindex:0)
2024-11-11 20:43:43,006 [INFO] PluginManage:310 - Check plugin memorymap
2024-11-11 20:43:43,057 [INFO] PluginManage:359 - Loaded plugin memorymap (category:base,tabindex:4)
2024-11-11 20:43:43,058 [INFO] PluginManage:310 - Check plugin pinoutandconfiguration
2024-11-11 20:43:43,081 [INFO] PluginManage:359 - Loaded plugin pinoutandconfiguration (category:base,tabindex:1)
2024-11-11 20:43:43,081 [INFO] PluginManage:310 - Check plugin pinoutconfig
2024-11-11 20:43:43,258 [WARN] SupportedApi:132 - Cannot load RTOS API schema: s4s-elt-must-match.1: The content of 'definitions' must match (annotation?, (simpleType | complexType)?, (unique | key | keyref)*)). A problem was found starting at: attribute.
2024-11-11 20:43:43,502 [INFO] PluginManage:359 - Loaded plugin pinoutconfig (category:base,tabindex:0)
2024-11-11 20:43:43,502 [INFO] PluginManage:310 - Check plugin power
2024-11-11 20:43:43,534 [INFO] PluginManage:359 - Loaded plugin power (category:power,tabindex:4)
2024-11-11 20:43:43,534 [INFO] PluginManage:310 - Check plugin projectmanager
2024-11-11 20:43:43,553 [INFO] PluginManage:359 - Loaded plugin projectmanager (category:projectmanager,tabindex:3)
2024-11-11 20:43:43,553 [INFO] PluginManage:310 - Check plugin thirdparty
2024-11-11 20:43:43,973 [INFO] PluginManage:359 - Loaded plugin thirdparty (category:base,tabindex:-1)
2024-11-11 20:43:43,974 [INFO] PluginManage:310 - Check plugin tools
2024-11-11 20:43:43,974 [WARN] IntegrityCheckThread:84 - waiting for thirdparty lock release [integrity check]
2024-11-11 20:43:43,975 [INFO] IntegrityCheckThread:86 - entering critical section [integrity check]
2024-11-11 20:43:43,975 [INFO] ThirdPartyUpdaterWithRetryManager:70 - Updater plugin not ready yet. [1/15]
2024-11-11 20:43:44,024 [INFO] PluginManage:359 - Loaded plugin tools (category:base,tabindex:7)
2024-11-11 20:43:44,024 [INFO] PluginManage:310 - Check plugin tutovideos
2024-11-11 20:43:44,404 [INFO] PluginManage:359 - Loaded plugin tutovideos (category:base,tabindex:-1)
2024-11-11 20:43:44,404 [INFO] PluginManage:310 - Check plugin updater
2024-11-11 20:43:44,425 [INFO] PluginManage:359 - Loaded plugin updater (category:base,tabindex:12)
2024-11-11 20:43:44,425 [INFO] PluginManage:310 - Check plugin userauth
2024-11-11 20:43:44,435 [INFO] UserAuth:114 - Init User Auth plugin
2024-11-11 20:43:44,435 [INFO] PluginManage:359 - Loaded plugin userauth (category:base,tabindex:14)
2024-11-11 20:43:44,436 [INFO] PluginManage:283 - PluginManage : Loaded plugins [17]
2024-11-11 20:43:44,775 [INFO] PinOutPanel:1561 - setPackage(No Configuration,No Configuration)
2024-11-11 20:43:44,865 [INFO] CADModel:165 - CPN selected for project level
2024-11-11 20:43:44,865 [INFO] CADModel:114 - Register for checkConnection events
2024-11-11 20:43:44,899 [INFO] IPUIPlugin:80 - create IPUIPlugin
2024-11-11 20:43:44,899 [INFO] PluginManager:220 - loadIPPluginJar : add adc
2024-11-11 20:43:44,947 [INFO] IPUIPlugin:80 - create IPUIPlugin
2024-11-11 20:43:44,947 [INFO] PluginManager:220 - loadIPPluginJar : add aes
2024-11-11 20:43:44,996 [INFO] IPUIPlugin:80 - create IPUIPlugin
2024-11-11 20:43:44,996 [INFO] PluginManager:220 - loadIPPluginJar : add can
2024-11-11 20:43:45,029 [INFO] IPUIPlugin:80 - create IPUIPlugin
2024-11-11 20:43:45,029 [INFO] PluginManager:220 - loadIPPluginJar : add comp
2024-11-11 20:43:45,072 [INFO] IPUIPlugin:80 - create IPUIPlugin
2024-11-11 20:43:45,072 [INFO] PluginManager:220 - loadIPPluginJar : add cryp
2024-11-11 20:43:45,109 [INFO] IPUIPlugin:80 - create IPUIPlugin
2024-11-11 20:43:45,109 [INFO] PluginManager:220 - loadIPPluginJar : add dfsdm
2024-11-11 20:43:45,126 [INFO] IPUIPlugin:80 - create IPUIPlugin
2024-11-11 20:43:45,127 [INFO] PluginManager:220 - loadIPPluginJar : add dma
2024-11-11 20:43:45,180 [INFO] IPUIPlugin:80 - create IPUIPlugin
2024-11-11 20:43:45,180 [INFO] PluginManager:220 - loadIPPluginJar : add dma3
2024-11-11 20:43:45,236 [INFO] IPUIPlugin:80 - create IPUIPlugin
2024-11-11 20:43:45,236 [INFO] PluginManager:220 - loadIPPluginJar : add extmemmanager
2024-11-11 20:43:45,262 [INFO] IPUIPlugin:80 - create IPUIPlugin
2024-11-11 20:43:45,262 [INFO] PluginManager:220 - loadIPPluginJar : add fatfs
2024-11-11 20:43:45,319 [INFO] IPUIPlugin:80 - create IPUIPlugin
2024-11-11 20:43:45,319 [INFO] PluginManager:220 - loadIPPluginJar : add fmc
2024-11-11 20:43:45,340 [INFO] IPUIPlugin:80 - create IPUIPlugin
2024-11-11 20:43:45,340 [INFO] PluginManager:220 - loadIPPluginJar : add freertos
2024-11-11 20:43:45,365 [INFO] IPUIPlugin:80 - create IPUIPlugin
2024-11-11 20:43:45,365 [INFO] PluginManager:220 - loadIPPluginJar : add genericplugin
2024-11-11 20:43:45,472 [INFO] IPUIPlugin:80 - create IPUIPlugin
2024-11-11 20:43:45,472 [INFO] PluginManager:220 - loadIPPluginJar : add gfxmmu
2024-11-11 20:43:45,639 [INFO] IPUIPlugin:80 - create IPUIPlugin
2024-11-11 20:43:45,639 [INFO] PluginManager:220 - loadIPPluginJar : add gic
2024-11-11 20:43:45,660 [INFO] IPUIPlugin:80 - create IPUIPlugin
2024-11-11 20:43:45,660 [INFO] PluginManager:220 - loadIPPluginJar : add gpio
2024-11-11 20:43:45,775 [INFO] IPUIPlugin:80 - create IPUIPlugin
2024-11-11 20:43:45,775 [INFO] PluginManager:220 - loadIPPluginJar : add gtzc
2024-11-11 20:43:45,815 [INFO] IPUIPlugin:80 - create IPUIPlugin
2024-11-11 20:43:45,815 [INFO] PluginManager:220 - loadIPPluginJar : add hash
2024-11-11 20:43:45,878 [INFO] IPUIPlugin:80 - create IPUIPlugin
2024-11-11 20:43:45,878 [INFO] PluginManager:220 - loadIPPluginJar : add i2c
2024-11-11 20:43:45,927 [INFO] IPUIPlugin:80 - create IPUIPlugin
2024-11-11 20:43:45,927 [INFO] PluginManager:220 - loadIPPluginJar : add i2s
2024-11-11 20:43:45,976 [INFO] IPUIPlugin:80 - create IPUIPlugin
2024-11-11 20:43:45,976 [INFO] PluginManager:220 - loadIPPluginJar : add i3c
2024-11-11 20:43:46,109 [INFO] IPUIPlugin:80 - create IPUIPlugin
2024-11-11 20:43:46,109 [INFO] PluginManager:220 - loadIPPluginJar : add ipddr
2024-11-11 20:43:46,227 [INFO] IPUIPlugin:80 - create IPUIPlugin
2024-11-11 20:43:46,227 [INFO] PluginManager:220 - loadIPPluginJar : add linkedlist
2024-11-11 20:43:46,269 [INFO] IPUIPlugin:80 - create IPUIPlugin
2024-11-11 20:43:46,269 [INFO] PluginManager:220 - loadIPPluginJar : add lorawan
2024-11-11 20:43:46,311 [INFO] IPUIPlugin:80 - create IPUIPlugin
2024-11-11 20:43:46,312 [INFO] PluginManager:220 - loadIPPluginJar : add ltdc
2024-11-11 20:43:46,330 [INFO] IPUIPlugin:80 - create IPUIPlugin
2024-11-11 20:43:46,330 [INFO] PluginManager:220 - loadIPPluginJar : add mdma
2024-11-11 20:43:46,345 [INFO] IPUIPlugin:80 - create IPUIPlugin
2024-11-11 20:43:46,346 [INFO] PluginManager:220 - loadIPPluginJar : add nvic
2024-11-11 20:43:46,391 [INFO] IPUIPlugin:80 - create IPUIPlugin
2024-11-11 20:43:46,391 [INFO] PluginManager:220 - loadIPPluginJar : add opamp
2024-11-11 20:43:46,459 [INFO] IPUIPlugin:80 - create IPUIPlugin
2024-11-11 20:43:46,460 [INFO] PluginManager:220 - loadIPPluginJar : add openamp
2024-11-11 20:43:46,511 [INFO] IPUIPlugin:80 - create IPUIPlugin
2024-11-11 20:43:46,511 [INFO] PluginManager:220 - loadIPPluginJar : add pdm2pcm
2024-11-11 20:43:46,529 [INFO] IPUIPlugin:80 - create IPUIPlugin
2024-11-11 20:43:46,531 [INFO] PluginManager:220 - loadIPPluginJar : add plateformsettings
2024-11-11 20:43:46,558 [INFO] IPUIPlugin:80 - create IPUIPlugin
2024-11-11 20:43:46,558 [INFO] PluginManager:220 - loadIPPluginJar : add quadspi
2024-11-11 20:43:46,577 [INFO] IPUIPlugin:80 - create IPUIPlugin
2024-11-11 20:43:46,577 [INFO] PluginManager:220 - loadIPPluginJar : add resmgrutility
2024-11-11 20:43:46,635 [INFO] IPUIPlugin:80 - create IPUIPlugin
2024-11-11 20:43:46,635 [INFO] PluginManager:220 - loadIPPluginJar : add sai
2024-11-11 20:43:46,680 [INFO] IPUIPlugin:80 - create IPUIPlugin
2024-11-11 20:43:46,680 [INFO] PluginManager:220 - loadIPPluginJar : add spi
2024-11-11 20:43:46,760 [INFO] IPUIPlugin:80 - create IPUIPlugin
2024-11-11 20:43:46,760 [INFO] PluginManager:220 - loadIPPluginJar : add stm32_wpan
2024-11-11 20:43:46,795 [INFO] IPUIPlugin:80 - create IPUIPlugin
2024-11-11 20:43:46,795 [INFO] PluginManager:220 - loadIPPluginJar : add tim
2024-11-11 20:43:46,896 [INFO] IPUIPlugin:80 - create IPUIPlugin
2024-11-11 20:43:46,896 [INFO] PluginManager:220 - loadIPPluginJar : add touchsensing
2024-11-11 20:43:46,923 [INFO] IPUIPlugin:80 - create IPUIPlugin
2024-11-11 20:43:46,923 [INFO] PluginManager:220 - loadIPPluginJar : add tracer_emb
2024-11-11 20:43:46,952 [INFO] IPUIPlugin:80 - create IPUIPlugin
2024-11-11 20:43:46,952 [INFO] PluginManager:220 - loadIPPluginJar : add ts
2024-11-11 20:43:46,976 [INFO] ThirdPartyUpdaterWithRetryManager:70 - Updater plugin not ready yet. [2/15]
2024-11-11 20:43:46,980 [INFO] IPUIPlugin:80 - create IPUIPlugin
2024-11-11 20:43:46,980 [INFO] PluginManager:220 - loadIPPluginJar : add tsc
2024-11-11 20:43:47,008 [INFO] IPUIPlugin:80 - create IPUIPlugin
2024-11-11 20:43:47,008 [INFO] PluginManager:220 - loadIPPluginJar : add ucpd
2024-11-11 20:43:47,063 [INFO] IPUIPlugin:80 - create IPUIPlugin
2024-11-11 20:43:47,063 [INFO] PluginManager:220 - loadIPPluginJar : add usart
2024-11-11 20:43:47,118 [INFO] IPUIPlugin:80 - create IPUIPlugin
2024-11-11 20:43:47,119 [INFO] PluginManager:220 - loadIPPluginJar : add usbx
2024-11-11 20:43:47,279 [INFO] CADModel:165 - CPN selected for project level
2024-11-11 20:43:47,279 [INFO] CADModel:114 - Register for checkConnection events
2024-11-11 20:43:47,279 [FATAL] Updater:308 - Updater called before beeing initialized
2024-11-11 20:43:47,282 [ERROR] CADModel:125 - Updater not yet initialized, retry later 
2024-11-11 20:43:47,457 [INFO] CADModel:165 - CPN selected for project level
2024-11-11 20:43:47,457 [INFO] CADModel:114 - Register for checkConnection events
2024-11-11 20:43:47,457 [FATAL] Updater:308 - Updater called before beeing initialized
2024-11-11 20:43:47,457 [ERROR] CADModel:125 - Updater not yet initialized, retry later 
2024-11-11 20:43:47,460 [FATAL] Updater:308 - Updater called before beeing initialized
2024-11-11 20:43:47,598 [FATAL] Updater:308 - Updater called before beeing initialized
2024-11-11 20:43:47,610 [INFO] DbMcusAds:53 - JSON generation date=Fri Sep 20 18:34:38 IST 2024 (1726837478367)
2024-11-11 20:43:47,610 [FATAL] Updater:308 - Updater called before beeing initialized
2024-11-11 20:43:47,677 [WARN] DetailPanel:346 - Failed to get advertising image, set to default
2024-11-11 20:43:47,790 [FATAL] Updater:308 - Updater called before beeing initialized
2024-11-11 20:43:47,793 [FATAL] Updater:308 - Updater called before beeing initialized
2024-11-11 20:43:47,793 [FATAL] Updater:308 - Updater called before beeing initialized
2024-11-11 20:43:47,793 [WARN] DetailPanel:346 - Failed to get advertising image, set to default
2024-11-11 20:43:47,794 [FATAL] Updater:308 - Updater called before beeing initialized
2024-11-11 20:43:47,865 [ERROR] Updater:1120 - MainUpdater not yet initialized. External WinMGr cannot be set.
2024-11-11 20:43:47,879 [INFO] Updater:1056 - Updater Version found : 6.11.0
2024-11-11 20:43:47,938 [INFO] ApplicationProperties:184 - Using Application install path: C:\ST\STM32CubeIDE_1.15.0\STM32CubeIDE\plugins\com.st.stm32cube.common.mx_6.11.0.202403141607
2024-11-11 20:43:49,536 [ERROR] LogOutputStream:75 - [STDERR_REDIRECT] Nov 11, 2024 8:43:49 PM java.util.prefs.WindowsPreferences <init>
2024-11-11 20:43:49,540 [ERROR] LogOutputStream:75 - [STDERR_REDIRECT] WARNING: Could not open/create prefs root node Software\JavaSoft\Prefs at root 0xffffffff80000002. Windows RegCreateKeyEx(...) returned error code 5.
2024-11-11 20:43:49,540 [ERROR] LogOutputStream:75 - [STDERR_REDIRECT] 
2024-11-11 20:43:49,978 [INFO] ThirdPartyUpdaterWithRetryManager:70 - Updater plugin not ready yet. [3/15]
2024-11-11 20:43:50,036 [INFO] MainUpdater:2873 - connection check result : 10
2024-11-11 20:43:50,037 [INFO] MainUpdater:290 - Updater Check For Update Now.
2024-11-11 20:43:50,037 [INFO] MicroXplorer:498 - Change Database Version : DB.6.0.110
2024-11-11 20:43:50,068 [INFO] McuFinderGlobals:63 - Set McuFinder mode to 2 (CubeIDE integrated)
2024-11-11 20:43:50,068 [INFO] UserAuth:179 - activating auth plugin
2024-11-11 20:43:50,074 [INFO] UserAuth:415 - Internet connection configuration mode: 1
2024-11-11 20:43:50,129 [INFO] JxBrowserEngine:152 - Initiate JxBrowser Engine with user profile folder
2024-11-11 20:43:50,349 [INFO] CheckServerUpdateThread:120 - End of CheckServer Thread
2024-11-11 20:43:53,351 [WARN] PackLoader:240 - Cannot read IP mode file for STMicroelectronics.FP-SNS-MOTENVWB1.1.4.0
2024-11-11 20:43:53,376 [WARN] PackLoader:240 - Cannot read IP mode file for STMicroelectronics.X-CUBE-SMBUS.2.1.0
2024-11-11 20:43:53,403 [WARN] PackLoader:240 - Cannot read IP mode file for STMicroelectronics.X-CUBE-WB05N.1.1.0
2024-11-11 20:43:53,427 [WARN] PackLoader:240 - Cannot read IP mode file for STMicroelectronics.X-CUBE-TOUCHGFX.4.23.2
2024-11-11 20:43:53,485 [WARN] PackLoader:240 - Cannot read IP mode file for STMicroelectronics.X-CUBE-AZRTOS-F7.1.1.0
2024-11-11 20:43:53,602 [WARN] PackLoader:240 - Cannot read IP mode file for STMicroelectronics.X-CUBE-MEMS1.11.0.0
2024-11-11 20:43:53,802 [WARN] PackLoader:240 - Cannot read IP mode file for STMicroelectronics.FP-SNS-FLIGHT1.5.0.2
2024-11-11 20:43:53,824 [WARN] PackLoader:240 - Cannot read IP mode file for STMicroelectronics.X-CUBE-DISPLAY.3.0.0
2024-11-11 20:43:53,850 [WARN] PackLoader:240 - Cannot read IP mode file for STMicroelectronics.X-CUBE-BLE1.7.0.0
2024-11-11 20:43:53,880 [WARN] PackLoader:240 - Cannot read IP mode file for STMicroelectronics.X-CUBE-NFC10.1.0.0
2024-11-11 20:43:53,910 [WARN] PackLoader:240 - Cannot read IP mode file for emotas.I-CUBE-CANOPEN.1.3.0
2024-11-11 20:43:53,944 [WARN] PackLoader:240 - Cannot read IP mode file for STMicroelectronics.X-CUBE-BLEMGR.3.1.0
2024-11-11 20:43:53,971 [WARN] PackLoader:240 - Cannot read IP mode file for STMicroelectronics.FP-SNS-SMARTAG2.1.2.0
2024-11-11 20:43:54,008 [INFO] LogOutputStream:77 - [STDOUT_REDIRECT] 1 : Invalid condition id : UX_CORESTACK_Condition cause : null
2024-11-11 20:43:54,009 [INFO] LogOutputStream:77 - [STDOUT_REDIRECT] 1 : Invalid condition id : UX_CORESTACK_Condition cause : null
2024-11-11 20:43:54,011 [INFO] LogOutputStream:77 - [STDOUT_REDIRECT] 1 : Invalid condition id : UX_CORESTACK_Condition cause : null
2024-11-11 20:43:54,013 [INFO] LogOutputStream:77 - [STDOUT_REDIRECT] 1 : Invalid condition id : UX_CORESTACK_Condition cause : null
2024-11-11 20:43:54,016 [INFO] LogOutputStream:77 - [STDOUT_REDIRECT] 1 : Invalid condition id : UX_CORESTACK_Condition cause : null
2024-11-11 20:43:54,020 [WARN] PackLoader:240 - Cannot read IP mode file for STMicroelectronics.X-CUBE-AZRTOS-WL.2.0.0
2024-11-11 20:43:54,048 [WARN] PackLoader:240 - Cannot read IP mode file for STMicroelectronics.FP-SNS-MOTENV1.5.0.0
2024-11-11 20:43:54,070 [WARN] PackLoader:240 - Cannot read IP mode file for wolfSSL.I-CUBE-wolfMQTT.1.19.0
2024-11-11 20:43:54,096 [WARN] PackLoader:240 - Cannot read IP mode file for WES.I-CUBE-Cesium.1.3.0
2024-11-11 20:43:54,119 [WARN] PackLoader:240 - Cannot read IP mode file for STMicroelectronics.X-CUBE-BLE2.3.3.0
2024-11-11 20:43:54,143 [WARN] PackLoader:240 - Cannot read IP mode file for STMicroelectronics.X-CUBE-NFC9.1.0.0
2024-11-11 20:43:54,165 [WARN] PackLoader:240 - Cannot read IP mode file for STMicroelectronics.X-CUBE-TCPP.4.1.0
2024-11-11 20:43:54,207 [WARN] PackLoader:240 - Cannot read IP mode file for STMicroelectronics.X-CUBE-ALGOBUILD.1.3.0
2024-11-11 20:43:54,254 [WARN] PackLoader:240 - Cannot read IP mode file for STMicroelectronics.X-CUBE-AZRTOS-G0.1.1.0
2024-11-11 20:43:54,283 [WARN] PackLoader:240 - Cannot read IP mode file for STMicroelectronics.X-CUBE-SAFEA1.1.2.2
2024-11-11 20:43:54,325 [WARN] PackLoader:240 - Cannot read IP mode file for STMicroelectronics.X-CUBE-NFC4.3.0.0
2024-11-11 20:43:54,347 [WARN] PackLoader:240 - Cannot read IP mode file for wolfSSL.I-CUBE-wolfMQTT.1.18.0
2024-11-11 20:43:54,378 [WARN] PackLoader:240 - Cannot read IP mode file for EmbeddedOffice.I-CUBE-FS-RTOS.1.0.1
2024-11-11 20:43:54,379 [ERROR] ConditionMgr:805 - Attr not supported : Dmpu
2024-11-11 20:43:54,379 [ERROR] ConditionMgr:805 - Attr not supported : Dmpu
2024-11-11 20:43:54,379 [ERROR] ConditionMgr:805 - Attr not supported : Dmpu
2024-11-11 20:43:54,379 [ERROR] ConditionMgr:805 - Attr not supported : Dmpu
2024-11-11 20:43:54,380 [ERROR] ConditionMgr:805 - Attr not supported : Dmpu
2024-11-11 20:43:54,380 [ERROR] ConditionMgr:805 - Attr not supported : Dmpu
2024-11-11 20:43:54,380 [ERROR] ConditionMgr:805 - Attr not supported : Dmpu
2024-11-11 20:43:54,380 [ERROR] ConditionMgr:805 - Attr not supported : Dmpu
2024-11-11 20:43:54,380 [ERROR] ConditionMgr:805 - Attr not supported : Dmpu
2024-11-11 20:43:54,380 [ERROR] ConditionMgr:805 - Attr not supported : Dmpu
2024-11-11 20:43:54,380 [ERROR] ConditionMgr:805 - Attr not supported : Dmpu
2024-11-11 20:43:54,380 [ERROR] ConditionMgr:805 - Attr not supported : Dmpu
2024-11-11 20:43:54,380 [ERROR] ConditionMgr:805 - Attr not supported : Dmpu
2024-11-11 20:43:54,380 [ERROR] ConditionMgr:805 - Attr not supported : Dmpu
2024-11-11 20:43:54,380 [ERROR] ConditionMgr:805 - Attr not supported : Dmpu
2024-11-11 20:43:54,380 [ERROR] ConditionMgr:805 - Attr not supported : Dmpu
2024-11-11 20:43:54,380 [ERROR] ConditionMgr:805 - Attr not supported : Dmpu
2024-11-11 20:43:54,381 [ERROR] ConditionMgr:805 - Attr not supported : Dmpu
2024-11-11 20:43:54,381 [ERROR] ConditionMgr:805 - Attr not supported : Dmpu
2024-11-11 20:43:54,381 [ERROR] ConditionMgr:805 - Attr not supported : Dmpu
2024-11-11 20:43:54,381 [ERROR] ConditionMgr:805 - Attr not supported : Dmpu
2024-11-11 20:43:54,381 [ERROR] ConditionMgr:805 - Attr not supported : Dmpu
2024-11-11 20:43:54,381 [ERROR] ConditionMgr:805 - Attr not supported : Dmpu
2024-11-11 20:43:54,381 [ERROR] ConditionMgr:805 - Attr not supported : Dmpu
2024-11-11 20:43:54,381 [ERROR] ConditionMgr:805 - Attr not supported : Dmpu
2024-11-11 20:43:54,381 [ERROR] ConditionMgr:805 - Attr not supported : Dmpu
2024-11-11 20:43:54,381 [ERROR] ConditionMgr:805 - Attr not supported : Dmpu
2024-11-11 20:43:54,381 [ERROR] ConditionMgr:805 - Attr not supported : Dmpu
2024-11-11 20:43:54,381 [ERROR] ConditionMgr:805 - Attr not supported : Dmpu
2024-11-11 20:43:54,382 [ERROR] ConditionMgr:805 - Attr not supported : Dmpu
2024-11-11 20:43:54,382 [ERROR] ConditionMgr:805 - Attr not supported : Dmpu
2024-11-11 20:43:54,382 [ERROR] ConditionMgr:805 - Attr not supported : Dmpu
2024-11-11 20:43:54,382 [ERROR] ConditionMgr:805 - Attr not supported : Dmpu
2024-11-11 20:43:54,382 [ERROR] ConditionMgr:805 - Attr not supported : Dmpu
2024-11-11 20:43:54,382 [ERROR] ConditionMgr:805 - Attr not supported : Dmpu
2024-11-11 20:43:54,382 [ERROR] ConditionMgr:805 - Attr not supported : Dmpu
2024-11-11 20:43:54,382 [ERROR] ConditionMgr:805 - Attr not supported : Dmpu
2024-11-11 20:43:54,382 [ERROR] ConditionMgr:805 - Attr not supported : Dmpu
2024-11-11 20:43:54,382 [ERROR] ConditionMgr:805 - Attr not supported : Dmpu
2024-11-11 20:43:54,382 [ERROR] ConditionMgr:805 - Attr not supported : Dmpu
2024-11-11 20:43:54,382 [ERROR] ConditionMgr:805 - Attr not supported : Dmpu
2024-11-11 20:43:54,383 [ERROR] ConditionMgr:805 - Attr not supported : Dmpu
2024-11-11 20:43:54,383 [ERROR] ConditionMgr:805 - Attr not supported : Dmpu
2024-11-11 20:43:54,383 [ERROR] ConditionMgr:805 - Attr not supported : Dmpu
2024-11-11 20:43:54,383 [ERROR] ConditionMgr:805 - Attr not supported : Dmpu
2024-11-11 20:43:54,383 [ERROR] ConditionMgr:805 - Attr not supported : Dmpu
2024-11-11 20:43:54,383 [ERROR] ConditionMgr:805 - Attr not supported : Dmpu
2024-11-11 20:43:54,383 [ERROR] ConditionMgr:805 - Attr not supported : Dmpu
2024-11-11 20:43:54,383 [ERROR] ConditionMgr:805 - Attr not supported : Dmpu
2024-11-11 20:43:54,383 [ERROR] ConditionMgr:805 - Attr not supported : Dmpu
2024-11-11 20:43:54,383 [ERROR] ConditionMgr:805 - Attr not supported : Dmpu
2024-11-11 20:43:54,383 [ERROR] ConditionMgr:805 - Attr not supported : Dmpu
2024-11-11 20:43:54,383 [ERROR] ConditionMgr:805 - Attr not supported : Dmpu
2024-11-11 20:43:54,383 [ERROR] ConditionMgr:805 - Attr not supported : Dmpu
2024-11-11 20:43:54,383 [ERROR] ConditionMgr:805 - Attr not supported : Dmpu
2024-11-11 20:43:54,383 [ERROR] ConditionMgr:805 - Attr not supported : Dmpu
2024-11-11 20:43:54,383 [ERROR] ConditionMgr:805 - Attr not supported : Dmpu
2024-11-11 20:43:54,383 [ERROR] ConditionMgr:805 - Attr not supported : Dmpu
2024-11-11 20:43:54,383 [ERROR] ConditionMgr:805 - Attr not supported : Dmpu
2024-11-11 20:43:54,384 [ERROR] ConditionMgr:805 - Attr not supported : Dmpu
2024-11-11 20:43:54,384 [ERROR] ConditionMgr:805 - Attr not supported : Dmpu
2024-11-11 20:43:54,384 [ERROR] ConditionMgr:805 - Attr not supported : Dmpu
2024-11-11 20:43:54,384 [ERROR] ConditionMgr:805 - Attr not supported : Dmpu
2024-11-11 20:43:54,384 [ERROR] ConditionMgr:805 - Attr not supported : Dmpu
2024-11-11 20:43:54,406 [WARN] PackLoader:240 - Cannot read IP mode file for RealThread.X-CUBE-RT-Thread_Nano.4.1.1
2024-11-11 20:43:54,425 [WARN] PackLoader:240 - Cannot read IP mode file for wolfSSL.I-CUBE-wolfSSL.5.7.0
2024-11-11 20:43:54,443 [WARN] PackLoader:240 - Cannot read IP mode file for STMicroelectronics.FP-ATR-SIGFOX1.3.2.0
2024-11-11 20:43:54,463 [WARN] PackLoader:240 - Cannot read IP mode file for STMicroelectronics.X-CUBE-EEPRMA1.5.1.0
2024-11-11 20:43:54,489 [WARN] PackLoader:240 - Cannot read IP mode file for ITTIA_DB.I-CUBE-ITTIADB.8.9.0
2024-11-11 20:43:54,547 [WARN] PackLoader:240 - Cannot read IP mode file for SEGGER.I-CUBE-embOS.1.3.1
2024-11-11 20:43:54,620 [WARN] PackLoader:240 - Cannot read IP mode file for STMicroelectronics.X-CUBE-ALGOBUILD.1.4.0
2024-11-11 20:43:54,642 [WARN] PackLoader:240 - Cannot read IP mode file for STMicroelectronics.X-CUBE-AI.9.1.0
2024-11-11 20:43:54,666 [WARN] PackLoader:240 - Cannot read IP mode file for STMicroelectronics.X-CUBE-GNSS1.6.0.0
2024-11-11 20:43:54,721 [WARN] PackLoader:240 - Cannot read IP mode file for STMicroelectronics.X-CUBE-AZRTOS-F4.1.1.0
2024-11-11 20:43:54,747 [WARN] PackLoader:240 - Cannot read IP mode file for STMicroelectronics.X-CUBE-ISPU.2.1.0
2024-11-11 20:43:54,767 [WARN] PackLoader:240 - Cannot read IP mode file for STMicroelectronics.X-CUBE-FREERTOS.1.2.0
2024-11-11 20:43:54,809 [WARN] PackLoader:240 - Cannot read IP mode file for STMicroelectronics.X-CUBE-AZRTOS-L5.2.0.0
2024-11-11 20:43:54,840 [WARN] PackLoader:240 - Cannot read IP mode file for STMicroelectronics.X-CUBE-NFC6.3.1.0
2024-11-11 20:43:54,858 [WARN] PackLoader:240 - Cannot read IP mode file for STMicroelectronics.X-CUBE-DPower.1.2.0
2024-11-11 20:43:54,881 [WARN] PackLoader:240 - Cannot read IP mode file for STMicroelectronics.X-CUBE-AI.9.0.0
2024-11-11 20:43:54,902 [WARN] PackLoader:240 - Cannot read IP mode file for STMicroelectronics.X-CUBE-NFC7.1.0.1
2024-11-11 20:43:54,924 [WARN] PackLoader:240 - Cannot read IP mode file for wolfSSL.I-CUBE-wolfTPM.3.2.0
2024-11-11 20:43:54,967 [WARN] ConditionMgr:438 - getConditionDescription Invalid condition id : LAN8742 Phy interface Condition cause : null
2024-11-11 20:43:54,968 [WARN] PackLoader:240 - Cannot read IP mode file for STMicroelectronics.X-CUBE-AZRTOS-L4.2.0.0
2024-11-11 20:43:54,970 [WARN] ConditionMgr:1039 - genDependencies : Invalid condition id : LAN8742 Phy interface Condition cause : null
2024-11-11 20:43:54,970 [WARN] ConditionMgr:1039 - genDependencies : Invalid condition id : LAN8742 Phy interface Condition cause : null
2024-11-11 20:43:54,971 [WARN] ConditionMgr:1039 - genDependencies : Invalid condition id : LAN8742 Phy interface Condition cause : null
2024-11-11 20:43:54,997 [WARN] PackLoader:240 - Cannot read IP mode file for STMicroelectronics.X-CUBE-SFXS2LP1.4.0.0
2024-11-11 20:43:55,041 [WARN] PackLoader:240 - Cannot read IP mode file for STMicroelectronics.X-CUBE-AZRTOS-H7.3.3.0
2024-11-11 20:43:55,067 [WARN] PackLoader:240 - Cannot read IP mode file for STMicroelectronics.X-CUBE-IPS.3.0.0
2024-11-11 20:43:55,101 [WARN] ConditionMgr:438 - getConditionDescription Invalid condition id : UX DEVICE CLASS RTOS Condition cause : null
2024-11-11 20:43:55,102 [WARN] ConditionMgr:438 - getConditionDescription Invalid condition id : UX DEVICE CLASS RTOS Condition cause : null
2024-11-11 20:43:55,104 [WARN] PackLoader:240 - Cannot read IP mode file for STMicroelectronics.X-CUBE-AZRTOS-WB.2.0.0
2024-11-11 20:43:55,105 [WARN] ConditionMgr:1039 - genDependencies : Invalid condition id : UX DEVICE CLASS RTOS Condition cause : null
2024-11-11 20:43:55,105 [WARN] ConditionMgr:1039 - genDependencies : Invalid condition id : UX DEVICE CLASS RTOS Condition cause : null
2024-11-11 20:43:55,106 [WARN] ConditionMgr:1039 - genDependencies : Invalid condition id : UX DEVICE CLASS RTOS Condition cause : null
2024-11-11 20:43:55,106 [WARN] ConditionMgr:1039 - genDependencies : Invalid condition id : UX DEVICE CLASS RTOS Condition cause : null
2024-11-11 20:43:55,106 [WARN] ConditionMgr:1039 - genDependencies : Invalid condition id : UX DEVICE CLASS RTOS Condition cause : null
2024-11-11 20:43:55,129 [WARN] PackLoader:240 - Cannot read IP mode file for STMicroelectronics.X-CUBE-GNSS1.7.0.0
2024-11-11 20:43:55,152 [WARN] PackLoader:240 - Cannot read IP mode file for STMicroelectronics.FP-SNS-STBOX1.2.0.0
2024-11-11 20:43:55,180 [WARN] PackLoader:240 - Cannot read IP mode file for STMicroelectronics.X-CUBE-SUBG2.5.0.0
2024-11-11 20:43:55,228 [WARN] PackLoader:240 - Cannot read IP mode file for STMicroelectronics.X-CUBE-AZRTOS-G4.2.0.0
2024-11-11 20:43:55,249 [WARN] PackLoader:240 - Cannot read IP mode file for STMicroelectronics.X-CUBE-ISPU.2.0.0
2024-11-11 20:43:55,268 [WARN] PackLoader:240 - Cannot read IP mode file for STMicroelectronics.X-CUBE-ALS.1.0.2
2024-11-11 20:43:55,343 [WARN] PackLoader:240 - Cannot read IP mode file for STMicroelectronics.X-CUBE-MEMS1.10.0.0
2024-11-11 20:43:55,518 [WARN] PackLoader:240 - Cannot read IP mode file for STMicroelectronics.X-CUBE-FREERTOS.1.1.0
2024-11-11 20:43:55,541 [WARN] PackLoader:240 - Cannot read IP mode file for STMicroelectronics.X-CUBE-TOUCHGFX.4.24.0
2024-11-11 20:43:55,559 [WARN] PackLoader:240 - Cannot read IP mode file for STMicroelectronics.X-CUBE-TOUCHGFX.4.24.1
2024-11-11 20:43:55,575 [WARN] PackLoader:240 - Cannot read IP mode file for portGmbH.I-Cube-SoM-uGOAL.1.1.0
2024-11-11 20:43:55,590 [WARN] PackLoader:240 - Cannot read IP mode file for STMicroelectronics.X-CUBE-ALS.1.0.1
2024-11-11 20:43:55,627 [WARN] PackLoader:240 - Cannot read IP mode file for STMicroelectronics.X-CUBE-AZRTOS-H7RS.1.0.0
2024-11-11 20:43:55,647 [WARN] PackLoader:240 - Cannot read IP mode file for STMicroelectronics.FP-ATR-ASTRA1.2.0.0
2024-11-11 20:43:55,671 [WARN] PackLoader:240 - Cannot read IP mode file for STMicroelectronics.X-CUBE-TOF1.3.4.2
2024-11-11 20:43:55,709 [WARN] PackLoader:240 - Cannot read IP mode file for STMicroelectronics.X-CUBE-TOF1.3.4.1
2024-11-11 20:43:55,763 [WARN] PackLoader:240 - Cannot read IP mode file for STMicroelectronics.X-CUBE-AZRTOS-H7.3.2.0
2024-11-11 20:43:55,808 [WARN] PackLoader:240 - Cannot read IP mode file for Infineon.AIROC-Wi-Fi-Bluetooth-STM32.1.6.0
2024-11-11 20:43:55,829 [WARN] PackLoader:240 - Cannot read IP mode file for wolfSSL.I-CUBE-wolfSSH.1.4.17
2024-11-11 20:43:55,831 [INFO] ThirdParty:978 - Integrity check success = true
2024-11-11 20:43:55,831 [INFO] IntegrityCheckThread:100 - exiting critical section [integrity check]
2024-11-11 20:43:55,831 [INFO] IntegrityCheckThread:103 - End integrity checks thread
2024-11-11 20:44:01,092 [INFO] WebApp:161 - Instantiating new browser for Auth
2024-11-11 20:44:03,746 [INFO] WebApp:779 - Register for checkConnection events
2024-11-11 20:44:03,747 [INFO] WebApp:414 - Apply proxy settings
2024-11-11 20:44:03,747 [INFO] WebApp:499 - Chromium requires no authentication
2024-11-11 20:44:03,763 [INFO] WebApp:442 - Direct internet connection detected
2024-11-11 20:44:04,260 [INFO] WebApp:192 - Starting web application
2024-11-11 20:44:04,260 [INFO] WebApp:544 - Web application path used C:\ST\STM32CubeIDE_1.15.0\STM32CubeIDE\plugins\com.st.stm32cube.common.mx_6.11.0.202403141607\db\plugins\mcufinder\reactClient1\index.html
2024-11-11 21:07:00,583 [ERROR] LogOutputStream:75 - [STDERR_REDIRECT] 
