2024-07-20 22:02:04,492 [INFO] Activator:176 - 


2024-07-20 22:02:04,499 [INFO] Activator:177 - !SESSION log4j initialized
2024-07-20 22:02:11,568 [INFO] LogOutputStream:77 - [STDOUT_REDIRECT] 
2024-07-20 22:02:18,945 [INFO] ApplicationProperties:184 - Using Application install path: C:\ST\STM32CubeIDE_1.15.0\STM32CubeIDE\plugins\com.st.stm32cube.common.mx_6.11.0.202403141607
2024-07-20 22:02:18,972 [INFO] DbMcusXml:78 - Set database path to: C:\ST\STM32CubeIDE_1.15.0\STM32CubeIDE\plugins\com.st.stm32cube.common.mx_6.11.0.202403141607\\db\/mcu/
2024-07-20 22:02:18,972 [INFO] ApiDb:274 - Set plugin database path to: C:\ST\STM32CubeIDE_1.15.0\STM32CubeIDE\plugins\com.st.stm32cube.common.mx_6.11.0.202403141607\\db\/plugins/boardmanager/
2024-07-20 22:02:18,973 [WARN] ApiDb:259 - Overriding images path with different value:  => C:\ST\STM32CubeIDE_1.15.0\STM32CubeIDE\plugins\com.st.stm32cube.common.mx_6.11.0.202403141607\\db\/plugins/mcufinder/images/
2024-07-20 22:02:18,984 [INFO] ApiDb:250 - Set database path to: C:\Users\BASAVARAJ\.stmcufinder\plugins\mcufinder//mcu/
2024-07-20 22:02:18,985 [INFO] DbMcusAds:125 - Set database path to: C:\Users\BASAVARAJ\.stmcufinder\plugins\mcufinder//mcu/
2024-07-20 22:02:18,986 [INFO] CrossReferenceDbSqlite:203 - Set database path to: C:\Users\BASAVARAJ\.stmcufinder\plugins\mcufinder//mcu/cs/
2024-07-20 22:02:19,173 [INFO] RulesReader:64 - Compatibility file has been processed (297 Rules)
2024-07-20 22:02:19,297 [INFO] DbMcusXml:78 - Set database path to: C:\ST\STM32CubeIDE_1.15.0\STM32CubeIDE\plugins\com.st.stm32cube.common.mx_6.11.0.202403141607\\db\/mcu/
2024-07-20 22:02:19,297 [INFO] ApiDb:274 - Set plugin database path to: C:\ST\STM32CubeIDE_1.15.0\STM32CubeIDE\plugins\com.st.stm32cube.common.mx_6.11.0.202403141607\\db\/plugins/boardmanager/
2024-07-20 22:02:19,297 [INFO] ApiDb:261 - Set plugin images path to: C:\ST\STM32CubeIDE_1.15.0\STM32CubeIDE\plugins\com.st.stm32cube.common.mx_6.11.0.202403141607\\db\/plugins/mcufinder/images/
2024-07-20 22:02:19,298 [WARN] DbFile:41 - Overriding database path with different value: C:\Users\BASAVARAJ\.stmcufinder\plugins\mcufinder/ => C:\Users\BASAVARAJ\.stmcufinder\plugins\mcufinder
2024-07-20 22:02:19,298 [INFO] ApiDb:250 - Set database path to: C:\Users\BASAVARAJ\.stmcufinder\plugins\mcufinder//mcu/
2024-07-20 22:02:19,298 [WARN] DbFile:41 - Overriding database path with different value: C:\Users\BASAVARAJ\.stmcufinder\plugins\mcufinder/ => C:\Users\BASAVARAJ\.stmcufinder\plugins\mcufinder
2024-07-20 22:02:19,298 [INFO] DbMcusAds:125 - Set database path to: C:\Users\BASAVARAJ\.stmcufinder\plugins\mcufinder//mcu/
2024-07-20 22:02:19,298 [WARN] DbFile:41 - Overriding database path with different value: C:\Users\BASAVARAJ\.stmcufinder\plugins\mcufinder/ => C:\Users\BASAVARAJ\.stmcufinder\plugins\mcufinder
2024-07-20 22:02:19,298 [WARN] DbFile:41 - Overriding database path with different value: C:\Users\BASAVARAJ\.stmcufinder\plugins\mcufinder/ => C:\Users\BASAVARAJ\.stmcufinder\plugins\mcufinder
2024-07-20 22:02:19,298 [INFO] CrossReferenceDbSqlite:203 - Set database path to: C:\Users\BASAVARAJ\.stmcufinder\plugins\mcufinder//mcu/cs/
2024-07-20 22:02:19,390 [INFO] MainPanel:264 - HeapMemory: 268435456
2024-07-20 22:02:19,511 [INFO] DbMcusXml:78 - Set database path to: C:\ST\STM32CubeIDE_1.15.0\STM32CubeIDE\plugins\com.st.stm32cube.common.mx_6.11.0.202403141607\\db\/mcu/
2024-07-20 22:02:19,511 [INFO] ApiDb:274 - Set plugin database path to: C:\ST\STM32CubeIDE_1.15.0\STM32CubeIDE\plugins\com.st.stm32cube.common.mx_6.11.0.202403141607\\db\/plugins/boardmanager/
2024-07-20 22:02:19,511 [INFO] ApiDb:261 - Set plugin images path to: C:\ST\STM32CubeIDE_1.15.0\STM32CubeIDE\plugins\com.st.stm32cube.common.mx_6.11.0.202403141607\\db\/plugins/mcufinder/images/
2024-07-20 22:02:19,511 [WARN] DbFile:41 - Overriding database path with different value: C:\Users\BASAVARAJ\.stmcufinder\plugins\mcufinder/ => C:\Users\BASAVARAJ\.stmcufinder\plugins\mcufinder
2024-07-20 22:02:19,511 [INFO] ApiDb:250 - Set database path to: C:\Users\BASAVARAJ\.stmcufinder\plugins\mcufinder//mcu/
2024-07-20 22:02:19,512 [WARN] DbFile:41 - Overriding database path with different value: C:\Users\BASAVARAJ\.stmcufinder\plugins\mcufinder/ => C:\Users\BASAVARAJ\.stmcufinder\plugins\mcufinder
2024-07-20 22:02:19,512 [INFO] DbMcusAds:125 - Set database path to: C:\Users\BASAVARAJ\.stmcufinder\plugins\mcufinder//mcu/
2024-07-20 22:02:19,512 [WARN] DbFile:41 - Overriding database path with different value: C:\Users\BASAVARAJ\.stmcufinder\plugins\mcufinder/ => C:\Users\BASAVARAJ\.stmcufinder\plugins\mcufinder
2024-07-20 22:02:19,512 [WARN] DbFile:41 - Overriding database path with different value: C:\Users\BASAVARAJ\.stmcufinder\plugins\mcufinder/ => C:\Users\BASAVARAJ\.stmcufinder\plugins\mcufinder
2024-07-20 22:02:19,512 [INFO] CrossReferenceDbSqlite:203 - Set database path to: C:\Users\BASAVARAJ\.stmcufinder\plugins\mcufinder//mcu/cs/
2024-07-20 22:02:19,533 [INFO] ApplicationProperties:184 - Using Application install path: C:\ST\STM32CubeIDE_1.15.0\STM32CubeIDE\plugins\com.st.stm32cube.common.mx_6.11.0.202403141607
2024-07-20 22:02:19,537 [INFO] PluginManage:196 - Search for loadable plugins [exclusion list=, ]
2024-07-20 22:02:19,538 [INFO] PluginManage:310 - Check plugin analytics
2024-07-20 22:02:19,718 [INFO] AnalyticsPlugin:253 - Accepted Software Licenses: 
2024-07-20 22:02:19,718 [INFO] AnalyticsPlugin:255 - Accepted CMSIS Pack Licenses: 
2024-07-20 22:02:19,718 [INFO] AnalyticsPlugin:257 - Accepted Firmware Licenses: FW.F4.1.28.0
2024-07-20 22:02:19,720 [INFO] PluginManage:359 - Loaded plugin analytics (category:tool,tabindex:-1)
2024-07-20 22:02:19,721 [INFO] PluginManage:310 - Check plugin cadmodel
2024-07-20 22:02:19,738 [INFO] CADModel:105 - Init CAD model plugin
2024-07-20 22:02:19,738 [INFO] PluginManage:359 - Loaded plugin cadmodel (category:power,tabindex:5)
2024-07-20 22:02:19,739 [INFO] PluginManage:310 - Check plugin clock
2024-07-20 22:02:19,760 [INFO] PluginManage:359 - Loaded plugin clock (category:base,tabindex:2)
2024-07-20 22:02:19,760 [INFO] PluginManage:310 - Check plugin ddr
2024-07-20 22:02:19,763 [INFO] PluginManage:359 - Loaded plugin ddr (category:tool,tabindex:6)
2024-07-20 22:02:19,763 [INFO] PluginManage:310 - Check plugin filemanager
2024-07-20 22:02:19,959 [INFO] PluginManage:359 - Loaded plugin filemanager (category:base,tabindex:10)
2024-07-20 22:02:19,959 [INFO] PluginManage:310 - Check plugin ipmanager
2024-07-20 22:02:19,964 [INFO] PluginManage:359 - Loaded plugin ipmanager (category:base,tabindex:5)
2024-07-20 22:02:19,964 [INFO] PluginManage:310 - Check plugin lpbam
2024-07-20 22:02:19,981 [INFO] PluginManage:359 - Loaded plugin lpbam (category:base,tabindex:0)
2024-07-20 22:02:19,982 [INFO] PluginManage:310 - Check plugin memorymap
2024-07-20 22:02:20,025 [INFO] PluginManage:359 - Loaded plugin memorymap (category:base,tabindex:4)
2024-07-20 22:02:20,025 [INFO] PluginManage:310 - Check plugin pinoutandconfiguration
2024-07-20 22:02:20,043 [INFO] PluginManage:359 - Loaded plugin pinoutandconfiguration (category:base,tabindex:1)
2024-07-20 22:02:20,043 [INFO] PluginManage:310 - Check plugin pinoutconfig
2024-07-20 22:02:20,127 [WARN] SupportedApi:132 - Cannot load RTOS API schema: s4s-elt-must-match.1: The content of 'definitions' must match (annotation?, (simpleType | complexType)?, (unique | key | keyref)*)). A problem was found starting at: attribute.
2024-07-20 22:02:20,329 [INFO] PluginManage:359 - Loaded plugin pinoutconfig (category:base,tabindex:0)
2024-07-20 22:02:20,329 [INFO] PluginManage:310 - Check plugin power
2024-07-20 22:02:20,347 [INFO] PluginManage:359 - Loaded plugin power (category:power,tabindex:4)
2024-07-20 22:02:20,347 [INFO] PluginManage:310 - Check plugin projectmanager
2024-07-20 22:02:20,359 [INFO] PluginManage:359 - Loaded plugin projectmanager (category:projectmanager,tabindex:3)
2024-07-20 22:02:20,359 [INFO] PluginManage:310 - Check plugin thirdparty
2024-07-20 22:02:20,660 [INFO] PluginManage:359 - Loaded plugin thirdparty (category:base,tabindex:-1)
2024-07-20 22:02:20,661 [INFO] PluginManage:310 - Check plugin tools
2024-07-20 22:02:20,661 [WARN] IntegrityCheckThread:84 - waiting for thirdparty lock release [integrity check]
2024-07-20 22:02:20,661 [INFO] IntegrityCheckThread:86 - entering critical section [integrity check]
2024-07-20 22:02:20,661 [INFO] ThirdPartyUpdaterWithRetryManager:70 - Updater plugin not ready yet. [1/15]
2024-07-20 22:02:20,691 [INFO] PluginManage:359 - Loaded plugin tools (category:base,tabindex:7)
2024-07-20 22:02:20,691 [INFO] PluginManage:310 - Check plugin tutovideos
2024-07-20 22:02:20,966 [INFO] PluginManage:359 - Loaded plugin tutovideos (category:base,tabindex:-1)
2024-07-20 22:02:20,966 [INFO] PluginManage:310 - Check plugin updater
2024-07-20 22:02:20,985 [INFO] PluginManage:359 - Loaded plugin updater (category:base,tabindex:12)
2024-07-20 22:02:20,985 [INFO] PluginManage:310 - Check plugin userauth
2024-07-20 22:02:20,993 [INFO] UserAuth:114 - Init User Auth plugin
2024-07-20 22:02:20,993 [INFO] PluginManage:359 - Loaded plugin userauth (category:base,tabindex:14)
2024-07-20 22:02:20,994 [INFO] PluginManage:283 - PluginManage : Loaded plugins [17]
2024-07-20 22:02:21,262 [INFO] PinOutPanel:1561 - setPackage(No Configuration,No Configuration)
2024-07-20 22:02:21,344 [INFO] CADModel:165 - CPN selected for project level
2024-07-20 22:02:21,344 [INFO] CADModel:114 - Register for checkConnection events
2024-07-20 22:02:21,377 [INFO] IPUIPlugin:80 - create IPUIPlugin
2024-07-20 22:02:21,377 [INFO] PluginManager:220 - loadIPPluginJar : add adc
2024-07-20 22:02:21,410 [INFO] IPUIPlugin:80 - create IPUIPlugin
2024-07-20 22:02:21,411 [INFO] PluginManager:220 - loadIPPluginJar : add aes
2024-07-20 22:02:21,445 [INFO] IPUIPlugin:80 - create IPUIPlugin
2024-07-20 22:02:21,445 [INFO] PluginManager:220 - loadIPPluginJar : add can
2024-07-20 22:02:21,465 [INFO] IPUIPlugin:80 - create IPUIPlugin
2024-07-20 22:02:21,465 [INFO] PluginManager:220 - loadIPPluginJar : add comp
2024-07-20 22:02:21,494 [INFO] IPUIPlugin:80 - create IPUIPlugin
2024-07-20 22:02:21,495 [INFO] PluginManager:220 - loadIPPluginJar : add cryp
2024-07-20 22:02:21,523 [INFO] IPUIPlugin:80 - create IPUIPlugin
2024-07-20 22:02:21,523 [INFO] PluginManager:220 - loadIPPluginJar : add dfsdm
2024-07-20 22:02:21,535 [INFO] IPUIPlugin:80 - create IPUIPlugin
2024-07-20 22:02:21,535 [INFO] PluginManager:220 - loadIPPluginJar : add dma
2024-07-20 22:02:21,573 [INFO] IPUIPlugin:80 - create IPUIPlugin
2024-07-20 22:02:21,574 [INFO] PluginManager:220 - loadIPPluginJar : add dma3
2024-07-20 22:02:21,615 [INFO] IPUIPlugin:80 - create IPUIPlugin
2024-07-20 22:02:21,615 [INFO] PluginManager:220 - loadIPPluginJar : add extmemmanager
2024-07-20 22:02:21,633 [INFO] IPUIPlugin:80 - create IPUIPlugin
2024-07-20 22:02:21,633 [INFO] PluginManager:220 - loadIPPluginJar : add fatfs
2024-07-20 22:02:21,672 [INFO] IPUIPlugin:80 - create IPUIPlugin
2024-07-20 22:02:21,672 [INFO] PluginManager:220 - loadIPPluginJar : add fmc
2024-07-20 22:02:21,686 [INFO] IPUIPlugin:80 - create IPUIPlugin
2024-07-20 22:02:21,686 [INFO] PluginManager:220 - loadIPPluginJar : add freertos
2024-07-20 22:02:21,704 [INFO] IPUIPlugin:80 - create IPUIPlugin
2024-07-20 22:02:21,704 [INFO] PluginManager:220 - loadIPPluginJar : add genericplugin
2024-07-20 22:02:21,783 [INFO] IPUIPlugin:80 - create IPUIPlugin
2024-07-20 22:02:21,783 [INFO] PluginManager:220 - loadIPPluginJar : add gfxmmu
2024-07-20 22:02:21,893 [INFO] IPUIPlugin:80 - create IPUIPlugin
2024-07-20 22:02:21,893 [INFO] PluginManager:220 - loadIPPluginJar : add gic
2024-07-20 22:02:21,905 [INFO] IPUIPlugin:80 - create IPUIPlugin
2024-07-20 22:02:21,905 [INFO] PluginManager:220 - loadIPPluginJar : add gpio
2024-07-20 22:02:21,982 [INFO] IPUIPlugin:80 - create IPUIPlugin
2024-07-20 22:02:21,983 [INFO] PluginManager:220 - loadIPPluginJar : add gtzc
2024-07-20 22:02:22,011 [INFO] IPUIPlugin:80 - create IPUIPlugin
2024-07-20 22:02:22,011 [INFO] PluginManager:220 - loadIPPluginJar : add hash
2024-07-20 22:02:22,057 [INFO] IPUIPlugin:80 - create IPUIPlugin
2024-07-20 22:02:22,058 [INFO] PluginManager:220 - loadIPPluginJar : add i2c
2024-07-20 22:02:22,098 [INFO] IPUIPlugin:80 - create IPUIPlugin
2024-07-20 22:02:22,098 [INFO] PluginManager:220 - loadIPPluginJar : add i2s
2024-07-20 22:02:22,133 [INFO] IPUIPlugin:80 - create IPUIPlugin
2024-07-20 22:02:22,133 [INFO] PluginManager:220 - loadIPPluginJar : add i3c
2024-07-20 22:02:22,218 [INFO] IPUIPlugin:80 - create IPUIPlugin
2024-07-20 22:02:22,218 [INFO] PluginManager:220 - loadIPPluginJar : add ipddr
2024-07-20 22:02:22,305 [INFO] IPUIPlugin:80 - create IPUIPlugin
2024-07-20 22:02:22,305 [INFO] PluginManager:220 - loadIPPluginJar : add linkedlist
2024-07-20 22:02:22,336 [INFO] IPUIPlugin:80 - create IPUIPlugin
2024-07-20 22:02:22,336 [INFO] PluginManager:220 - loadIPPluginJar : add lorawan
2024-07-20 22:02:22,369 [INFO] IPUIPlugin:80 - create IPUIPlugin
2024-07-20 22:02:22,369 [INFO] PluginManager:220 - loadIPPluginJar : add ltdc
2024-07-20 22:02:22,381 [INFO] IPUIPlugin:80 - create IPUIPlugin
2024-07-20 22:02:22,381 [INFO] PluginManager:220 - loadIPPluginJar : add mdma
2024-07-20 22:02:22,393 [INFO] IPUIPlugin:80 - create IPUIPlugin
2024-07-20 22:02:22,393 [INFO] PluginManager:220 - loadIPPluginJar : add nvic
2024-07-20 22:02:22,424 [INFO] IPUIPlugin:80 - create IPUIPlugin
2024-07-20 22:02:22,424 [INFO] PluginManager:220 - loadIPPluginJar : add opamp
2024-07-20 22:02:22,475 [INFO] IPUIPlugin:80 - create IPUIPlugin
2024-07-20 22:02:22,475 [INFO] PluginManager:220 - loadIPPluginJar : add openamp
2024-07-20 22:02:22,514 [INFO] IPUIPlugin:80 - create IPUIPlugin
2024-07-20 22:02:22,514 [INFO] PluginManager:220 - loadIPPluginJar : add pdm2pcm
2024-07-20 22:02:22,530 [INFO] IPUIPlugin:80 - create IPUIPlugin
2024-07-20 22:02:22,532 [INFO] PluginManager:220 - loadIPPluginJar : add plateformsettings
2024-07-20 22:02:22,552 [INFO] IPUIPlugin:80 - create IPUIPlugin
2024-07-20 22:02:22,553 [INFO] PluginManager:220 - loadIPPluginJar : add quadspi
2024-07-20 22:02:22,563 [INFO] IPUIPlugin:80 - create IPUIPlugin
2024-07-20 22:02:22,564 [INFO] PluginManager:220 - loadIPPluginJar : add resmgrutility
2024-07-20 22:02:22,608 [INFO] IPUIPlugin:80 - create IPUIPlugin
2024-07-20 22:02:22,609 [INFO] PluginManager:220 - loadIPPluginJar : add sai
2024-07-20 22:02:22,642 [INFO] IPUIPlugin:80 - create IPUIPlugin
2024-07-20 22:02:22,642 [INFO] PluginManager:220 - loadIPPluginJar : add spi
2024-07-20 22:02:22,699 [INFO] IPUIPlugin:80 - create IPUIPlugin
2024-07-20 22:02:22,699 [INFO] PluginManager:220 - loadIPPluginJar : add stm32_wpan
2024-07-20 22:02:22,720 [INFO] IPUIPlugin:80 - create IPUIPlugin
2024-07-20 22:02:22,720 [INFO] PluginManager:220 - loadIPPluginJar : add tim
2024-07-20 22:02:22,770 [INFO] IPUIPlugin:80 - create IPUIPlugin
2024-07-20 22:02:22,770 [INFO] PluginManager:220 - loadIPPluginJar : add touchsensing
2024-07-20 22:02:22,789 [INFO] IPUIPlugin:80 - create IPUIPlugin
2024-07-20 22:02:22,790 [INFO] PluginManager:220 - loadIPPluginJar : add tracer_emb
2024-07-20 22:02:22,810 [INFO] IPUIPlugin:80 - create IPUIPlugin
2024-07-20 22:02:22,810 [INFO] PluginManager:220 - loadIPPluginJar : add ts
2024-07-20 22:02:22,833 [INFO] IPUIPlugin:80 - create IPUIPlugin
2024-07-20 22:02:22,833 [INFO] PluginManager:220 - loadIPPluginJar : add tsc
2024-07-20 22:02:22,866 [INFO] IPUIPlugin:80 - create IPUIPlugin
2024-07-20 22:02:22,866 [INFO] PluginManager:220 - loadIPPluginJar : add ucpd
2024-07-20 22:02:22,904 [INFO] IPUIPlugin:80 - create IPUIPlugin
2024-07-20 22:02:22,904 [INFO] PluginManager:220 - loadIPPluginJar : add usart
2024-07-20 22:02:22,945 [INFO] IPUIPlugin:80 - create IPUIPlugin
2024-07-20 22:02:22,945 [INFO] PluginManager:220 - loadIPPluginJar : add usbx
2024-07-20 22:02:23,078 [INFO] CADModel:165 - CPN selected for project level
2024-07-20 22:02:23,078 [INFO] CADModel:114 - Register for checkConnection events
2024-07-20 22:02:23,079 [FATAL] Updater:308 - Updater called before beeing initialized
2024-07-20 22:02:23,079 [ERROR] CADModel:125 - Updater not yet initialized, retry later 
2024-07-20 22:02:23,217 [INFO] CADModel:165 - CPN selected for project level
2024-07-20 22:02:23,217 [INFO] CADModel:114 - Register for checkConnection events
2024-07-20 22:02:23,217 [FATAL] Updater:308 - Updater called before beeing initialized
2024-07-20 22:02:23,217 [ERROR] CADModel:125 - Updater not yet initialized, retry later 
2024-07-20 22:02:23,220 [FATAL] Updater:308 - Updater called before beeing initialized
2024-07-20 22:02:23,320 [FATAL] Updater:308 - Updater called before beeing initialized
2024-07-20 22:02:23,333 [INFO] DbMcusAds:53 - JSON generation date=Thu May 16 14:52:00 IST 2024 (1715851320667)
2024-07-20 22:02:23,334 [FATAL] Updater:308 - Updater called before beeing initialized
2024-07-20 22:02:23,385 [WARN] DetailPanel:346 - Failed to get advertising image, set to default
2024-07-20 22:02:23,472 [FATAL] Updater:308 - Updater called before beeing initialized
2024-07-20 22:02:23,474 [FATAL] Updater:308 - Updater called before beeing initialized
2024-07-20 22:02:23,474 [FATAL] Updater:308 - Updater called before beeing initialized
2024-07-20 22:02:23,474 [WARN] DetailPanel:346 - Failed to get advertising image, set to default
2024-07-20 22:02:23,475 [FATAL] Updater:308 - Updater called before beeing initialized
2024-07-20 22:02:23,535 [ERROR] Updater:1120 - MainUpdater not yet initialized. External WinMGr cannot be set.
2024-07-20 22:02:23,546 [INFO] Updater:1056 - Updater Version found : 6.11.0
2024-07-20 22:02:23,586 [INFO] ApplicationProperties:184 - Using Application install path: C:\ST\STM32CubeIDE_1.15.0\STM32CubeIDE\plugins\com.st.stm32cube.common.mx_6.11.0.202403141607
2024-07-20 22:02:23,663 [INFO] ThirdPartyUpdaterWithRetryManager:70 - Updater plugin not ready yet. [2/15]
2024-07-20 22:02:24,056 [ERROR] ConfigurationRetriever:142 - IOException on connection: Read timed out
2024-07-20 22:02:25,165 [ERROR] LogOutputStream:75 - [STDERR_REDIRECT] Jul 20, 2024 10:02:25 PM java.util.prefs.WindowsPreferences <init>
2024-07-20 22:02:25,166 [ERROR] LogOutputStream:75 - [STDERR_REDIRECT] WARNING: Could not open/create prefs root node Software\JavaSoft\Prefs at root 0xffffffff80000002. Windows RegCreateKeyEx(...) returned error code 5.
2024-07-20 22:02:25,166 [ERROR] LogOutputStream:75 - [STDERR_REDIRECT] 
2024-07-20 22:02:26,061 [ERROR] ConfigurationRetriever:142 - IOException on connection: Connect timed out
2024-07-20 22:02:26,665 [FATAL] Updater:308 - Updater called before beeing initialized
2024-07-20 22:02:26,666 [ERROR] IntegrityCheckThread:130 - Cannot retrieve database content from updater: error 21
2024-07-20 22:02:26,666 [INFO] ThirdParty:978 - Integrity check success = false
2024-07-20 22:02:26,666 [INFO] IntegrityCheckThread:100 - exiting critical section [integrity check]
2024-07-20 22:02:26,666 [INFO] IntegrityCheckThread:103 - End integrity checks thread
2024-07-20 22:02:31,205 [WARN] CheckConnectionManager:291 - Warning during Server Connection :  timeout Connect to sw-center.st.com:443 [sw-center.st.com/43.250.166.73, sw-center.st.com/43.250.166.80] failed: Connect timed out
2024-07-20 22:02:33,569 [INFO] MainUpdater:2873 - connection check result : 10
2024-07-20 22:02:33,570 [INFO] MainUpdater:290 - Updater Check For Update Now.
2024-07-20 22:02:33,570 [INFO] MicroXplorer:498 - Change Database Version : DB.6.0.110
2024-07-20 22:02:33,585 [INFO] McuFinderGlobals:63 - Set McuFinder mode to 2 (CubeIDE integrated)
2024-07-20 22:02:33,585 [INFO] UserAuth:179 - activating auth plugin
2024-07-20 22:02:33,588 [INFO] UserAuth:415 - Internet connection configuration mode: 1
2024-07-20 22:02:33,631 [INFO] JxBrowserEngine:152 - Initiate JxBrowser Engine with user profile folder
2024-07-20 22:02:33,785 [INFO] CheckServerUpdateThread:120 - End of CheckServer Thread
2024-07-20 22:02:38,298 [INFO] WebApp:161 - Instantiating new browser for Auth
2024-07-20 22:02:39,274 [INFO] WebApp:779 - Register for checkConnection events
2024-07-20 22:02:39,274 [INFO] WebApp:414 - Apply proxy settings
2024-07-20 22:02:39,274 [INFO] WebApp:499 - Chromium requires no authentication
2024-07-20 22:02:39,286 [INFO] WebApp:442 - Direct internet connection detected
2024-07-20 22:02:39,591 [INFO] WebApp:192 - Starting web application
2024-07-20 22:02:39,591 [INFO] WebApp:544 - Web application path used C:\ST\STM32CubeIDE_1.15.0\STM32CubeIDE\plugins\com.st.stm32cube.common.mx_6.11.0.202403141607\db\plugins\mcufinder\reactClient1\index.html
2024-07-20 22:11:26,173 [INFO] McuFinderGlobals:63 - Set McuFinder mode to 2 (CubeIDE integrated)
2024-07-20 22:11:26,208 [INFO] MainUpdater:2873 - connection check result : 10
2024-07-20 22:11:26,230 [INFO] McuFinderGlobals:76 - Set McuFinderConnectedMode to true
2024-07-20 22:11:26,612 [INFO] ServerAccessManage:473 - Download File mcusAds.json._tmp_
2024-07-20 22:11:26,730 [INFO] LoadUrlFilesThread:156 - End of LoadUrlFiles Thread
2024-07-20 22:11:26,970 [INFO] ServerAccessManage:473 - Download File cube-finder-db.zip
2024-07-20 22:11:40,840 [INFO] FileExtend:240 - Unzip File : cube-finder-db.zip
2024-07-20 22:11:40,840 [INFO] FileExtend:255 - Standard Zip Deflate
2024-07-20 22:11:41,505 [INFO] LoadUrlFilesThread:156 - End of LoadUrlFiles Thread
2024-07-20 22:11:48,405 [INFO] ServerAccessManage:473 - Download File crdb.zip
2024-07-20 22:11:50,269 [INFO] FileExtend:240 - Unzip File : crdb.zip
2024-07-20 22:11:50,269 [INFO] FileExtend:255 - Standard Zip Deflate
2024-07-20 22:11:50,402 [INFO] LoadUrlFilesThread:156 - End of LoadUrlFiles Thread
2024-07-20 22:11:50,636 [INFO] ServerAccessManage:473 - Download File tutoVideoDB.zip
2024-07-20 22:11:50,679 [INFO] FileExtend:240 - Unzip File : tutoVideoDB.zip
2024-07-20 22:11:50,679 [INFO] FileExtend:255 - Standard Zip Deflate
2024-07-20 22:11:50,801 [INFO] LoadUrlFilesThread:156 - End of LoadUrlFiles Thread
2024-07-20 22:11:50,804 [WARN] DbFile:41 - Overriding database path with different value: C:\Users\BASAVARAJ\.stmcufinder\plugins\mcufinder/ => C:\Users\BASAVARAJ\.stmcufinder\plugins\mcufinder
2024-07-20 22:11:50,966 [INFO] ServerAccessManage:473 - Download File api_config.json
2024-07-20 22:11:51,081 [INFO] LoadUrlFilesThread:156 - End of LoadUrlFiles Thread
2024-07-20 22:11:51,085 [INFO] DbMcusAds:53 - JSON generation date=Thu May 16 14:52:00 IST 2024 (1715851320667)
2024-07-20 22:11:51,112 [INFO] LoadUrlFilesThread:185 - End of LoadServerUrlFiles without Thread
2024-07-20 22:11:51,113 [INFO] TargetSelectorAdapter:259 - Refresh data is successful
2024-07-20 22:11:52,255 [INFO] ApiDb:581 - Connected to CubeFinder SQLite database (C:\Users\BASAVARAJ\.stmcufinder\plugins\mcufinder\mcu\cube-finder-db.db)
2024-07-20 22:11:52,297 [INFO] ApiDb:668 - CubeFinder database Data Model version=2.1
2024-07-20 22:11:52,297 [INFO] ApiDb:669 - CubeFinder database Configuration version=3.0.39
2024-07-20 22:11:52,297 [INFO] ApiDb:670 - CubeFinder database generation date=2024-06-20 (1718880634)
2024-07-20 22:11:52,297 [INFO] ApiDb:671 - CubeFinder database FW Pack versions=[FP-ATR-ASTRA1_V2.0.0, FP-SNS-FLIGHT1_V5.0.2, FP-SNS-MOTENV1_V5.0.0, FP-SNS-MOTENVWB1_V1.4.0, FP-SNS-SMARTAG2_V1.2.0, STM32Cube_FW_C0_V1.2.0, STM32Cube_FW_F4_V1.28.0, STM32Cube_FW_F7_V1.17.2, STM32Cube_FW_G0_V1.6.2, STM32Cube_FW_G4_V1.6.0, STM32Cube_FW_H5_V1.3.0, STM32Cube_FW_H7RS_V1.1.0, STM32Cube_FW_H7_V1.11.2, STM32Cube_FW_L0_V1.12.2, STM32Cube_FW_L5_V1.5.1, STM32Cube_FW_U0_V1.1.0, STM32Cube_FW_U5_V1.6.0, STM32Cube_FW_WB0_V1.0.0, STM32Cube_FW_WBA_V1.4.0, STM32Cube_FW_WB_V1.20.0, STM32Cube_FW_WL_V1.3.0, X-CUBE-ALGOBUILD_V1.4.0, X-CUBE-ALS_V1.0.2, X-CUBE-AZRTOS-F4_V1.1.0, X-CUBE-AZRTOS-F7_V1.1.0, X-CUBE-AZRTOS-G0_V1.1.0, X-CUBE-AZRTOS-G4_V2.0.0, X-CUBE-AZRTOS-H7RS_V1.0.0, X-CUBE-AZRTOS-H7_V3.2.0, X-CUBE-AZRTOS-L4_V2.0.0, X-CUBE-AZRTOS-L5_V1.1.0, X-CUBE-AZRTOS-WB_V2.0.0, X-CUBE-AZRTOS-WL_V2.0.0, X-CUBE-BLE1_V7.0.0, X-CUBE-BLE2_V3.3.0, X-CUBE-BLEMGR_V3.1.0, X-CUBE-EEPRMA1_V5.1.0, X-CUBE-FREERTOS_V1.2.0, X-CUBE-GNSS1_V6.0.0, X-CUBE-MEMS1_V10.0.0, X-CUBE-NFC4_V3.0.0, X-CUBE-NFC7_V1.0.1, X-CUBE-SFXS2LP1_V4.0.0, X-CUBE-SUBG2_V5.0.0, X-CUBE-TOF1_V3.4.1]
2024-07-20 22:11:53,829 [INFO] ApiDb:240 - Found 483 in-development CPN: [B-G473E-ZEST1S, B-WB1M-WPAN1, B-WL5M-SUBG1, NUCLEO-C031C6, NUCLEO-H503RB, NUCLEO-H533RE, NUCLEO-H563ZI, NUCLEO-H7S3L8, NUCLEO-U031R8, NUCLEO-U083RC, NUCLEO-U545RE-Q, NUCLEO-U5A5ZJ-Q, NUCLEO-WBA52CG, NUCLEO-WBA55CG, STEVAL-PROTEUS1, STEVAL-SMARTAG2, STEVAL-STWINBX1, STM320518-EVAL, STM32C0116-DK, STM32C011D6Y3TR, STM32C011D6Y6TR, STM32C011F4P3, STM32C011F4P6, STM32C011F4U3, STM32C011F4U6TR, STM32C011F6P3, STM32C011F6P6, STM32C011F6U3, STM32C011F6U6TR, STM32C011J4M3, STM32C011J4M6, STM32C011J6M3, STM32C011J6M6, STM32C0316-DK, STM32C031C4T3, STM32C031C4T6, STM32C031C4U3, STM32C031C4U6, STM32C031C6T3, STM32C031C6T6, STM32C031C6U3, STM32C031C6U6, STM32C031F4P3, STM32C031F4P6, STM32C031F6P3, STM32C031F6P6, STM32C031G4U3, STM32C031G4U6, STM32C031G6U3, STM32C031G6U6, STM32C031K4T3, STM32C031K4T6, STM32C031K4U3, STM32C031K4U6, STM32C031K6T3, STM32C031K6T6, STM32C031K6U3, STM32C031K6U6, STM32G071K8TXN, STM32G071K8UXN, STM32G081GBU6N, STM32G081KBT6N, STM32G081KBUXN, STM32G0B1CCT6N, STM32G0B1KCT6, STM32G0B1NEY6TR, STM32G0B1RCT6N, STM32G0C1CCT6, STM32G0C1CCT6N, STM32G0C1CCU6N, STM32G0C1CET6N, STM32G0C1CEU6N, STM32G0C1KCT6, STM32G0C1NEY6TR, STM32G0C1RCI6N, STM32G0C1RCT6N, STM32G0C1REI6N, STM32G0C1RET6N, STM32G0C1VCI6, STM32G0C1VEI6, STM32G471CCT6, STM32G471CCU6, STM32G471CET3, STM32G471CET6, STM32G471CEU3, STM32G471CEU6, STM32G471MCT6, STM32G471MET3, STM32G471MET6, STM32G471MEY6TR, STM32G471QCT6, STM32G471QET3, STM32G471RCT6, STM32G471RET3, STM32G471RET6, STM32G471VCH6, STM32G471VCI6, STM32G471VCT6, STM32G471VEH3, STM32G471VEH6, STM32G471VEI3, STM32G471VEI6, STM32G471VET3, STM32G471VET6, STM32G474CCT6, STM32H503CBT6, STM32H503CBU6, STM32H503EBY6TR, STM32H503KBU6, STM32H503RBT6, STM32H523CCT6, STM32H523CCU6, STM32H523CET6, STM32H523CEU6, STM32H523HEY6TR, STM32H523RCT6, STM32H523RET6, STM32H523VCI6, STM32H523VCT6, STM32H523VEI6, STM32H523VET6, STM32H523ZCJ6, STM32H523ZCT6, STM32H523ZEJ6, STM32H523ZET6, STM32H533CET6, STM32H533CEU6, STM32H533HEY6TR, STM32H533RET6, STM32H533VEI6, STM32H533VET6, STM32H533ZEJ6, STM32H533ZET6, STM32H562AGI6, STM32H562AII6, STM32H562IGK6, STM32H562IGT6, STM32H562IIK6, STM32H562IIT6, STM32H562RGT6, STM32H562RGV6, STM32H562RIT6, STM32H562RIV6, STM32H562VGT6, STM32H562VIT6, STM32H562ZGT6, STM32H562ZIT6, STM32H563AGI6, STM32H563AII3Q, STM32H563AII6, STM32H563IGK6, STM32H563IGT6, STM32H563IIK3Q, STM32H563IIK6, STM32H563IIT3Q, STM32H563IIT6, STM32H563MIY3QTR, STM32H563RGT6, STM32H563RGV6, STM32H563RIT6, STM32H563RIV6, STM32H563VGT6, STM32H563VIT3Q, STM32H563VIT6, STM32H563ZGT6, STM32H563ZIT3Q, STM32H563ZIT6, STM32H573AII3Q, STM32H573AII6, STM32H573I-DK, STM32H573IIK3Q, STM32H573IIK6, STM32H573IIT3Q, STM32H573IIT6, STM32H573MIY3QTR, STM32H573RIT6, STM32H573RIV6, STM32H573VIT3Q, STM32H573VIT6, STM32H573ZIT3Q, STM32H573ZIT6, STM32H7R3A8I6, STM32H7R3I8K6, STM32H7R3I8T6, STM32H7R3L8H6, STM32H7R3L8H6H, STM32H7R3R8V6, STM32H7R3V8H6, STM32H7R3V8T6, STM32H7R3V8Y6, STM32H7R3Z8J6, STM32H7R3Z8T6, STM32H7R7A8I6, STM32H7R7I8K6, STM32H7R7I8T6, STM32H7R7L8H6, STM32H7R7L8H6H, STM32H7R7Z8J6, STM32H7S3A8I6, STM32H7S3I8K6, STM32H7S3I8T6, STM32H7S3L8H6, STM32H7S3L8H6H, STM32H7S3R8V6, STM32H7S3V8H6, STM32H7S3V8T6, STM32H7S3V8Y6, STM32H7S3Z8J6, STM32H7S3Z8T6, STM32H7S78-DK, STM32H7S7A8I6, STM32H7S7I8K6, STM32H7S7I8T6, STM32H7S7L8H6, STM32H7S7L8H6H, STM32H7S7Z8J6, STM32L4R5QGI6STR, STM32MP131AAE3, STM32MP131AAF3, STM32MP131AAG3, STM32MP131CAE3, STM32MP131CAF3, STM32MP131CAG3, STM32MP131DAE7, STM32MP131DAF7, STM32MP131DAG7, STM32MP131FAE7, STM32MP131FAF7, STM32MP131FAG7, STM32MP133AAE3, STM32MP133AAF3, STM32MP133AAG3, STM32MP133CAE3, STM32MP133CAF3, STM32MP133CAG3, STM32MP133DAE7, STM32MP133DAF7, STM32MP133DAG7, STM32MP133FAE7, STM32MP133FAF7, STM32MP133FAG7, STM32MP135AAE3, STM32MP135AAF3, STM32MP135AAG3, STM32MP135CAE3, STM32MP135CAF3, STM32MP135CAG3, STM32MP135DAE7, STM32MP135DAF7, STM32MP135DAG7, STM32MP135F-DK, STM32MP135FAE7, STM32MP135FAF7, STM32MP135FAF7T, STM32MP135FAF7U, STM32MP135FAG7, STM32U031C6T6, STM32U031C6U6, STM32U031C8T6, STM32U031C8U6, STM32U031F4P6, STM32U031F6P6, STM32U031F8P6, STM32U031G6Y6TR, STM32U031G8Y6TR, STM32U031K4U6, STM32U031K6U6, STM32U031K8U6, STM32U031R6I6, STM32U031R6T6, STM32U031R8I6, STM32U031R8T6, STM32U073C8T6, STM32U073C8U6, STM32U073CBT6, STM32U073CBU6, STM32U073CCT6, STM32U073CCU6, STM32U073H8Y6TR, STM32U073HBY6TR, STM32U073HCY6TR, STM32U073K8U6, STM32U073KBU6, STM32U073KCU6, STM32U073M8I6, STM32U073M8T6, STM32U073MBI6, STM32U073MBT6, STM32U073MCI6, STM32U073MCT6, STM32U073R8I6, STM32U073R8T6, STM32U073RBI6, STM32U073RBT6, STM32U073RCI6, STM32U073RCT6, STM32U083C-DK, STM32U083CCT6, STM32U083CCU6, STM32U083HCY6TR, STM32U083KCU6, STM32U083MCI6, STM32U083MCT6, STM32U083RCI6, STM32U083RCT6, STM32U535CBT6, STM32U535CBT6Q, STM32U535CBU6, STM32U535CBU6Q, STM32U535CCT6, STM32U535CCT6Q, STM32U535CCU6, STM32U535CCU6Q, STM32U535CET6, STM32U535CET6Q, STM32U535CEU6, STM32U535CEU6Q, STM32U535JEY6QTR, STM32U535NCY6QTR, STM32U535NEY6QTR, STM32U535RBI6, STM32U535RBI6Q, STM32U535RBT6, STM32U535RBT6Q, STM32U535RCI6, STM32U535RCI6Q, STM32U535RCT6, STM32U535RCT6Q, STM32U535REI6, STM32U535REI6Q, STM32U535RET6, STM32U535RET6Q, STM32U535VCI6, STM32U535VCI6Q, STM32U535VCT6, STM32U535VCT6Q, STM32U535VEI6, STM32U535VEI6Q, STM32U535VET6, STM32U535VET6Q, STM32U545CET6, STM32U545CET6Q, STM32U545CEU6, STM32U545CEU6Q, STM32U545JEY6QTR, STM32U545NEY6QTR, STM32U545REI6, STM32U545REI6Q, STM32U545RET6, STM32U545RET6Q, STM32U545VEI6, STM32U545VEI6Q, STM32U545VET6, STM32U545VET6Q, STM32U595AIH6, STM32U595AIH6Q, STM32U595AJH6, STM32U595AJH6Q, STM32U595QII6, STM32U595QII6Q, STM32U595QJI6, STM32U595QJI6Q, STM32U595RIT6, STM32U595RIT6Q, STM32U595RJT6, STM32U595RJT6Q, STM32U595VIT6, STM32U595VIT6Q, STM32U595VJT6, STM32U595VJT6Q, STM32U595ZIT6, STM32U595ZIT6Q, STM32U595ZIY6QTR, STM32U595ZJT6, STM32U595ZJT6Q, STM32U595ZJY6QTR, STM32U599BJY6QTR, STM32U599NIH6Q, STM32U599NJH6Q, STM32U599VIT6Q, STM32U599VJT6, STM32U599VJT6Q, STM32U599ZIT6Q, STM32U599ZIY6QTR, STM32U599ZJT6Q, STM32U599ZJY6QTR, STM32U5A5AJH6, STM32U5A5AJH6Q, STM32U5A5QII3Q , STM32U5A5QJI6, STM32U5A5QJI6Q, STM32U5A5RJT6, STM32U5A5RJT6Q, STM32U5A5VJT6, STM32U5A5VJT6Q, STM32U5A5ZJT6, STM32U5A5ZJT6Q, STM32U5A5ZJY6QTR, STM32U5A9BJY6QTR, STM32U5A9J-DK, STM32U5A9NJH6Q, STM32U5A9VJT6Q, STM32U5A9ZJT6Q, STM32U5A9ZJY6QTR, STM32U5F7VIT6, STM32U5F7VIT6Q, STM32U5F7VJT6, STM32U5F7VJT6Q, STM32U5F9BJY6QTR, STM32U5F9NJH6Q, STM32U5F9VIT6Q, STM32U5F9VJT6Q, STM32U5F9ZIJ6QTR, STM32U5F9ZIT6Q, STM32U5F9ZJJ6QTR, STM32U5F9ZJT6Q, STM32U5G7VJT6, STM32U5G7VJT6Q, STM32U5G9BJY6QTR, STM32U5G9J-DK1, STM32U5G9J-DK2, STM32U5G9NJH6Q, STM32U5G9VJT6Q, STM32U5G9ZJJ6QTR, STM32U5G9ZJT6Q, STM32WB1MMCH6, STM32WBA50KEU6, STM32WBA50KEU6TR, STM32WBA50KGU6, STM32WBA50KGU6TR, STM32WBA52CEU6, STM32WBA52CEU6TR, STM32WBA52CEU7, STM32WBA52CEU7TR, STM32WBA52CGU6, STM32WBA52CGU6TR, STM32WBA52CGU6U, STM32WBA52CGU7, STM32WBA52CGU7TR, STM32WBA52KEU6, STM32WBA52KEU6TR, STM32WBA52KGU6, STM32WBA52KGU6TR, STM32WBA54CEU6, STM32WBA54CEU6TR, STM32WBA54CEU7, STM32WBA54CEU7TR, STM32WBA54CGU6, STM32WBA54CGU6TR, STM32WBA54CGU7, STM32WBA54CGU7TR, STM32WBA54KEU6, STM32WBA54KEU6TR, STM32WBA54KEU7, STM32WBA54KEU7TR, STM32WBA54KGU6, STM32WBA54KGU6TR, STM32WBA54KGU7, STM32WBA54KGU7TR, STM32WBA55CEU6, STM32WBA55CEU6TR, STM32WBA55CEU7, STM32WBA55CEU7TR, STM32WBA55CGU6, STM32WBA55CGU6TR, STM32WBA55CGU6U, STM32WBA55CGU7, STM32WBA55CGU7TR, STM32WBA55G-DK1, STM32WBA55HEF6, STM32WBA55HEF7, STM32WBA55HGF6, STM32WBA55HGF7, STM32WBA55UEI6, STM32WBA55UEI6TR, STM32WBA55UEI7, STM32WBA55UEI7TR, STM32WBA55UGI6, STM32WBA55UGI6TR, STM32WBA55UGI7, STM32WBA55UGI7TR, STM32WL5MOCH6, STM32WL5MOCH6TR]
2024-07-20 22:11:53,833 [INFO] DbMcus:218 - Found 4203 MCUs, 4203 are supported
2024-07-20 22:11:53,840 [INFO] ApiDb:423 - Load user favorites file C:\Users\BASAVARAJ/.stm32cubeide/favorites.mcus.txt: 1 item(s)
2024-07-20 22:11:53,841 [INFO] ApiDb:427 - User favorites MCUs=[STM32F407VGT6]
2024-07-20 22:11:53,841 [INFO] DbMcus:224 - Set 1 / 1 favorites MCUs
2024-07-20 22:11:54,069 [INFO] ApiDb:668 - CubeFinder database Data Model version=2.1
2024-07-20 22:11:54,069 [INFO] ApiDb:669 - CubeFinder database Configuration version=3.0.39
2024-07-20 22:11:54,069 [INFO] ApiDb:670 - CubeFinder database generation date=2024-06-20 (1718880634)
2024-07-20 22:11:54,069 [INFO] ApiDb:671 - CubeFinder database FW Pack versions=[FP-ATR-ASTRA1_V2.0.0, FP-SNS-FLIGHT1_V5.0.2, FP-SNS-MOTENV1_V5.0.0, FP-SNS-MOTENVWB1_V1.4.0, FP-SNS-SMARTAG2_V1.2.0, STM32Cube_FW_C0_V1.2.0, STM32Cube_FW_F4_V1.28.0, STM32Cube_FW_F7_V1.17.2, STM32Cube_FW_G0_V1.6.2, STM32Cube_FW_G4_V1.6.0, STM32Cube_FW_H5_V1.3.0, STM32Cube_FW_H7RS_V1.1.0, STM32Cube_FW_H7_V1.11.2, STM32Cube_FW_L0_V1.12.2, STM32Cube_FW_L5_V1.5.1, STM32Cube_FW_U0_V1.1.0, STM32Cube_FW_U5_V1.6.0, STM32Cube_FW_WB0_V1.0.0, STM32Cube_FW_WBA_V1.4.0, STM32Cube_FW_WB_V1.20.0, STM32Cube_FW_WL_V1.3.0, X-CUBE-ALGOBUILD_V1.4.0, X-CUBE-ALS_V1.0.2, X-CUBE-AZRTOS-F4_V1.1.0, X-CUBE-AZRTOS-F7_V1.1.0, X-CUBE-AZRTOS-G0_V1.1.0, X-CUBE-AZRTOS-G4_V2.0.0, X-CUBE-AZRTOS-H7RS_V1.0.0, X-CUBE-AZRTOS-H7_V3.2.0, X-CUBE-AZRTOS-L4_V2.0.0, X-CUBE-AZRTOS-L5_V1.1.0, X-CUBE-AZRTOS-WB_V2.0.0, X-CUBE-AZRTOS-WL_V2.0.0, X-CUBE-BLE1_V7.0.0, X-CUBE-BLE2_V3.3.0, X-CUBE-BLEMGR_V3.1.0, X-CUBE-EEPRMA1_V5.1.0, X-CUBE-FREERTOS_V1.2.0, X-CUBE-GNSS1_V6.0.0, X-CUBE-MEMS1_V10.0.0, X-CUBE-NFC4_V3.0.0, X-CUBE-NFC7_V1.0.1, X-CUBE-SFXS2LP1_V4.0.0, X-CUBE-SUBG2_V5.0.0, X-CUBE-TOF1_V3.4.1]
2024-07-20 22:11:54,108 [INFO] DbBoardsSqlite:226 - include board P-NUCLEO-WB55-NUCLEO as a kit item of type 'Nucleo-64'
2024-07-20 22:11:54,108 [INFO] DbBoardsSqlite:226 - include board P-NUCLEO-WB55-USBDONGLE as a kit item of type 'Nucleo USB Dongle'
2024-07-20 22:11:54,109 [INFO] DbBoardsSqlite:226 - include board STEVAL-IDP005V1 as a kit item of type 'Evaluation Board'
2024-07-20 22:11:54,109 [INFO] DbBoardsSqlite:226 - include board STEVAL-IDP005V2 as a kit item of type 'Evaluation Board'
2024-07-20 22:11:54,142 [INFO] ApiDb:240 - Found 483 in-development CPN: [B-G473E-ZEST1S, B-WB1M-WPAN1, B-WL5M-SUBG1, NUCLEO-C031C6, NUCLEO-H503RB, NUCLEO-H533RE, NUCLEO-H563ZI, NUCLEO-H7S3L8, NUCLEO-U031R8, NUCLEO-U083RC, NUCLEO-U545RE-Q, NUCLEO-U5A5ZJ-Q, NUCLEO-WBA52CG, NUCLEO-WBA55CG, STEVAL-PROTEUS1, STEVAL-SMARTAG2, STEVAL-STWINBX1, STM320518-EVAL, STM32C0116-DK, STM32C011D6Y3TR, STM32C011D6Y6TR, STM32C011F4P3, STM32C011F4P6, STM32C011F4U3, STM32C011F4U6TR, STM32C011F6P3, STM32C011F6P6, STM32C011F6U3, STM32C011F6U6TR, STM32C011J4M3, STM32C011J4M6, STM32C011J6M3, STM32C011J6M6, STM32C0316-DK, STM32C031C4T3, STM32C031C4T6, STM32C031C4U3, STM32C031C4U6, STM32C031C6T3, STM32C031C6T6, STM32C031C6U3, STM32C031C6U6, STM32C031F4P3, STM32C031F4P6, STM32C031F6P3, STM32C031F6P6, STM32C031G4U3, STM32C031G4U6, STM32C031G6U3, STM32C031G6U6, STM32C031K4T3, STM32C031K4T6, STM32C031K4U3, STM32C031K4U6, STM32C031K6T3, STM32C031K6T6, STM32C031K6U3, STM32C031K6U6, STM32G071K8TXN, STM32G071K8UXN, STM32G081GBU6N, STM32G081KBT6N, STM32G081KBUXN, STM32G0B1CCT6N, STM32G0B1KCT6, STM32G0B1NEY6TR, STM32G0B1RCT6N, STM32G0C1CCT6, STM32G0C1CCT6N, STM32G0C1CCU6N, STM32G0C1CET6N, STM32G0C1CEU6N, STM32G0C1KCT6, STM32G0C1NEY6TR, STM32G0C1RCI6N, STM32G0C1RCT6N, STM32G0C1REI6N, STM32G0C1RET6N, STM32G0C1VCI6, STM32G0C1VEI6, STM32G471CCT6, STM32G471CCU6, STM32G471CET3, STM32G471CET6, STM32G471CEU3, STM32G471CEU6, STM32G471MCT6, STM32G471MET3, STM32G471MET6, STM32G471MEY6TR, STM32G471QCT6, STM32G471QET3, STM32G471RCT6, STM32G471RET3, STM32G471RET6, STM32G471VCH6, STM32G471VCI6, STM32G471VCT6, STM32G471VEH3, STM32G471VEH6, STM32G471VEI3, STM32G471VEI6, STM32G471VET3, STM32G471VET6, STM32G474CCT6, STM32H503CBT6, STM32H503CBU6, STM32H503EBY6TR, STM32H503KBU6, STM32H503RBT6, STM32H523CCT6, STM32H523CCU6, STM32H523CET6, STM32H523CEU6, STM32H523HEY6TR, STM32H523RCT6, STM32H523RET6, STM32H523VCI6, STM32H523VCT6, STM32H523VEI6, STM32H523VET6, STM32H523ZCJ6, STM32H523ZCT6, STM32H523ZEJ6, STM32H523ZET6, STM32H533CET6, STM32H533CEU6, STM32H533HEY6TR, STM32H533RET6, STM32H533VEI6, STM32H533VET6, STM32H533ZEJ6, STM32H533ZET6, STM32H562AGI6, STM32H562AII6, STM32H562IGK6, STM32H562IGT6, STM32H562IIK6, STM32H562IIT6, STM32H562RGT6, STM32H562RGV6, STM32H562RIT6, STM32H562RIV6, STM32H562VGT6, STM32H562VIT6, STM32H562ZGT6, STM32H562ZIT6, STM32H563AGI6, STM32H563AII3Q, STM32H563AII6, STM32H563IGK6, STM32H563IGT6, STM32H563IIK3Q, STM32H563IIK6, STM32H563IIT3Q, STM32H563IIT6, STM32H563MIY3QTR, STM32H563RGT6, STM32H563RGV6, STM32H563RIT6, STM32H563RIV6, STM32H563VGT6, STM32H563VIT3Q, STM32H563VIT6, STM32H563ZGT6, STM32H563ZIT3Q, STM32H563ZIT6, STM32H573AII3Q, STM32H573AII6, STM32H573I-DK, STM32H573IIK3Q, STM32H573IIK6, STM32H573IIT3Q, STM32H573IIT6, STM32H573MIY3QTR, STM32H573RIT6, STM32H573RIV6, STM32H573VIT3Q, STM32H573VIT6, STM32H573ZIT3Q, STM32H573ZIT6, STM32H7R3A8I6, STM32H7R3I8K6, STM32H7R3I8T6, STM32H7R3L8H6, STM32H7R3L8H6H, STM32H7R3R8V6, STM32H7R3V8H6, STM32H7R3V8T6, STM32H7R3V8Y6, STM32H7R3Z8J6, STM32H7R3Z8T6, STM32H7R7A8I6, STM32H7R7I8K6, STM32H7R7I8T6, STM32H7R7L8H6, STM32H7R7L8H6H, STM32H7R7Z8J6, STM32H7S3A8I6, STM32H7S3I8K6, STM32H7S3I8T6, STM32H7S3L8H6, STM32H7S3L8H6H, STM32H7S3R8V6, STM32H7S3V8H6, STM32H7S3V8T6, STM32H7S3V8Y6, STM32H7S3Z8J6, STM32H7S3Z8T6, STM32H7S78-DK, STM32H7S7A8I6, STM32H7S7I8K6, STM32H7S7I8T6, STM32H7S7L8H6, STM32H7S7L8H6H, STM32H7S7Z8J6, STM32L4R5QGI6STR, STM32MP131AAE3, STM32MP131AAF3, STM32MP131AAG3, STM32MP131CAE3, STM32MP131CAF3, STM32MP131CAG3, STM32MP131DAE7, STM32MP131DAF7, STM32MP131DAG7, STM32MP131FAE7, STM32MP131FAF7, STM32MP131FAG7, STM32MP133AAE3, STM32MP133AAF3, STM32MP133AAG3, STM32MP133CAE3, STM32MP133CAF3, STM32MP133CAG3, STM32MP133DAE7, STM32MP133DAF7, STM32MP133DAG7, STM32MP133FAE7, STM32MP133FAF7, STM32MP133FAG7, STM32MP135AAE3, STM32MP135AAF3, STM32MP135AAG3, STM32MP135CAE3, STM32MP135CAF3, STM32MP135CAG3, STM32MP135DAE7, STM32MP135DAF7, STM32MP135DAG7, STM32MP135F-DK, STM32MP135FAE7, STM32MP135FAF7, STM32MP135FAF7T, STM32MP135FAF7U, STM32MP135FAG7, STM32U031C6T6, STM32U031C6U6, STM32U031C8T6, STM32U031C8U6, STM32U031F4P6, STM32U031F6P6, STM32U031F8P6, STM32U031G6Y6TR, STM32U031G8Y6TR, STM32U031K4U6, STM32U031K6U6, STM32U031K8U6, STM32U031R6I6, STM32U031R6T6, STM32U031R8I6, STM32U031R8T6, STM32U073C8T6, STM32U073C8U6, STM32U073CBT6, STM32U073CBU6, STM32U073CCT6, STM32U073CCU6, STM32U073H8Y6TR, STM32U073HBY6TR, STM32U073HCY6TR, STM32U073K8U6, STM32U073KBU6, STM32U073KCU6, STM32U073M8I6, STM32U073M8T6, STM32U073MBI6, STM32U073MBT6, STM32U073MCI6, STM32U073MCT6, STM32U073R8I6, STM32U073R8T6, STM32U073RBI6, STM32U073RBT6, STM32U073RCI6, STM32U073RCT6, STM32U083C-DK, STM32U083CCT6, STM32U083CCU6, STM32U083HCY6TR, STM32U083KCU6, STM32U083MCI6, STM32U083MCT6, STM32U083RCI6, STM32U083RCT6, STM32U535CBT6, STM32U535CBT6Q, STM32U535CBU6, STM32U535CBU6Q, STM32U535CCT6, STM32U535CCT6Q, STM32U535CCU6, STM32U535CCU6Q, STM32U535CET6, STM32U535CET6Q, STM32U535CEU6, STM32U535CEU6Q, STM32U535JEY6QTR, STM32U535NCY6QTR, STM32U535NEY6QTR, STM32U535RBI6, STM32U535RBI6Q, STM32U535RBT6, STM32U535RBT6Q, STM32U535RCI6, STM32U535RCI6Q, STM32U535RCT6, STM32U535RCT6Q, STM32U535REI6, STM32U535REI6Q, STM32U535RET6, STM32U535RET6Q, STM32U535VCI6, STM32U535VCI6Q, STM32U535VCT6, STM32U535VCT6Q, STM32U535VEI6, STM32U535VEI6Q, STM32U535VET6, STM32U535VET6Q, STM32U545CET6, STM32U545CET6Q, STM32U545CEU6, STM32U545CEU6Q, STM32U545JEY6QTR, STM32U545NEY6QTR, STM32U545REI6, STM32U545REI6Q, STM32U545RET6, STM32U545RET6Q, STM32U545VEI6, STM32U545VEI6Q, STM32U545VET6, STM32U545VET6Q, STM32U595AIH6, STM32U595AIH6Q, STM32U595AJH6, STM32U595AJH6Q, STM32U595QII6, STM32U595QII6Q, STM32U595QJI6, STM32U595QJI6Q, STM32U595RIT6, STM32U595RIT6Q, STM32U595RJT6, STM32U595RJT6Q, STM32U595VIT6, STM32U595VIT6Q, STM32U595VJT6, STM32U595VJT6Q, STM32U595ZIT6, STM32U595ZIT6Q, STM32U595ZIY6QTR, STM32U595ZJT6, STM32U595ZJT6Q, STM32U595ZJY6QTR, STM32U599BJY6QTR, STM32U599NIH6Q, STM32U599NJH6Q, STM32U599VIT6Q, STM32U599VJT6, STM32U599VJT6Q, STM32U599ZIT6Q, STM32U599ZIY6QTR, STM32U599ZJT6Q, STM32U599ZJY6QTR, STM32U5A5AJH6, STM32U5A5AJH6Q, STM32U5A5QII3Q , STM32U5A5QJI6, STM32U5A5QJI6Q, STM32U5A5RJT6, STM32U5A5RJT6Q, STM32U5A5VJT6, STM32U5A5VJT6Q, STM32U5A5ZJT6, STM32U5A5ZJT6Q, STM32U5A5ZJY6QTR, STM32U5A9BJY6QTR, STM32U5A9J-DK, STM32U5A9NJH6Q, STM32U5A9VJT6Q, STM32U5A9ZJT6Q, STM32U5A9ZJY6QTR, STM32U5F7VIT6, STM32U5F7VIT6Q, STM32U5F7VJT6, STM32U5F7VJT6Q, STM32U5F9BJY6QTR, STM32U5F9NJH6Q, STM32U5F9VIT6Q, STM32U5F9VJT6Q, STM32U5F9ZIJ6QTR, STM32U5F9ZIT6Q, STM32U5F9ZJJ6QTR, STM32U5F9ZJT6Q, STM32U5G7VJT6, STM32U5G7VJT6Q, STM32U5G9BJY6QTR, STM32U5G9J-DK1, STM32U5G9J-DK2, STM32U5G9NJH6Q, STM32U5G9VJT6Q, STM32U5G9ZJJ6QTR, STM32U5G9ZJT6Q, STM32WB1MMCH6, STM32WBA50KEU6, STM32WBA50KEU6TR, STM32WBA50KGU6, STM32WBA50KGU6TR, STM32WBA52CEU6, STM32WBA52CEU6TR, STM32WBA52CEU7, STM32WBA52CEU7TR, STM32WBA52CGU6, STM32WBA52CGU6TR, STM32WBA52CGU6U, STM32WBA52CGU7, STM32WBA52CGU7TR, STM32WBA52KEU6, STM32WBA52KEU6TR, STM32WBA52KGU6, STM32WBA52KGU6TR, STM32WBA54CEU6, STM32WBA54CEU6TR, STM32WBA54CEU7, STM32WBA54CEU7TR, STM32WBA54CGU6, STM32WBA54CGU6TR, STM32WBA54CGU7, STM32WBA54CGU7TR, STM32WBA54KEU6, STM32WBA54KEU6TR, STM32WBA54KEU7, STM32WBA54KEU7TR, STM32WBA54KGU6, STM32WBA54KGU6TR, STM32WBA54KGU7, STM32WBA54KGU7TR, STM32WBA55CEU6, STM32WBA55CEU6TR, STM32WBA55CEU7, STM32WBA55CEU7TR, STM32WBA55CGU6, STM32WBA55CGU6TR, STM32WBA55CGU6U, STM32WBA55CGU7, STM32WBA55CGU7TR, STM32WBA55G-DK1, STM32WBA55HEF6, STM32WBA55HEF7, STM32WBA55HGF6, STM32WBA55HGF7, STM32WBA55UEI6, STM32WBA55UEI6TR, STM32WBA55UEI7, STM32WBA55UEI7TR, STM32WBA55UGI6, STM32WBA55UGI6TR, STM32WBA55UGI7, STM32WBA55UGI7TR, STM32WL5MOCH6, STM32WL5MOCH6TR]
2024-07-20 22:11:54,250 [INFO] BoardInfo:889 - No configuration file found for board P-NUCLEO-WB55
2024-07-20 22:11:54,251 [INFO] DbBoards:161 - Kit is not supported: P-NUCLEO-WB55
2024-07-20 22:11:54,254 [INFO] BoardInfo:889 - No configuration file found for board STEVAL-BFA001V1B
2024-07-20 22:11:54,255 [INFO] DbBoards:161 - Kit is not supported: STEVAL-BFA001V1B
2024-07-20 22:11:54,256 [INFO] BoardInfo:889 - No configuration file found for board STEVAL-BFA001V2B
2024-07-20 22:11:54,256 [INFO] DbBoards:161 - Kit is not supported: STEVAL-BFA001V2B
2024-07-20 22:11:54,348 [INFO] DbBoards:168 - Found 195 boards, 192 are supported
2024-07-20 22:11:54,348 [INFO] DbBoards:169 - Found 195 boards, 8 of them is supported for  Bsp
2024-07-20 22:11:54,356 [INFO] ApiDb:423 - Load user favorites file C:\Users\BASAVARAJ/.stm32cubeide/favorites.boards.txt: 1 item(s)
2024-07-20 22:11:54,356 [INFO] ApiDb:427 - User favorites Boards=[STM32F407G-DISC1]
2024-07-20 22:11:54,356 [INFO] DbBoards:198 - Set 1 / 1 favorites Boards
2024-07-20 22:11:54,358 [INFO] ApiDb:668 - CubeFinder database Data Model version=2.1
2024-07-20 22:11:54,358 [INFO] ApiDb:669 - CubeFinder database Configuration version=3.0.39
2024-07-20 22:11:54,358 [INFO] ApiDb:670 - CubeFinder database generation date=2024-06-20 (1718880634)
2024-07-20 22:11:54,358 [INFO] ApiDb:671 - CubeFinder database FW Pack versions=[FP-ATR-ASTRA1_V2.0.0, FP-SNS-FLIGHT1_V5.0.2, FP-SNS-MOTENV1_V5.0.0, FP-SNS-MOTENVWB1_V1.4.0, FP-SNS-SMARTAG2_V1.2.0, STM32Cube_FW_C0_V1.2.0, STM32Cube_FW_F4_V1.28.0, STM32Cube_FW_F7_V1.17.2, STM32Cube_FW_G0_V1.6.2, STM32Cube_FW_G4_V1.6.0, STM32Cube_FW_H5_V1.3.0, STM32Cube_FW_H7RS_V1.1.0, STM32Cube_FW_H7_V1.11.2, STM32Cube_FW_L0_V1.12.2, STM32Cube_FW_L5_V1.5.1, STM32Cube_FW_U0_V1.1.0, STM32Cube_FW_U5_V1.6.0, STM32Cube_FW_WB0_V1.0.0, STM32Cube_FW_WBA_V1.4.0, STM32Cube_FW_WB_V1.20.0, STM32Cube_FW_WL_V1.3.0, X-CUBE-ALGOBUILD_V1.4.0, X-CUBE-ALS_V1.0.2, X-CUBE-AZRTOS-F4_V1.1.0, X-CUBE-AZRTOS-F7_V1.1.0, X-CUBE-AZRTOS-G0_V1.1.0, X-CUBE-AZRTOS-G4_V2.0.0, X-CUBE-AZRTOS-H7RS_V1.0.0, X-CUBE-AZRTOS-H7_V3.2.0, X-CUBE-AZRTOS-L4_V2.0.0, X-CUBE-AZRTOS-L5_V1.1.0, X-CUBE-AZRTOS-WB_V2.0.0, X-CUBE-AZRTOS-WL_V2.0.0, X-CUBE-BLE1_V7.0.0, X-CUBE-BLE2_V3.3.0, X-CUBE-BLEMGR_V3.1.0, X-CUBE-EEPRMA1_V5.1.0, X-CUBE-FREERTOS_V1.2.0, X-CUBE-GNSS1_V6.0.0, X-CUBE-MEMS1_V10.0.0, X-CUBE-NFC4_V3.0.0, X-CUBE-NFC7_V1.0.1, X-CUBE-SFXS2LP1_V4.0.0, X-CUBE-SUBG2_V5.0.0, X-CUBE-TOF1_V3.4.1]
2024-07-20 22:11:54,897 [ERROR] DbExamplesSqlite:437 - Missing JSON key: board_cpn
2024-07-20 22:11:54,897 [ERROR] DbExamplesSqlite:437 - Missing JSON key: board_cpn
2024-07-20 22:11:54,898 [ERROR] DbExamplesSqlite:437 - Missing JSON key: board_cpn
2024-07-20 22:11:54,898 [ERROR] DbExamplesSqlite:437 - Missing JSON key: board_cpn
2024-07-20 22:11:55,124 [INFO] DbExamplesSqlite:395 - Ignored 28 examples not supported by CubeIDE
2024-07-20 22:11:55,125 [INFO] DbExamplesSqlite:396 - Found 8590 examples active
2024-07-20 22:11:55,125 [INFO] DbExamplesSqlite:397 - Found 0 examples obsolete
2024-07-20 22:11:55,125 [INFO] DbExamplesSqlite:398 - Found 0 examples under development
2024-07-20 22:11:55,125 [INFO] DbExamplesSqlite:399 - Found 10 examples not building
2024-07-20 22:11:55,127 [INFO] DbExamples:125 - Found 8572 examples
2024-07-20 22:11:55,210 [ERROR] DbExamples:208 - Found 308 examples with invalid data (board or MCU)
2024-07-20 22:11:55,211 [INFO] DbExamples:222 - Found 102 boards with related examples
2024-07-20 22:11:55,213 [INFO] DbExamples:235 - Found 86 MCUs with related examples
2024-07-20 22:11:55,249 [INFO] ApiDb:414 - User favorites file not found: C:\Users\BASAVARAJ/.stm32cubeide/favorites.examples.txt
2024-07-20 22:11:55,250 [INFO] DbExamples:250 - Set 0 / 0 favorites Examples
2024-07-20 22:11:55,541 [INFO] McuFinderGlobals:76 - Set McuFinderConnectedMode to true
2024-07-20 22:11:55,555 [INFO] MultiScanPanel:200 - Auto-refresh data requested => check proxy status ongoing
2024-07-20 22:11:55,559 [INFO] FinderPluginLoader:95 - Searching for filters in installed packs
2024-07-20 22:11:56,770 [INFO] LoadUrlFilesThread:185 - End of LoadServerUrlFiles without Thread
2024-07-20 22:11:56,800 [INFO] DetailPanel:341 - Set advertising image to C:/Users/BASAVARAJ/STM32Cube/Repository/\en.prom-stm32h7rs-mcu-finder.jpg
2024-07-20 22:12:54,076 [INFO] MainUpdater:2873 - connection check result : 10
2024-07-20 22:12:54,076 [INFO] MainUpdater:2873 - connection check result : 10
2024-07-20 22:12:54,105 [INFO] MicroXplorer:468 - Change Database Path : 
2024-07-20 22:12:54,105 [INFO] MicroXplorer:498 - Change Database Version : DB.6.0.110
2024-07-20 22:12:54,112 [WARN] ThirdParty:871 - waiting for thirdparty lock release [close project]
2024-07-20 22:12:54,112 [INFO] ThirdParty:873 - entering critical section [close project]
2024-07-20 22:12:54,116 [INFO] ThirdParty:883 - exiting critical section [close project]
2024-07-20 22:12:54,119 [INFO] PinOutPanel:1561 - setPackage(No Configuration,No Configuration)
2024-07-20 22:12:54,123 [INFO] UtilMem:75 - Begin LoadConfig() Used Memory: 753112712 Bytes (1073741824)
2024-07-20 22:12:54,125 [INFO] MicroXplorer:468 - Change Database Path : 
2024-07-20 22:12:54,126 [INFO] MicroXplorer:498 - Change Database Version : DB.6.0.110
2024-07-20 22:12:54,126 [INFO] OpenFileManager:312 - Change cursor
2024-07-20 22:12:54,139 [WARN] IntegrityCheckThread:84 - waiting for thirdparty lock release [integrity check]
2024-07-20 22:12:54,139 [INFO] IntegrityCheckThread:86 - entering critical section [integrity check]
2024-07-20 22:12:54,351 [WARN] PackLoader:240 - Cannot read IP mode file for STMicroelectronics.FP-SNS-MOTENVWB1.1.4.0
2024-07-20 22:12:54,373 [WARN] PackLoader:240 - Cannot read IP mode file for STMicroelectronics.X-CUBE-SMBUS.2.1.0
2024-07-20 22:12:54,388 [WARN] PackLoader:240 - Cannot read IP mode file for STMicroelectronics.X-CUBE-TOUCHGFX.4.23.2
2024-07-20 22:12:54,428 [WARN] PackLoader:240 - Cannot read IP mode file for STMicroelectronics.X-CUBE-AZRTOS-F7.1.1.0
2024-07-20 22:12:54,449 [WARN] PackLoader:240 - Cannot read IP mode file for STMicroelectronics.FP-SNS-FLIGHT1.5.0.2
2024-07-20 22:12:54,466 [WARN] PackLoader:240 - Cannot read IP mode file for STMicroelectronics.X-CUBE-DISPLAY.3.0.0
2024-07-20 22:12:54,486 [WARN] PackLoader:240 - Cannot read IP mode file for STMicroelectronics.X-CUBE-BLE1.7.0.0
2024-07-20 22:12:54,499 [WARN] PackLoader:240 - Cannot read IP mode file for emotas.I-CUBE-CANOPEN.1.3.0
2024-07-20 22:12:54,514 [WARN] PackLoader:240 - Cannot read IP mode file for STMicroelectronics.X-CUBE-BLEMGR.3.1.0
2024-07-20 22:12:54,529 [WARN] PackLoader:240 - Cannot read IP mode file for STMicroelectronics.FP-SNS-SMARTAG2.1.2.0
2024-07-20 22:12:54,547 [INFO] LogOutputStream:77 - [STDOUT_REDIRECT] 1 : Invalid condition id : UX_CORESTACK_Condition cause : null
2024-07-20 22:12:54,548 [INFO] LogOutputStream:77 - [STDOUT_REDIRECT] 1 : Invalid condition id : UX_CORESTACK_Condition cause : null
2024-07-20 22:12:54,549 [INFO] LogOutputStream:77 - [STDOUT_REDIRECT] 1 : Invalid condition id : UX_CORESTACK_Condition cause : null
2024-07-20 22:12:54,549 [INFO] LogOutputStream:77 - [STDOUT_REDIRECT] 1 : Invalid condition id : UX_CORESTACK_Condition cause : null
2024-07-20 22:12:54,550 [INFO] LogOutputStream:77 - [STDOUT_REDIRECT] 1 : Invalid condition id : UX_CORESTACK_Condition cause : null
2024-07-20 22:12:54,552 [WARN] PackLoader:240 - Cannot read IP mode file for STMicroelectronics.X-CUBE-AZRTOS-WL.2.0.0
2024-07-20 22:12:54,569 [WARN] PackLoader:240 - Cannot read IP mode file for STMicroelectronics.FP-SNS-MOTENV1.5.0.0
2024-07-20 22:12:54,581 [WARN] PackLoader:240 - Cannot read IP mode file for wolfSSL.I-CUBE-wolfMQTT.1.19.0
2024-07-20 22:12:54,594 [WARN] PackLoader:240 - Cannot read IP mode file for WES.I-CUBE-Cesium.1.3.0
2024-07-20 22:12:54,603 [WARN] PackLoader:240 - Cannot read IP mode file for STMicroelectronics.X-CUBE-BLE2.3.3.0
2024-07-20 22:12:54,615 [WARN] PackLoader:240 - Cannot read IP mode file for STMicroelectronics.X-CUBE-TCPP.4.1.0
2024-07-20 22:12:54,628 [WARN] PackLoader:240 - Cannot read IP mode file for STMicroelectronics.X-CUBE-ALGOBUILD.1.3.0
2024-07-20 22:12:54,651 [WARN] PackLoader:240 - Cannot read IP mode file for STMicroelectronics.X-CUBE-AZRTOS-G0.1.1.0
2024-07-20 22:12:54,668 [WARN] PackLoader:240 - Cannot read IP mode file for STMicroelectronics.X-CUBE-SAFEA1.1.2.2
2024-07-20 22:12:54,680 [WARN] PackLoader:240 - Cannot read IP mode file for STMicroelectronics.X-CUBE-NFC4.3.0.0
2024-07-20 22:12:54,690 [WARN] PackLoader:240 - Cannot read IP mode file for wolfSSL.I-CUBE-wolfMQTT.1.18.0
2024-07-20 22:12:54,705 [WARN] PackLoader:240 - Cannot read IP mode file for EmbeddedOffice.I-CUBE-FS-RTOS.1.0.1
2024-07-20 22:12:54,706 [ERROR] ConditionMgr:805 - Attr not supported : Dmpu
2024-07-20 22:12:54,706 [ERROR] ConditionMgr:805 - Attr not supported : Dmpu
2024-07-20 22:12:54,706 [ERROR] ConditionMgr:805 - Attr not supported : Dmpu
2024-07-20 22:12:54,706 [ERROR] ConditionMgr:805 - Attr not supported : Dmpu
2024-07-20 22:12:54,706 [ERROR] ConditionMgr:805 - Attr not supported : Dmpu
2024-07-20 22:12:54,706 [ERROR] ConditionMgr:805 - Attr not supported : Dmpu
2024-07-20 22:12:54,706 [ERROR] ConditionMgr:805 - Attr not supported : Dmpu
2024-07-20 22:12:54,706 [ERROR] ConditionMgr:805 - Attr not supported : Dmpu
2024-07-20 22:12:54,706 [ERROR] ConditionMgr:805 - Attr not supported : Dmpu
2024-07-20 22:12:54,706 [ERROR] ConditionMgr:805 - Attr not supported : Dmpu
2024-07-20 22:12:54,706 [ERROR] ConditionMgr:805 - Attr not supported : Dmpu
2024-07-20 22:12:54,706 [ERROR] ConditionMgr:805 - Attr not supported : Dmpu
2024-07-20 22:12:54,706 [ERROR] ConditionMgr:805 - Attr not supported : Dmpu
2024-07-20 22:12:54,706 [ERROR] ConditionMgr:805 - Attr not supported : Dmpu
2024-07-20 22:12:54,706 [ERROR] ConditionMgr:805 - Attr not supported : Dmpu
2024-07-20 22:12:54,706 [ERROR] ConditionMgr:805 - Attr not supported : Dmpu
2024-07-20 22:12:54,706 [ERROR] ConditionMgr:805 - Attr not supported : Dmpu
2024-07-20 22:12:54,706 [ERROR] ConditionMgr:805 - Attr not supported : Dmpu
2024-07-20 22:12:54,706 [ERROR] ConditionMgr:805 - Attr not supported : Dmpu
2024-07-20 22:12:54,706 [ERROR] ConditionMgr:805 - Attr not supported : Dmpu
2024-07-20 22:12:54,707 [ERROR] ConditionMgr:805 - Attr not supported : Dmpu
2024-07-20 22:12:54,707 [ERROR] ConditionMgr:805 - Attr not supported : Dmpu
2024-07-20 22:12:54,707 [ERROR] ConditionMgr:805 - Attr not supported : Dmpu
2024-07-20 22:12:54,707 [ERROR] ConditionMgr:805 - Attr not supported : Dmpu
2024-07-20 22:12:54,707 [ERROR] ConditionMgr:805 - Attr not supported : Dmpu
2024-07-20 22:12:54,707 [ERROR] ConditionMgr:805 - Attr not supported : Dmpu
2024-07-20 22:12:54,707 [ERROR] ConditionMgr:805 - Attr not supported : Dmpu
2024-07-20 22:12:54,707 [ERROR] ConditionMgr:805 - Attr not supported : Dmpu
2024-07-20 22:12:54,707 [ERROR] ConditionMgr:805 - Attr not supported : Dmpu
2024-07-20 22:12:54,707 [ERROR] ConditionMgr:805 - Attr not supported : Dmpu
2024-07-20 22:12:54,707 [ERROR] ConditionMgr:805 - Attr not supported : Dmpu
2024-07-20 22:12:54,707 [ERROR] ConditionMgr:805 - Attr not supported : Dmpu
2024-07-20 22:12:54,707 [ERROR] ConditionMgr:805 - Attr not supported : Dmpu
2024-07-20 22:12:54,707 [ERROR] ConditionMgr:805 - Attr not supported : Dmpu
2024-07-20 22:12:54,707 [ERROR] ConditionMgr:805 - Attr not supported : Dmpu
2024-07-20 22:12:54,707 [ERROR] ConditionMgr:805 - Attr not supported : Dmpu
2024-07-20 22:12:54,707 [ERROR] ConditionMgr:805 - Attr not supported : Dmpu
2024-07-20 22:12:54,707 [ERROR] ConditionMgr:805 - Attr not supported : Dmpu
2024-07-20 22:12:54,707 [ERROR] ConditionMgr:805 - Attr not supported : Dmpu
2024-07-20 22:12:54,707 [ERROR] ConditionMgr:805 - Attr not supported : Dmpu
2024-07-20 22:12:54,707 [ERROR] ConditionMgr:805 - Attr not supported : Dmpu
2024-07-20 22:12:54,707 [ERROR] ConditionMgr:805 - Attr not supported : Dmpu
2024-07-20 22:12:54,707 [ERROR] ConditionMgr:805 - Attr not supported : Dmpu
2024-07-20 22:12:54,707 [ERROR] ConditionMgr:805 - Attr not supported : Dmpu
2024-07-20 22:12:54,707 [ERROR] ConditionMgr:805 - Attr not supported : Dmpu
2024-07-20 22:12:54,707 [ERROR] ConditionMgr:805 - Attr not supported : Dmpu
2024-07-20 22:12:54,707 [ERROR] ConditionMgr:805 - Attr not supported : Dmpu
2024-07-20 22:12:54,707 [ERROR] ConditionMgr:805 - Attr not supported : Dmpu
2024-07-20 22:12:54,707 [ERROR] ConditionMgr:805 - Attr not supported : Dmpu
2024-07-20 22:12:54,708 [ERROR] ConditionMgr:805 - Attr not supported : Dmpu
2024-07-20 22:12:54,708 [ERROR] ConditionMgr:805 - Attr not supported : Dmpu
2024-07-20 22:12:54,708 [ERROR] ConditionMgr:805 - Attr not supported : Dmpu
2024-07-20 22:12:54,708 [ERROR] ConditionMgr:805 - Attr not supported : Dmpu
2024-07-20 22:12:54,708 [ERROR] ConditionMgr:805 - Attr not supported : Dmpu
2024-07-20 22:12:54,708 [ERROR] ConditionMgr:805 - Attr not supported : Dmpu
2024-07-20 22:12:54,708 [ERROR] ConditionMgr:805 - Attr not supported : Dmpu
2024-07-20 22:12:54,708 [ERROR] ConditionMgr:805 - Attr not supported : Dmpu
2024-07-20 22:12:54,708 [ERROR] ConditionMgr:805 - Attr not supported : Dmpu
2024-07-20 22:12:54,708 [ERROR] ConditionMgr:805 - Attr not supported : Dmpu
2024-07-20 22:12:54,708 [ERROR] ConditionMgr:805 - Attr not supported : Dmpu
2024-07-20 22:12:54,708 [ERROR] ConditionMgr:805 - Attr not supported : Dmpu
2024-07-20 22:12:54,708 [ERROR] ConditionMgr:805 - Attr not supported : Dmpu
2024-07-20 22:12:54,708 [ERROR] ConditionMgr:805 - Attr not supported : Dmpu
2024-07-20 22:12:54,708 [ERROR] ConditionMgr:805 - Attr not supported : Dmpu
2024-07-20 22:12:54,720 [WARN] PackLoader:240 - Cannot read IP mode file for RealThread.X-CUBE-RT-Thread_Nano.4.1.1
2024-07-20 22:12:54,731 [WARN] PackLoader:240 - Cannot read IP mode file for wolfSSL.I-CUBE-wolfSSL.5.7.0
2024-07-20 22:12:54,744 [WARN] PackLoader:240 - Cannot read IP mode file for STMicroelectronics.FP-ATR-SIGFOX1.3.2.0
2024-07-20 22:12:54,756 [WARN] PackLoader:240 - Cannot read IP mode file for STMicroelectronics.X-CUBE-EEPRMA1.5.1.0
2024-07-20 22:12:54,772 [WARN] PackLoader:240 - Cannot read IP mode file for ITTIA_DB.I-CUBE-ITTIADB.8.9.0
2024-07-20 22:12:54,799 [WARN] PackLoader:240 - Cannot read IP mode file for SEGGER.I-CUBE-embOS.1.3.1
2024-07-20 22:12:54,838 [WARN] PackLoader:240 - Cannot read IP mode file for STMicroelectronics.X-CUBE-ALGOBUILD.1.4.0
2024-07-20 22:12:54,850 [WARN] PackLoader:240 - Cannot read IP mode file for STMicroelectronics.X-CUBE-GNSS1.6.0.0
2024-07-20 22:12:54,881 [WARN] PackLoader:240 - Cannot read IP mode file for STMicroelectronics.X-CUBE-AZRTOS-F4.1.1.0
2024-07-20 22:12:54,897 [WARN] PackLoader:240 - Cannot read IP mode file for STMicroelectronics.X-CUBE-FREERTOS.1.2.0
2024-07-20 22:12:54,920 [WARN] PackLoader:240 - Cannot read IP mode file for STMicroelectronics.X-CUBE-AZRTOS-L5.2.0.0
2024-07-20 22:12:54,939 [WARN] PackLoader:240 - Cannot read IP mode file for STMicroelectronics.X-CUBE-NFC6.3.1.0
2024-07-20 22:12:54,954 [WARN] PackLoader:240 - Cannot read IP mode file for STMicroelectronics.X-CUBE-DPower.1.2.0
2024-07-20 22:12:54,968 [WARN] PackLoader:240 - Cannot read IP mode file for STMicroelectronics.X-CUBE-AI.9.0.0
2024-07-20 22:12:54,980 [WARN] PackLoader:240 - Cannot read IP mode file for STMicroelectronics.X-CUBE-NFC7.1.0.1
2024-07-20 22:12:54,993 [WARN] PackLoader:240 - Cannot read IP mode file for wolfSSL.I-CUBE-wolfTPM.3.2.0
2024-07-20 22:12:55,027 [WARN] ConditionMgr:438 - getConditionDescription Invalid condition id : LAN8742 Phy interface Condition cause : null
2024-07-20 22:12:55,028 [WARN] PackLoader:240 - Cannot read IP mode file for STMicroelectronics.X-CUBE-AZRTOS-L4.2.0.0
2024-07-20 22:12:55,028 [WARN] ConditionMgr:1039 - genDependencies : Invalid condition id : LAN8742 Phy interface Condition cause : null
2024-07-20 22:12:55,029 [WARN] ConditionMgr:1039 - genDependencies : Invalid condition id : LAN8742 Phy interface Condition cause : null
2024-07-20 22:12:55,029 [WARN] ConditionMgr:1039 - genDependencies : Invalid condition id : LAN8742 Phy interface Condition cause : null
2024-07-20 22:12:55,043 [WARN] PackLoader:240 - Cannot read IP mode file for STMicroelectronics.X-CUBE-SFXS2LP1.4.0.0
2024-07-20 22:12:55,065 [WARN] ConditionMgr:438 - getConditionDescription Invalid condition id : UX DEVICE CLASS RTOS Condition cause : null
2024-07-20 22:12:55,065 [WARN] ConditionMgr:438 - getConditionDescription Invalid condition id : UX DEVICE CLASS RTOS Condition cause : null
2024-07-20 22:12:55,066 [WARN] PackLoader:240 - Cannot read IP mode file for STMicroelectronics.X-CUBE-AZRTOS-WB.2.0.0
2024-07-20 22:12:55,067 [WARN] ConditionMgr:1039 - genDependencies : Invalid condition id : UX DEVICE CLASS RTOS Condition cause : null
2024-07-20 22:12:55,067 [WARN] ConditionMgr:1039 - genDependencies : Invalid condition id : UX DEVICE CLASS RTOS Condition cause : null
2024-07-20 22:12:55,067 [WARN] ConditionMgr:1039 - genDependencies : Invalid condition id : UX DEVICE CLASS RTOS Condition cause : null
2024-07-20 22:12:55,067 [WARN] ConditionMgr:1039 - genDependencies : Invalid condition id : UX DEVICE CLASS RTOS Condition cause : null
2024-07-20 22:12:55,067 [WARN] ConditionMgr:1039 - genDependencies : Invalid condition id : UX DEVICE CLASS RTOS Condition cause : null
2024-07-20 22:12:55,081 [WARN] PackLoader:240 - Cannot read IP mode file for STMicroelectronics.X-CUBE-SUBG2.5.0.0
2024-07-20 22:12:55,108 [WARN] PackLoader:240 - Cannot read IP mode file for STMicroelectronics.X-CUBE-AZRTOS-G4.2.0.0
2024-07-20 22:12:55,121 [WARN] PackLoader:240 - Cannot read IP mode file for STMicroelectronics.X-CUBE-ISPU.2.0.0
2024-07-20 22:12:55,135 [WARN] PackLoader:240 - Cannot read IP mode file for STMicroelectronics.X-CUBE-ALS.1.0.2
2024-07-20 22:12:55,179 [WARN] PackLoader:240 - Cannot read IP mode file for STMicroelectronics.X-CUBE-MEMS1.10.0.0
2024-07-20 22:12:55,253 [WARN] PackLoader:240 - Cannot read IP mode file for STMicroelectronics.X-CUBE-FREERTOS.1.1.0
2024-07-20 22:12:55,264 [WARN] PackLoader:240 - Cannot read IP mode file for STMicroelectronics.X-CUBE-TOUCHGFX.4.24.0
2024-07-20 22:12:55,277 [WARN] PackLoader:240 - Cannot read IP mode file for portGmbH.I-Cube-SoM-uGOAL.1.1.0
2024-07-20 22:12:55,288 [WARN] PackLoader:240 - Cannot read IP mode file for STMicroelectronics.X-CUBE-ALS.1.0.1
2024-07-20 22:12:55,315 [WARN] PackLoader:240 - Cannot read IP mode file for STMicroelectronics.X-CUBE-AZRTOS-H7RS.1.0.0
2024-07-20 22:12:55,328 [WARN] PackLoader:240 - Cannot read IP mode file for STMicroelectronics.FP-ATR-ASTRA1.2.0.0
2024-07-20 22:12:55,346 [WARN] PackLoader:240 - Cannot read IP mode file for STMicroelectronics.X-CUBE-TOF1.3.4.1
2024-07-20 22:12:55,378 [WARN] PackLoader:240 - Cannot read IP mode file for STMicroelectronics.X-CUBE-AZRTOS-H7.3.2.0
2024-07-20 22:12:55,398 [WARN] PackLoader:240 - Cannot read IP mode file for Infineon.AIROC-Wi-Fi-Bluetooth-STM32.1.6.0
2024-07-20 22:12:55,413 [WARN] PackLoader:240 - Cannot read IP mode file for wolfSSL.I-CUBE-wolfSSH.1.4.17
2024-07-20 22:12:55,414 [INFO] ThirdParty:978 - Integrity check success = true
2024-07-20 22:12:55,414 [INFO] IntegrityCheckThread:100 - exiting critical section [integrity check]
2024-07-20 22:12:55,414 [INFO] IntegrityCheckThread:103 - End integrity checks thread
2024-07-20 22:12:55,662 [INFO] Mcu:2021 - Initializing MCU STM32F407VGTx STM32F407VGTx STM32F407VGT6
2024-07-20 22:12:57,282 [INFO] Context:663 - Trying to add GPIOservice into a context  which must be forbidden
2024-07-20 22:12:57,696 [INFO] ImportTextPane:194 - (OptionalMessage_ERROR) Unable to find key (Mcu.ThirdPartyNb) in loaded IOC file
2024-07-20 22:12:57,696 [INFO] ImportTextPane:194 - (OptionalMessage_ERROR) Unable to find key (Mcu.PinsNb) in loaded IOC file
2024-07-20 22:12:57,696 [INFO] ImportTextPane:194 - (OptionalMessage_ERROR) Unable to find key (Mcu.IPNb) in loaded IOC file
2024-07-20 22:12:57,769 [INFO] RtosManager:555 - Registered RTOS mode: class=CMSIS, group=RTOS, mode=CMSIS_V1, owner=FREERTOS
2024-07-20 22:12:57,769 [INFO] RtosManager:555 - Registered RTOS mode: class=CMSIS, group=RTOS2, mode=CMSIS_V2, owner=FREERTOS
2024-07-20 22:12:57,769 [INFO] RtosManager:555 - Registered RTOS mode: class=RTOS, group=Core, mode=CMSIS_V1, owner=FREERTOS
2024-07-20 22:12:57,769 [INFO] RtosManager:555 - Registered RTOS mode: class=RTOS, group=Core, mode=CMSIS_V2, owner=FREERTOS
2024-07-20 22:12:57,771 [WARN] ModelIntegratedComponent:184 - Missing modes for component STMicroelectronics:FreeRTOS:0.0.1:STMicroelectronics:RTOS:FreeRTOS:Core:::10.2.0:
2024-07-20 22:12:57,782 [WARN] ModelIntegratedComponent:63 - No mode defined for component null
2024-07-20 22:12:57,782 [WARN] ModelIntegratedComponent:63 - No mode defined for component null
2024-07-20 22:12:57,783 [WARN] ModelIntegratedComponent:63 - No mode defined for component null
2024-07-20 22:12:57,783 [WARN] ModelIntegratedComponent:63 - No mode defined for component null
2024-07-20 22:12:57,783 [WARN] ModelIntegratedComponent:63 - No mode defined for component null
2024-07-20 22:12:57,783 [WARN] ModelIntegratedComponent:63 - No mode defined for component null
2024-07-20 22:12:57,783 [WARN] ModelIntegratedComponent:63 - No mode defined for component null
2024-07-20 22:12:57,783 [WARN] ModelIntegratedComponent:63 - No mode defined for component null
2024-07-20 22:12:57,783 [WARN] ModelIntegratedComponent:63 - No mode defined for component null
2024-07-20 22:12:57,783 [WARN] ModelIntegratedComponent:63 - No mode defined for component null
2024-07-20 22:12:57,783 [WARN] ModelIntegratedComponent:63 - No mode defined for component null
2024-07-20 22:12:57,783 [WARN] ModelIntegratedComponent:63 - No mode defined for component null
2024-07-20 22:12:57,783 [WARN] ModelIntegratedComponent:63 - No mode defined for component null
2024-07-20 22:12:57,783 [WARN] ModelIntegratedComponent:63 - No mode defined for component null
2024-07-20 22:12:57,783 [WARN] ModelIntegratedComponent:63 - No mode defined for component null
2024-07-20 22:12:57,783 [WARN] ModelIntegratedComponent:63 - No mode defined for component null
2024-07-20 22:12:57,783 [WARN] ModelIntegratedComponent:63 - No mode defined for component null
2024-07-20 22:12:57,783 [WARN] ModelIntegratedComponent:63 - No mode defined for component null
2024-07-20 22:12:57,783 [WARN] ModelIntegratedComponent:63 - No mode defined for component null
2024-07-20 22:12:57,783 [WARN] ModelIntegratedComponent:63 - No mode defined for component null
2024-07-20 22:12:57,783 [WARN] ModelIntegratedComponent:63 - No mode defined for component null
2024-07-20 22:12:57,783 [WARN] ModelIntegratedComponent:63 - No mode defined for component null
2024-07-20 22:12:57,783 [WARN] ModelIntegratedComponent:63 - No mode defined for component null
2024-07-20 22:12:57,783 [WARN] ModelIntegratedComponent:63 - No mode defined for component null
2024-07-20 22:12:57,783 [WARN] ModelIntegratedComponent:63 - No mode defined for component null
2024-07-20 22:12:57,783 [WARN] ModelIntegratedComponent:63 - No mode defined for component null
2024-07-20 22:12:57,783 [WARN] ModelIntegratedComponent:63 - No mode defined for component null
2024-07-20 22:12:57,784 [WARN] ModelIntegratedComponent:63 - No mode defined for component null
2024-07-20 22:12:57,784 [WARN] ModelIntegratedComponent:63 - No mode defined for component null
2024-07-20 22:12:57,784 [WARN] ModelIntegratedComponent:63 - No mode defined for component null
2024-07-20 22:12:57,784 [WARN] ModelIntegratedComponent:63 - No mode defined for component null
2024-07-20 22:12:57,784 [WARN] ModelIntegratedComponent:63 - No mode defined for component null
2024-07-20 22:12:57,784 [WARN] ModelIntegratedComponent:63 - No mode defined for component null
2024-07-20 22:12:57,784 [WARN] ModelIntegratedComponent:63 - No mode defined for component null
2024-07-20 22:12:57,878 [INFO] ThirdPartyModel:298 - Start build external matchings
2024-07-20 22:12:58,178 [INFO] ThirdPartyModel:316 - End build external matchings
2024-07-20 22:12:58,456 [INFO] UtilMem:75 - End LoadConfig() Used Memory: 923757312 Bytes (1073741824)
2024-07-20 22:12:58,490 [WARN] ThirdParty:833 - waiting for thirdparty lock release [change project]
2024-07-20 22:12:58,490 [INFO] ThirdParty:835 - entering critical section [change project]
2024-07-20 22:12:58,490 [INFO] ThirdParty:1030 - CMSIS Pack Vendor :STMicroelectronics USBPD 4.1
2024-07-20 22:12:58,490 [INFO] ThirdParty:1030 - CMSIS Pack Vendor :STMicroelectronics X-CUBE-GNSS1 6.0.0
2024-07-20 22:12:58,490 [INFO] ThirdParty:1030 - CMSIS Pack Vendor :STMicroelectronics USB_HOST 2.0.0
2024-07-20 22:12:58,490 [INFO] ThirdParty:1030 - CMSIS Pack Vendor :STMicroelectronics FP-SNS-MOTENVWB1 1.4.0
2024-07-20 22:12:58,490 [INFO] ThirdParty:1030 - CMSIS Pack Vendor :STMicroelectronics X-CUBE-AZRTOS-F4 1.1.0
2024-07-20 22:12:58,490 [INFO] ThirdParty:1030 - CMSIS Pack Vendor :STMicroelectronics LIBJPEG 8.0.0
2024-07-20 22:12:58,490 [INFO] ThirdParty:1030 - CMSIS Pack Vendor :STMicroelectronics X-CUBE-SMBUS 2.1.0
2024-07-20 22:12:58,490 [INFO] ThirdParty:1030 - CMSIS Pack Vendor :STMicroelectronics USB_DEVICE 3.0.0
2024-07-20 22:12:58,490 [INFO] ThirdParty:1030 - CMSIS Pack Vendor :STMicroelectronics X-CUBE-TCPP 4.1.0
2024-07-20 22:12:58,491 [INFO] ThirdParty:1030 - CMSIS Pack Vendor :STMicroelectronics X-CUBE-FREERTOS 1.2.0
2024-07-20 22:12:58,491 [INFO] ThirdParty:1030 - CMSIS Pack Vendor :STMicroelectronics X-CUBE-AZRTOS-WB 2.0.0
2024-07-20 22:12:58,491 [INFO] ThirdParty:1030 - CMSIS Pack Vendor :STMicroelectronics X-CUBE-TOUCHGFX 4.23.2
2024-07-20 22:12:58,491 [INFO] ThirdParty:1030 - CMSIS Pack Vendor :STMicroelectronics X-CUBE-AZRTOS-F7 1.1.0
2024-07-20 22:12:58,491 [INFO] ThirdParty:1030 - CMSIS Pack Vendor :STMicroelectronics X-CUBE-AZRTOS-L5 2.0.0
2024-07-20 22:12:58,491 [INFO] ThirdParty:1030 - CMSIS Pack Vendor :STMicroelectronics USB_DEVICE 2.0.0
2024-07-20 22:12:58,491 [INFO] ThirdParty:1030 - CMSIS Pack Vendor :STMicroelectronics X-CUBE-NFC6 3.1.0
2024-07-20 22:12:58,491 [INFO] ThirdParty:1030 - CMSIS Pack Vendor :STMicroelectronics X-CUBE-ALGOBUILD 1.3.0
2024-07-20 22:12:58,491 [INFO] ThirdParty:1030 - CMSIS Pack Vendor :STMicroelectronics FreeRTOS 0.0.1
2024-07-20 22:12:58,491 [INFO] ThirdParty:1030 - CMSIS Pack Vendor :STMicroelectronics X-CUBE-AZRTOS-G0 1.1.0
2024-07-20 22:12:58,491 [INFO] ThirdParty:1030 - CMSIS Pack Vendor :STMicroelectronics X-CUBE-SAFEA1 1.2.2
2024-07-20 22:12:58,491 [INFO] ThirdParty:1030 - CMSIS Pack Vendor :STMicroelectronics X-CUBE-NFC4 3.0.0
2024-07-20 22:12:58,491 [INFO] ThirdParty:1030 - CMSIS Pack Vendor :STMicroelectronics X-CUBE-DPower 1.2.0
2024-07-20 22:12:58,491 [INFO] ThirdParty:1030 - CMSIS Pack Vendor :STMicroelectronics X-CUBE-SUBG2 5.0.0
2024-07-20 22:12:58,491 [INFO] ThirdParty:1030 - CMSIS Pack Vendor :STMicroelectronics STM32_WPAN 1.0.0
2024-07-20 22:12:58,491 [INFO] ThirdParty:1030 - CMSIS Pack Vendor :wolfSSL I-CUBE-wolfMQTT 1.18.0
2024-07-20 22:12:58,491 [INFO] ThirdParty:1030 - CMSIS Pack Vendor :EmbeddedOffice I-CUBE-FS-RTOS 1.0.1
2024-07-20 22:12:58,491 [INFO] ThirdParty:1030 - CMSIS Pack Vendor :STMicroelectronics lwIP 2.0.3
2024-07-20 22:12:58,491 [INFO] ThirdParty:1030 - CMSIS Pack Vendor :STMicroelectronics FP-SNS-FLIGHT1 5.0.2
2024-07-20 22:12:58,492 [INFO] ThirdParty:1030 - CMSIS Pack Vendor :STMicroelectronics USB_HOST 1.0.0
2024-07-20 22:12:58,492 [INFO] ThirdParty:1030 - CMSIS Pack Vendor :STMicroelectronics X-CUBE-AI 9.0.0
2024-07-20 22:12:58,492 [INFO] ThirdParty:1030 - CMSIS Pack Vendor :STMicroelectronics X-CUBE-AZRTOS-G4 2.0.0
2024-07-20 22:12:58,492 [INFO] ThirdParty:1030 - CMSIS Pack Vendor :STMicroelectronics PDM2PCM 3.1.0
2024-07-20 22:12:58,492 [INFO] ThirdParty:1030 - CMSIS Pack Vendor :STMicroelectronics PDM2PCM 3.3.0
2024-07-20 22:12:58,492 [INFO] ThirdParty:1030 - CMSIS Pack Vendor :STMicroelectronics X-CUBE-DISPLAY 3.0.0
2024-07-20 22:12:58,492 [INFO] ThirdParty:1030 - CMSIS Pack Vendor :RealThread X-CUBE-RT-Thread_Nano 4.1.1
2024-07-20 22:12:58,492 [INFO] ThirdParty:1030 - CMSIS Pack Vendor :wolfSSL I-CUBE-wolfSSL 5.7.0
2024-07-20 22:12:58,492 [INFO] ThirdParty:1030 - CMSIS Pack Vendor :STMicroelectronics X-CUBE-BLE1 7.0.0
2024-07-20 22:12:58,492 [INFO] ThirdParty:1030 - CMSIS Pack Vendor :STMicroelectronics FP-ATR-SIGFOX1 3.2.0
2024-07-20 22:12:58,492 [INFO] ThirdParty:1030 - CMSIS Pack Vendor :STMicroelectronics X-CUBE-ISPU 2.0.0
2024-07-20 22:12:58,492 [INFO] ThirdParty:1030 - CMSIS Pack Vendor :STMicroelectronics X-CUBE-EEPRMA1 5.1.0
2024-07-20 22:12:58,493 [INFO] ThirdParty:1030 - CMSIS Pack Vendor :STMicroelectronics HAL Drivers 0.0.0
2024-07-20 22:12:58,493 [INFO] ThirdParty:1030 - CMSIS Pack Vendor :STMicroelectronics MBEDTLS 2.16.2
2024-07-20 22:12:58,493 [INFO] ThirdParty:1030 - CMSIS Pack Vendor :STMicroelectronics X-CUBE-ALS 1.0.2
2024-07-20 22:12:58,493 [INFO] ThirdParty:1030 - CMSIS Pack Vendor :emotas I-CUBE-CANOPEN 1.3.0
2024-07-20 22:12:58,493 [INFO] ThirdParty:1030 - CMSIS Pack Vendor :STMicroelectronics X-CUBE-MEMS1 10.0.0
2024-07-20 22:12:58,493 [INFO] ThirdParty:1030 - CMSIS Pack Vendor :STMicroelectronics X-CUBE-FREERTOS 1.1.0
2024-07-20 22:12:58,493 [INFO] ThirdParty:1030 - CMSIS Pack Vendor :STMicroelectronics X-CUBE-NFC7 1.0.1
2024-07-20 22:12:58,493 [INFO] ThirdParty:1030 - CMSIS Pack Vendor :STMicroelectronics MBEDTLS 2.14.1
2024-07-20 22:12:58,493 [INFO] ThirdParty:1030 - CMSIS Pack Vendor :STMicroelectronics X-CUBE-TOUCHGFX 4.24.0
2024-07-20 22:12:58,493 [INFO] ThirdParty:1030 - CMSIS Pack Vendor :ITTIA_DB I-CUBE-ITTIADB 8.9.0
2024-07-20 22:12:58,493 [INFO] ThirdParty:1030 - CMSIS Pack Vendor :wolfSSL I-CUBE-wolfTPM 3.2.0
2024-07-20 22:12:58,493 [INFO] ThirdParty:1030 - CMSIS Pack Vendor :portGmbH I-Cube-SoM-uGOAL 1.1.0
2024-07-20 22:12:58,493 [INFO] ThirdParty:1030 - CMSIS Pack Vendor :STMicroelectronics X-CUBE-ALS 1.0.1
2024-07-20 22:12:58,493 [INFO] ThirdParty:1030 - CMSIS Pack Vendor :STMicroelectronics X-CUBE-BLEMGR 3.1.0
2024-07-20 22:12:58,493 [INFO] ThirdParty:1030 - CMSIS Pack Vendor :STMicroelectronics ThreadX 1.0.0
2024-07-20 22:12:58,493 [INFO] ThirdParty:1030 - CMSIS Pack Vendor :STMicroelectronics FP-SNS-SMARTAG2 1.2.0
2024-07-20 22:12:58,494 [INFO] ThirdParty:1030 - CMSIS Pack Vendor :STMicroelectronics X-CUBE-AZRTOS-WL 2.0.0
2024-07-20 22:12:58,494 [INFO] ThirdParty:1030 - CMSIS Pack Vendor :SEGGER I-CUBE-embOS 1.3.1
2024-07-20 22:12:58,494 [INFO] ThirdParty:1030 - CMSIS Pack Vendor :STMicroelectronics X-CUBE-ALGOBUILD 1.4.0
2024-07-20 22:12:58,494 [INFO] ThirdParty:1030 - CMSIS Pack Vendor :STMicroelectronics FP-SNS-MOTENV1 5.0.0
2024-07-20 22:12:58,494 [INFO] ThirdParty:1030 - CMSIS Pack Vendor :STMicroelectronics USB_DEVICE 1.0.0
2024-07-20 22:12:58,494 [INFO] ThirdParty:1030 - CMSIS Pack Vendor :STMicroelectronics X-CUBE-AZRTOS-H7RS 1.0.0
2024-07-20 22:12:58,494 [INFO] ThirdParty:1030 - CMSIS Pack Vendor :wolfSSL I-CUBE-wolfMQTT 1.19.0
2024-07-20 22:12:58,494 [INFO] ThirdParty:1030 - CMSIS Pack Vendor :STMicroelectronics X-CUBE-AZRTOS-L4 2.0.0
2024-07-20 22:12:58,494 [INFO] ThirdParty:1030 - CMSIS Pack Vendor :STMicroelectronics ThreadX 0.0.2
2024-07-20 22:12:58,494 [INFO] ThirdParty:1030 - CMSIS Pack Vendor :WES I-CUBE-Cesium 1.3.0
2024-07-20 22:12:58,494 [INFO] ThirdParty:1030 - CMSIS Pack Vendor :STMicroelectronics FP-ATR-ASTRA1 2.0.0
2024-07-20 22:12:58,494 [INFO] ThirdParty:1030 - CMSIS Pack Vendor :STMicroelectronics lwIP 2.1.2
2024-07-20 22:12:58,494 [INFO] ThirdParty:1030 - CMSIS Pack Vendor :STMicroelectronics X-CUBE-SFXS2LP1 4.0.0
2024-07-20 22:12:58,494 [INFO] ThirdParty:1030 - CMSIS Pack Vendor :STMicroelectronics X-CUBE-BLE2 3.3.0
2024-07-20 22:12:58,494 [INFO] ThirdParty:1030 - CMSIS Pack Vendor :STMicroelectronics X-CUBE-TOF1 3.4.1
2024-07-20 22:12:58,494 [INFO] ThirdParty:1030 - CMSIS Pack Vendor :STMicroelectronics X-CUBE-AZRTOS-H7 3.2.0
2024-07-20 22:12:58,494 [INFO] ThirdParty:1030 - CMSIS Pack Vendor :Infineon AIROC-Wi-Fi-Bluetooth-STM32 1.6.0
2024-07-20 22:12:58,495 [INFO] ThirdParty:1030 - CMSIS Pack Vendor :STMicroelectronics PDM2PCM 3.2.0
2024-07-20 22:12:58,495 [INFO] ThirdParty:1030 - CMSIS Pack Vendor :wolfSSL I-CUBE-wolfSSH 1.4.17
2024-07-20 22:12:58,495 [INFO] ThirdParty:841 - exiting critical section [change project]
2024-07-20 22:12:58,861 [INFO] PinOutPanel:1561 - setPackage(No Configuration,No Configuration)
2024-07-20 22:12:58,863 [INFO] PinOutPanel:1561 - setPackage(STM32F407VGTx,LQFP100)
2024-07-20 22:12:59,237 [INFO] UtilMem:75 - Before build in PCC Used Memory: 635165952 Bytes (1073741824)
2024-07-20 22:13:00,064 [INFO] UtilMem:75 - After build in PCC Used Memory: 742103256 Bytes (1073741824)
2024-07-20 22:13:00,091 [INFO] IPUIPlugin:80 - create IPUIPlugin
2024-07-20 22:13:00,091 [INFO] IPUIPlugin:80 - create IPUIPlugin
2024-07-20 22:13:00,091 [INFO] IPUIPlugin:80 - create IPUIPlugin
2024-07-20 22:13:00,091 [INFO] IPUIPlugin:80 - create IPUIPlugin
2024-07-20 22:13:00,091 [INFO] IPUIPlugin:80 - create IPUIPlugin
2024-07-20 22:13:00,092 [INFO] IPUIPlugin:80 - create IPUIPlugin
2024-07-20 22:13:00,092 [INFO] IPUIPlugin:80 - create IPUIPlugin
2024-07-20 22:13:00,092 [INFO] IPUIPlugin:80 - create IPUIPlugin
2024-07-20 22:13:00,092 [INFO] IPUIPlugin:80 - create IPUIPlugin
2024-07-20 22:13:00,092 [INFO] IPUIPlugin:80 - create IPUIPlugin
2024-07-20 22:13:00,092 [INFO] IPUIPlugin:80 - create IPUIPlugin
2024-07-20 22:13:00,092 [INFO] IPUIPlugin:80 - create IPUIPlugin
2024-07-20 22:13:00,092 [INFO] IPUIPlugin:80 - create IPUIPlugin
2024-07-20 22:13:00,092 [INFO] IPUIPlugin:80 - create IPUIPlugin
2024-07-20 22:13:00,092 [INFO] IPUIPlugin:80 - create IPUIPlugin
2024-07-20 22:13:00,092 [INFO] IPUIPlugin:80 - create IPUIPlugin
2024-07-20 22:13:00,092 [INFO] IPUIPlugin:80 - create IPUIPlugin
2024-07-20 22:13:00,093 [INFO] IPUIPlugin:80 - create IPUIPlugin
2024-07-20 22:13:00,093 [INFO] IPUIPlugin:80 - create IPUIPlugin
2024-07-20 22:13:00,093 [INFO] IPUIPlugin:80 - create IPUIPlugin
2024-07-20 22:13:00,093 [INFO] IPUIPlugin:80 - create IPUIPlugin
2024-07-20 22:13:00,093 [INFO] IPUIPlugin:80 - create IPUIPlugin
2024-07-20 22:13:00,093 [INFO] IPUIPlugin:80 - create IPUIPlugin
2024-07-20 22:13:00,093 [INFO] IPUIPlugin:80 - create IPUIPlugin
2024-07-20 22:13:00,093 [INFO] IPUIPlugin:80 - create IPUIPlugin
2024-07-20 22:13:00,094 [INFO] IPUIPlugin:80 - create IPUIPlugin
2024-07-20 22:13:00,094 [INFO] IPUIPlugin:80 - create IPUIPlugin
2024-07-20 22:13:00,094 [INFO] IPUIPlugin:80 - create IPUIPlugin
2024-07-20 22:13:00,094 [INFO] IPUIPlugin:80 - create IPUIPlugin
2024-07-20 22:13:00,094 [INFO] IPUIPlugin:80 - create IPUIPlugin
2024-07-20 22:13:00,094 [INFO] IPUIPlugin:80 - create IPUIPlugin
2024-07-20 22:13:00,094 [INFO] IPUIPlugin:80 - create IPUIPlugin
2024-07-20 22:13:00,094 [INFO] IPUIPlugin:80 - create IPUIPlugin
2024-07-20 22:13:00,095 [INFO] IPUIPlugin:80 - create IPUIPlugin
2024-07-20 22:13:00,095 [INFO] IPUIPlugin:80 - create IPUIPlugin
2024-07-20 22:13:00,095 [INFO] IPUIPlugin:80 - create IPUIPlugin
2024-07-20 22:13:00,095 [INFO] IPUIPlugin:80 - create IPUIPlugin
2024-07-20 22:13:00,096 [INFO] IPUIPlugin:80 - create IPUIPlugin
2024-07-20 22:13:00,096 [INFO] IPUIPlugin:80 - create IPUIPlugin
2024-07-20 22:13:00,096 [INFO] IPUIPlugin:80 - create IPUIPlugin
2024-07-20 22:13:00,096 [INFO] IPUIPlugin:80 - create IPUIPlugin
2024-07-20 22:13:00,096 [INFO] IPUIPlugin:80 - create IPUIPlugin
2024-07-20 22:13:00,097 [INFO] IPUIPlugin:80 - create IPUIPlugin
2024-07-20 22:13:00,097 [INFO] IPUIPlugin:80 - create IPUIPlugin
2024-07-20 22:13:00,097 [INFO] IPUIPlugin:80 - create IPUIPlugin
2024-07-20 22:13:00,097 [INFO] IPUIPlugin:80 - create IPUIPlugin
2024-07-20 22:13:00,098 [INFO] IPUIPlugin:80 - create IPUIPlugin
2024-07-20 22:13:00,098 [INFO] IPUIPlugin:80 - create IPUIPlugin
2024-07-20 22:13:00,098 [INFO] IPUIPlugin:80 - create IPUIPlugin
2024-07-20 22:13:00,099 [INFO] IPUIPlugin:80 - create IPUIPlugin
2024-07-20 22:13:00,099 [INFO] IPUIPlugin:80 - create IPUIPlugin
2024-07-20 22:13:00,099 [INFO] IPUIPlugin:80 - create IPUIPlugin
2024-07-20 22:13:00,099 [INFO] IPUIPlugin:80 - create IPUIPlugin
2024-07-20 22:13:00,100 [INFO] IPUIPlugin:80 - create IPUIPlugin
2024-07-20 22:13:00,100 [INFO] IPUIPlugin:80 - create IPUIPlugin
2024-07-20 22:13:00,103 [INFO] IPUIPlugin:80 - create IPUIPlugin
2024-07-20 22:13:00,103 [INFO] IPUIPlugin:80 - create IPUIPlugin
2024-07-20 22:13:00,104 [INFO] IPUIPlugin:80 - create IPUIPlugin
2024-07-20 22:13:00,183 [INFO] ApiDbMcu:508 - Load IP Config File for PDM2PCM
2024-07-20 22:13:00,354 [INFO] CADModel:165 - CPN selected for project levelSTM32F407VGT6
2024-07-20 22:13:00,354 [INFO] CADModel:114 - Register for checkConnection events
2024-07-20 22:13:00,397 [INFO] OpenFileManager:343 - Restore cursor
2024-07-20 22:13:02,389 [INFO] UtilMem:75 - End SaveConfig() Used Memory: 878942424 Bytes (1073741824)
2024-07-20 22:13:02,436 [INFO] UtilMem:75 - End SaveConfig() Used Memory: 901467552 Bytes (1073741824)
2024-07-20 22:13:02,812 [INFO] BlockDiagram:2759 - set Specific Code input for plugin: RCC
2024-07-20 22:13:02,812 [INFO] BlockDiagram:2759 - set Specific Code input for plugin: NVIC
2024-07-20 22:13:02,814 [INFO] CodeGenerator:807 - code generatio: config db path: C:\ST\STM32CubeIDE_1.15.0\STM32CubeIDE\plugins\com.st.stm32cube.common.mx_6.11.0.202403141607\\db\
2024-07-20 22:13:02,989 [INFO] CodeEngine:255 - oldGeneratedFile, D:\STM32\Stm32-HAL\SPI\accelorometer\MXTmpFiles\license.tmp_save
2024-07-20 22:13:03,403 [INFO] CodeEngine:279 - Generated code: D:\STM32\Stm32-HAL\SPI\accelorometer\MXTmpFiles\license.tmp
2024-07-20 22:13:03,428 [INFO] CodeEngine:255 - oldGeneratedFile, D:\STM32\Stm32-HAL\SPI\accelorometer\Core\Src\stm32f4xx_it.c_save
2024-07-20 22:13:03,581 [INFO] CodeEngine:279 - Generated code: D:\STM32\Stm32-HAL\SPI\accelorometer\Core\Src\stm32f4xx_it.c
2024-07-20 22:13:03,590 [INFO] CodeEngine:255 - oldGeneratedFile, D:\STM32\Stm32-HAL\SPI\accelorometer\Core\Inc\stm32f4xx_it.h_save
2024-07-20 22:13:03,677 [INFO] CodeEngine:279 - Generated code: D:\STM32\Stm32-HAL\SPI\accelorometer\Core\Inc\stm32f4xx_it.h
2024-07-20 22:13:03,787 [INFO] CodeEngine:255 - oldGeneratedFile, D:\STM32\Stm32-HAL\SPI\accelorometer\Core\Src\stm32f4xx_hal_msp.c_save
2024-07-20 22:13:03,936 [INFO] CodeEngine:279 - Generated code: D:\STM32\Stm32-HAL\SPI\accelorometer\Core\Src\stm32f4xx_hal_msp.c
2024-07-20 22:13:03,947 [INFO] CodeEngine:255 - oldGeneratedFile, D:\STM32\Stm32-HAL\SPI\accelorometer\MXTmpFiles\system.tmp_save
2024-07-20 22:13:04,014 [INFO] CodeEngine:279 - Generated code: D:\STM32\Stm32-HAL\SPI\accelorometer\MXTmpFiles\system.tmp
2024-07-20 22:13:04,037 [INFO] CodeEngine:311 - oldGeneratedFile, D:\STM32\Stm32-HAL\SPI\accelorometer\Core\Inc\stm32f4xx_hal_conf.h_save
2024-07-20 22:13:04,134 [INFO] CodeEngine:335 - Generated code: D:\STM32\Stm32-HAL\SPI\accelorometer\Core\Inc\stm32f4xx_hal_conf.h
2024-07-20 22:13:04,193 [INFO] CodeEngine:255 - oldGeneratedFile, D:\STM32\Stm32-HAL\SPI\accelorometer\Core\Inc\main.h_save
2024-07-20 22:13:04,309 [INFO] CodeEngine:279 - Generated code: D:\STM32\Stm32-HAL\SPI\accelorometer\Core\Inc\main.h
2024-07-20 22:13:04,320 [INFO] CodeEngine:255 - oldGeneratedFile, D:\STM32\Stm32-HAL\SPI\accelorometer\Core\Src\main.c_save
2024-07-20 22:13:04,460 [INFO] CodeEngine:279 - Generated code: D:\STM32\Stm32-HAL\SPI\accelorometer\Core\Src\main.c
2024-07-20 22:13:04,755 [INFO] ProjectBuilder:3163 - Time for Copy HAL[1] : 125mS.
2024-07-20 22:13:04,759 [INFO] ProjectBuilder:4736 - Project Generator version: 4.3.0-B58
2024-07-20 22:13:04,823 [INFO] ConfigFileManager:1503 - The Die is : DIE413
2024-07-20 22:13:04,839 [INFO] ApiDbMcu:508 - Load IP Config File for FATFS
2024-07-20 22:13:04,875 [INFO] ApiDbMcu:508 - Load IP Config File for FREERTOS
2024-07-20 22:13:04,884 [INFO] ApiDbMcu:508 - Load IP Config File for LIBJPEG
2024-07-20 22:13:04,897 [INFO] ApiDbMcu:508 - Load IP Config File for LWIP
2024-07-20 22:13:04,910 [INFO] ApiDbMcu:508 - Load IP Config File for MBEDTLS
2024-07-20 22:13:04,924 [INFO] ApiDbMcu:508 - Load IP Config File for USB_DEVICE
2024-07-20 22:13:04,934 [INFO] ApiDbMcu:508 - Load IP Config File for USB_HOST
2024-07-20 22:13:05,571 [INFO] LogOutputStream:77 - [STDOUT_REDIRECT] 
2024-07-20 22:13:08,289 [INFO] ProjectBuilder:5002 - Time for Generating toolchain IDE Files: 3529mS.
2024-07-20 22:13:08,289 [INFO] ProjectBuilder:3034 - Time for Copy CMSIS : 0mS.
2024-07-20 22:13:08,290 [INFO] ProjectBuilder:3034 - Time for Copy CMSIS : 0mS.
2024-07-20 22:13:09,348 [INFO] McuFinderGlobals:76 - Set McuFinderConnectedMode to true
2024-07-20 22:13:09,350 [INFO] ApiDb:448 - Save user favorites file C:\Users\BASAVARAJ/.stm32cubeide/favorites.mcus.txt: 1 item(s)
2024-07-20 22:13:09,351 [INFO] ApiDb:452 - User favorites MCUs=[STM32F407VGT6]
2024-07-20 22:15:41,528 [INFO] NvicIntPanel:101 - NVIC parent = com.st.microxplorer.plugins.ip.nvic.MultiNvicIntPanel[,0,0,0x0,invalid,layout=javax.swing.BoxLayout,alignmentX=0.0,alignmentY=0.0,border=,flags=9,maximumSize=,minimumSize=,preferredSize=]
2024-07-20 22:15:41,601 [INFO] NvicIntPanel:101 - NVIC parent = com.st.microxplorer.plugins.ip.nvic.MultiNvicIntPanel[,0,0,0x0,invalid,layout=javax.swing.BoxLayout,alignmentX=0.0,alignmentY=0.0,border=,flags=9,maximumSize=,minimumSize=,preferredSize=]
2024-07-20 22:15:58,125 [INFO] Gpio:277 - dependency for GPIO [RCC, SPI1]
2024-07-20 22:17:46,307 [INFO] Gpio:277 - dependency for GPIO [RCC, SPI1]
2024-07-20 22:17:46,338 [INFO] NvicIntPanel:101 - NVIC parent = com.st.microxplorer.plugins.ip.nvic.MultiNvicIntPanel[,0,0,0x0,invalid,layout=javax.swing.BoxLayout,alignmentX=0.0,alignmentY=0.0,border=,flags=9,maximumSize=,minimumSize=,preferredSize=]
2024-07-20 22:18:22,421 [INFO] Gpio:277 - dependency for GPIO [RCC, SPI1]
2024-07-20 22:18:22,450 [INFO] NvicIntPanel:101 - NVIC parent = com.st.microxplorer.plugins.ip.nvic.MultiNvicIntPanel[,0,0,0x0,invalid,layout=javax.swing.BoxLayout,alignmentX=0.0,alignmentY=0.0,border=,flags=9,maximumSize=,minimumSize=,preferredSize=]
2024-07-20 22:18:24,917 [INFO] Gpio:277 - dependency for GPIO [RCC, SPI1]
2024-07-20 22:18:24,940 [INFO] NvicIntPanel:101 - NVIC parent = com.st.microxplorer.plugins.ip.nvic.MultiNvicIntPanel[,0,0,0x0,invalid,layout=javax.swing.BoxLayout,alignmentX=0.0,alignmentY=0.0,border=,flags=9,maximumSize=,minimumSize=,preferredSize=]
2024-07-20 22:18:26,939 [INFO] Gpio:277 - dependency for GPIO [RCC, SPI1]
2024-07-20 22:18:26,965 [INFO] NvicIntPanel:101 - NVIC parent = com.st.microxplorer.plugins.ip.nvic.MultiNvicIntPanel[,0,0,0x0,invalid,layout=javax.swing.BoxLayout,alignmentX=0.0,alignmentY=0.0,border=,flags=9,maximumSize=,minimumSize=,preferredSize=]
2024-07-20 22:18:29,185 [INFO] Gpio:277 - dependency for GPIO [RCC, SPI1]
2024-07-20 22:18:29,209 [INFO] NvicIntPanel:101 - NVIC parent = com.st.microxplorer.plugins.ip.nvic.MultiNvicIntPanel[,0,0,0x0,invalid,layout=javax.swing.BoxLayout,alignmentX=0.0,alignmentY=0.0,border=,flags=9,maximumSize=,minimumSize=,preferredSize=]
2024-07-20 22:19:40,403 [INFO] Gpio:277 - dependency for GPIO [RCC, SPI1]
2024-07-20 22:19:40,500 [INFO] Gpio:277 - dependency for GPIO [RCC, SPI1]
2024-07-20 22:19:46,422 [INFO] Gpio:277 - dependency for GPIO [RCC, SPI1]
2024-07-20 22:19:53,462 [INFO] NvicIntPanel:101 - NVIC parent = com.st.microxplorer.plugins.ip.nvic.MultiNvicIntPanel[,0,0,0x0,invalid,layout=javax.swing.BoxLayout,alignmentX=0.0,alignmentY=0.0,border=,flags=9,maximumSize=,minimumSize=,preferredSize=]
2024-07-20 22:19:53,524 [INFO] NvicIntPanel:101 - NVIC parent = com.st.microxplorer.plugins.ip.nvic.MultiNvicIntPanel[,0,0,0x0,invalid,layout=javax.swing.BoxLayout,alignmentX=0.0,alignmentY=0.0,border=,flags=9,maximumSize=,minimumSize=,preferredSize=]
2024-07-20 22:19:55,847 [INFO] NvicIntPanel:101 - NVIC parent = com.st.microxplorer.plugins.ip.nvic.MultiNvicIntPanel[,0,0,0x0,invalid,layout=javax.swing.BoxLayout,alignmentX=0.0,alignmentY=0.0,border=,flags=9,maximumSize=,minimumSize=,preferredSize=]
2024-07-20 22:19:55,915 [INFO] NvicIntPanel:101 - NVIC parent = com.st.microxplorer.plugins.ip.nvic.MultiNvicIntPanel[,0,0,0x0,invalid,layout=javax.swing.BoxLayout,alignmentX=0.0,alignmentY=0.0,border=,flags=9,maximumSize=,minimumSize=,preferredSize=]
2024-07-20 22:20:40,656 [INFO] Gpio:277 - dependency for GPIO [RCC, SPI1]
2024-07-20 22:20:43,550 [INFO] NvicIntPanel:101 - NVIC parent = com.st.microxplorer.plugins.ip.nvic.MultiNvicIntPanel[,2,27,382x396,layout=javax.swing.BoxLayout,alignmentX=0.0,alignmentY=0.0,border=,flags=9,maximumSize=,minimumSize=,preferredSize=]
2024-07-20 22:20:49,964 [INFO] Gpio:277 - dependency for GPIO [RCC, SPI1]
2024-07-20 22:21:28,747 [INFO] UtilMem:75 - End SaveConfig() Used Memory: 721700184 Bytes (1073741824)
2024-07-20 22:21:33,406 [INFO] UtilMem:75 - End SaveConfig() Used Memory: 752635224 Bytes (1073741824)
2024-07-20 22:21:35,784 [INFO] UtilMem:75 - End SaveConfig() Used Memory: 801392744 Bytes (1073741824)
2024-07-20 22:21:35,873 [INFO] BlockDiagram:2759 - set Specific Code input for plugin: SPI
2024-07-20 22:21:35,873 [INFO] BlockDiagram:2759 - set Specific Code input for plugin: SYS
2024-07-20 22:21:35,873 [INFO] BlockDiagram:2759 - set Specific Code input for plugin: RCC
2024-07-20 22:21:35,873 [INFO] BlockDiagram:2759 - set Specific Code input for plugin: NVIC
2024-07-20 22:21:35,873 [INFO] BlockDiagram:2759 - set Specific Code input for plugin: GPIO
2024-07-20 22:21:35,875 [INFO] CodeGenerator:807 - code generatio: config db path: C:\ST\STM32CubeIDE_1.15.0\STM32CubeIDE\plugins\com.st.stm32cube.common.mx_6.11.0.202403141607\\db\
2024-07-20 22:21:35,925 [INFO] CodeEngine:255 - oldGeneratedFile, D:\STM32\Stm32-HAL\SPI\accelorometer\MXTmpFiles\license.tmp_save
2024-07-20 22:21:36,020 [INFO] CodeEngine:279 - Generated code: D:\STM32\Stm32-HAL\SPI\accelorometer\MXTmpFiles\license.tmp
2024-07-20 22:21:36,098 [INFO] CodeEngine:255 - oldGeneratedFile, D:\STM32\Stm32-HAL\SPI\accelorometer\MXTmpFiles\gpio.tmp_save
2024-07-20 22:21:36,196 [INFO] CodeEngine:279 - Generated code: D:\STM32\Stm32-HAL\SPI\accelorometer\MXTmpFiles\gpio.tmp
2024-07-20 22:21:36,284 [INFO] CodeEngine:255 - oldGeneratedFile, D:\STM32\Stm32-HAL\SPI\accelorometer\Core\Src\stm32f4xx_it.c_save
2024-07-20 22:21:36,462 [INFO] CodeEngine:279 - Generated code: D:\STM32\Stm32-HAL\SPI\accelorometer\Core\Src\stm32f4xx_it.c
2024-07-20 22:21:36,466 [INFO] CodeEngine:255 - oldGeneratedFile, D:\STM32\Stm32-HAL\SPI\accelorometer\Core\Inc\stm32f4xx_it.h_save
2024-07-20 22:21:36,535 [INFO] CodeEngine:279 - Generated code: D:\STM32\Stm32-HAL\SPI\accelorometer\Core\Inc\stm32f4xx_it.h
2024-07-20 22:21:36,553 [INFO] CodeEngine:255 - oldGeneratedFile, D:\STM32\Stm32-HAL\SPI\accelorometer\Core\Src\stm32f4xx_hal_msp.c_save
2024-07-20 22:21:36,651 [INFO] CodeEngine:279 - Generated code: D:\STM32\Stm32-HAL\SPI\accelorometer\Core\Src\stm32f4xx_hal_msp.c
2024-07-20 22:21:36,655 [INFO] CodeEngine:255 - oldGeneratedFile, D:\STM32\Stm32-HAL\SPI\accelorometer\MXTmpFiles\system.tmp_save
2024-07-20 22:21:36,702 [INFO] CodeEngine:279 - Generated code: D:\STM32\Stm32-HAL\SPI\accelorometer\MXTmpFiles\system.tmp
2024-07-20 22:21:36,720 [INFO] CodeEngine:311 - oldGeneratedFile, D:\STM32\Stm32-HAL\SPI\accelorometer\Core\Inc\stm32f4xx_hal_conf.h_save
2024-07-20 22:21:36,800 [INFO] CodeEngine:335 - Generated code: D:\STM32\Stm32-HAL\SPI\accelorometer\Core\Inc\stm32f4xx_hal_conf.h
2024-07-20 22:21:36,843 [INFO] CodeEngine:255 - oldGeneratedFile, D:\STM32\Stm32-HAL\SPI\accelorometer\Core\Inc\main.h_save
2024-07-20 22:21:36,924 [INFO] CodeEngine:279 - Generated code: D:\STM32\Stm32-HAL\SPI\accelorometer\Core\Inc\main.h
2024-07-20 22:21:36,938 [INFO] CodeEngine:255 - oldGeneratedFile, D:\STM32\Stm32-HAL\SPI\accelorometer\Core\Src\main.c_save
2024-07-20 22:21:37,039 [INFO] CodeEngine:279 - Generated code: D:\STM32\Stm32-HAL\SPI\accelorometer\Core\Src\main.c
2024-07-20 22:21:37,215 [INFO] ProjectBuilder:3163 - Time for Copy HAL[1] : 76mS.
2024-07-20 22:21:37,217 [INFO] ProjectBuilder:4736 - Project Generator version: 4.3.0-B58
2024-07-20 22:21:37,262 [INFO] ConfigFileManager:1503 - The Die is : DIE413
2024-07-20 22:21:38,232 [INFO] ProjectBuilder:5002 - Time for Generating toolchain IDE Files: 1015mS.
2024-07-20 22:21:38,232 [INFO] ProjectBuilder:3034 - Time for Copy CMSIS : 0mS.
2024-07-20 22:21:38,233 [INFO] ProjectBuilder:3034 - Time for Copy CMSIS : 0mS.
2024-07-20 23:16:47,191 [ERROR] LogOutputStream:75 - [STDERR_REDIRECT] 
