2024-11-12 22:03:05,765 [INFO] Activator:176 - 


2024-11-12 22:03:05,778 [INFO] Activator:177 - !SESSION log4j initialized
2024-11-12 22:03:16,560 [INFO] LogOutputStream:77 - [STDOUT_REDIRECT] 
2024-11-12 22:03:18,578 [INFO] ApplicationProperties:184 - Using Application install path: C:\ST\STM32CubeIDE_1.15.0\STM32CubeIDE\plugins\com.st.stm32cube.common.mx_6.11.0.202403141607
2024-11-12 22:03:18,612 [INFO] DbMcusXml:78 - Set database path to: C:\ST\STM32CubeIDE_1.15.0\STM32CubeIDE\plugins\com.st.stm32cube.common.mx_6.11.0.202403141607\\db\/mcu/
2024-11-12 22:03:18,612 [INFO] ApiDb:274 - Set plugin database path to: C:\ST\STM32CubeIDE_1.15.0\STM32CubeIDE\plugins\com.st.stm32cube.common.mx_6.11.0.202403141607\\db\/plugins/boardmanager/
2024-11-12 22:03:18,613 [WARN] ApiDb:259 - Overriding images path with different value:  => C:\ST\STM32CubeIDE_1.15.0\STM32CubeIDE\plugins\com.st.stm32cube.common.mx_6.11.0.202403141607\\db\/plugins/mcufinder/images/
2024-11-12 22:03:18,632 [INFO] ApiDb:250 - Set database path to: C:\Users\BASAVARAJ\.stmcufinder\plugins\mcufinder//mcu/
2024-11-12 22:03:18,633 [INFO] DbMcusAds:125 - Set database path to: C:\Users\BASAVARAJ\.stmcufinder\plugins\mcufinder//mcu/
2024-11-12 22:03:18,636 [INFO] CrossReferenceDbSqlite:203 - Set database path to: C:\Users\BASAVARAJ\.stmcufinder\plugins\mcufinder//mcu/cs/
2024-11-12 22:03:18,907 [INFO] RulesReader:64 - Compatibility file has been processed (297 Rules)
2024-11-12 22:03:19,051 [INFO] DbMcusXml:78 - Set database path to: C:\ST\STM32CubeIDE_1.15.0\STM32CubeIDE\plugins\com.st.stm32cube.common.mx_6.11.0.202403141607\\db\/mcu/
2024-11-12 22:03:19,051 [INFO] ApiDb:274 - Set plugin database path to: C:\ST\STM32CubeIDE_1.15.0\STM32CubeIDE\plugins\com.st.stm32cube.common.mx_6.11.0.202403141607\\db\/plugins/boardmanager/
2024-11-12 22:03:19,051 [INFO] ApiDb:261 - Set plugin images path to: C:\ST\STM32CubeIDE_1.15.0\STM32CubeIDE\plugins\com.st.stm32cube.common.mx_6.11.0.202403141607\\db\/plugins/mcufinder/images/
2024-11-12 22:03:19,052 [WARN] DbFile:41 - Overriding database path with different value: C:\Users\BASAVARAJ\.stmcufinder\plugins\mcufinder/ => C:\Users\BASAVARAJ\.stmcufinder\plugins\mcufinder
2024-11-12 22:03:19,052 [INFO] ApiDb:250 - Set database path to: C:\Users\BASAVARAJ\.stmcufinder\plugins\mcufinder//mcu/
2024-11-12 22:03:19,052 [WARN] DbFile:41 - Overriding database path with different value: C:\Users\BASAVARAJ\.stmcufinder\plugins\mcufinder/ => C:\Users\BASAVARAJ\.stmcufinder\plugins\mcufinder
2024-11-12 22:03:19,052 [INFO] DbMcusAds:125 - Set database path to: C:\Users\BASAVARAJ\.stmcufinder\plugins\mcufinder//mcu/
2024-11-12 22:03:19,052 [WARN] DbFile:41 - Overriding database path with different value: C:\Users\BASAVARAJ\.stmcufinder\plugins\mcufinder/ => C:\Users\BASAVARAJ\.stmcufinder\plugins\mcufinder
2024-11-12 22:03:19,052 [WARN] DbFile:41 - Overriding database path with different value: C:\Users\BASAVARAJ\.stmcufinder\plugins\mcufinder/ => C:\Users\BASAVARAJ\.stmcufinder\plugins\mcufinder
2024-11-12 22:03:19,052 [INFO] CrossReferenceDbSqlite:203 - Set database path to: C:\Users\BASAVARAJ\.stmcufinder\plugins\mcufinder//mcu/cs/
2024-11-12 22:03:19,181 [INFO] MainPanel:264 - HeapMemory: 268435456
2024-11-12 22:03:19,353 [INFO] DbMcusXml:78 - Set database path to: C:\ST\STM32CubeIDE_1.15.0\STM32CubeIDE\plugins\com.st.stm32cube.common.mx_6.11.0.202403141607\\db\/mcu/
2024-11-12 22:03:19,353 [INFO] ApiDb:274 - Set plugin database path to: C:\ST\STM32CubeIDE_1.15.0\STM32CubeIDE\plugins\com.st.stm32cube.common.mx_6.11.0.202403141607\\db\/plugins/boardmanager/
2024-11-12 22:03:19,353 [INFO] ApiDb:261 - Set plugin images path to: C:\ST\STM32CubeIDE_1.15.0\STM32CubeIDE\plugins\com.st.stm32cube.common.mx_6.11.0.202403141607\\db\/plugins/mcufinder/images/
2024-11-12 22:03:19,353 [WARN] DbFile:41 - Overriding database path with different value: C:\Users\BASAVARAJ\.stmcufinder\plugins\mcufinder/ => C:\Users\BASAVARAJ\.stmcufinder\plugins\mcufinder
2024-11-12 22:03:19,353 [INFO] ApiDb:250 - Set database path to: C:\Users\BASAVARAJ\.stmcufinder\plugins\mcufinder//mcu/
2024-11-12 22:03:19,354 [WARN] DbFile:41 - Overriding database path with different value: C:\Users\BASAVARAJ\.stmcufinder\plugins\mcufinder/ => C:\Users\BASAVARAJ\.stmcufinder\plugins\mcufinder
2024-11-12 22:03:19,354 [INFO] DbMcusAds:125 - Set database path to: C:\Users\BASAVARAJ\.stmcufinder\plugins\mcufinder//mcu/
2024-11-12 22:03:19,354 [WARN] DbFile:41 - Overriding database path with different value: C:\Users\BASAVARAJ\.stmcufinder\plugins\mcufinder/ => C:\Users\BASAVARAJ\.stmcufinder\plugins\mcufinder
2024-11-12 22:03:19,354 [WARN] DbFile:41 - Overriding database path with different value: C:\Users\BASAVARAJ\.stmcufinder\plugins\mcufinder/ => C:\Users\BASAVARAJ\.stmcufinder\plugins\mcufinder
2024-11-12 22:03:19,354 [INFO] CrossReferenceDbSqlite:203 - Set database path to: C:\Users\BASAVARAJ\.stmcufinder\plugins\mcufinder//mcu/cs/
2024-11-12 22:03:19,382 [INFO] ApplicationProperties:184 - Using Application install path: C:\ST\STM32CubeIDE_1.15.0\STM32CubeIDE\plugins\com.st.stm32cube.common.mx_6.11.0.202403141607
2024-11-12 22:03:19,386 [INFO] PluginManage:196 - Search for loadable plugins [exclusion list=, ]
2024-11-12 22:03:19,388 [INFO] PluginManage:310 - Check plugin analytics
2024-11-12 22:03:19,677 [INFO] AnalyticsPlugin:253 - Accepted Software Licenses: 
2024-11-12 22:03:19,677 [INFO] AnalyticsPlugin:255 - Accepted CMSIS Pack Licenses: 
2024-11-12 22:03:19,677 [INFO] AnalyticsPlugin:257 - Accepted Firmware Licenses: FW.F4.1.28.0
2024-11-12 22:03:19,681 [INFO] PluginManage:359 - Loaded plugin analytics (category:tool,tabindex:-1)
2024-11-12 22:03:19,682 [INFO] PluginManage:310 - Check plugin cadmodel
2024-11-12 22:03:19,707 [INFO] CADModel:105 - Init CAD model plugin
2024-11-12 22:03:19,708 [INFO] PluginManage:359 - Loaded plugin cadmodel (category:power,tabindex:5)
2024-11-12 22:03:19,708 [INFO] PluginManage:310 - Check plugin clock
2024-11-12 22:03:19,746 [INFO] PluginManage:359 - Loaded plugin clock (category:base,tabindex:2)
2024-11-12 22:03:19,746 [INFO] PluginManage:310 - Check plugin ddr
2024-11-12 22:03:19,751 [INFO] PluginManage:359 - Loaded plugin ddr (category:tool,tabindex:6)
2024-11-12 22:03:19,752 [INFO] PluginManage:310 - Check plugin filemanager
2024-11-12 22:03:20,047 [INFO] PluginManage:359 - Loaded plugin filemanager (category:base,tabindex:10)
2024-11-12 22:03:20,047 [INFO] PluginManage:310 - Check plugin ipmanager
2024-11-12 22:03:20,056 [INFO] PluginManage:359 - Loaded plugin ipmanager (category:base,tabindex:5)
2024-11-12 22:03:20,057 [INFO] PluginManage:310 - Check plugin lpbam
2024-11-12 22:03:20,079 [INFO] PluginManage:359 - Loaded plugin lpbam (category:base,tabindex:0)
2024-11-12 22:03:20,080 [INFO] PluginManage:310 - Check plugin memorymap
2024-11-12 22:03:20,138 [INFO] PluginManage:359 - Loaded plugin memorymap (category:base,tabindex:4)
2024-11-12 22:03:20,139 [INFO] PluginManage:310 - Check plugin pinoutandconfiguration
2024-11-12 22:03:20,165 [INFO] PluginManage:359 - Loaded plugin pinoutandconfiguration (category:base,tabindex:1)
2024-11-12 22:03:20,165 [INFO] PluginManage:310 - Check plugin pinoutconfig
2024-11-12 22:03:20,277 [WARN] SupportedApi:132 - Cannot load RTOS API schema: s4s-elt-must-match.1: The content of 'definitions' must match (annotation?, (simpleType | complexType)?, (unique | key | keyref)*)). A problem was found starting at: attribute.
2024-11-12 22:03:20,550 [INFO] PluginManage:359 - Loaded plugin pinoutconfig (category:base,tabindex:0)
2024-11-12 22:03:20,550 [INFO] PluginManage:310 - Check plugin power
2024-11-12 22:03:20,576 [INFO] PluginManage:359 - Loaded plugin power (category:power,tabindex:4)
2024-11-12 22:03:20,576 [INFO] PluginManage:310 - Check plugin projectmanager
2024-11-12 22:03:20,592 [INFO] PluginManage:359 - Loaded plugin projectmanager (category:projectmanager,tabindex:3)
2024-11-12 22:03:20,592 [INFO] PluginManage:310 - Check plugin thirdparty
2024-11-12 22:03:21,025 [INFO] PluginManage:359 - Loaded plugin thirdparty (category:base,tabindex:-1)
2024-11-12 22:03:21,025 [WARN] IntegrityCheckThread:84 - waiting for thirdparty lock release [integrity check]
2024-11-12 22:03:21,026 [INFO] PluginManage:310 - Check plugin tools
2024-11-12 22:03:21,026 [INFO] IntegrityCheckThread:86 - entering critical section [integrity check]
2024-11-12 22:03:21,026 [INFO] ThirdPartyUpdaterWithRetryManager:70 - Updater plugin not ready yet. [1/15]
2024-11-12 22:03:21,073 [INFO] PluginManage:359 - Loaded plugin tools (category:base,tabindex:7)
2024-11-12 22:03:21,073 [INFO] PluginManage:310 - Check plugin tutovideos
2024-11-12 22:03:21,421 [INFO] PluginManage:359 - Loaded plugin tutovideos (category:base,tabindex:-1)
2024-11-12 22:03:21,421 [INFO] PluginManage:310 - Check plugin updater
2024-11-12 22:03:21,443 [INFO] PluginManage:359 - Loaded plugin updater (category:base,tabindex:12)
2024-11-12 22:03:21,443 [INFO] PluginManage:310 - Check plugin userauth
2024-11-12 22:03:21,452 [INFO] UserAuth:114 - Init User Auth plugin
2024-11-12 22:03:21,452 [INFO] PluginManage:359 - Loaded plugin userauth (category:base,tabindex:14)
2024-11-12 22:03:21,453 [INFO] PluginManage:283 - PluginManage : Loaded plugins [17]
2024-11-12 22:03:21,804 [INFO] PinOutPanel:1561 - setPackage(No Configuration,No Configuration)
2024-11-12 22:03:21,904 [INFO] CADModel:165 - CPN selected for project level
2024-11-12 22:03:21,905 [INFO] CADModel:114 - Register for checkConnection events
2024-11-12 22:03:21,937 [INFO] IPUIPlugin:80 - create IPUIPlugin
2024-11-12 22:03:21,937 [INFO] PluginManager:220 - loadIPPluginJar : add adc
2024-11-12 22:03:21,993 [INFO] IPUIPlugin:80 - create IPUIPlugin
2024-11-12 22:03:21,994 [INFO] PluginManager:220 - loadIPPluginJar : add aes
2024-11-12 22:03:22,060 [INFO] IPUIPlugin:80 - create IPUIPlugin
2024-11-12 22:03:22,060 [INFO] PluginManager:220 - loadIPPluginJar : add can
2024-11-12 22:03:22,097 [INFO] IPUIPlugin:80 - create IPUIPlugin
2024-11-12 22:03:22,098 [INFO] PluginManager:220 - loadIPPluginJar : add comp
2024-11-12 22:03:22,201 [INFO] IPUIPlugin:80 - create IPUIPlugin
2024-11-12 22:03:22,201 [INFO] PluginManager:220 - loadIPPluginJar : add cryp
2024-11-12 22:03:22,296 [INFO] IPUIPlugin:80 - create IPUIPlugin
2024-11-12 22:03:22,296 [INFO] PluginManager:220 - loadIPPluginJar : add dfsdm
2024-11-12 22:03:22,331 [INFO] IPUIPlugin:80 - create IPUIPlugin
2024-11-12 22:03:22,332 [INFO] PluginManager:220 - loadIPPluginJar : add dma
2024-11-12 22:03:22,468 [INFO] IPUIPlugin:80 - create IPUIPlugin
2024-11-12 22:03:22,468 [INFO] PluginManager:220 - loadIPPluginJar : add dma3
2024-11-12 22:03:22,613 [INFO] IPUIPlugin:80 - create IPUIPlugin
2024-11-12 22:03:22,613 [INFO] PluginManager:220 - loadIPPluginJar : add extmemmanager
2024-11-12 22:03:22,677 [INFO] IPUIPlugin:80 - create IPUIPlugin
2024-11-12 22:03:22,678 [INFO] PluginManager:220 - loadIPPluginJar : add fatfs
2024-11-12 22:03:22,833 [INFO] IPUIPlugin:80 - create IPUIPlugin
2024-11-12 22:03:22,834 [INFO] PluginManager:220 - loadIPPluginJar : add fmc
2024-11-12 22:03:22,874 [INFO] IPUIPlugin:80 - create IPUIPlugin
2024-11-12 22:03:22,874 [INFO] PluginManager:220 - loadIPPluginJar : add freertos
2024-11-12 22:03:22,901 [INFO] IPUIPlugin:80 - create IPUIPlugin
2024-11-12 22:03:22,902 [INFO] PluginManager:220 - loadIPPluginJar : add genericplugin
2024-11-12 22:03:23,210 [INFO] IPUIPlugin:80 - create IPUIPlugin
2024-11-12 22:03:23,210 [INFO] PluginManager:220 - loadIPPluginJar : add gfxmmu
2024-11-12 22:03:23,667 [INFO] IPUIPlugin:80 - create IPUIPlugin
2024-11-12 22:03:23,668 [INFO] PluginManager:220 - loadIPPluginJar : add gic
2024-11-12 22:03:23,702 [INFO] IPUIPlugin:80 - create IPUIPlugin
2024-11-12 22:03:23,702 [INFO] PluginManager:220 - loadIPPluginJar : add gpio
2024-11-12 22:03:23,961 [INFO] IPUIPlugin:80 - create IPUIPlugin
2024-11-12 22:03:23,961 [INFO] PluginManager:220 - loadIPPluginJar : add gtzc
2024-11-12 22:03:24,028 [INFO] ThirdPartyUpdaterWithRetryManager:70 - Updater plugin not ready yet. [2/15]
2024-11-12 22:03:24,063 [INFO] IPUIPlugin:80 - create IPUIPlugin
2024-11-12 22:03:24,063 [INFO] PluginManager:220 - loadIPPluginJar : add hash
2024-11-12 22:03:24,220 [INFO] IPUIPlugin:80 - create IPUIPlugin
2024-11-12 22:03:24,220 [INFO] PluginManager:220 - loadIPPluginJar : add i2c
2024-11-12 22:03:24,300 [INFO] IPUIPlugin:80 - create IPUIPlugin
2024-11-12 22:03:24,300 [INFO] PluginManager:220 - loadIPPluginJar : add i2s
2024-11-12 22:03:24,382 [INFO] IPUIPlugin:80 - create IPUIPlugin
2024-11-12 22:03:24,382 [INFO] PluginManager:220 - loadIPPluginJar : add i3c
2024-11-12 22:03:24,691 [INFO] IPUIPlugin:80 - create IPUIPlugin
2024-11-12 22:03:24,691 [INFO] PluginManager:220 - loadIPPluginJar : add ipddr
2024-11-12 22:03:24,974 [INFO] IPUIPlugin:80 - create IPUIPlugin
2024-11-12 22:03:24,974 [INFO] PluginManager:220 - loadIPPluginJar : add linkedlist
2024-11-12 22:03:25,048 [INFO] IPUIPlugin:80 - create IPUIPlugin
2024-11-12 22:03:25,048 [INFO] PluginManager:220 - loadIPPluginJar : add lorawan
2024-11-12 22:03:25,163 [INFO] IPUIPlugin:80 - create IPUIPlugin
2024-11-12 22:03:25,163 [INFO] PluginManager:220 - loadIPPluginJar : add ltdc
2024-11-12 22:03:25,207 [INFO] IPUIPlugin:80 - create IPUIPlugin
2024-11-12 22:03:25,207 [INFO] PluginManager:220 - loadIPPluginJar : add mdma
2024-11-12 22:03:25,225 [INFO] IPUIPlugin:80 - create IPUIPlugin
2024-11-12 22:03:25,225 [INFO] PluginManager:220 - loadIPPluginJar : add nvic
2024-11-12 22:03:25,271 [INFO] IPUIPlugin:80 - create IPUIPlugin
2024-11-12 22:03:25,272 [INFO] PluginManager:220 - loadIPPluginJar : add opamp
2024-11-12 22:03:25,463 [INFO] IPUIPlugin:80 - create IPUIPlugin
2024-11-12 22:03:25,463 [INFO] PluginManager:220 - loadIPPluginJar : add openamp
2024-11-12 22:03:25,626 [INFO] IPUIPlugin:80 - create IPUIPlugin
2024-11-12 22:03:25,626 [INFO] PluginManager:220 - loadIPPluginJar : add pdm2pcm
2024-11-12 22:03:25,653 [INFO] IPUIPlugin:80 - create IPUIPlugin
2024-11-12 22:03:25,653 [INFO] PluginManager:220 - loadIPPluginJar : add plateformsettings
2024-11-12 22:03:25,704 [INFO] IPUIPlugin:80 - create IPUIPlugin
2024-11-12 22:03:25,704 [INFO] PluginManager:220 - loadIPPluginJar : add quadspi
2024-11-12 22:03:25,745 [INFO] IPUIPlugin:80 - create IPUIPlugin
2024-11-12 22:03:25,745 [INFO] PluginManager:220 - loadIPPluginJar : add resmgrutility
2024-11-12 22:03:25,871 [INFO] IPUIPlugin:80 - create IPUIPlugin
2024-11-12 22:03:25,871 [INFO] PluginManager:220 - loadIPPluginJar : add sai
2024-11-12 22:03:25,980 [INFO] IPUIPlugin:80 - create IPUIPlugin
2024-11-12 22:03:25,980 [INFO] PluginManager:220 - loadIPPluginJar : add spi
2024-11-12 22:03:26,232 [INFO] IPUIPlugin:80 - create IPUIPlugin
2024-11-12 22:03:26,232 [INFO] PluginManager:220 - loadIPPluginJar : add stm32_wpan
2024-11-12 22:03:26,303 [INFO] IPUIPlugin:80 - create IPUIPlugin
2024-11-12 22:03:26,303 [INFO] PluginManager:220 - loadIPPluginJar : add tim
2024-11-12 22:03:26,516 [INFO] IPUIPlugin:80 - create IPUIPlugin
2024-11-12 22:03:26,532 [INFO] PluginManager:220 - loadIPPluginJar : add touchsensing
2024-11-12 22:03:26,594 [INFO] IPUIPlugin:80 - create IPUIPlugin
2024-11-12 22:03:26,594 [INFO] PluginManager:220 - loadIPPluginJar : add tracer_emb
2024-11-12 22:03:26,674 [INFO] IPUIPlugin:80 - create IPUIPlugin
2024-11-12 22:03:26,674 [INFO] PluginManager:220 - loadIPPluginJar : add ts
2024-11-12 22:03:26,752 [INFO] IPUIPlugin:80 - create IPUIPlugin
2024-11-12 22:03:26,752 [INFO] PluginManager:220 - loadIPPluginJar : add tsc
2024-11-12 22:03:26,831 [INFO] IPUIPlugin:80 - create IPUIPlugin
2024-11-12 22:03:26,831 [INFO] PluginManager:220 - loadIPPluginJar : add ucpd
2024-11-12 22:03:26,941 [INFO] IPUIPlugin:80 - create IPUIPlugin
2024-11-12 22:03:26,941 [INFO] PluginManager:220 - loadIPPluginJar : add usart
2024-11-12 22:03:27,036 [INFO] ThirdPartyUpdaterWithRetryManager:70 - Updater plugin not ready yet. [3/15]
2024-11-12 22:03:27,104 [INFO] IPUIPlugin:80 - create IPUIPlugin
2024-11-12 22:03:27,104 [INFO] PluginManager:220 - loadIPPluginJar : add usbx
2024-11-12 22:03:27,405 [INFO] CADModel:165 - CPN selected for project level
2024-11-12 22:03:27,405 [INFO] CADModel:114 - Register for checkConnection events
2024-11-12 22:03:27,405 [FATAL] Updater:308 - Updater called before beeing initialized
2024-11-12 22:03:27,405 [ERROR] CADModel:125 - Updater not yet initialized, retry later 
2024-11-12 22:03:27,821 [INFO] CADModel:165 - CPN selected for project level
2024-11-12 22:03:27,822 [INFO] CADModel:114 - Register for checkConnection events
2024-11-12 22:03:27,822 [FATAL] Updater:308 - Updater called before beeing initialized
2024-11-12 22:03:27,822 [ERROR] CADModel:125 - Updater not yet initialized, retry later 
2024-11-12 22:03:27,827 [FATAL] Updater:308 - Updater called before beeing initialized
2024-11-12 22:03:28,156 [FATAL] Updater:308 - Updater called before beeing initialized
2024-11-12 22:03:28,182 [INFO] DbMcusAds:53 - JSON generation date=Fri Sep 20 18:34:38 IST 2024 (1726837478367)
2024-11-12 22:03:28,182 [FATAL] Updater:308 - Updater called before beeing initialized
2024-11-12 22:03:28,310 [WARN] DetailPanel:346 - Failed to get advertising image, set to default
2024-11-12 22:03:28,572 [FATAL] Updater:308 - Updater called before beeing initialized
2024-11-12 22:03:28,575 [FATAL] Updater:308 - Updater called before beeing initialized
2024-11-12 22:03:28,575 [FATAL] Updater:308 - Updater called before beeing initialized
2024-11-12 22:03:28,575 [WARN] DetailPanel:346 - Failed to get advertising image, set to default
2024-11-12 22:03:28,580 [FATAL] Updater:308 - Updater called before beeing initialized
2024-11-12 22:03:28,730 [ERROR] Updater:1120 - MainUpdater not yet initialized. External WinMGr cannot be set.
2024-11-12 22:03:28,752 [INFO] Updater:1056 - Updater Version found : 6.11.0
2024-11-12 22:03:28,822 [INFO] ApplicationProperties:184 - Using Application install path: C:\ST\STM32CubeIDE_1.15.0\STM32CubeIDE\plugins\com.st.stm32cube.common.mx_6.11.0.202403141607
2024-11-12 22:03:30,045 [INFO] ThirdPartyUpdaterWithRetryManager:70 - Updater plugin not ready yet. [4/15]
2024-11-12 22:03:30,454 [ERROR] LogOutputStream:75 - [STDERR_REDIRECT] Nov 12, 2024 10:03:30 PM java.util.prefs.WindowsPreferences <init>
2024-11-12 22:03:30,454 [ERROR] LogOutputStream:75 - [STDERR_REDIRECT] WARNING: Could not open/create prefs root node Software\JavaSoft\Prefs at root 0xffffffff80000002. Windows RegCreateKeyEx(...) returned error code 5.
2024-11-12 22:03:30,454 [ERROR] LogOutputStream:75 - [STDERR_REDIRECT] 
2024-11-12 22:03:32,065 [INFO] MainUpdater:2873 - connection check result : 10
2024-11-12 22:03:32,065 [INFO] MainUpdater:290 - Updater Check For Update Now.
2024-11-12 22:03:32,065 [INFO] MicroXplorer:498 - Change Database Version : DB.6.0.110
2024-11-12 22:03:32,107 [INFO] McuFinderGlobals:63 - Set McuFinder mode to 2 (CubeIDE integrated)
2024-11-12 22:03:32,108 [INFO] UserAuth:179 - activating auth plugin
2024-11-12 22:03:32,113 [INFO] UserAuth:415 - Internet connection configuration mode: 1
2024-11-12 22:03:32,198 [INFO] JxBrowserEngine:152 - Initiate JxBrowser Engine with user profile folder
2024-11-12 22:03:32,616 [INFO] CheckServerUpdateThread:120 - End of CheckServer Thread
2024-11-12 22:03:33,785 [WARN] PackLoader:240 - Cannot read IP mode file for STMicroelectronics.FP-SNS-MOTENVWB1.1.4.0
2024-11-12 22:03:33,839 [WARN] PackLoader:240 - Cannot read IP mode file for STMicroelectronics.X-CUBE-SMBUS.2.1.0
2024-11-12 22:03:33,882 [WARN] PackLoader:240 - Cannot read IP mode file for STMicroelectronics.X-CUBE-WB05N.1.1.0
2024-11-12 22:03:33,903 [WARN] PackLoader:240 - Cannot read IP mode file for STMicroelectronics.X-CUBE-TOUCHGFX.4.23.2
2024-11-12 22:03:34,030 [WARN] PackLoader:240 - Cannot read IP mode file for STMicroelectronics.X-CUBE-AZRTOS-F7.1.1.0
2024-11-12 22:03:34,244 [WARN] PackLoader:240 - Cannot read IP mode file for STMicroelectronics.X-CUBE-MEMS1.11.0.0
2024-11-12 22:03:34,772 [WARN] PackLoader:240 - Cannot read IP mode file for STMicroelectronics.FP-SNS-FLIGHT1.5.0.2
2024-11-12 22:03:34,810 [WARN] PackLoader:240 - Cannot read IP mode file for STMicroelectronics.X-CUBE-DISPLAY.3.0.0
2024-11-12 22:03:34,849 [WARN] PackLoader:240 - Cannot read IP mode file for STMicroelectronics.X-CUBE-BLE1.7.0.0
2024-11-12 22:03:34,887 [WARN] PackLoader:240 - Cannot read IP mode file for STMicroelectronics.X-CUBE-NFC10.1.0.0
2024-11-12 22:03:34,918 [WARN] PackLoader:240 - Cannot read IP mode file for emotas.I-CUBE-CANOPEN.1.3.0
2024-11-12 22:03:34,964 [WARN] PackLoader:240 - Cannot read IP mode file for STMicroelectronics.X-CUBE-BLEMGR.3.1.0
2024-11-12 22:03:35,004 [WARN] PackLoader:240 - Cannot read IP mode file for STMicroelectronics.FP-SNS-SMARTAG2.1.2.0
2024-11-12 22:03:35,059 [INFO] LogOutputStream:77 - [STDOUT_REDIRECT] 1 : Invalid condition id : UX_CORESTACK_Condition cause : null
2024-11-12 22:03:35,059 [INFO] LogOutputStream:77 - [STDOUT_REDIRECT] 1 : Invalid condition id : UX_CORESTACK_Condition cause : null
2024-11-12 22:03:35,059 [INFO] LogOutputStream:77 - [STDOUT_REDIRECT] 1 : Invalid condition id : UX_CORESTACK_Condition cause : null
2024-11-12 22:03:35,059 [INFO] LogOutputStream:77 - [STDOUT_REDIRECT] 1 : Invalid condition id : UX_CORESTACK_Condition cause : null
2024-11-12 22:03:35,075 [INFO] LogOutputStream:77 - [STDOUT_REDIRECT] 1 : Invalid condition id : UX_CORESTACK_Condition cause : null
2024-11-12 22:03:35,076 [WARN] PackLoader:240 - Cannot read IP mode file for STMicroelectronics.X-CUBE-AZRTOS-WL.2.0.0
2024-11-12 22:03:35,121 [WARN] PackLoader:240 - Cannot read IP mode file for STMicroelectronics.FP-SNS-MOTENV1.5.0.0
2024-11-12 22:03:35,147 [WARN] PackLoader:240 - Cannot read IP mode file for wolfSSL.I-CUBE-wolfMQTT.1.19.0
2024-11-12 22:03:35,168 [WARN] PackLoader:240 - Cannot read IP mode file for WES.I-CUBE-Cesium.1.3.0
2024-11-12 22:03:35,205 [WARN] PackLoader:240 - Cannot read IP mode file for STMicroelectronics.X-CUBE-BLE2.3.3.0
2024-11-12 22:03:35,247 [WARN] PackLoader:240 - Cannot read IP mode file for STMicroelectronics.X-CUBE-NFC9.1.0.0
2024-11-12 22:03:35,279 [WARN] PackLoader:240 - Cannot read IP mode file for STMicroelectronics.X-CUBE-TCPP.4.1.0
2024-11-12 22:03:35,326 [WARN] PackLoader:240 - Cannot read IP mode file for STMicroelectronics.X-CUBE-ALGOBUILD.1.3.0
2024-11-12 22:03:35,413 [WARN] PackLoader:240 - Cannot read IP mode file for STMicroelectronics.X-CUBE-AZRTOS-G0.1.1.0
2024-11-12 22:03:35,529 [WARN] PackLoader:240 - Cannot read IP mode file for STMicroelectronics.X-CUBE-SAFEA1.1.2.2
2024-11-12 22:03:35,576 [WARN] PackLoader:240 - Cannot read IP mode file for STMicroelectronics.X-CUBE-NFC4.3.0.0
2024-11-12 22:03:35,624 [WARN] PackLoader:240 - Cannot read IP mode file for wolfSSL.I-CUBE-wolfMQTT.1.18.0
2024-11-12 22:03:35,707 [WARN] PackLoader:240 - Cannot read IP mode file for EmbeddedOffice.I-CUBE-FS-RTOS.1.0.1
2024-11-12 22:03:35,708 [ERROR] ConditionMgr:805 - Attr not supported : Dmpu
2024-11-12 22:03:35,709 [ERROR] ConditionMgr:805 - Attr not supported : Dmpu
2024-11-12 22:03:35,709 [ERROR] ConditionMgr:805 - Attr not supported : Dmpu
2024-11-12 22:03:35,709 [ERROR] ConditionMgr:805 - Attr not supported : Dmpu
2024-11-12 22:03:35,709 [ERROR] ConditionMgr:805 - Attr not supported : Dmpu
2024-11-12 22:03:35,710 [ERROR] ConditionMgr:805 - Attr not supported : Dmpu
2024-11-12 22:03:35,710 [ERROR] ConditionMgr:805 - Attr not supported : Dmpu
2024-11-12 22:03:35,710 [ERROR] ConditionMgr:805 - Attr not supported : Dmpu
2024-11-12 22:03:35,710 [ERROR] ConditionMgr:805 - Attr not supported : Dmpu
2024-11-12 22:03:35,710 [ERROR] ConditionMgr:805 - Attr not supported : Dmpu
2024-11-12 22:03:35,711 [ERROR] ConditionMgr:805 - Attr not supported : Dmpu
2024-11-12 22:03:35,711 [ERROR] ConditionMgr:805 - Attr not supported : Dmpu
2024-11-12 22:03:35,711 [ERROR] ConditionMgr:805 - Attr not supported : Dmpu
2024-11-12 22:03:35,711 [ERROR] ConditionMgr:805 - Attr not supported : Dmpu
2024-11-12 22:03:35,711 [ERROR] ConditionMgr:805 - Attr not supported : Dmpu
2024-11-12 22:03:35,711 [ERROR] ConditionMgr:805 - Attr not supported : Dmpu
2024-11-12 22:03:35,711 [ERROR] ConditionMgr:805 - Attr not supported : Dmpu
2024-11-12 22:03:35,711 [ERROR] ConditionMgr:805 - Attr not supported : Dmpu
2024-11-12 22:03:35,713 [ERROR] ConditionMgr:805 - Attr not supported : Dmpu
2024-11-12 22:03:35,713 [ERROR] ConditionMgr:805 - Attr not supported : Dmpu
2024-11-12 22:03:35,713 [ERROR] ConditionMgr:805 - Attr not supported : Dmpu
2024-11-12 22:03:35,713 [ERROR] ConditionMgr:805 - Attr not supported : Dmpu
2024-11-12 22:03:35,713 [ERROR] ConditionMgr:805 - Attr not supported : Dmpu
2024-11-12 22:03:35,713 [ERROR] ConditionMgr:805 - Attr not supported : Dmpu
2024-11-12 22:03:35,714 [ERROR] ConditionMgr:805 - Attr not supported : Dmpu
2024-11-12 22:03:35,714 [ERROR] ConditionMgr:805 - Attr not supported : Dmpu
2024-11-12 22:03:35,714 [ERROR] ConditionMgr:805 - Attr not supported : Dmpu
2024-11-12 22:03:35,714 [ERROR] ConditionMgr:805 - Attr not supported : Dmpu
2024-11-12 22:03:35,714 [ERROR] ConditionMgr:805 - Attr not supported : Dmpu
2024-11-12 22:03:35,714 [ERROR] ConditionMgr:805 - Attr not supported : Dmpu
2024-11-12 22:03:35,714 [ERROR] ConditionMgr:805 - Attr not supported : Dmpu
2024-11-12 22:03:35,714 [ERROR] ConditionMgr:805 - Attr not supported : Dmpu
2024-11-12 22:03:35,714 [ERROR] ConditionMgr:805 - Attr not supported : Dmpu
2024-11-12 22:03:35,714 [ERROR] ConditionMgr:805 - Attr not supported : Dmpu
2024-11-12 22:03:35,714 [ERROR] ConditionMgr:805 - Attr not supported : Dmpu
2024-11-12 22:03:35,714 [ERROR] ConditionMgr:805 - Attr not supported : Dmpu
2024-11-12 22:03:35,714 [ERROR] ConditionMgr:805 - Attr not supported : Dmpu
2024-11-12 22:03:35,714 [ERROR] ConditionMgr:805 - Attr not supported : Dmpu
2024-11-12 22:03:35,714 [ERROR] ConditionMgr:805 - Attr not supported : Dmpu
2024-11-12 22:03:35,714 [ERROR] ConditionMgr:805 - Attr not supported : Dmpu
2024-11-12 22:03:35,714 [ERROR] ConditionMgr:805 - Attr not supported : Dmpu
2024-11-12 22:03:35,714 [ERROR] ConditionMgr:805 - Attr not supported : Dmpu
2024-11-12 22:03:35,714 [ERROR] ConditionMgr:805 - Attr not supported : Dmpu
2024-11-12 22:03:35,717 [ERROR] ConditionMgr:805 - Attr not supported : Dmpu
2024-11-12 22:03:35,717 [ERROR] ConditionMgr:805 - Attr not supported : Dmpu
2024-11-12 22:03:35,717 [ERROR] ConditionMgr:805 - Attr not supported : Dmpu
2024-11-12 22:03:35,717 [ERROR] ConditionMgr:805 - Attr not supported : Dmpu
2024-11-12 22:03:35,717 [ERROR] ConditionMgr:805 - Attr not supported : Dmpu
2024-11-12 22:03:35,718 [ERROR] ConditionMgr:805 - Attr not supported : Dmpu
2024-11-12 22:03:35,718 [ERROR] ConditionMgr:805 - Attr not supported : Dmpu
2024-11-12 22:03:35,718 [ERROR] ConditionMgr:805 - Attr not supported : Dmpu
2024-11-12 22:03:35,718 [ERROR] ConditionMgr:805 - Attr not supported : Dmpu
2024-11-12 22:03:35,718 [ERROR] ConditionMgr:805 - Attr not supported : Dmpu
2024-11-12 22:03:35,718 [ERROR] ConditionMgr:805 - Attr not supported : Dmpu
2024-11-12 22:03:35,718 [ERROR] ConditionMgr:805 - Attr not supported : Dmpu
2024-11-12 22:03:35,718 [ERROR] ConditionMgr:805 - Attr not supported : Dmpu
2024-11-12 22:03:35,718 [ERROR] ConditionMgr:805 - Attr not supported : Dmpu
2024-11-12 22:03:35,718 [ERROR] ConditionMgr:805 - Attr not supported : Dmpu
2024-11-12 22:03:35,718 [ERROR] ConditionMgr:805 - Attr not supported : Dmpu
2024-11-12 22:03:35,718 [ERROR] ConditionMgr:805 - Attr not supported : Dmpu
2024-11-12 22:03:35,720 [ERROR] ConditionMgr:805 - Attr not supported : Dmpu
2024-11-12 22:03:35,720 [ERROR] ConditionMgr:805 - Attr not supported : Dmpu
2024-11-12 22:03:35,720 [ERROR] ConditionMgr:805 - Attr not supported : Dmpu
2024-11-12 22:03:35,720 [ERROR] ConditionMgr:805 - Attr not supported : Dmpu
2024-11-12 22:03:35,734 [WARN] PackLoader:240 - Cannot read IP mode file for RealThread.X-CUBE-RT-Thread_Nano.4.1.1
2024-11-12 22:03:35,766 [WARN] PackLoader:240 - Cannot read IP mode file for wolfSSL.I-CUBE-wolfSSL.5.7.0
2024-11-12 22:03:35,781 [WARN] PackLoader:240 - Cannot read IP mode file for STMicroelectronics.FP-ATR-SIGFOX1.3.2.0
2024-11-12 22:03:35,815 [WARN] PackLoader:240 - Cannot read IP mode file for STMicroelectronics.X-CUBE-EEPRMA1.5.1.0
2024-11-12 22:03:35,856 [WARN] PackLoader:240 - Cannot read IP mode file for ITTIA_DB.I-CUBE-ITTIADB.8.9.0
2024-11-12 22:03:35,968 [WARN] PackLoader:240 - Cannot read IP mode file for SEGGER.I-CUBE-embOS.1.3.1
2024-11-12 22:03:36,126 [WARN] PackLoader:240 - Cannot read IP mode file for STMicroelectronics.X-CUBE-ALGOBUILD.1.4.0
2024-11-12 22:03:36,179 [WARN] PackLoader:240 - Cannot read IP mode file for STMicroelectronics.X-CUBE-AI.9.1.0
2024-11-12 22:03:36,220 [WARN] PackLoader:240 - Cannot read IP mode file for STMicroelectronics.X-CUBE-GNSS1.6.0.0
2024-11-12 22:03:36,326 [WARN] PackLoader:240 - Cannot read IP mode file for STMicroelectronics.X-CUBE-AZRTOS-F4.1.1.0
2024-11-12 22:03:36,361 [WARN] PackLoader:240 - Cannot read IP mode file for STMicroelectronics.X-CUBE-ISPU.2.1.0
2024-11-12 22:03:36,413 [WARN] PackLoader:240 - Cannot read IP mode file for STMicroelectronics.X-CUBE-FREERTOS.1.2.0
2024-11-12 22:03:36,509 [WARN] PackLoader:240 - Cannot read IP mode file for STMicroelectronics.X-CUBE-AZRTOS-L5.2.0.0
2024-11-12 22:03:36,554 [WARN] PackLoader:240 - Cannot read IP mode file for STMicroelectronics.X-CUBE-NFC6.3.1.0
2024-11-12 22:03:36,594 [WARN] PackLoader:240 - Cannot read IP mode file for STMicroelectronics.X-CUBE-DPower.1.2.0
2024-11-12 22:03:36,628 [WARN] PackLoader:240 - Cannot read IP mode file for STMicroelectronics.X-CUBE-AI.9.0.0
2024-11-12 22:03:36,662 [WARN] PackLoader:240 - Cannot read IP mode file for STMicroelectronics.X-CUBE-NFC7.1.0.1
2024-11-12 22:03:36,707 [WARN] PackLoader:240 - Cannot read IP mode file for wolfSSL.I-CUBE-wolfTPM.3.2.0
2024-11-12 22:03:36,822 [WARN] ConditionMgr:438 - getConditionDescription Invalid condition id : LAN8742 Phy interface Condition cause : null
2024-11-12 22:03:36,824 [WARN] PackLoader:240 - Cannot read IP mode file for STMicroelectronics.X-CUBE-AZRTOS-L4.2.0.0
2024-11-12 22:03:36,829 [WARN] ConditionMgr:1039 - genDependencies : Invalid condition id : LAN8742 Phy interface Condition cause : null
2024-11-12 22:03:36,829 [WARN] ConditionMgr:1039 - genDependencies : Invalid condition id : LAN8742 Phy interface Condition cause : null
2024-11-12 22:03:36,831 [WARN] ConditionMgr:1039 - genDependencies : Invalid condition id : LAN8742 Phy interface Condition cause : null
2024-11-12 22:03:36,875 [WARN] PackLoader:240 - Cannot read IP mode file for STMicroelectronics.X-CUBE-SFXS2LP1.4.0.0
2024-11-12 22:03:36,973 [WARN] PackLoader:240 - Cannot read IP mode file for STMicroelectronics.X-CUBE-AZRTOS-H7.3.3.0
2024-11-12 22:03:37,025 [WARN] PackLoader:240 - Cannot read IP mode file for STMicroelectronics.X-CUBE-IPS.3.0.0
2024-11-12 22:03:37,116 [WARN] ConditionMgr:438 - getConditionDescription Invalid condition id : UX DEVICE CLASS RTOS Condition cause : null
2024-11-12 22:03:37,117 [WARN] ConditionMgr:438 - getConditionDescription Invalid condition id : UX DEVICE CLASS RTOS Condition cause : null
2024-11-12 22:03:37,121 [WARN] PackLoader:240 - Cannot read IP mode file for STMicroelectronics.X-CUBE-AZRTOS-WB.2.0.0
2024-11-12 22:03:37,125 [WARN] ConditionMgr:1039 - genDependencies : Invalid condition id : UX DEVICE CLASS RTOS Condition cause : null
2024-11-12 22:03:37,125 [WARN] ConditionMgr:1039 - genDependencies : Invalid condition id : UX DEVICE CLASS RTOS Condition cause : null
2024-11-12 22:03:37,126 [WARN] ConditionMgr:1039 - genDependencies : Invalid condition id : UX DEVICE CLASS RTOS Condition cause : null
2024-11-12 22:03:37,126 [WARN] ConditionMgr:1039 - genDependencies : Invalid condition id : UX DEVICE CLASS RTOS Condition cause : null
2024-11-12 22:03:37,128 [WARN] ConditionMgr:1039 - genDependencies : Invalid condition id : UX DEVICE CLASS RTOS Condition cause : null
2024-11-12 22:03:37,169 [WARN] PackLoader:240 - Cannot read IP mode file for STMicroelectronics.X-CUBE-GNSS1.7.0.0
2024-11-12 22:03:37,208 [WARN] PackLoader:240 - Cannot read IP mode file for STMicroelectronics.FP-SNS-STBOX1.2.0.0
2024-11-12 22:03:37,253 [WARN] PackLoader:240 - Cannot read IP mode file for STMicroelectronics.X-CUBE-SUBG2.5.0.0
2024-11-12 22:03:37,319 [WARN] PackLoader:240 - Cannot read IP mode file for STMicroelectronics.X-CUBE-AZRTOS-G4.2.0.0
2024-11-12 22:03:37,359 [WARN] PackLoader:240 - Cannot read IP mode file for STMicroelectronics.X-CUBE-ISPU.2.0.0
2024-11-12 22:03:37,392 [WARN] PackLoader:240 - Cannot read IP mode file for STMicroelectronics.X-CUBE-ALS.1.0.2
2024-11-12 22:03:37,534 [WARN] PackLoader:240 - Cannot read IP mode file for STMicroelectronics.X-CUBE-MEMS1.10.0.0
2024-11-12 22:03:37,975 [WARN] PackLoader:240 - Cannot read IP mode file for STMicroelectronics.X-CUBE-FREERTOS.1.1.0
2024-11-12 22:03:38,018 [WARN] PackLoader:240 - Cannot read IP mode file for STMicroelectronics.X-CUBE-TOUCHGFX.4.24.0
2024-11-12 22:03:38,037 [WARN] PackLoader:240 - Cannot read IP mode file for STMicroelectronics.X-CUBE-TOUCHGFX.4.24.1
2024-11-12 22:03:38,052 [WARN] PackLoader:240 - Cannot read IP mode file for portGmbH.I-Cube-SoM-uGOAL.1.1.0
2024-11-12 22:03:38,080 [WARN] PackLoader:240 - Cannot read IP mode file for STMicroelectronics.X-CUBE-ALS.1.0.1
2024-11-12 22:03:38,175 [WARN] PackLoader:240 - Cannot read IP mode file for STMicroelectronics.X-CUBE-AZRTOS-H7RS.1.0.0
2024-11-12 22:03:38,222 [WARN] PackLoader:240 - Cannot read IP mode file for STMicroelectronics.FP-ATR-ASTRA1.2.0.0
2024-11-12 22:03:38,300 [WARN] PackLoader:240 - Cannot read IP mode file for STMicroelectronics.X-CUBE-TOF1.3.4.2
2024-11-12 22:03:38,361 [WARN] PackLoader:240 - Cannot read IP mode file for STMicroelectronics.X-CUBE-TOF1.3.4.1
2024-11-12 22:03:38,488 [WARN] PackLoader:240 - Cannot read IP mode file for STMicroelectronics.X-CUBE-AZRTOS-H7.3.2.0
2024-11-12 22:03:38,563 [WARN] PackLoader:240 - Cannot read IP mode file for Infineon.AIROC-Wi-Fi-Bluetooth-STM32.1.6.0
2024-11-12 22:03:38,579 [WARN] PackLoader:240 - Cannot read IP mode file for wolfSSL.I-CUBE-wolfSSH.1.4.17
2024-11-12 22:03:38,579 [INFO] ThirdParty:978 - Integrity check success = true
2024-11-12 22:03:38,579 [INFO] IntegrityCheckThread:100 - exiting critical section [integrity check]
2024-11-12 22:03:38,579 [INFO] IntegrityCheckThread:103 - End integrity checks thread
2024-11-12 22:03:54,347 [INFO] WebApp:161 - Instantiating new browser for Auth
2024-11-12 22:03:55,926 [INFO] WebApp:779 - Register for checkConnection events
2024-11-12 22:03:55,926 [INFO] WebApp:414 - Apply proxy settings
2024-11-12 22:03:55,927 [INFO] WebApp:499 - Chromium requires no authentication
2024-11-12 22:03:55,952 [INFO] WebApp:442 - Direct internet connection detected
2024-11-12 22:03:56,596 [INFO] WebApp:192 - Starting web application
2024-11-12 22:03:56,596 [INFO] WebApp:544 - Web application path used C:\ST\STM32CubeIDE_1.15.0\STM32CubeIDE\plugins\com.st.stm32cube.common.mx_6.11.0.202403141607\db\plugins\mcufinder\reactClient1\index.html
2024-11-12 22:36:38,682 [ERROR] LogOutputStream:75 - [STDERR_REDIRECT] 
