2024-07-21 11:34:56,819 [INFO] Activator:176 - 


2024-07-21 11:34:56,835 [INFO] Activator:177 - !SESSION log4j initialized
2024-07-21 11:35:11,763 [INFO] LogOutputStream:77 - [STDOUT_REDIRECT] 
2024-07-21 11:35:19,265 [INFO] ApplicationProperties:184 - Using Application install path: C:\ST\STM32CubeIDE_1.15.0\STM32CubeIDE\plugins\com.st.stm32cube.common.mx_6.11.0.202403141607
2024-07-21 11:35:19,298 [INFO] DbMcusXml:78 - Set database path to: C:\ST\STM32CubeIDE_1.15.0\STM32CubeIDE\plugins\com.st.stm32cube.common.mx_6.11.0.202403141607\\db\/mcu/
2024-07-21 11:35:19,299 [INFO] ApiDb:274 - Set plugin database path to: C:\ST\STM32CubeIDE_1.15.0\STM32CubeIDE\plugins\com.st.stm32cube.common.mx_6.11.0.202403141607\\db\/plugins/boardmanager/
2024-07-21 11:35:19,300 [WARN] ApiDb:259 - Overriding images path with different value:  => C:\ST\STM32CubeIDE_1.15.0\STM32CubeIDE\plugins\com.st.stm32cube.common.mx_6.11.0.202403141607\\db\/plugins/mcufinder/images/
2024-07-21 11:35:19,314 [INFO] ApiDb:250 - Set database path to: C:\Users\BASAVARAJ\.stmcufinder\plugins\mcufinder//mcu/
2024-07-21 11:35:19,316 [INFO] DbMcusAds:125 - Set database path to: C:\Users\BASAVARAJ\.stmcufinder\plugins\mcufinder//mcu/
2024-07-21 11:35:19,319 [INFO] CrossReferenceDbSqlite:203 - Set database path to: C:\Users\BASAVARAJ\.stmcufinder\plugins\mcufinder//mcu/cs/
2024-07-21 11:35:19,556 [INFO] RulesReader:64 - Compatibility file has been processed (297 Rules)
2024-07-21 11:35:19,712 [INFO] DbMcusXml:78 - Set database path to: C:\ST\STM32CubeIDE_1.15.0\STM32CubeIDE\plugins\com.st.stm32cube.common.mx_6.11.0.202403141607\\db\/mcu/
2024-07-21 11:35:19,712 [INFO] ApiDb:274 - Set plugin database path to: C:\ST\STM32CubeIDE_1.15.0\STM32CubeIDE\plugins\com.st.stm32cube.common.mx_6.11.0.202403141607\\db\/plugins/boardmanager/
2024-07-21 11:35:19,712 [INFO] ApiDb:261 - Set plugin images path to: C:\ST\STM32CubeIDE_1.15.0\STM32CubeIDE\plugins\com.st.stm32cube.common.mx_6.11.0.202403141607\\db\/plugins/mcufinder/images/
2024-07-21 11:35:19,713 [WARN] DbFile:41 - Overriding database path with different value: C:\Users\BASAVARAJ\.stmcufinder\plugins\mcufinder/ => C:\Users\BASAVARAJ\.stmcufinder\plugins\mcufinder
2024-07-21 11:35:19,713 [INFO] ApiDb:250 - Set database path to: C:\Users\BASAVARAJ\.stmcufinder\plugins\mcufinder//mcu/
2024-07-21 11:35:19,713 [WARN] DbFile:41 - Overriding database path with different value: C:\Users\BASAVARAJ\.stmcufinder\plugins\mcufinder/ => C:\Users\BASAVARAJ\.stmcufinder\plugins\mcufinder
2024-07-21 11:35:19,713 [INFO] DbMcusAds:125 - Set database path to: C:\Users\BASAVARAJ\.stmcufinder\plugins\mcufinder//mcu/
2024-07-21 11:35:19,713 [WARN] DbFile:41 - Overriding database path with different value: C:\Users\BASAVARAJ\.stmcufinder\plugins\mcufinder/ => C:\Users\BASAVARAJ\.stmcufinder\plugins\mcufinder
2024-07-21 11:35:19,713 [WARN] DbFile:41 - Overriding database path with different value: C:\Users\BASAVARAJ\.stmcufinder\plugins\mcufinder/ => C:\Users\BASAVARAJ\.stmcufinder\plugins\mcufinder
2024-07-21 11:35:19,713 [INFO] CrossReferenceDbSqlite:203 - Set database path to: C:\Users\BASAVARAJ\.stmcufinder\plugins\mcufinder//mcu/cs/
2024-07-21 11:35:19,835 [INFO] MainPanel:264 - HeapMemory: 268435456
2024-07-21 11:35:19,965 [INFO] DbMcusXml:78 - Set database path to: C:\ST\STM32CubeIDE_1.15.0\STM32CubeIDE\plugins\com.st.stm32cube.common.mx_6.11.0.202403141607\\db\/mcu/
2024-07-21 11:35:19,965 [INFO] ApiDb:274 - Set plugin database path to: C:\ST\STM32CubeIDE_1.15.0\STM32CubeIDE\plugins\com.st.stm32cube.common.mx_6.11.0.202403141607\\db\/plugins/boardmanager/
2024-07-21 11:35:19,965 [INFO] ApiDb:261 - Set plugin images path to: C:\ST\STM32CubeIDE_1.15.0\STM32CubeIDE\plugins\com.st.stm32cube.common.mx_6.11.0.202403141607\\db\/plugins/mcufinder/images/
2024-07-21 11:35:19,965 [WARN] DbFile:41 - Overriding database path with different value: C:\Users\BASAVARAJ\.stmcufinder\plugins\mcufinder/ => C:\Users\BASAVARAJ\.stmcufinder\plugins\mcufinder
2024-07-21 11:35:19,965 [INFO] ApiDb:250 - Set database path to: C:\Users\BASAVARAJ\.stmcufinder\plugins\mcufinder//mcu/
2024-07-21 11:35:19,967 [WARN] DbFile:41 - Overriding database path with different value: C:\Users\BASAVARAJ\.stmcufinder\plugins\mcufinder/ => C:\Users\BASAVARAJ\.stmcufinder\plugins\mcufinder
2024-07-21 11:35:19,967 [INFO] DbMcusAds:125 - Set database path to: C:\Users\BASAVARAJ\.stmcufinder\plugins\mcufinder//mcu/
2024-07-21 11:35:19,967 [WARN] DbFile:41 - Overriding database path with different value: C:\Users\BASAVARAJ\.stmcufinder\plugins\mcufinder/ => C:\Users\BASAVARAJ\.stmcufinder\plugins\mcufinder
2024-07-21 11:35:19,967 [WARN] DbFile:41 - Overriding database path with different value: C:\Users\BASAVARAJ\.stmcufinder\plugins\mcufinder/ => C:\Users\BASAVARAJ\.stmcufinder\plugins\mcufinder
2024-07-21 11:35:19,967 [INFO] CrossReferenceDbSqlite:203 - Set database path to: C:\Users\BASAVARAJ\.stmcufinder\plugins\mcufinder//mcu/cs/
2024-07-21 11:35:19,992 [INFO] ApplicationProperties:184 - Using Application install path: C:\ST\STM32CubeIDE_1.15.0\STM32CubeIDE\plugins\com.st.stm32cube.common.mx_6.11.0.202403141607
2024-07-21 11:35:19,996 [INFO] PluginManage:196 - Search for loadable plugins [exclusion list=, ]
2024-07-21 11:35:20,000 [INFO] PluginManage:310 - Check plugin analytics
2024-07-21 11:35:20,230 [INFO] AnalyticsPlugin:253 - Accepted Software Licenses: 
2024-07-21 11:35:20,231 [INFO] AnalyticsPlugin:255 - Accepted CMSIS Pack Licenses: 
2024-07-21 11:35:20,231 [INFO] AnalyticsPlugin:257 - Accepted Firmware Licenses: FW.F4.1.28.0
2024-07-21 11:35:20,234 [INFO] PluginManage:359 - Loaded plugin analytics (category:tool,tabindex:-1)
2024-07-21 11:35:20,234 [INFO] PluginManage:310 - Check plugin cadmodel
2024-07-21 11:35:20,242 [INFO] CADModel:105 - Init CAD model plugin
2024-07-21 11:35:20,243 [INFO] PluginManage:359 - Loaded plugin cadmodel (category:power,tabindex:5)
2024-07-21 11:35:20,243 [INFO] PluginManage:310 - Check plugin clock
2024-07-21 11:35:20,258 [INFO] PluginManage:359 - Loaded plugin clock (category:base,tabindex:2)
2024-07-21 11:35:20,258 [INFO] PluginManage:310 - Check plugin ddr
2024-07-21 11:35:20,261 [INFO] PluginManage:359 - Loaded plugin ddr (category:tool,tabindex:6)
2024-07-21 11:35:20,261 [INFO] PluginManage:310 - Check plugin filemanager
2024-07-21 11:35:20,497 [INFO] PluginManage:359 - Loaded plugin filemanager (category:base,tabindex:10)
2024-07-21 11:35:20,497 [INFO] PluginManage:310 - Check plugin ipmanager
2024-07-21 11:35:20,507 [INFO] PluginManage:359 - Loaded plugin ipmanager (category:base,tabindex:5)
2024-07-21 11:35:20,507 [INFO] PluginManage:310 - Check plugin lpbam
2024-07-21 11:35:20,518 [INFO] PluginManage:359 - Loaded plugin lpbam (category:base,tabindex:0)
2024-07-21 11:35:20,518 [INFO] PluginManage:310 - Check plugin memorymap
2024-07-21 11:35:20,554 [INFO] PluginManage:359 - Loaded plugin memorymap (category:base,tabindex:4)
2024-07-21 11:35:20,554 [INFO] PluginManage:310 - Check plugin pinoutandconfiguration
2024-07-21 11:35:20,567 [INFO] PluginManage:359 - Loaded plugin pinoutandconfiguration (category:base,tabindex:1)
2024-07-21 11:35:20,567 [INFO] PluginManage:310 - Check plugin pinoutconfig
2024-07-21 11:35:20,679 [WARN] SupportedApi:132 - Cannot load RTOS API schema: s4s-elt-must-match.1: The content of 'definitions' must match (annotation?, (simpleType | complexType)?, (unique | key | keyref)*)). A problem was found starting at: attribute.
2024-07-21 11:35:20,889 [INFO] PluginManage:359 - Loaded plugin pinoutconfig (category:base,tabindex:0)
2024-07-21 11:35:20,889 [INFO] PluginManage:310 - Check plugin power
2024-07-21 11:35:20,903 [INFO] PluginManage:359 - Loaded plugin power (category:power,tabindex:4)
2024-07-21 11:35:20,903 [INFO] PluginManage:310 - Check plugin projectmanager
2024-07-21 11:35:20,919 [INFO] PluginManage:359 - Loaded plugin projectmanager (category:projectmanager,tabindex:3)
2024-07-21 11:35:20,919 [INFO] PluginManage:310 - Check plugin thirdparty
2024-07-21 11:35:21,459 [INFO] PluginManage:359 - Loaded plugin thirdparty (category:base,tabindex:-1)
2024-07-21 11:35:21,459 [INFO] PluginManage:310 - Check plugin tools
2024-07-21 11:35:21,459 [WARN] IntegrityCheckThread:84 - waiting for thirdparty lock release [integrity check]
2024-07-21 11:35:21,459 [INFO] IntegrityCheckThread:86 - entering critical section [integrity check]
2024-07-21 11:35:21,459 [INFO] ThirdPartyUpdaterWithRetryManager:70 - Updater plugin not ready yet. [1/15]
2024-07-21 11:35:21,459 [INFO] PluginManage:359 - Loaded plugin tools (category:base,tabindex:7)
2024-07-21 11:35:21,459 [INFO] PluginManage:310 - Check plugin tutovideos
2024-07-21 11:35:22,060 [INFO] PluginManage:359 - Loaded plugin tutovideos (category:base,tabindex:-1)
2024-07-21 11:35:22,060 [INFO] PluginManage:310 - Check plugin updater
2024-07-21 11:35:22,107 [INFO] PluginManage:359 - Loaded plugin updater (category:base,tabindex:12)
2024-07-21 11:35:22,107 [INFO] PluginManage:310 - Check plugin userauth
2024-07-21 11:35:22,123 [INFO] UserAuth:114 - Init User Auth plugin
2024-07-21 11:35:22,123 [INFO] PluginManage:359 - Loaded plugin userauth (category:base,tabindex:14)
2024-07-21 11:35:22,123 [INFO] PluginManage:283 - PluginManage : Loaded plugins [17]
2024-07-21 11:35:22,771 [INFO] PinOutPanel:1561 - setPackage(No Configuration,No Configuration)
2024-07-21 11:35:23,009 [INFO] CADModel:165 - CPN selected for project level
2024-07-21 11:35:23,009 [INFO] CADModel:114 - Register for checkConnection events
2024-07-21 11:35:23,056 [INFO] IPUIPlugin:80 - create IPUIPlugin
2024-07-21 11:35:23,056 [INFO] PluginManager:220 - loadIPPluginJar : add adc
2024-07-21 11:35:23,056 [INFO] IPUIPlugin:80 - create IPUIPlugin
2024-07-21 11:35:23,056 [INFO] PluginManager:220 - loadIPPluginJar : add aes
2024-07-21 11:35:23,072 [INFO] IPUIPlugin:80 - create IPUIPlugin
2024-07-21 11:35:23,072 [INFO] PluginManager:220 - loadIPPluginJar : add can
2024-07-21 11:35:23,072 [INFO] IPUIPlugin:80 - create IPUIPlugin
2024-07-21 11:35:23,072 [INFO] PluginManager:220 - loadIPPluginJar : add comp
2024-07-21 11:35:23,088 [INFO] IPUIPlugin:80 - create IPUIPlugin
2024-07-21 11:35:23,088 [INFO] PluginManager:220 - loadIPPluginJar : add cryp
2024-07-21 11:35:23,088 [INFO] IPUIPlugin:80 - create IPUIPlugin
2024-07-21 11:35:23,088 [INFO] PluginManager:220 - loadIPPluginJar : add dfsdm
2024-07-21 11:35:23,104 [INFO] IPUIPlugin:80 - create IPUIPlugin
2024-07-21 11:35:23,119 [INFO] PluginManager:220 - loadIPPluginJar : add dma
2024-07-21 11:35:23,119 [INFO] IPUIPlugin:80 - create IPUIPlugin
2024-07-21 11:35:23,119 [INFO] PluginManager:220 - loadIPPluginJar : add dma3
2024-07-21 11:35:23,135 [INFO] IPUIPlugin:80 - create IPUIPlugin
2024-07-21 11:35:23,135 [INFO] PluginManager:220 - loadIPPluginJar : add extmemmanager
2024-07-21 11:35:23,135 [INFO] IPUIPlugin:80 - create IPUIPlugin
2024-07-21 11:35:23,135 [INFO] PluginManager:220 - loadIPPluginJar : add fatfs
2024-07-21 11:35:23,151 [INFO] IPUIPlugin:80 - create IPUIPlugin
2024-07-21 11:35:23,151 [INFO] PluginManager:220 - loadIPPluginJar : add fmc
2024-07-21 11:35:23,166 [INFO] IPUIPlugin:80 - create IPUIPlugin
2024-07-21 11:35:23,166 [INFO] PluginManager:220 - loadIPPluginJar : add freertos
2024-07-21 11:35:23,166 [INFO] IPUIPlugin:80 - create IPUIPlugin
2024-07-21 11:35:23,166 [INFO] PluginManager:220 - loadIPPluginJar : add genericplugin
2024-07-21 11:35:23,182 [INFO] IPUIPlugin:80 - create IPUIPlugin
2024-07-21 11:35:23,182 [INFO] PluginManager:220 - loadIPPluginJar : add gfxmmu
2024-07-21 11:35:23,198 [INFO] IPUIPlugin:80 - create IPUIPlugin
2024-07-21 11:35:23,198 [INFO] PluginManager:220 - loadIPPluginJar : add gic
2024-07-21 11:35:23,198 [INFO] IPUIPlugin:80 - create IPUIPlugin
2024-07-21 11:35:23,198 [INFO] PluginManager:220 - loadIPPluginJar : add gpio
2024-07-21 11:35:23,214 [INFO] IPUIPlugin:80 - create IPUIPlugin
2024-07-21 11:35:23,214 [INFO] PluginManager:220 - loadIPPluginJar : add gtzc
2024-07-21 11:35:23,214 [INFO] IPUIPlugin:80 - create IPUIPlugin
2024-07-21 11:35:23,214 [INFO] PluginManager:220 - loadIPPluginJar : add hash
2024-07-21 11:35:23,229 [INFO] IPUIPlugin:80 - create IPUIPlugin
2024-07-21 11:35:23,229 [INFO] PluginManager:220 - loadIPPluginJar : add i2c
2024-07-21 11:35:23,245 [INFO] IPUIPlugin:80 - create IPUIPlugin
2024-07-21 11:35:23,245 [INFO] PluginManager:220 - loadIPPluginJar : add i2s
2024-07-21 11:35:23,245 [INFO] IPUIPlugin:80 - create IPUIPlugin
2024-07-21 11:35:23,245 [INFO] PluginManager:220 - loadIPPluginJar : add i3c
2024-07-21 11:35:23,578 [INFO] IPUIPlugin:80 - create IPUIPlugin
2024-07-21 11:35:23,578 [INFO] PluginManager:220 - loadIPPluginJar : add ipddr
2024-07-21 11:35:23,609 [INFO] IPUIPlugin:80 - create IPUIPlugin
2024-07-21 11:35:23,609 [INFO] PluginManager:220 - loadIPPluginJar : add linkedlist
2024-07-21 11:35:23,609 [INFO] IPUIPlugin:80 - create IPUIPlugin
2024-07-21 11:35:23,609 [INFO] PluginManager:220 - loadIPPluginJar : add lorawan
2024-07-21 11:35:23,625 [INFO] IPUIPlugin:80 - create IPUIPlugin
2024-07-21 11:35:23,625 [INFO] PluginManager:220 - loadIPPluginJar : add ltdc
2024-07-21 11:35:23,641 [INFO] IPUIPlugin:80 - create IPUIPlugin
2024-07-21 11:35:23,641 [INFO] PluginManager:220 - loadIPPluginJar : add mdma
2024-07-21 11:35:23,657 [INFO] IPUIPlugin:80 - create IPUIPlugin
2024-07-21 11:35:23,657 [INFO] PluginManager:220 - loadIPPluginJar : add nvic
2024-07-21 11:35:23,657 [INFO] IPUIPlugin:80 - create IPUIPlugin
2024-07-21 11:35:23,657 [INFO] PluginManager:220 - loadIPPluginJar : add opamp
2024-07-21 11:35:23,673 [INFO] IPUIPlugin:80 - create IPUIPlugin
2024-07-21 11:35:23,673 [INFO] PluginManager:220 - loadIPPluginJar : add openamp
2024-07-21 11:35:23,689 [INFO] IPUIPlugin:80 - create IPUIPlugin
2024-07-21 11:35:23,689 [INFO] PluginManager:220 - loadIPPluginJar : add pdm2pcm
2024-07-21 11:35:23,704 [INFO] IPUIPlugin:80 - create IPUIPlugin
2024-07-21 11:35:23,704 [INFO] PluginManager:220 - loadIPPluginJar : add plateformsettings
2024-07-21 11:35:23,704 [INFO] IPUIPlugin:80 - create IPUIPlugin
2024-07-21 11:35:23,704 [INFO] PluginManager:220 - loadIPPluginJar : add quadspi
2024-07-21 11:35:23,721 [INFO] IPUIPlugin:80 - create IPUIPlugin
2024-07-21 11:35:23,721 [INFO] PluginManager:220 - loadIPPluginJar : add resmgrutility
2024-07-21 11:35:23,736 [INFO] IPUIPlugin:80 - create IPUIPlugin
2024-07-21 11:35:23,736 [INFO] PluginManager:220 - loadIPPluginJar : add sai
2024-07-21 11:35:23,736 [INFO] IPUIPlugin:80 - create IPUIPlugin
2024-07-21 11:35:23,736 [INFO] PluginManager:220 - loadIPPluginJar : add spi
2024-07-21 11:35:23,752 [INFO] IPUIPlugin:80 - create IPUIPlugin
2024-07-21 11:35:23,752 [INFO] PluginManager:220 - loadIPPluginJar : add stm32_wpan
2024-07-21 11:35:23,768 [INFO] IPUIPlugin:80 - create IPUIPlugin
2024-07-21 11:35:23,768 [INFO] PluginManager:220 - loadIPPluginJar : add tim
2024-07-21 11:35:23,768 [INFO] IPUIPlugin:80 - create IPUIPlugin
2024-07-21 11:35:23,768 [INFO] PluginManager:220 - loadIPPluginJar : add touchsensing
2024-07-21 11:35:23,784 [INFO] IPUIPlugin:80 - create IPUIPlugin
2024-07-21 11:35:23,784 [INFO] PluginManager:220 - loadIPPluginJar : add tracer_emb
2024-07-21 11:35:23,784 [INFO] IPUIPlugin:80 - create IPUIPlugin
2024-07-21 11:35:23,784 [INFO] PluginManager:220 - loadIPPluginJar : add ts
2024-07-21 11:35:23,800 [INFO] IPUIPlugin:80 - create IPUIPlugin
2024-07-21 11:35:23,800 [INFO] PluginManager:220 - loadIPPluginJar : add tsc
2024-07-21 11:35:23,800 [INFO] IPUIPlugin:80 - create IPUIPlugin
2024-07-21 11:35:23,800 [INFO] PluginManager:220 - loadIPPluginJar : add ucpd
2024-07-21 11:35:23,800 [INFO] IPUIPlugin:80 - create IPUIPlugin
2024-07-21 11:35:23,800 [INFO] PluginManager:220 - loadIPPluginJar : add usart
2024-07-21 11:35:23,816 [INFO] IPUIPlugin:80 - create IPUIPlugin
2024-07-21 11:35:23,816 [INFO] PluginManager:220 - loadIPPluginJar : add usbx
2024-07-21 11:35:24,084 [INFO] CADModel:165 - CPN selected for project level
2024-07-21 11:35:24,084 [INFO] CADModel:114 - Register for checkConnection events
2024-07-21 11:35:24,084 [FATAL] Updater:308 - Updater called before beeing initialized
2024-07-21 11:35:24,084 [ERROR] CADModel:125 - Updater not yet initialized, retry later 
2024-07-21 11:35:24,480 [INFO] ThirdPartyUpdaterWithRetryManager:70 - Updater plugin not ready yet. [2/15]
2024-07-21 11:35:24,480 [INFO] CADModel:165 - CPN selected for project level
2024-07-21 11:35:24,480 [INFO] CADModel:114 - Register for checkConnection events
2024-07-21 11:35:24,480 [FATAL] Updater:308 - Updater called before beeing initialized
2024-07-21 11:35:24,480 [ERROR] CADModel:125 - Updater not yet initialized, retry later 
2024-07-21 11:35:24,480 [FATAL] Updater:308 - Updater called before beeing initialized
2024-07-21 11:35:24,891 [FATAL] Updater:308 - Updater called before beeing initialized
2024-07-21 11:35:24,924 [INFO] DbMcusAds:53 - JSON generation date=Thu May 16 14:52:00 IST 2024 (1715851320667)
2024-07-21 11:35:24,924 [FATAL] Updater:308 - Updater called before beeing initialized
2024-07-21 11:35:25,066 [WARN] DetailPanel:346 - Failed to get advertising image, set to default
2024-07-21 11:35:25,429 [FATAL] Updater:308 - Updater called before beeing initialized
2024-07-21 11:35:25,429 [FATAL] Updater:308 - Updater called before beeing initialized
2024-07-21 11:35:25,429 [FATAL] Updater:308 - Updater called before beeing initialized
2024-07-21 11:35:25,429 [WARN] DetailPanel:346 - Failed to get advertising image, set to default
2024-07-21 11:35:25,429 [FATAL] Updater:308 - Updater called before beeing initialized
2024-07-21 11:35:25,604 [ERROR] Updater:1120 - MainUpdater not yet initialized. External WinMGr cannot be set.
2024-07-21 11:35:25,634 [INFO] Updater:1056 - Updater Version found : 6.11.0
2024-07-21 11:35:25,727 [INFO] ApplicationProperties:184 - Using Application install path: C:\ST\STM32CubeIDE_1.15.0\STM32CubeIDE\plugins\com.st.stm32cube.common.mx_6.11.0.202403141607
2024-07-21 11:35:27,374 [ERROR] LogOutputStream:75 - [STDERR_REDIRECT] Jul 21, 2024 11:35:27 AM java.util.prefs.WindowsPreferences <init>
2024-07-21 11:35:27,374 [ERROR] LogOutputStream:75 - [STDERR_REDIRECT] WARNING: Could not open/create prefs root node Software\JavaSoft\Prefs at root 0xffffffff80000002. Windows RegCreateKeyEx(...) returned error code 5.
2024-07-21 11:35:27,374 [ERROR] LogOutputStream:75 - [STDERR_REDIRECT] 
2024-07-21 11:35:27,485 [FATAL] Updater:308 - Updater called before beeing initialized
2024-07-21 11:35:27,485 [ERROR] IntegrityCheckThread:130 - Cannot retrieve database content from updater: error 21
2024-07-21 11:35:27,485 [INFO] ThirdParty:978 - Integrity check success = false
2024-07-21 11:35:27,485 [INFO] IntegrityCheckThread:100 - exiting critical section [integrity check]
2024-07-21 11:35:27,485 [INFO] IntegrityCheckThread:103 - End integrity checks thread
2024-07-21 11:35:28,382 [INFO] MainUpdater:2873 - connection check result : 10
2024-07-21 11:35:28,382 [INFO] MainUpdater:290 - Updater Check For Update Now.
2024-07-21 11:35:28,382 [INFO] MicroXplorer:498 - Change Database Version : DB.6.0.110
2024-07-21 11:35:28,418 [INFO] McuFinderGlobals:63 - Set McuFinder mode to 2 (CubeIDE integrated)
2024-07-21 11:35:28,418 [INFO] UserAuth:179 - activating auth plugin
2024-07-21 11:35:28,418 [INFO] UserAuth:415 - Internet connection configuration mode: 1
2024-07-21 11:35:28,512 [INFO] JxBrowserEngine:152 - Initiate JxBrowser Engine with user profile folder
2024-07-21 11:35:28,832 [INFO] CheckServerUpdateThread:120 - End of CheckServer Thread
2024-07-21 11:35:39,684 [INFO] WebApp:161 - Instantiating new browser for Auth
2024-07-21 11:35:41,399 [INFO] WebApp:779 - Register for checkConnection events
2024-07-21 11:35:41,399 [INFO] WebApp:414 - Apply proxy settings
2024-07-21 11:35:41,399 [INFO] WebApp:499 - Chromium requires no authentication
2024-07-21 11:35:41,431 [INFO] WebApp:442 - Direct internet connection detected
2024-07-21 11:35:42,041 [INFO] WebApp:192 - Starting web application
2024-07-21 11:35:42,041 [INFO] WebApp:544 - Web application path used C:\ST\STM32CubeIDE_1.15.0\STM32CubeIDE\plugins\com.st.stm32cube.common.mx_6.11.0.202403141607\db\plugins\mcufinder\reactClient1\index.html
2024-07-21 13:50:30,483 [ERROR] LogOutputStream:75 - [STDERR_REDIRECT] 
2024-07-21 18:37:24,498 [INFO] Activator:176 - 


2024-07-21 18:37:24,500 [INFO] Activator:177 - !SESSION log4j initialized
2024-07-21 18:37:31,479 [INFO] LogOutputStream:77 - [STDOUT_REDIRECT] 
2024-07-21 18:37:38,233 [INFO] ApplicationProperties:184 - Using Application install path: C:\ST\STM32CubeIDE_1.15.0\STM32CubeIDE\plugins\com.st.stm32cube.common.mx_6.11.0.202403141607
2024-07-21 18:37:38,265 [INFO] DbMcusXml:78 - Set database path to: C:\ST\STM32CubeIDE_1.15.0\STM32CubeIDE\plugins\com.st.stm32cube.common.mx_6.11.0.202403141607\\db\/mcu/
2024-07-21 18:37:38,265 [INFO] ApiDb:274 - Set plugin database path to: C:\ST\STM32CubeIDE_1.15.0\STM32CubeIDE\plugins\com.st.stm32cube.common.mx_6.11.0.202403141607\\db\/plugins/boardmanager/
2024-07-21 18:37:38,265 [WARN] ApiDb:259 - Overriding images path with different value:  => C:\ST\STM32CubeIDE_1.15.0\STM32CubeIDE\plugins\com.st.stm32cube.common.mx_6.11.0.202403141607\\db\/plugins/mcufinder/images/
2024-07-21 18:37:38,283 [INFO] ApiDb:250 - Set database path to: C:\Users\BASAVARAJ\.stmcufinder\plugins\mcufinder//mcu/
2024-07-21 18:37:38,286 [INFO] DbMcusAds:125 - Set database path to: C:\Users\BASAVARAJ\.stmcufinder\plugins\mcufinder//mcu/
2024-07-21 18:37:38,289 [INFO] CrossReferenceDbSqlite:203 - Set database path to: C:\Users\BASAVARAJ\.stmcufinder\plugins\mcufinder//mcu/cs/
2024-07-21 18:37:38,511 [INFO] RulesReader:64 - Compatibility file has been processed (297 Rules)
2024-07-21 18:37:38,635 [INFO] DbMcusXml:78 - Set database path to: C:\ST\STM32CubeIDE_1.15.0\STM32CubeIDE\plugins\com.st.stm32cube.common.mx_6.11.0.202403141607\\db\/mcu/
2024-07-21 18:37:38,635 [INFO] ApiDb:274 - Set plugin database path to: C:\ST\STM32CubeIDE_1.15.0\STM32CubeIDE\plugins\com.st.stm32cube.common.mx_6.11.0.202403141607\\db\/plugins/boardmanager/
2024-07-21 18:37:38,635 [INFO] ApiDb:261 - Set plugin images path to: C:\ST\STM32CubeIDE_1.15.0\STM32CubeIDE\plugins\com.st.stm32cube.common.mx_6.11.0.202403141607\\db\/plugins/mcufinder/images/
2024-07-21 18:37:38,636 [WARN] DbFile:41 - Overriding database path with different value: C:\Users\BASAVARAJ\.stmcufinder\plugins\mcufinder/ => C:\Users\BASAVARAJ\.stmcufinder\plugins\mcufinder
2024-07-21 18:37:38,636 [INFO] ApiDb:250 - Set database path to: C:\Users\BASAVARAJ\.stmcufinder\plugins\mcufinder//mcu/
2024-07-21 18:37:38,636 [WARN] DbFile:41 - Overriding database path with different value: C:\Users\BASAVARAJ\.stmcufinder\plugins\mcufinder/ => C:\Users\BASAVARAJ\.stmcufinder\plugins\mcufinder
2024-07-21 18:37:38,636 [INFO] DbMcusAds:125 - Set database path to: C:\Users\BASAVARAJ\.stmcufinder\plugins\mcufinder//mcu/
2024-07-21 18:37:38,636 [WARN] DbFile:41 - Overriding database path with different value: C:\Users\BASAVARAJ\.stmcufinder\plugins\mcufinder/ => C:\Users\BASAVARAJ\.stmcufinder\plugins\mcufinder
2024-07-21 18:37:38,636 [WARN] DbFile:41 - Overriding database path with different value: C:\Users\BASAVARAJ\.stmcufinder\plugins\mcufinder/ => C:\Users\BASAVARAJ\.stmcufinder\plugins\mcufinder
2024-07-21 18:37:38,636 [INFO] CrossReferenceDbSqlite:203 - Set database path to: C:\Users\BASAVARAJ\.stmcufinder\plugins\mcufinder//mcu/cs/
2024-07-21 18:37:38,741 [INFO] MainPanel:264 - HeapMemory: 268435456
2024-07-21 18:37:38,855 [INFO] DbMcusXml:78 - Set database path to: C:\ST\STM32CubeIDE_1.15.0\STM32CubeIDE\plugins\com.st.stm32cube.common.mx_6.11.0.202403141607\\db\/mcu/
2024-07-21 18:37:38,855 [INFO] ApiDb:274 - Set plugin database path to: C:\ST\STM32CubeIDE_1.15.0\STM32CubeIDE\plugins\com.st.stm32cube.common.mx_6.11.0.202403141607\\db\/plugins/boardmanager/
2024-07-21 18:37:38,855 [INFO] ApiDb:261 - Set plugin images path to: C:\ST\STM32CubeIDE_1.15.0\STM32CubeIDE\plugins\com.st.stm32cube.common.mx_6.11.0.202403141607\\db\/plugins/mcufinder/images/
2024-07-21 18:37:38,855 [WARN] DbFile:41 - Overriding database path with different value: C:\Users\BASAVARAJ\.stmcufinder\plugins\mcufinder/ => C:\Users\BASAVARAJ\.stmcufinder\plugins\mcufinder
2024-07-21 18:37:38,855 [INFO] ApiDb:250 - Set database path to: C:\Users\BASAVARAJ\.stmcufinder\plugins\mcufinder//mcu/
2024-07-21 18:37:38,856 [WARN] DbFile:41 - Overriding database path with different value: C:\Users\BASAVARAJ\.stmcufinder\plugins\mcufinder/ => C:\Users\BASAVARAJ\.stmcufinder\plugins\mcufinder
2024-07-21 18:37:38,856 [INFO] DbMcusAds:125 - Set database path to: C:\Users\BASAVARAJ\.stmcufinder\plugins\mcufinder//mcu/
2024-07-21 18:37:38,856 [WARN] DbFile:41 - Overriding database path with different value: C:\Users\BASAVARAJ\.stmcufinder\plugins\mcufinder/ => C:\Users\BASAVARAJ\.stmcufinder\plugins\mcufinder
2024-07-21 18:37:38,856 [WARN] DbFile:41 - Overriding database path with different value: C:\Users\BASAVARAJ\.stmcufinder\plugins\mcufinder/ => C:\Users\BASAVARAJ\.stmcufinder\plugins\mcufinder
2024-07-21 18:37:38,856 [INFO] CrossReferenceDbSqlite:203 - Set database path to: C:\Users\BASAVARAJ\.stmcufinder\plugins\mcufinder//mcu/cs/
2024-07-21 18:37:38,881 [INFO] ApplicationProperties:184 - Using Application install path: C:\ST\STM32CubeIDE_1.15.0\STM32CubeIDE\plugins\com.st.stm32cube.common.mx_6.11.0.202403141607
2024-07-21 18:37:38,884 [INFO] PluginManage:196 - Search for loadable plugins [exclusion list=, ]
2024-07-21 18:37:38,886 [INFO] PluginManage:310 - Check plugin analytics
2024-07-21 18:37:39,114 [INFO] AnalyticsPlugin:253 - Accepted Software Licenses: 
2024-07-21 18:37:39,115 [INFO] AnalyticsPlugin:255 - Accepted CMSIS Pack Licenses: 
2024-07-21 18:37:39,115 [INFO] AnalyticsPlugin:257 - Accepted Firmware Licenses: FW.F4.1.28.0
2024-07-21 18:37:39,120 [INFO] PluginManage:359 - Loaded plugin analytics (category:tool,tabindex:-1)
2024-07-21 18:37:39,121 [INFO] PluginManage:310 - Check plugin cadmodel
2024-07-21 18:37:39,138 [INFO] CADModel:105 - Init CAD model plugin
2024-07-21 18:37:39,138 [INFO] PluginManage:359 - Loaded plugin cadmodel (category:power,tabindex:5)
2024-07-21 18:37:39,139 [INFO] PluginManage:310 - Check plugin clock
2024-07-21 18:37:39,161 [INFO] PluginManage:359 - Loaded plugin clock (category:base,tabindex:2)
2024-07-21 18:37:39,161 [INFO] PluginManage:310 - Check plugin ddr
2024-07-21 18:37:39,165 [INFO] PluginManage:359 - Loaded plugin ddr (category:tool,tabindex:6)
2024-07-21 18:37:39,165 [INFO] PluginManage:310 - Check plugin filemanager
2024-07-21 18:37:39,375 [INFO] PluginManage:359 - Loaded plugin filemanager (category:base,tabindex:10)
2024-07-21 18:37:39,375 [INFO] PluginManage:310 - Check plugin ipmanager
2024-07-21 18:37:39,385 [INFO] PluginManage:359 - Loaded plugin ipmanager (category:base,tabindex:5)
2024-07-21 18:37:39,385 [INFO] PluginManage:310 - Check plugin lpbam
2024-07-21 18:37:39,403 [INFO] PluginManage:359 - Loaded plugin lpbam (category:base,tabindex:0)
2024-07-21 18:37:39,403 [INFO] PluginManage:310 - Check plugin memorymap
2024-07-21 18:37:39,445 [INFO] PluginManage:359 - Loaded plugin memorymap (category:base,tabindex:4)
2024-07-21 18:37:39,446 [INFO] PluginManage:310 - Check plugin pinoutandconfiguration
2024-07-21 18:37:39,465 [INFO] PluginManage:359 - Loaded plugin pinoutandconfiguration (category:base,tabindex:1)
2024-07-21 18:37:39,465 [INFO] PluginManage:310 - Check plugin pinoutconfig
2024-07-21 18:37:39,575 [WARN] SupportedApi:132 - Cannot load RTOS API schema: s4s-elt-must-match.1: The content of 'definitions' must match (annotation?, (simpleType | complexType)?, (unique | key | keyref)*)). A problem was found starting at: attribute.
2024-07-21 18:37:39,770 [INFO] PluginManage:359 - Loaded plugin pinoutconfig (category:base,tabindex:0)
2024-07-21 18:37:39,770 [INFO] PluginManage:310 - Check plugin power
2024-07-21 18:37:39,794 [INFO] PluginManage:359 - Loaded plugin power (category:power,tabindex:4)
2024-07-21 18:37:39,794 [INFO] PluginManage:310 - Check plugin projectmanager
2024-07-21 18:37:39,814 [INFO] PluginManage:359 - Loaded plugin projectmanager (category:projectmanager,tabindex:3)
2024-07-21 18:37:39,814 [INFO] PluginManage:310 - Check plugin thirdparty
2024-07-21 18:37:40,178 [INFO] PluginManage:359 - Loaded plugin thirdparty (category:base,tabindex:-1)
2024-07-21 18:37:40,178 [INFO] PluginManage:310 - Check plugin tools
2024-07-21 18:37:40,178 [WARN] IntegrityCheckThread:84 - waiting for thirdparty lock release [integrity check]
2024-07-21 18:37:40,179 [INFO] IntegrityCheckThread:86 - entering critical section [integrity check]
2024-07-21 18:37:40,179 [INFO] ThirdPartyUpdaterWithRetryManager:70 - Updater plugin not ready yet. [1/15]
2024-07-21 18:37:40,222 [INFO] PluginManage:359 - Loaded plugin tools (category:base,tabindex:7)
2024-07-21 18:37:40,222 [INFO] PluginManage:310 - Check plugin tutovideos
2024-07-21 18:37:40,567 [INFO] PluginManage:359 - Loaded plugin tutovideos (category:base,tabindex:-1)
2024-07-21 18:37:40,567 [INFO] PluginManage:310 - Check plugin updater
2024-07-21 18:37:40,587 [INFO] PluginManage:359 - Loaded plugin updater (category:base,tabindex:12)
2024-07-21 18:37:40,587 [INFO] PluginManage:310 - Check plugin userauth
2024-07-21 18:37:40,595 [INFO] UserAuth:114 - Init User Auth plugin
2024-07-21 18:37:40,596 [INFO] PluginManage:359 - Loaded plugin userauth (category:base,tabindex:14)
2024-07-21 18:37:40,596 [INFO] PluginManage:283 - PluginManage : Loaded plugins [17]
2024-07-21 18:37:40,903 [INFO] PinOutPanel:1561 - setPackage(No Configuration,No Configuration)
2024-07-21 18:37:40,995 [INFO] CADModel:165 - CPN selected for project level
2024-07-21 18:37:40,995 [INFO] CADModel:114 - Register for checkConnection events
2024-07-21 18:37:41,031 [INFO] IPUIPlugin:80 - create IPUIPlugin
2024-07-21 18:37:41,031 [INFO] PluginManager:220 - loadIPPluginJar : add adc
2024-07-21 18:37:41,073 [INFO] IPUIPlugin:80 - create IPUIPlugin
2024-07-21 18:37:41,073 [INFO] PluginManager:220 - loadIPPluginJar : add aes
2024-07-21 18:37:41,120 [INFO] IPUIPlugin:80 - create IPUIPlugin
2024-07-21 18:37:41,120 [INFO] PluginManager:220 - loadIPPluginJar : add can
2024-07-21 18:37:41,146 [INFO] IPUIPlugin:80 - create IPUIPlugin
2024-07-21 18:37:41,146 [INFO] PluginManager:220 - loadIPPluginJar : add comp
2024-07-21 18:37:41,194 [INFO] IPUIPlugin:80 - create IPUIPlugin
2024-07-21 18:37:41,194 [INFO] PluginManager:220 - loadIPPluginJar : add cryp
2024-07-21 18:37:41,229 [INFO] IPUIPlugin:80 - create IPUIPlugin
2024-07-21 18:37:41,230 [INFO] PluginManager:220 - loadIPPluginJar : add dfsdm
2024-07-21 18:37:41,247 [INFO] IPUIPlugin:80 - create IPUIPlugin
2024-07-21 18:37:41,248 [INFO] PluginManager:220 - loadIPPluginJar : add dma
2024-07-21 18:37:41,300 [INFO] IPUIPlugin:80 - create IPUIPlugin
2024-07-21 18:37:41,301 [INFO] PluginManager:220 - loadIPPluginJar : add dma3
2024-07-21 18:37:41,351 [INFO] IPUIPlugin:80 - create IPUIPlugin
2024-07-21 18:37:41,351 [INFO] PluginManager:220 - loadIPPluginJar : add extmemmanager
2024-07-21 18:37:41,373 [INFO] IPUIPlugin:80 - create IPUIPlugin
2024-07-21 18:37:41,373 [INFO] PluginManager:220 - loadIPPluginJar : add fatfs
2024-07-21 18:37:41,427 [INFO] IPUIPlugin:80 - create IPUIPlugin
2024-07-21 18:37:41,428 [INFO] PluginManager:220 - loadIPPluginJar : add fmc
2024-07-21 18:37:41,445 [INFO] IPUIPlugin:80 - create IPUIPlugin
2024-07-21 18:37:41,445 [INFO] PluginManager:220 - loadIPPluginJar : add freertos
2024-07-21 18:37:41,476 [INFO] IPUIPlugin:80 - create IPUIPlugin
2024-07-21 18:37:41,476 [INFO] PluginManager:220 - loadIPPluginJar : add genericplugin
2024-07-21 18:37:41,596 [INFO] IPUIPlugin:80 - create IPUIPlugin
2024-07-21 18:37:41,596 [INFO] PluginManager:220 - loadIPPluginJar : add gfxmmu
2024-07-21 18:37:41,782 [INFO] IPUIPlugin:80 - create IPUIPlugin
2024-07-21 18:37:41,782 [INFO] PluginManager:220 - loadIPPluginJar : add gic
2024-07-21 18:37:41,803 [INFO] IPUIPlugin:80 - create IPUIPlugin
2024-07-21 18:37:41,804 [INFO] PluginManager:220 - loadIPPluginJar : add gpio
2024-07-21 18:37:41,959 [INFO] IPUIPlugin:80 - create IPUIPlugin
2024-07-21 18:37:41,959 [INFO] PluginManager:220 - loadIPPluginJar : add gtzc
2024-07-21 18:37:42,019 [INFO] IPUIPlugin:80 - create IPUIPlugin
2024-07-21 18:37:42,019 [INFO] PluginManager:220 - loadIPPluginJar : add hash
2024-07-21 18:37:42,128 [INFO] IPUIPlugin:80 - create IPUIPlugin
2024-07-21 18:37:42,129 [INFO] PluginManager:220 - loadIPPluginJar : add i2c
2024-07-21 18:37:42,206 [INFO] IPUIPlugin:80 - create IPUIPlugin
2024-07-21 18:37:42,207 [INFO] PluginManager:220 - loadIPPluginJar : add i2s
2024-07-21 18:37:42,267 [INFO] IPUIPlugin:80 - create IPUIPlugin
2024-07-21 18:37:42,267 [INFO] PluginManager:220 - loadIPPluginJar : add i3c
2024-07-21 18:37:42,385 [INFO] IPUIPlugin:80 - create IPUIPlugin
2024-07-21 18:37:42,386 [INFO] PluginManager:220 - loadIPPluginJar : add ipddr
2024-07-21 18:37:42,500 [INFO] IPUIPlugin:80 - create IPUIPlugin
2024-07-21 18:37:42,500 [INFO] PluginManager:220 - loadIPPluginJar : add linkedlist
2024-07-21 18:37:42,541 [INFO] IPUIPlugin:80 - create IPUIPlugin
2024-07-21 18:37:42,541 [INFO] PluginManager:220 - loadIPPluginJar : add lorawan
2024-07-21 18:37:42,586 [INFO] IPUIPlugin:80 - create IPUIPlugin
2024-07-21 18:37:42,587 [INFO] PluginManager:220 - loadIPPluginJar : add ltdc
2024-07-21 18:37:42,603 [INFO] IPUIPlugin:80 - create IPUIPlugin
2024-07-21 18:37:42,604 [INFO] PluginManager:220 - loadIPPluginJar : add mdma
2024-07-21 18:37:42,618 [INFO] IPUIPlugin:80 - create IPUIPlugin
2024-07-21 18:37:42,618 [INFO] PluginManager:220 - loadIPPluginJar : add nvic
2024-07-21 18:37:42,660 [INFO] IPUIPlugin:80 - create IPUIPlugin
2024-07-21 18:37:42,660 [INFO] PluginManager:220 - loadIPPluginJar : add opamp
2024-07-21 18:37:42,730 [INFO] IPUIPlugin:80 - create IPUIPlugin
2024-07-21 18:37:42,730 [INFO] PluginManager:220 - loadIPPluginJar : add openamp
2024-07-21 18:37:42,790 [INFO] IPUIPlugin:80 - create IPUIPlugin
2024-07-21 18:37:42,790 [INFO] PluginManager:220 - loadIPPluginJar : add pdm2pcm
2024-07-21 18:37:42,807 [INFO] IPUIPlugin:80 - create IPUIPlugin
2024-07-21 18:37:42,809 [INFO] PluginManager:220 - loadIPPluginJar : add plateformsettings
2024-07-21 18:37:42,834 [INFO] IPUIPlugin:80 - create IPUIPlugin
2024-07-21 18:37:42,835 [INFO] PluginManager:220 - loadIPPluginJar : add quadspi
2024-07-21 18:37:42,849 [INFO] IPUIPlugin:80 - create IPUIPlugin
2024-07-21 18:37:42,849 [INFO] PluginManager:220 - loadIPPluginJar : add resmgrutility
2024-07-21 18:37:42,911 [INFO] IPUIPlugin:80 - create IPUIPlugin
2024-07-21 18:37:42,911 [INFO] PluginManager:220 - loadIPPluginJar : add sai
2024-07-21 18:37:42,957 [INFO] IPUIPlugin:80 - create IPUIPlugin
2024-07-21 18:37:42,957 [INFO] PluginManager:220 - loadIPPluginJar : add spi
2024-07-21 18:37:43,034 [INFO] IPUIPlugin:80 - create IPUIPlugin
2024-07-21 18:37:43,035 [INFO] PluginManager:220 - loadIPPluginJar : add stm32_wpan
2024-07-21 18:37:43,061 [INFO] IPUIPlugin:80 - create IPUIPlugin
2024-07-21 18:37:43,061 [INFO] PluginManager:220 - loadIPPluginJar : add tim
2024-07-21 18:37:43,144 [INFO] IPUIPlugin:80 - create IPUIPlugin
2024-07-21 18:37:43,144 [INFO] PluginManager:220 - loadIPPluginJar : add touchsensing
2024-07-21 18:37:43,172 [INFO] IPUIPlugin:80 - create IPUIPlugin
2024-07-21 18:37:43,172 [INFO] PluginManager:220 - loadIPPluginJar : add tracer_emb
2024-07-21 18:37:43,180 [INFO] ThirdPartyUpdaterWithRetryManager:70 - Updater plugin not ready yet. [2/15]
2024-07-21 18:37:43,206 [INFO] IPUIPlugin:80 - create IPUIPlugin
2024-07-21 18:37:43,206 [INFO] PluginManager:220 - loadIPPluginJar : add ts
2024-07-21 18:37:43,236 [INFO] IPUIPlugin:80 - create IPUIPlugin
2024-07-21 18:37:43,236 [INFO] PluginManager:220 - loadIPPluginJar : add tsc
2024-07-21 18:37:43,266 [INFO] IPUIPlugin:80 - create IPUIPlugin
2024-07-21 18:37:43,266 [INFO] PluginManager:220 - loadIPPluginJar : add ucpd
2024-07-21 18:37:43,313 [INFO] IPUIPlugin:80 - create IPUIPlugin
2024-07-21 18:37:43,313 [INFO] PluginManager:220 - loadIPPluginJar : add usart
2024-07-21 18:37:43,362 [INFO] IPUIPlugin:80 - create IPUIPlugin
2024-07-21 18:37:43,362 [INFO] PluginManager:220 - loadIPPluginJar : add usbx
2024-07-21 18:37:43,499 [INFO] CADModel:165 - CPN selected for project level
2024-07-21 18:37:43,499 [INFO] CADModel:114 - Register for checkConnection events
2024-07-21 18:37:43,500 [FATAL] Updater:308 - Updater called before beeing initialized
2024-07-21 18:37:43,500 [ERROR] CADModel:125 - Updater not yet initialized, retry later 
2024-07-21 18:37:43,686 [INFO] CADModel:165 - CPN selected for project level
2024-07-21 18:37:43,686 [INFO] CADModel:114 - Register for checkConnection events
2024-07-21 18:37:43,686 [FATAL] Updater:308 - Updater called before beeing initialized
2024-07-21 18:37:43,686 [ERROR] CADModel:125 - Updater not yet initialized, retry later 
2024-07-21 18:37:43,689 [FATAL] Updater:308 - Updater called before beeing initialized
2024-07-21 18:37:43,848 [FATAL] Updater:308 - Updater called before beeing initialized
2024-07-21 18:37:43,864 [INFO] DbMcusAds:53 - JSON generation date=Thu May 16 14:52:00 IST 2024 (1715851320667)
2024-07-21 18:37:43,864 [FATAL] Updater:308 - Updater called before beeing initialized
2024-07-21 18:37:43,924 [WARN] DetailPanel:346 - Failed to get advertising image, set to default
2024-07-21 18:37:44,018 [FATAL] Updater:308 - Updater called before beeing initialized
2024-07-21 18:37:44,021 [FATAL] Updater:308 - Updater called before beeing initialized
2024-07-21 18:37:44,021 [FATAL] Updater:308 - Updater called before beeing initialized
2024-07-21 18:37:44,021 [WARN] DetailPanel:346 - Failed to get advertising image, set to default
2024-07-21 18:37:44,022 [FATAL] Updater:308 - Updater called before beeing initialized
2024-07-21 18:37:44,103 [ERROR] Updater:1120 - MainUpdater not yet initialized. External WinMGr cannot be set.
2024-07-21 18:37:44,115 [INFO] Updater:1056 - Updater Version found : 6.11.0
2024-07-21 18:37:44,154 [INFO] ApplicationProperties:184 - Using Application install path: C:\ST\STM32CubeIDE_1.15.0\STM32CubeIDE\plugins\com.st.stm32cube.common.mx_6.11.0.202403141607
2024-07-21 18:37:45,745 [ERROR] LogOutputStream:75 - [STDERR_REDIRECT] Jul 21, 2024 6:37:45 PM java.util.prefs.WindowsPreferences <init>
2024-07-21 18:37:45,747 [ERROR] LogOutputStream:75 - [STDERR_REDIRECT] WARNING: Could not open/create prefs root node Software\JavaSoft\Prefs at root 0xffffffff80000002. Windows RegCreateKeyEx(...) returned error code 5.
2024-07-21 18:37:45,748 [ERROR] LogOutputStream:75 - [STDERR_REDIRECT] 
2024-07-21 18:37:46,181 [INFO] ThirdPartyUpdaterWithRetryManager:70 - Updater plugin not ready yet. [3/15]
2024-07-21 18:37:46,366 [INFO] MainUpdater:2873 - connection check result : 10
2024-07-21 18:37:46,367 [INFO] MainUpdater:290 - Updater Check For Update Now.
2024-07-21 18:37:46,367 [INFO] MicroXplorer:498 - Change Database Version : DB.6.0.110
2024-07-21 18:37:46,387 [INFO] McuFinderGlobals:63 - Set McuFinder mode to 2 (CubeIDE integrated)
2024-07-21 18:37:46,387 [INFO] UserAuth:179 - activating auth plugin
2024-07-21 18:37:46,392 [INFO] UserAuth:415 - Internet connection configuration mode: 1
2024-07-21 18:37:46,438 [INFO] JxBrowserEngine:152 - Initiate JxBrowser Engine with user profile folder
2024-07-21 18:37:46,633 [INFO] CheckServerUpdateThread:120 - End of CheckServer Thread
2024-07-21 18:37:49,403 [WARN] PackLoader:240 - Cannot read IP mode file for STMicroelectronics.FP-SNS-MOTENVWB1.1.4.0
2024-07-21 18:37:49,424 [WARN] PackLoader:240 - Cannot read IP mode file for STMicroelectronics.X-CUBE-SMBUS.2.1.0
2024-07-21 18:37:49,444 [WARN] PackLoader:240 - Cannot read IP mode file for STMicroelectronics.X-CUBE-TOUCHGFX.4.23.2
2024-07-21 18:37:49,505 [WARN] PackLoader:240 - Cannot read IP mode file for STMicroelectronics.X-CUBE-AZRTOS-F7.1.1.0
2024-07-21 18:37:49,530 [WARN] PackLoader:240 - Cannot read IP mode file for STMicroelectronics.FP-SNS-FLIGHT1.5.0.2
2024-07-21 18:37:49,559 [WARN] PackLoader:240 - Cannot read IP mode file for STMicroelectronics.X-CUBE-DISPLAY.3.0.0
2024-07-21 18:37:49,601 [WARN] PackLoader:240 - Cannot read IP mode file for STMicroelectronics.X-CUBE-BLE1.7.0.0
2024-07-21 18:37:49,623 [WARN] PackLoader:240 - Cannot read IP mode file for emotas.I-CUBE-CANOPEN.1.3.0
2024-07-21 18:37:49,655 [WARN] PackLoader:240 - Cannot read IP mode file for STMicroelectronics.X-CUBE-BLEMGR.3.1.0
2024-07-21 18:37:49,680 [WARN] PackLoader:240 - Cannot read IP mode file for STMicroelectronics.FP-SNS-SMARTAG2.1.2.0
2024-07-21 18:37:49,709 [INFO] LogOutputStream:77 - [STDOUT_REDIRECT] 1 : Invalid condition id : UX_CORESTACK_Condition cause : null
2024-07-21 18:37:49,709 [INFO] LogOutputStream:77 - [STDOUT_REDIRECT] 1 : Invalid condition id : UX_CORESTACK_Condition cause : null
2024-07-21 18:37:49,711 [INFO] LogOutputStream:77 - [STDOUT_REDIRECT] 1 : Invalid condition id : UX_CORESTACK_Condition cause : null
2024-07-21 18:37:49,712 [INFO] LogOutputStream:77 - [STDOUT_REDIRECT] 1 : Invalid condition id : UX_CORESTACK_Condition cause : null
2024-07-21 18:37:49,714 [INFO] LogOutputStream:77 - [STDOUT_REDIRECT] 1 : Invalid condition id : UX_CORESTACK_Condition cause : null
2024-07-21 18:37:49,717 [WARN] PackLoader:240 - Cannot read IP mode file for STMicroelectronics.X-CUBE-AZRTOS-WL.2.0.0
2024-07-21 18:37:49,738 [WARN] PackLoader:240 - Cannot read IP mode file for STMicroelectronics.FP-SNS-MOTENV1.5.0.0
2024-07-21 18:37:49,755 [WARN] PackLoader:240 - Cannot read IP mode file for wolfSSL.I-CUBE-wolfMQTT.1.19.0
2024-07-21 18:37:49,774 [WARN] PackLoader:240 - Cannot read IP mode file for WES.I-CUBE-Cesium.1.3.0
2024-07-21 18:37:49,792 [WARN] PackLoader:240 - Cannot read IP mode file for STMicroelectronics.X-CUBE-BLE2.3.3.0
2024-07-21 18:37:49,809 [WARN] PackLoader:240 - Cannot read IP mode file for STMicroelectronics.X-CUBE-TCPP.4.1.0
2024-07-21 18:37:49,832 [WARN] PackLoader:240 - Cannot read IP mode file for STMicroelectronics.X-CUBE-ALGOBUILD.1.3.0
2024-07-21 18:37:49,868 [WARN] PackLoader:240 - Cannot read IP mode file for STMicroelectronics.X-CUBE-AZRTOS-G0.1.1.0
2024-07-21 18:37:49,893 [WARN] PackLoader:240 - Cannot read IP mode file for STMicroelectronics.X-CUBE-SAFEA1.1.2.2
2024-07-21 18:37:49,914 [WARN] PackLoader:240 - Cannot read IP mode file for STMicroelectronics.X-CUBE-NFC4.3.0.0
2024-07-21 18:37:49,931 [WARN] PackLoader:240 - Cannot read IP mode file for wolfSSL.I-CUBE-wolfMQTT.1.18.0
2024-07-21 18:37:49,952 [WARN] PackLoader:240 - Cannot read IP mode file for EmbeddedOffice.I-CUBE-FS-RTOS.1.0.1
2024-07-21 18:37:49,953 [ERROR] ConditionMgr:805 - Attr not supported : Dmpu
2024-07-21 18:37:49,953 [ERROR] ConditionMgr:805 - Attr not supported : Dmpu
2024-07-21 18:37:49,953 [ERROR] ConditionMgr:805 - Attr not supported : Dmpu
2024-07-21 18:37:49,953 [ERROR] ConditionMgr:805 - Attr not supported : Dmpu
2024-07-21 18:37:49,953 [ERROR] ConditionMgr:805 - Attr not supported : Dmpu
2024-07-21 18:37:49,953 [ERROR] ConditionMgr:805 - Attr not supported : Dmpu
2024-07-21 18:37:49,953 [ERROR] ConditionMgr:805 - Attr not supported : Dmpu
2024-07-21 18:37:49,953 [ERROR] ConditionMgr:805 - Attr not supported : Dmpu
2024-07-21 18:37:49,953 [ERROR] ConditionMgr:805 - Attr not supported : Dmpu
2024-07-21 18:37:49,953 [ERROR] ConditionMgr:805 - Attr not supported : Dmpu
2024-07-21 18:37:49,953 [ERROR] ConditionMgr:805 - Attr not supported : Dmpu
2024-07-21 18:37:49,954 [ERROR] ConditionMgr:805 - Attr not supported : Dmpu
2024-07-21 18:37:49,954 [ERROR] ConditionMgr:805 - Attr not supported : Dmpu
2024-07-21 18:37:49,954 [ERROR] ConditionMgr:805 - Attr not supported : Dmpu
2024-07-21 18:37:49,954 [ERROR] ConditionMgr:805 - Attr not supported : Dmpu
2024-07-21 18:37:49,954 [ERROR] ConditionMgr:805 - Attr not supported : Dmpu
2024-07-21 18:37:49,954 [ERROR] ConditionMgr:805 - Attr not supported : Dmpu
2024-07-21 18:37:49,954 [ERROR] ConditionMgr:805 - Attr not supported : Dmpu
2024-07-21 18:37:49,954 [ERROR] ConditionMgr:805 - Attr not supported : Dmpu
2024-07-21 18:37:49,954 [ERROR] ConditionMgr:805 - Attr not supported : Dmpu
2024-07-21 18:37:49,954 [ERROR] ConditionMgr:805 - Attr not supported : Dmpu
2024-07-21 18:37:49,954 [ERROR] ConditionMgr:805 - Attr not supported : Dmpu
2024-07-21 18:37:49,954 [ERROR] ConditionMgr:805 - Attr not supported : Dmpu
2024-07-21 18:37:49,954 [ERROR] ConditionMgr:805 - Attr not supported : Dmpu
2024-07-21 18:37:49,954 [ERROR] ConditionMgr:805 - Attr not supported : Dmpu
2024-07-21 18:37:49,954 [ERROR] ConditionMgr:805 - Attr not supported : Dmpu
2024-07-21 18:37:49,954 [ERROR] ConditionMgr:805 - Attr not supported : Dmpu
2024-07-21 18:37:49,954 [ERROR] ConditionMgr:805 - Attr not supported : Dmpu
2024-07-21 18:37:49,955 [ERROR] ConditionMgr:805 - Attr not supported : Dmpu
2024-07-21 18:37:49,955 [ERROR] ConditionMgr:805 - Attr not supported : Dmpu
2024-07-21 18:37:49,955 [ERROR] ConditionMgr:805 - Attr not supported : Dmpu
2024-07-21 18:37:49,955 [ERROR] ConditionMgr:805 - Attr not supported : Dmpu
2024-07-21 18:37:49,955 [ERROR] ConditionMgr:805 - Attr not supported : Dmpu
2024-07-21 18:37:49,955 [ERROR] ConditionMgr:805 - Attr not supported : Dmpu
2024-07-21 18:37:49,955 [ERROR] ConditionMgr:805 - Attr not supported : Dmpu
2024-07-21 18:37:49,955 [ERROR] ConditionMgr:805 - Attr not supported : Dmpu
2024-07-21 18:37:49,955 [ERROR] ConditionMgr:805 - Attr not supported : Dmpu
2024-07-21 18:37:49,955 [ERROR] ConditionMgr:805 - Attr not supported : Dmpu
2024-07-21 18:37:49,955 [ERROR] ConditionMgr:805 - Attr not supported : Dmpu
2024-07-21 18:37:49,955 [ERROR] ConditionMgr:805 - Attr not supported : Dmpu
2024-07-21 18:37:49,955 [ERROR] ConditionMgr:805 - Attr not supported : Dmpu
2024-07-21 18:37:49,955 [ERROR] ConditionMgr:805 - Attr not supported : Dmpu
2024-07-21 18:37:49,955 [ERROR] ConditionMgr:805 - Attr not supported : Dmpu
2024-07-21 18:37:49,955 [ERROR] ConditionMgr:805 - Attr not supported : Dmpu
2024-07-21 18:37:49,955 [ERROR] ConditionMgr:805 - Attr not supported : Dmpu
2024-07-21 18:37:49,956 [ERROR] ConditionMgr:805 - Attr not supported : Dmpu
2024-07-21 18:37:49,956 [ERROR] ConditionMgr:805 - Attr not supported : Dmpu
2024-07-21 18:37:49,956 [ERROR] ConditionMgr:805 - Attr not supported : Dmpu
2024-07-21 18:37:49,956 [ERROR] ConditionMgr:805 - Attr not supported : Dmpu
2024-07-21 18:37:49,956 [ERROR] ConditionMgr:805 - Attr not supported : Dmpu
2024-07-21 18:37:49,956 [ERROR] ConditionMgr:805 - Attr not supported : Dmpu
2024-07-21 18:37:49,956 [ERROR] ConditionMgr:805 - Attr not supported : Dmpu
2024-07-21 18:37:49,956 [ERROR] ConditionMgr:805 - Attr not supported : Dmpu
2024-07-21 18:37:49,956 [ERROR] ConditionMgr:805 - Attr not supported : Dmpu
2024-07-21 18:37:49,956 [ERROR] ConditionMgr:805 - Attr not supported : Dmpu
2024-07-21 18:37:49,956 [ERROR] ConditionMgr:805 - Attr not supported : Dmpu
2024-07-21 18:37:49,956 [ERROR] ConditionMgr:805 - Attr not supported : Dmpu
2024-07-21 18:37:49,956 [ERROR] ConditionMgr:805 - Attr not supported : Dmpu
2024-07-21 18:37:49,956 [ERROR] ConditionMgr:805 - Attr not supported : Dmpu
2024-07-21 18:37:49,956 [ERROR] ConditionMgr:805 - Attr not supported : Dmpu
2024-07-21 18:37:49,956 [ERROR] ConditionMgr:805 - Attr not supported : Dmpu
2024-07-21 18:37:49,956 [ERROR] ConditionMgr:805 - Attr not supported : Dmpu
2024-07-21 18:37:49,956 [ERROR] ConditionMgr:805 - Attr not supported : Dmpu
2024-07-21 18:37:49,957 [ERROR] ConditionMgr:805 - Attr not supported : Dmpu
2024-07-21 18:37:49,976 [WARN] PackLoader:240 - Cannot read IP mode file for RealThread.X-CUBE-RT-Thread_Nano.4.1.1
2024-07-21 18:37:49,990 [WARN] PackLoader:240 - Cannot read IP mode file for wolfSSL.I-CUBE-wolfSSL.5.7.0
2024-07-21 18:37:50,003 [WARN] PackLoader:240 - Cannot read IP mode file for STMicroelectronics.FP-ATR-SIGFOX1.3.2.0
2024-07-21 18:37:50,022 [WARN] PackLoader:240 - Cannot read IP mode file for STMicroelectronics.X-CUBE-EEPRMA1.5.1.0
2024-07-21 18:37:50,039 [WARN] PackLoader:240 - Cannot read IP mode file for ITTIA_DB.I-CUBE-ITTIADB.8.9.0
2024-07-21 18:37:50,085 [WARN] PackLoader:240 - Cannot read IP mode file for SEGGER.I-CUBE-embOS.1.3.1
2024-07-21 18:37:50,170 [WARN] PackLoader:240 - Cannot read IP mode file for STMicroelectronics.X-CUBE-ALGOBUILD.1.4.0
2024-07-21 18:37:50,191 [WARN] PackLoader:240 - Cannot read IP mode file for STMicroelectronics.X-CUBE-GNSS1.6.0.0
2024-07-21 18:37:50,244 [WARN] PackLoader:240 - Cannot read IP mode file for STMicroelectronics.X-CUBE-AZRTOS-F4.1.1.0
2024-07-21 18:37:50,275 [WARN] PackLoader:240 - Cannot read IP mode file for STMicroelectronics.X-CUBE-FREERTOS.1.2.0
2024-07-21 18:37:50,328 [WARN] PackLoader:240 - Cannot read IP mode file for STMicroelectronics.X-CUBE-AZRTOS-L5.2.0.0
2024-07-21 18:37:50,363 [WARN] PackLoader:240 - Cannot read IP mode file for STMicroelectronics.X-CUBE-NFC6.3.1.0
2024-07-21 18:37:50,383 [WARN] PackLoader:240 - Cannot read IP mode file for STMicroelectronics.X-CUBE-DPower.1.2.0
2024-07-21 18:37:50,404 [WARN] PackLoader:240 - Cannot read IP mode file for STMicroelectronics.X-CUBE-AI.9.0.0
2024-07-21 18:37:50,421 [WARN] PackLoader:240 - Cannot read IP mode file for STMicroelectronics.X-CUBE-NFC7.1.0.1
2024-07-21 18:37:50,437 [WARN] PackLoader:240 - Cannot read IP mode file for wolfSSL.I-CUBE-wolfTPM.3.2.0
2024-07-21 18:37:50,475 [WARN] ConditionMgr:438 - getConditionDescription Invalid condition id : LAN8742 Phy interface Condition cause : null
2024-07-21 18:37:50,477 [WARN] PackLoader:240 - Cannot read IP mode file for STMicroelectronics.X-CUBE-AZRTOS-L4.2.0.0
2024-07-21 18:37:50,478 [WARN] ConditionMgr:1039 - genDependencies : Invalid condition id : LAN8742 Phy interface Condition cause : null
2024-07-21 18:37:50,479 [WARN] ConditionMgr:1039 - genDependencies : Invalid condition id : LAN8742 Phy interface Condition cause : null
2024-07-21 18:37:50,479 [WARN] ConditionMgr:1039 - genDependencies : Invalid condition id : LAN8742 Phy interface Condition cause : null
2024-07-21 18:37:50,498 [WARN] PackLoader:240 - Cannot read IP mode file for STMicroelectronics.X-CUBE-SFXS2LP1.4.0.0
2024-07-21 18:37:50,526 [WARN] ConditionMgr:438 - getConditionDescription Invalid condition id : UX DEVICE CLASS RTOS Condition cause : null
2024-07-21 18:37:50,527 [WARN] ConditionMgr:438 - getConditionDescription Invalid condition id : UX DEVICE CLASS RTOS Condition cause : null
2024-07-21 18:37:50,528 [WARN] PackLoader:240 - Cannot read IP mode file for STMicroelectronics.X-CUBE-AZRTOS-WB.2.0.0
2024-07-21 18:37:50,529 [WARN] ConditionMgr:1039 - genDependencies : Invalid condition id : UX DEVICE CLASS RTOS Condition cause : null
2024-07-21 18:37:50,529 [WARN] ConditionMgr:1039 - genDependencies : Invalid condition id : UX DEVICE CLASS RTOS Condition cause : null
2024-07-21 18:37:50,529 [WARN] ConditionMgr:1039 - genDependencies : Invalid condition id : UX DEVICE CLASS RTOS Condition cause : null
2024-07-21 18:37:50,529 [WARN] ConditionMgr:1039 - genDependencies : Invalid condition id : UX DEVICE CLASS RTOS Condition cause : null
2024-07-21 18:37:50,529 [WARN] ConditionMgr:1039 - genDependencies : Invalid condition id : UX DEVICE CLASS RTOS Condition cause : null
2024-07-21 18:37:50,550 [WARN] PackLoader:240 - Cannot read IP mode file for STMicroelectronics.X-CUBE-SUBG2.5.0.0
2024-07-21 18:37:50,589 [WARN] PackLoader:240 - Cannot read IP mode file for STMicroelectronics.X-CUBE-AZRTOS-G4.2.0.0
2024-07-21 18:37:50,608 [WARN] PackLoader:240 - Cannot read IP mode file for STMicroelectronics.X-CUBE-ISPU.2.0.0
2024-07-21 18:37:50,624 [WARN] PackLoader:240 - Cannot read IP mode file for STMicroelectronics.X-CUBE-ALS.1.0.2
2024-07-21 18:37:50,697 [WARN] PackLoader:240 - Cannot read IP mode file for STMicroelectronics.X-CUBE-MEMS1.10.0.0
2024-07-21 18:37:50,800 [WARN] PackLoader:240 - Cannot read IP mode file for STMicroelectronics.X-CUBE-FREERTOS.1.1.0
2024-07-21 18:37:50,815 [WARN] PackLoader:240 - Cannot read IP mode file for STMicroelectronics.X-CUBE-TOUCHGFX.4.24.0
2024-07-21 18:37:50,833 [WARN] PackLoader:240 - Cannot read IP mode file for portGmbH.I-Cube-SoM-uGOAL.1.1.0
2024-07-21 18:37:50,847 [WARN] PackLoader:240 - Cannot read IP mode file for STMicroelectronics.X-CUBE-ALS.1.0.1
2024-07-21 18:37:50,883 [WARN] PackLoader:240 - Cannot read IP mode file for STMicroelectronics.X-CUBE-AZRTOS-H7RS.1.0.0
2024-07-21 18:37:50,902 [WARN] PackLoader:240 - Cannot read IP mode file for STMicroelectronics.FP-ATR-ASTRA1.2.0.0
2024-07-21 18:37:50,938 [WARN] PackLoader:240 - Cannot read IP mode file for STMicroelectronics.X-CUBE-TOF1.3.4.1
2024-07-21 18:37:51,006 [WARN] PackLoader:240 - Cannot read IP mode file for STMicroelectronics.X-CUBE-AZRTOS-H7.3.2.0
2024-07-21 18:37:51,047 [WARN] PackLoader:240 - Cannot read IP mode file for Infineon.AIROC-Wi-Fi-Bluetooth-STM32.1.6.0
2024-07-21 18:37:51,072 [WARN] PackLoader:240 - Cannot read IP mode file for wolfSSL.I-CUBE-wolfSSH.1.4.17
2024-07-21 18:37:51,074 [INFO] ThirdParty:978 - Integrity check success = true
2024-07-21 18:37:51,074 [INFO] IntegrityCheckThread:100 - exiting critical section [integrity check]
2024-07-21 18:37:51,074 [INFO] IntegrityCheckThread:103 - End integrity checks thread
2024-07-21 18:37:52,323 [INFO] WebApp:161 - Instantiating new browser for Auth
2024-07-21 18:37:53,783 [INFO] WebApp:779 - Register for checkConnection events
2024-07-21 18:37:53,784 [INFO] WebApp:414 - Apply proxy settings
2024-07-21 18:37:53,784 [INFO] WebApp:499 - Chromium requires no authentication
2024-07-21 18:37:53,798 [INFO] WebApp:442 - Direct internet connection detected
2024-07-21 18:37:54,175 [INFO] WebApp:192 - Starting web application
2024-07-21 18:37:54,175 [INFO] WebApp:544 - Web application path used C:\ST\STM32CubeIDE_1.15.0\STM32CubeIDE\plugins\com.st.stm32cube.common.mx_6.11.0.202403141607\db\plugins\mcufinder\reactClient1\index.html
2024-07-21 19:14:25,444 [ERROR] LogOutputStream:75 - [STDERR_REDIRECT] 
2024-07-21 19:14:25,445 [ERROR] LogOutputStream:75 - [STDERR_REDIRECT] 
