2024-11-26 21:19:51,325 [INFO] Activator:176 - 


2024-11-26 21:19:51,333 [INFO] Activator:177 - !SESSION log4j initialized
2024-11-26 21:19:58,487 [INFO] LogOutputStream:77 - [STDOUT_REDIRECT] 
2024-11-26 21:20:04,797 [INFO] ApplicationProperties:184 - Using Application install path: C:\ST\STM32CubeIDE_1.15.0\STM32CubeIDE\plugins\com.st.stm32cube.common.mx_6.11.0.202403141607
2024-11-26 21:20:04,827 [INFO] DbMcusXml:78 - Set database path to: C:\ST\STM32CubeIDE_1.15.0\STM32CubeIDE\plugins\com.st.stm32cube.common.mx_6.11.0.202403141607\\db\/mcu/
2024-11-26 21:20:04,827 [INFO] ApiDb:274 - Set plugin database path to: C:\ST\STM32CubeIDE_1.15.0\STM32CubeIDE\plugins\com.st.stm32cube.common.mx_6.11.0.202403141607\\db\/plugins/boardmanager/
2024-11-26 21:20:04,828 [WARN] ApiDb:259 - Overriding images path with different value:  => C:\ST\STM32CubeIDE_1.15.0\STM32CubeIDE\plugins\com.st.stm32cube.common.mx_6.11.0.202403141607\\db\/plugins/mcufinder/images/
2024-11-26 21:20:04,842 [INFO] ApiDb:250 - Set database path to: C:\Users\BASAVARAJ\.stmcufinder\plugins\mcufinder//mcu/
2024-11-26 21:20:04,843 [INFO] DbMcusAds:125 - Set database path to: C:\Users\BASAVARAJ\.stmcufinder\plugins\mcufinder//mcu/
2024-11-26 21:20:04,846 [INFO] CrossReferenceDbSqlite:203 - Set database path to: C:\Users\BASAVARAJ\.stmcufinder\plugins\mcufinder//mcu/cs/
2024-11-26 21:20:05,108 [INFO] RulesReader:64 - Compatibility file has been processed (297 Rules)
2024-11-26 21:20:05,244 [INFO] DbMcusXml:78 - Set database path to: C:\ST\STM32CubeIDE_1.15.0\STM32CubeIDE\plugins\com.st.stm32cube.common.mx_6.11.0.202403141607\\db\/mcu/
2024-11-26 21:20:05,244 [INFO] ApiDb:274 - Set plugin database path to: C:\ST\STM32CubeIDE_1.15.0\STM32CubeIDE\plugins\com.st.stm32cube.common.mx_6.11.0.202403141607\\db\/plugins/boardmanager/
2024-11-26 21:20:05,244 [INFO] ApiDb:261 - Set plugin images path to: C:\ST\STM32CubeIDE_1.15.0\STM32CubeIDE\plugins\com.st.stm32cube.common.mx_6.11.0.202403141607\\db\/plugins/mcufinder/images/
2024-11-26 21:20:05,245 [WARN] DbFile:41 - Overriding database path with different value: C:\Users\BASAVARAJ\.stmcufinder\plugins\mcufinder/ => C:\Users\BASAVARAJ\.stmcufinder\plugins\mcufinder
2024-11-26 21:20:05,245 [INFO] ApiDb:250 - Set database path to: C:\Users\BASAVARAJ\.stmcufinder\plugins\mcufinder//mcu/
2024-11-26 21:20:05,245 [WARN] DbFile:41 - Overriding database path with different value: C:\Users\BASAVARAJ\.stmcufinder\plugins\mcufinder/ => C:\Users\BASAVARAJ\.stmcufinder\plugins\mcufinder
2024-11-26 21:20:05,245 [INFO] DbMcusAds:125 - Set database path to: C:\Users\BASAVARAJ\.stmcufinder\plugins\mcufinder//mcu/
2024-11-26 21:20:05,245 [WARN] DbFile:41 - Overriding database path with different value: C:\Users\BASAVARAJ\.stmcufinder\plugins\mcufinder/ => C:\Users\BASAVARAJ\.stmcufinder\plugins\mcufinder
2024-11-26 21:20:05,245 [WARN] DbFile:41 - Overriding database path with different value: C:\Users\BASAVARAJ\.stmcufinder\plugins\mcufinder/ => C:\Users\BASAVARAJ\.stmcufinder\plugins\mcufinder
2024-11-26 21:20:05,245 [INFO] CrossReferenceDbSqlite:203 - Set database path to: C:\Users\BASAVARAJ\.stmcufinder\plugins\mcufinder//mcu/cs/
2024-11-26 21:20:05,356 [INFO] MainPanel:264 - HeapMemory: 268435456
2024-11-26 21:20:05,517 [INFO] DbMcusXml:78 - Set database path to: C:\ST\STM32CubeIDE_1.15.0\STM32CubeIDE\plugins\com.st.stm32cube.common.mx_6.11.0.202403141607\\db\/mcu/
2024-11-26 21:20:05,518 [INFO] ApiDb:274 - Set plugin database path to: C:\ST\STM32CubeIDE_1.15.0\STM32CubeIDE\plugins\com.st.stm32cube.common.mx_6.11.0.202403141607\\db\/plugins/boardmanager/
2024-11-26 21:20:05,518 [INFO] ApiDb:261 - Set plugin images path to: C:\ST\STM32CubeIDE_1.15.0\STM32CubeIDE\plugins\com.st.stm32cube.common.mx_6.11.0.202403141607\\db\/plugins/mcufinder/images/
2024-11-26 21:20:05,518 [WARN] DbFile:41 - Overriding database path with different value: C:\Users\BASAVARAJ\.stmcufinder\plugins\mcufinder/ => C:\Users\BASAVARAJ\.stmcufinder\plugins\mcufinder
2024-11-26 21:20:05,518 [INFO] ApiDb:250 - Set database path to: C:\Users\BASAVARAJ\.stmcufinder\plugins\mcufinder//mcu/
2024-11-26 21:20:05,518 [WARN] DbFile:41 - Overriding database path with different value: C:\Users\BASAVARAJ\.stmcufinder\plugins\mcufinder/ => C:\Users\BASAVARAJ\.stmcufinder\plugins\mcufinder
2024-11-26 21:20:05,518 [INFO] DbMcusAds:125 - Set database path to: C:\Users\BASAVARAJ\.stmcufinder\plugins\mcufinder//mcu/
2024-11-26 21:20:05,518 [WARN] DbFile:41 - Overriding database path with different value: C:\Users\BASAVARAJ\.stmcufinder\plugins\mcufinder/ => C:\Users\BASAVARAJ\.stmcufinder\plugins\mcufinder
2024-11-26 21:20:05,518 [WARN] DbFile:41 - Overriding database path with different value: C:\Users\BASAVARAJ\.stmcufinder\plugins\mcufinder/ => C:\Users\BASAVARAJ\.stmcufinder\plugins\mcufinder
2024-11-26 21:20:05,518 [INFO] CrossReferenceDbSqlite:203 - Set database path to: C:\Users\BASAVARAJ\.stmcufinder\plugins\mcufinder//mcu/cs/
2024-11-26 21:20:05,543 [INFO] ApplicationProperties:184 - Using Application install path: C:\ST\STM32CubeIDE_1.15.0\STM32CubeIDE\plugins\com.st.stm32cube.common.mx_6.11.0.202403141607
2024-11-26 21:20:05,547 [INFO] PluginManage:196 - Search for loadable plugins [exclusion list=, ]
2024-11-26 21:20:05,550 [INFO] PluginManage:310 - Check plugin analytics
2024-11-26 21:20:05,755 [INFO] AnalyticsPlugin:253 - Accepted Software Licenses: 
2024-11-26 21:20:05,755 [INFO] AnalyticsPlugin:255 - Accepted CMSIS Pack Licenses: 
2024-11-26 21:20:05,756 [INFO] AnalyticsPlugin:257 - Accepted Firmware Licenses: FW.F4.1.28.0
2024-11-26 21:20:05,759 [INFO] PluginManage:359 - Loaded plugin analytics (category:tool,tabindex:-1)
2024-11-26 21:20:05,759 [INFO] PluginManage:310 - Check plugin cadmodel
2024-11-26 21:20:05,768 [INFO] CADModel:105 - Init CAD model plugin
2024-11-26 21:20:05,768 [INFO] PluginManage:359 - Loaded plugin cadmodel (category:power,tabindex:5)
2024-11-26 21:20:05,769 [INFO] PluginManage:310 - Check plugin clock
2024-11-26 21:20:05,790 [INFO] PluginManage:359 - Loaded plugin clock (category:base,tabindex:2)
2024-11-26 21:20:05,790 [INFO] PluginManage:310 - Check plugin ddr
2024-11-26 21:20:05,794 [INFO] PluginManage:359 - Loaded plugin ddr (category:tool,tabindex:6)
2024-11-26 21:20:05,794 [INFO] PluginManage:310 - Check plugin filemanager
2024-11-26 21:20:06,119 [INFO] PluginManage:359 - Loaded plugin filemanager (category:base,tabindex:10)
2024-11-26 21:20:06,120 [INFO] PluginManage:310 - Check plugin ipmanager
2024-11-26 21:20:06,131 [INFO] PluginManage:359 - Loaded plugin ipmanager (category:base,tabindex:5)
2024-11-26 21:20:06,132 [INFO] PluginManage:310 - Check plugin lpbam
2024-11-26 21:20:06,146 [INFO] PluginManage:359 - Loaded plugin lpbam (category:base,tabindex:0)
2024-11-26 21:20:06,146 [INFO] PluginManage:310 - Check plugin memorymap
2024-11-26 21:20:06,195 [INFO] PluginManage:359 - Loaded plugin memorymap (category:base,tabindex:4)
2024-11-26 21:20:06,195 [INFO] PluginManage:310 - Check plugin pinoutandconfiguration
2024-11-26 21:20:06,210 [INFO] PluginManage:359 - Loaded plugin pinoutandconfiguration (category:base,tabindex:1)
2024-11-26 21:20:06,210 [INFO] PluginManage:310 - Check plugin pinoutconfig
2024-11-26 21:20:06,363 [WARN] SupportedApi:132 - Cannot load RTOS API schema: s4s-elt-must-match.1: The content of 'definitions' must match (annotation?, (simpleType | complexType)?, (unique | key | keyref)*)). A problem was found starting at: attribute.
2024-11-26 21:20:06,609 [INFO] PluginManage:359 - Loaded plugin pinoutconfig (category:base,tabindex:0)
2024-11-26 21:20:06,610 [INFO] PluginManage:310 - Check plugin power
2024-11-26 21:20:06,622 [INFO] PluginManage:359 - Loaded plugin power (category:power,tabindex:4)
2024-11-26 21:20:06,622 [INFO] PluginManage:310 - Check plugin projectmanager
2024-11-26 21:20:06,646 [INFO] PluginManage:359 - Loaded plugin projectmanager (category:projectmanager,tabindex:3)
2024-11-26 21:20:06,647 [INFO] PluginManage:310 - Check plugin thirdparty
2024-11-26 21:20:06,896 [INFO] PluginManage:359 - Loaded plugin thirdparty (category:base,tabindex:-1)
2024-11-26 21:20:06,896 [INFO] PluginManage:310 - Check plugin tools
2024-11-26 21:20:06,896 [WARN] IntegrityCheckThread:84 - waiting for thirdparty lock release [integrity check]
2024-11-26 21:20:06,897 [INFO] IntegrityCheckThread:86 - entering critical section [integrity check]
2024-11-26 21:20:06,898 [INFO] ThirdPartyUpdaterWithRetryManager:70 - Updater plugin not ready yet. [1/15]
2024-11-26 21:20:06,901 [INFO] PluginManage:359 - Loaded plugin tools (category:base,tabindex:7)
2024-11-26 21:20:06,902 [INFO] PluginManage:310 - Check plugin tutovideos
2024-11-26 21:20:07,238 [INFO] PluginManage:359 - Loaded plugin tutovideos (category:base,tabindex:-1)
2024-11-26 21:20:07,238 [INFO] PluginManage:310 - Check plugin updater
2024-11-26 21:20:07,261 [INFO] PluginManage:359 - Loaded plugin updater (category:base,tabindex:12)
2024-11-26 21:20:07,261 [INFO] PluginManage:310 - Check plugin userauth
2024-11-26 21:20:07,272 [INFO] UserAuth:114 - Init User Auth plugin
2024-11-26 21:20:07,272 [INFO] PluginManage:359 - Loaded plugin userauth (category:base,tabindex:14)
2024-11-26 21:20:07,274 [INFO] PluginManage:283 - PluginManage : Loaded plugins [17]
2024-11-26 21:20:07,651 [INFO] PinOutPanel:1561 - setPackage(No Configuration,No Configuration)
2024-11-26 21:20:07,778 [INFO] CADModel:165 - CPN selected for project level
2024-11-26 21:20:07,778 [INFO] CADModel:114 - Register for checkConnection events
2024-11-26 21:20:07,807 [INFO] IPUIPlugin:80 - create IPUIPlugin
2024-11-26 21:20:07,807 [INFO] PluginManager:220 - loadIPPluginJar : add adc
2024-11-26 21:20:07,814 [INFO] IPUIPlugin:80 - create IPUIPlugin
2024-11-26 21:20:07,815 [INFO] PluginManager:220 - loadIPPluginJar : add aes
2024-11-26 21:20:07,818 [INFO] IPUIPlugin:80 - create IPUIPlugin
2024-11-26 21:20:07,818 [INFO] PluginManager:220 - loadIPPluginJar : add can
2024-11-26 21:20:07,821 [INFO] IPUIPlugin:80 - create IPUIPlugin
2024-11-26 21:20:07,821 [INFO] PluginManager:220 - loadIPPluginJar : add comp
2024-11-26 21:20:07,825 [INFO] IPUIPlugin:80 - create IPUIPlugin
2024-11-26 21:20:07,825 [INFO] PluginManager:220 - loadIPPluginJar : add cryp
2024-11-26 21:20:07,828 [INFO] IPUIPlugin:80 - create IPUIPlugin
2024-11-26 21:20:07,828 [INFO] PluginManager:220 - loadIPPluginJar : add dfsdm
2024-11-26 21:20:07,837 [INFO] IPUIPlugin:80 - create IPUIPlugin
2024-11-26 21:20:07,837 [INFO] PluginManager:220 - loadIPPluginJar : add dma
2024-11-26 21:20:07,842 [INFO] IPUIPlugin:80 - create IPUIPlugin
2024-11-26 21:20:07,843 [INFO] PluginManager:220 - loadIPPluginJar : add dma3
2024-11-26 21:20:07,851 [INFO] IPUIPlugin:80 - create IPUIPlugin
2024-11-26 21:20:07,851 [INFO] PluginManager:220 - loadIPPluginJar : add extmemmanager
2024-11-26 21:20:07,853 [INFO] IPUIPlugin:80 - create IPUIPlugin
2024-11-26 21:20:07,853 [INFO] PluginManager:220 - loadIPPluginJar : add fatfs
2024-11-26 21:20:07,857 [INFO] IPUIPlugin:80 - create IPUIPlugin
2024-11-26 21:20:07,857 [INFO] PluginManager:220 - loadIPPluginJar : add fmc
2024-11-26 21:20:07,863 [INFO] IPUIPlugin:80 - create IPUIPlugin
2024-11-26 21:20:07,864 [INFO] PluginManager:220 - loadIPPluginJar : add freertos
2024-11-26 21:20:07,866 [INFO] IPUIPlugin:80 - create IPUIPlugin
2024-11-26 21:20:07,866 [INFO] PluginManager:220 - loadIPPluginJar : add genericplugin
2024-11-26 21:20:07,869 [INFO] IPUIPlugin:80 - create IPUIPlugin
2024-11-26 21:20:07,869 [INFO] PluginManager:220 - loadIPPluginJar : add gfxmmu
2024-11-26 21:20:07,877 [INFO] IPUIPlugin:80 - create IPUIPlugin
2024-11-26 21:20:07,877 [INFO] PluginManager:220 - loadIPPluginJar : add gic
2024-11-26 21:20:07,883 [INFO] IPUIPlugin:80 - create IPUIPlugin
2024-11-26 21:20:07,884 [INFO] PluginManager:220 - loadIPPluginJar : add gpio
2024-11-26 21:20:07,894 [INFO] IPUIPlugin:80 - create IPUIPlugin
2024-11-26 21:20:07,895 [INFO] PluginManager:220 - loadIPPluginJar : add gtzc
2024-11-26 21:20:07,898 [INFO] IPUIPlugin:80 - create IPUIPlugin
2024-11-26 21:20:07,899 [INFO] PluginManager:220 - loadIPPluginJar : add hash
2024-11-26 21:20:07,902 [INFO] IPUIPlugin:80 - create IPUIPlugin
2024-11-26 21:20:07,902 [INFO] PluginManager:220 - loadIPPluginJar : add i2c
2024-11-26 21:20:07,908 [INFO] IPUIPlugin:80 - create IPUIPlugin
2024-11-26 21:20:07,908 [INFO] PluginManager:220 - loadIPPluginJar : add i2s
2024-11-26 21:20:07,913 [INFO] IPUIPlugin:80 - create IPUIPlugin
2024-11-26 21:20:07,913 [INFO] PluginManager:220 - loadIPPluginJar : add i3c
2024-11-26 21:20:07,938 [INFO] IPUIPlugin:80 - create IPUIPlugin
2024-11-26 21:20:07,938 [INFO] PluginManager:220 - loadIPPluginJar : add ipddr
2024-11-26 21:20:07,955 [INFO] IPUIPlugin:80 - create IPUIPlugin
2024-11-26 21:20:07,955 [INFO] PluginManager:220 - loadIPPluginJar : add linkedlist
2024-11-26 21:20:07,961 [INFO] IPUIPlugin:80 - create IPUIPlugin
2024-11-26 21:20:07,961 [INFO] PluginManager:220 - loadIPPluginJar : add lorawan
2024-11-26 21:20:07,964 [INFO] IPUIPlugin:80 - create IPUIPlugin
2024-11-26 21:20:07,964 [INFO] PluginManager:220 - loadIPPluginJar : add ltdc
2024-11-26 21:20:07,974 [INFO] IPUIPlugin:80 - create IPUIPlugin
2024-11-26 21:20:07,974 [INFO] PluginManager:220 - loadIPPluginJar : add mdma
2024-11-26 21:20:07,986 [INFO] IPUIPlugin:80 - create IPUIPlugin
2024-11-26 21:20:07,986 [INFO] PluginManager:220 - loadIPPluginJar : add nvic
2024-11-26 21:20:07,995 [INFO] IPUIPlugin:80 - create IPUIPlugin
2024-11-26 21:20:07,995 [INFO] PluginManager:220 - loadIPPluginJar : add opamp
2024-11-26 21:20:08,000 [INFO] IPUIPlugin:80 - create IPUIPlugin
2024-11-26 21:20:08,000 [INFO] PluginManager:220 - loadIPPluginJar : add openamp
2024-11-26 21:20:08,007 [INFO] IPUIPlugin:80 - create IPUIPlugin
2024-11-26 21:20:08,007 [INFO] PluginManager:220 - loadIPPluginJar : add pdm2pcm
2024-11-26 21:20:08,016 [INFO] IPUIPlugin:80 - create IPUIPlugin
2024-11-26 21:20:08,020 [INFO] PluginManager:220 - loadIPPluginJar : add plateformsettings
2024-11-26 21:20:08,023 [INFO] IPUIPlugin:80 - create IPUIPlugin
2024-11-26 21:20:08,023 [INFO] PluginManager:220 - loadIPPluginJar : add quadspi
2024-11-26 21:20:08,030 [INFO] IPUIPlugin:80 - create IPUIPlugin
2024-11-26 21:20:08,030 [INFO] PluginManager:220 - loadIPPluginJar : add resmgrutility
2024-11-26 21:20:08,037 [INFO] IPUIPlugin:80 - create IPUIPlugin
2024-11-26 21:20:08,037 [INFO] PluginManager:220 - loadIPPluginJar : add sai
2024-11-26 21:20:08,042 [INFO] IPUIPlugin:80 - create IPUIPlugin
2024-11-26 21:20:08,042 [INFO] PluginManager:220 - loadIPPluginJar : add spi
2024-11-26 21:20:08,051 [INFO] IPUIPlugin:80 - create IPUIPlugin
2024-11-26 21:20:08,051 [INFO] PluginManager:220 - loadIPPluginJar : add stm32_wpan
2024-11-26 21:20:08,054 [INFO] IPUIPlugin:80 - create IPUIPlugin
2024-11-26 21:20:08,054 [INFO] PluginManager:220 - loadIPPluginJar : add tim
2024-11-26 21:20:08,058 [INFO] IPUIPlugin:80 - create IPUIPlugin
2024-11-26 21:20:08,058 [INFO] PluginManager:220 - loadIPPluginJar : add touchsensing
2024-11-26 21:20:08,062 [INFO] IPUIPlugin:80 - create IPUIPlugin
2024-11-26 21:20:08,062 [INFO] PluginManager:220 - loadIPPluginJar : add tracer_emb
2024-11-26 21:20:08,065 [INFO] IPUIPlugin:80 - create IPUIPlugin
2024-11-26 21:20:08,065 [INFO] PluginManager:220 - loadIPPluginJar : add ts
2024-11-26 21:20:08,069 [INFO] IPUIPlugin:80 - create IPUIPlugin
2024-11-26 21:20:08,069 [INFO] PluginManager:220 - loadIPPluginJar : add tsc
2024-11-26 21:20:08,072 [INFO] IPUIPlugin:80 - create IPUIPlugin
2024-11-26 21:20:08,072 [INFO] PluginManager:220 - loadIPPluginJar : add ucpd
2024-11-26 21:20:08,076 [INFO] IPUIPlugin:80 - create IPUIPlugin
2024-11-26 21:20:08,076 [INFO] PluginManager:220 - loadIPPluginJar : add usart
2024-11-26 21:20:08,084 [INFO] IPUIPlugin:80 - create IPUIPlugin
2024-11-26 21:20:08,084 [INFO] PluginManager:220 - loadIPPluginJar : add usbx
2024-11-26 21:20:08,238 [INFO] CADModel:165 - CPN selected for project level
2024-11-26 21:20:08,238 [INFO] CADModel:114 - Register for checkConnection events
2024-11-26 21:20:08,238 [FATAL] Updater:308 - Updater called before beeing initialized
2024-11-26 21:20:08,238 [ERROR] CADModel:125 - Updater not yet initialized, retry later 
2024-11-26 21:20:08,462 [INFO] CADModel:165 - CPN selected for project level
2024-11-26 21:20:08,462 [INFO] CADModel:114 - Register for checkConnection events
2024-11-26 21:20:08,462 [FATAL] Updater:308 - Updater called before beeing initialized
2024-11-26 21:20:08,463 [ERROR] CADModel:125 - Updater not yet initialized, retry later 
2024-11-26 21:20:08,468 [FATAL] Updater:308 - Updater called before beeing initialized
2024-11-26 21:20:08,634 [FATAL] Updater:308 - Updater called before beeing initialized
2024-11-26 21:20:08,648 [INFO] DbMcusAds:53 - JSON generation date=Fri Sep 20 18:34:38 IST 2024 (1726837478367)
2024-11-26 21:20:08,648 [FATAL] Updater:308 - Updater called before beeing initialized
2024-11-26 21:20:08,713 [WARN] DetailPanel:346 - Failed to get advertising image, set to default
2024-11-26 21:20:08,861 [FATAL] Updater:308 - Updater called before beeing initialized
2024-11-26 21:20:08,864 [FATAL] Updater:308 - Updater called before beeing initialized
2024-11-26 21:20:08,864 [FATAL] Updater:308 - Updater called before beeing initialized
2024-11-26 21:20:08,864 [WARN] DetailPanel:346 - Failed to get advertising image, set to default
2024-11-26 21:20:08,865 [FATAL] Updater:308 - Updater called before beeing initialized
2024-11-26 21:20:08,920 [ERROR] Updater:1120 - MainUpdater not yet initialized. External WinMGr cannot be set.
2024-11-26 21:20:08,924 [INFO] Updater:1056 - Updater Version found : 6.11.0
2024-11-26 21:20:08,972 [INFO] ApplicationProperties:184 - Using Application install path: C:\ST\STM32CubeIDE_1.15.0\STM32CubeIDE\plugins\com.st.stm32cube.common.mx_6.11.0.202403141607
2024-11-26 21:20:09,900 [INFO] ThirdPartyUpdaterWithRetryManager:70 - Updater plugin not ready yet. [2/15]
2024-11-26 21:20:10,560 [ERROR] LogOutputStream:75 - [STDERR_REDIRECT] Nov 26, 2024 9:20:10 PM java.util.prefs.WindowsPreferences <init>
2024-11-26 21:20:10,562 [ERROR] LogOutputStream:75 - [STDERR_REDIRECT] WARNING: Could not open/create prefs root node Software\JavaSoft\Prefs at root 0xffffffff80000002. Windows RegCreateKeyEx(...) returned error code 5.
2024-11-26 21:20:10,562 [ERROR] LogOutputStream:75 - [STDERR_REDIRECT] 
2024-11-26 21:20:11,279 [INFO] MainUpdater:2873 - connection check result : 10
2024-11-26 21:20:11,280 [INFO] MainUpdater:290 - Updater Check For Update Now.
2024-11-26 21:20:11,280 [INFO] MicroXplorer:498 - Change Database Version : DB.6.0.110
2024-11-26 21:20:11,288 [INFO] McuFinderGlobals:63 - Set McuFinder mode to 2 (CubeIDE integrated)
2024-11-26 21:20:11,289 [INFO] UserAuth:179 - activating auth plugin
2024-11-26 21:20:11,292 [INFO] UserAuth:415 - Internet connection configuration mode: 1
2024-11-26 21:20:11,333 [INFO] JxBrowserEngine:152 - Initiate JxBrowser Engine with user profile folder
2024-11-26 21:20:11,521 [INFO] CheckServerUpdateThread:120 - End of CheckServer Thread
2024-11-26 21:20:14,218 [WARN] PackLoader:240 - Cannot read IP mode file for STMicroelectronics.FP-SNS-MOTENVWB1.1.4.0
2024-11-26 21:20:14,235 [WARN] PackLoader:240 - Cannot read IP mode file for STMicroelectronics.FP-ATR-ASTRA1.2.0.1
2024-11-26 21:20:14,256 [WARN] PackLoader:240 - Cannot read IP mode file for STMicroelectronics.X-CUBE-SMBUS.2.1.0
2024-11-26 21:20:14,273 [WARN] PackLoader:240 - Cannot read IP mode file for STMicroelectronics.X-CUBE-WB05N.1.1.0
2024-11-26 21:20:14,283 [WARN] PackLoader:240 - Cannot read IP mode file for STMicroelectronics.X-CUBE-TOUCHGFX.4.23.2
2024-11-26 21:20:14,334 [WARN] PackLoader:240 - Cannot read IP mode file for STMicroelectronics.X-CUBE-AZRTOS-F7.1.1.0
2024-11-26 21:20:14,440 [WARN] PackLoader:240 - Cannot read IP mode file for STMicroelectronics.X-CUBE-MEMS1.11.0.0
2024-11-26 21:20:14,644 [INFO] WebApp:161 - Instantiating new browser for Auth
2024-11-26 21:20:14,649 [WARN] PackLoader:240 - Cannot read IP mode file for STMicroelectronics.FP-SNS-FLIGHT1.5.0.2
2024-11-26 21:20:14,661 [WARN] PackLoader:240 - Cannot read IP mode file for STMicroelectronics.X-CUBE-DISPLAY.3.0.0
2024-11-26 21:20:14,675 [WARN] PackLoader:240 - Cannot read IP mode file for STMicroelectronics.X-CUBE-BLE1.7.0.0
2024-11-26 21:20:14,687 [WARN] PackLoader:240 - Cannot read IP mode file for STMicroelectronics.X-CUBE-NFC10.1.0.0
2024-11-26 21:20:14,697 [WARN] PackLoader:240 - Cannot read IP mode file for emotas.I-CUBE-CANOPEN.1.3.0
2024-11-26 21:20:14,711 [WARN] PackLoader:240 - Cannot read IP mode file for STMicroelectronics.X-CUBE-BLEMGR.3.1.0
2024-11-26 21:20:14,724 [WARN] PackLoader:240 - Cannot read IP mode file for STMicroelectronics.FP-SNS-SMARTAG2.1.2.0
2024-11-26 21:20:14,737 [INFO] LogOutputStream:77 - [STDOUT_REDIRECT] 1 : Invalid condition id : UX_CORESTACK_Condition cause : null
2024-11-26 21:20:14,739 [INFO] LogOutputStream:77 - [STDOUT_REDIRECT] 1 : Invalid condition id : UX_CORESTACK_Condition cause : null
2024-11-26 21:20:14,740 [INFO] LogOutputStream:77 - [STDOUT_REDIRECT] 1 : Invalid condition id : UX_CORESTACK_Condition cause : null
2024-11-26 21:20:14,742 [INFO] LogOutputStream:77 - [STDOUT_REDIRECT] 1 : Invalid condition id : UX_CORESTACK_Condition cause : null
2024-11-26 21:20:14,743 [INFO] LogOutputStream:77 - [STDOUT_REDIRECT] 1 : Invalid condition id : UX_CORESTACK_Condition cause : null
2024-11-26 21:20:14,747 [WARN] PackLoader:240 - Cannot read IP mode file for STMicroelectronics.X-CUBE-AZRTOS-WL.2.0.0
2024-11-26 21:20:14,767 [WARN] PackLoader:240 - Cannot read IP mode file for STMicroelectronics.FP-SNS-MOTENV1.5.0.0
2024-11-26 21:20:14,774 [WARN] PackLoader:240 - Cannot read IP mode file for wolfSSL.I-CUBE-wolfMQTT.1.19.0
2024-11-26 21:20:14,792 [WARN] PackLoader:240 - Cannot read IP mode file for WES.I-CUBE-Cesium.1.3.0
2024-11-26 21:20:14,815 [WARN] PackLoader:240 - Cannot read IP mode file for STMicroelectronics.X-CUBE-BLE2.3.3.0
2024-11-26 21:20:14,842 [WARN] PackLoader:240 - Cannot read IP mode file for STMicroelectronics.X-CUBE-NFC9.1.0.0
2024-11-26 21:20:14,869 [WARN] PackLoader:240 - Cannot read IP mode file for STMicroelectronics.X-CUBE-TCPP.4.1.0
2024-11-26 21:20:14,906 [WARN] PackLoader:240 - Cannot read IP mode file for STMicroelectronics.X-CUBE-ALGOBUILD.1.3.0
2024-11-26 21:20:14,934 [WARN] PackLoader:240 - Cannot read IP mode file for STMicroelectronics.X-CUBE-AZRTOS-G0.1.1.0
2024-11-26 21:20:14,945 [WARN] PackLoader:240 - Cannot read IP mode file for STMicroelectronics.X-CUBE-SAFEA1.1.2.2
2024-11-26 21:20:14,953 [WARN] PackLoader:240 - Cannot read IP mode file for STMicroelectronics.X-CUBE-NFC4.3.0.0
2024-11-26 21:20:14,977 [WARN] PackLoader:240 - Cannot read IP mode file for wolfSSL.I-CUBE-wolfMQTT.1.18.0
2024-11-26 21:20:14,995 [WARN] PackLoader:240 - Cannot read IP mode file for EmbeddedOffice.I-CUBE-FS-RTOS.1.0.1
2024-11-26 21:20:14,995 [ERROR] ConditionMgr:805 - Attr not supported : Dmpu
2024-11-26 21:20:14,995 [ERROR] ConditionMgr:805 - Attr not supported : Dmpu
2024-11-26 21:20:14,996 [ERROR] ConditionMgr:805 - Attr not supported : Dmpu
2024-11-26 21:20:14,996 [ERROR] ConditionMgr:805 - Attr not supported : Dmpu
2024-11-26 21:20:14,996 [ERROR] ConditionMgr:805 - Attr not supported : Dmpu
2024-11-26 21:20:14,996 [ERROR] ConditionMgr:805 - Attr not supported : Dmpu
2024-11-26 21:20:14,996 [ERROR] ConditionMgr:805 - Attr not supported : Dmpu
2024-11-26 21:20:14,996 [ERROR] ConditionMgr:805 - Attr not supported : Dmpu
2024-11-26 21:20:14,996 [ERROR] ConditionMgr:805 - Attr not supported : Dmpu
2024-11-26 21:20:14,996 [ERROR] ConditionMgr:805 - Attr not supported : Dmpu
2024-11-26 21:20:14,996 [ERROR] ConditionMgr:805 - Attr not supported : Dmpu
2024-11-26 21:20:14,996 [ERROR] ConditionMgr:805 - Attr not supported : Dmpu
2024-11-26 21:20:14,997 [ERROR] ConditionMgr:805 - Attr not supported : Dmpu
2024-11-26 21:20:14,997 [ERROR] ConditionMgr:805 - Attr not supported : Dmpu
2024-11-26 21:20:14,997 [ERROR] ConditionMgr:805 - Attr not supported : Dmpu
2024-11-26 21:20:14,997 [ERROR] ConditionMgr:805 - Attr not supported : Dmpu
2024-11-26 21:20:14,997 [ERROR] ConditionMgr:805 - Attr not supported : Dmpu
2024-11-26 21:20:14,997 [ERROR] ConditionMgr:805 - Attr not supported : Dmpu
2024-11-26 21:20:14,997 [ERROR] ConditionMgr:805 - Attr not supported : Dmpu
2024-11-26 21:20:14,997 [ERROR] ConditionMgr:805 - Attr not supported : Dmpu
2024-11-26 21:20:14,997 [ERROR] ConditionMgr:805 - Attr not supported : Dmpu
2024-11-26 21:20:14,998 [ERROR] ConditionMgr:805 - Attr not supported : Dmpu
2024-11-26 21:20:14,998 [ERROR] ConditionMgr:805 - Attr not supported : Dmpu
2024-11-26 21:20:14,998 [ERROR] ConditionMgr:805 - Attr not supported : Dmpu
2024-11-26 21:20:14,998 [ERROR] ConditionMgr:805 - Attr not supported : Dmpu
2024-11-26 21:20:14,998 [ERROR] ConditionMgr:805 - Attr not supported : Dmpu
2024-11-26 21:20:14,998 [ERROR] ConditionMgr:805 - Attr not supported : Dmpu
2024-11-26 21:20:14,998 [ERROR] ConditionMgr:805 - Attr not supported : Dmpu
2024-11-26 21:20:14,998 [ERROR] ConditionMgr:805 - Attr not supported : Dmpu
2024-11-26 21:20:14,998 [ERROR] ConditionMgr:805 - Attr not supported : Dmpu
2024-11-26 21:20:14,998 [ERROR] ConditionMgr:805 - Attr not supported : Dmpu
2024-11-26 21:20:14,998 [ERROR] ConditionMgr:805 - Attr not supported : Dmpu
2024-11-26 21:20:14,999 [ERROR] ConditionMgr:805 - Attr not supported : Dmpu
2024-11-26 21:20:14,999 [ERROR] ConditionMgr:805 - Attr not supported : Dmpu
2024-11-26 21:20:14,999 [ERROR] ConditionMgr:805 - Attr not supported : Dmpu
2024-11-26 21:20:14,999 [ERROR] ConditionMgr:805 - Attr not supported : Dmpu
2024-11-26 21:20:14,999 [ERROR] ConditionMgr:805 - Attr not supported : Dmpu
2024-11-26 21:20:14,999 [ERROR] ConditionMgr:805 - Attr not supported : Dmpu
2024-11-26 21:20:14,999 [ERROR] ConditionMgr:805 - Attr not supported : Dmpu
2024-11-26 21:20:14,999 [ERROR] ConditionMgr:805 - Attr not supported : Dmpu
2024-11-26 21:20:14,999 [ERROR] ConditionMgr:805 - Attr not supported : Dmpu
2024-11-26 21:20:15,000 [ERROR] ConditionMgr:805 - Attr not supported : Dmpu
2024-11-26 21:20:15,000 [ERROR] ConditionMgr:805 - Attr not supported : Dmpu
2024-11-26 21:20:15,000 [ERROR] ConditionMgr:805 - Attr not supported : Dmpu
2024-11-26 21:20:15,000 [ERROR] ConditionMgr:805 - Attr not supported : Dmpu
2024-11-26 21:20:15,000 [ERROR] ConditionMgr:805 - Attr not supported : Dmpu
2024-11-26 21:20:15,000 [ERROR] ConditionMgr:805 - Attr not supported : Dmpu
2024-11-26 21:20:15,000 [ERROR] ConditionMgr:805 - Attr not supported : Dmpu
2024-11-26 21:20:15,000 [ERROR] ConditionMgr:805 - Attr not supported : Dmpu
2024-11-26 21:20:15,000 [ERROR] ConditionMgr:805 - Attr not supported : Dmpu
2024-11-26 21:20:15,001 [ERROR] ConditionMgr:805 - Attr not supported : Dmpu
2024-11-26 21:20:15,001 [ERROR] ConditionMgr:805 - Attr not supported : Dmpu
2024-11-26 21:20:15,001 [ERROR] ConditionMgr:805 - Attr not supported : Dmpu
2024-11-26 21:20:15,001 [ERROR] ConditionMgr:805 - Attr not supported : Dmpu
2024-11-26 21:20:15,001 [ERROR] ConditionMgr:805 - Attr not supported : Dmpu
2024-11-26 21:20:15,001 [ERROR] ConditionMgr:805 - Attr not supported : Dmpu
2024-11-26 21:20:15,001 [ERROR] ConditionMgr:805 - Attr not supported : Dmpu
2024-11-26 21:20:15,001 [ERROR] ConditionMgr:805 - Attr not supported : Dmpu
2024-11-26 21:20:15,001 [ERROR] ConditionMgr:805 - Attr not supported : Dmpu
2024-11-26 21:20:15,002 [ERROR] ConditionMgr:805 - Attr not supported : Dmpu
2024-11-26 21:20:15,002 [ERROR] ConditionMgr:805 - Attr not supported : Dmpu
2024-11-26 21:20:15,002 [ERROR] ConditionMgr:805 - Attr not supported : Dmpu
2024-11-26 21:20:15,002 [ERROR] ConditionMgr:805 - Attr not supported : Dmpu
2024-11-26 21:20:15,002 [ERROR] ConditionMgr:805 - Attr not supported : Dmpu
2024-11-26 21:20:15,014 [WARN] PackLoader:240 - Cannot read IP mode file for RealThread.X-CUBE-RT-Thread_Nano.4.1.1
2024-11-26 21:20:15,030 [WARN] PackLoader:240 - Cannot read IP mode file for wolfSSL.I-CUBE-wolfSSL.5.7.0
2024-11-26 21:20:15,038 [WARN] PackLoader:240 - Cannot read IP mode file for STMicroelectronics.FP-ATR-SIGFOX1.3.2.0
2024-11-26 21:20:15,052 [WARN] ConditionMgr:438 - getConditionDescription Invalid condition id : Cortex-A Device cause : null
2024-11-26 21:20:15,099 [WARN] ConditionMgr:1039 - genDependencies : Invalid condition id : Cortex-A Device cause : null
2024-11-26 21:20:15,099 [WARN] ConditionMgr:1039 - genDependencies : Invalid condition id : Cortex-A Device cause : null
2024-11-26 21:20:15,100 [WARN] ConditionMgr:1039 - genDependencies : Invalid condition id : Cortex-A Device cause : null
2024-11-26 21:20:15,114 [WARN] PackLoader:240 - Cannot read IP mode file for STMicroelectronics.X-CUBE-EEPRMA1.5.1.0
2024-11-26 21:20:15,125 [WARN] PackLoader:240 - Cannot read IP mode file for ITTIA_DB.I-CUBE-ITTIADB.8.9.0
2024-11-26 21:20:15,165 [WARN] PackLoader:240 - Cannot read IP mode file for SEGGER.I-CUBE-embOS.1.3.1
2024-11-26 21:20:15,251 [WARN] PackLoader:240 - Cannot read IP mode file for STMicroelectronics.X-CUBE-ALGOBUILD.1.4.0
2024-11-26 21:20:15,259 [WARN] PackLoader:240 - Cannot read IP mode file for STMicroelectronics.X-CUBE-AI.9.1.0
2024-11-26 21:20:15,272 [WARN] PackLoader:240 - Cannot read IP mode file for STMicroelectronics.X-CUBE-GNSS1.6.0.0
2024-11-26 21:20:15,295 [WARN] PackLoader:240 - Cannot read IP mode file for STMicroelectronics.X-CUBE-AZRTOS-F4.1.1.0
2024-11-26 21:20:15,308 [WARN] PackLoader:240 - Cannot read IP mode file for STMicroelectronics.X-CUBE-ISPU.2.1.0
2024-11-26 21:20:15,316 [WARN] PackLoader:240 - Cannot read IP mode file for STMicroelectronics.X-CUBE-FREERTOS.1.2.0
2024-11-26 21:20:15,342 [WARN] PackLoader:240 - Cannot read IP mode file for STMicroelectronics.X-CUBE-AZRTOS-L5.2.0.0
2024-11-26 21:20:15,355 [WARN] PackLoader:240 - Cannot read IP mode file for STMicroelectronics.X-CUBE-NFC6.3.1.0
2024-11-26 21:20:15,363 [WARN] PackLoader:240 - Cannot read IP mode file for STMicroelectronics.X-CUBE-DPower.1.2.0
2024-11-26 21:20:15,370 [WARN] PackLoader:240 - Cannot read IP mode file for STMicroelectronics.X-CUBE-AI.9.0.0
2024-11-26 21:20:15,379 [WARN] PackLoader:240 - Cannot read IP mode file for STMicroelectronics.X-CUBE-NFC7.1.0.1
2024-11-26 21:20:15,386 [WARN] PackLoader:240 - Cannot read IP mode file for wolfSSL.I-CUBE-wolfTPM.3.2.0
2024-11-26 21:20:15,406 [WARN] ConditionMgr:438 - getConditionDescription Invalid condition id : LAN8742 Phy interface Condition cause : null
2024-11-26 21:20:15,407 [WARN] PackLoader:240 - Cannot read IP mode file for STMicroelectronics.X-CUBE-AZRTOS-L4.2.0.0
2024-11-26 21:20:15,409 [WARN] ConditionMgr:1039 - genDependencies : Invalid condition id : LAN8742 Phy interface Condition cause : null
2024-11-26 21:20:15,409 [WARN] ConditionMgr:1039 - genDependencies : Invalid condition id : LAN8742 Phy interface Condition cause : null
2024-11-26 21:20:15,410 [WARN] ConditionMgr:1039 - genDependencies : Invalid condition id : LAN8742 Phy interface Condition cause : null
2024-11-26 21:20:15,422 [WARN] PackLoader:240 - Cannot read IP mode file for STMicroelectronics.X-CUBE-SFXS2LP1.4.0.0
2024-11-26 21:20:15,447 [WARN] PackLoader:240 - Cannot read IP mode file for STMicroelectronics.X-CUBE-AZRTOS-H7.3.3.0
2024-11-26 21:20:15,465 [WARN] PackLoader:240 - Cannot read IP mode file for STMicroelectronics.X-CUBE-IPS.3.0.0
2024-11-26 21:20:15,486 [WARN] ConditionMgr:438 - getConditionDescription Invalid condition id : UX DEVICE CLASS RTOS Condition cause : null
2024-11-26 21:20:15,486 [WARN] ConditionMgr:438 - getConditionDescription Invalid condition id : UX DEVICE CLASS RTOS Condition cause : null
2024-11-26 21:20:15,488 [WARN] PackLoader:240 - Cannot read IP mode file for STMicroelectronics.X-CUBE-AZRTOS-WB.2.0.0
2024-11-26 21:20:15,489 [WARN] ConditionMgr:1039 - genDependencies : Invalid condition id : UX DEVICE CLASS RTOS Condition cause : null
2024-11-26 21:20:15,490 [WARN] ConditionMgr:1039 - genDependencies : Invalid condition id : UX DEVICE CLASS RTOS Condition cause : null
2024-11-26 21:20:15,490 [WARN] ConditionMgr:1039 - genDependencies : Invalid condition id : UX DEVICE CLASS RTOS Condition cause : null
2024-11-26 21:20:15,490 [WARN] ConditionMgr:1039 - genDependencies : Invalid condition id : UX DEVICE CLASS RTOS Condition cause : null
2024-11-26 21:20:15,491 [WARN] ConditionMgr:1039 - genDependencies : Invalid condition id : UX DEVICE CLASS RTOS Condition cause : null
2024-11-26 21:20:15,499 [WARN] PackLoader:240 - Cannot read IP mode file for STMicroelectronics.X-CUBE-GNSS1.7.0.0
2024-11-26 21:20:15,515 [WARN] PackLoader:240 - Cannot read IP mode file for STMicroelectronics.FP-SNS-STBOX1.2.0.0
2024-11-26 21:20:15,531 [WARN] PackLoader:240 - Cannot read IP mode file for STMicroelectronics.X-CUBE-SUBG2.5.0.0
2024-11-26 21:20:15,554 [WARN] PackLoader:240 - Cannot read IP mode file for STMicroelectronics.X-CUBE-AZRTOS-G4.2.0.0
2024-11-26 21:20:15,566 [WARN] PackLoader:240 - Cannot read IP mode file for STMicroelectronics.X-CUBE-ISPU.2.0.0
2024-11-26 21:20:15,572 [WARN] PackLoader:240 - Cannot read IP mode file for STMicroelectronics.X-CUBE-ALS.1.0.2
2024-11-26 21:20:15,623 [WARN] PackLoader:240 - Cannot read IP mode file for STMicroelectronics.X-CUBE-MEMS1.10.0.0
2024-11-26 21:20:15,805 [WARN] PackLoader:240 - Cannot read IP mode file for STMicroelectronics.X-CUBE-FREERTOS.1.1.0
2024-11-26 21:20:15,810 [WARN] PackLoader:240 - Cannot read IP mode file for STMicroelectronics.X-CUBE-TOUCHGFX.4.24.0
2024-11-26 21:20:15,826 [WARN] PackLoader:240 - Cannot read IP mode file for STMicroelectronics.X-CUBE-TOUCHGFX.4.24.1
2024-11-26 21:20:15,836 [WARN] PackLoader:240 - Cannot read IP mode file for portGmbH.I-Cube-SoM-uGOAL.1.1.0
2024-11-26 21:20:15,841 [WARN] PackLoader:240 - Cannot read IP mode file for STMicroelectronics.X-CUBE-ALS.1.0.1
2024-11-26 21:20:15,864 [WARN] PackLoader:240 - Cannot read IP mode file for STMicroelectronics.X-CUBE-AZRTOS-H7RS.1.0.0
2024-11-26 21:20:15,870 [WARN] PackLoader:240 - Cannot read IP mode file for STMicroelectronics.FP-ATR-ASTRA1.2.0.0
2024-11-26 21:20:15,886 [WARN] PackLoader:240 - Cannot read IP mode file for STMicroelectronics.X-CUBE-TOF1.3.4.2
2024-11-26 21:20:15,917 [WARN] PackLoader:240 - Cannot read IP mode file for STMicroelectronics.X-CUBE-TOF1.3.4.1
2024-11-26 21:20:15,956 [WARN] PackLoader:240 - Cannot read IP mode file for STMicroelectronics.X-CUBE-AZRTOS-H7.3.2.0
2024-11-26 21:20:15,975 [WARN] PackLoader:240 - Cannot read IP mode file for Infineon.AIROC-Wi-Fi-Bluetooth-STM32.1.6.0
2024-11-26 21:20:15,986 [WARN] PackLoader:240 - Cannot read IP mode file for wolfSSL.I-CUBE-wolfSSH.1.4.17
2024-11-26 21:20:15,986 [INFO] ThirdParty:978 - Integrity check success = true
2024-11-26 21:20:15,986 [INFO] IntegrityCheckThread:100 - exiting critical section [integrity check]
2024-11-26 21:20:15,986 [INFO] IntegrityCheckThread:103 - End integrity checks thread
2024-11-26 21:20:16,300 [INFO] WebApp:779 - Register for checkConnection events
2024-11-26 21:20:16,301 [INFO] WebApp:414 - Apply proxy settings
2024-11-26 21:20:16,301 [INFO] WebApp:499 - Chromium requires no authentication
2024-11-26 21:20:16,317 [INFO] WebApp:442 - Direct internet connection detected
2024-11-26 21:20:16,743 [INFO] WebApp:192 - Starting web application
2024-11-26 21:20:16,743 [INFO] WebApp:544 - Web application path used C:\ST\STM32CubeIDE_1.15.0\STM32CubeIDE\plugins\com.st.stm32cube.common.mx_6.11.0.202403141607\db\plugins\mcufinder\reactClient1\index.html
2024-11-26 21:33:21,122 [INFO] McuFinderGlobals:63 - Set McuFinder mode to 2 (CubeIDE integrated)
2024-11-26 21:33:21,264 [INFO] MainUpdater:2873 - connection check result : 10
2024-11-26 21:33:21,275 [INFO] MainUpdater:2873 - connection check result : 10
2024-11-26 21:33:21,701 [INFO] MicroXplorer:468 - Change Database Path : 
2024-11-26 21:33:21,703 [INFO] MicroXplorer:498 - Change Database Version : DB.6.0.110
2024-11-26 21:33:21,740 [WARN] ThirdParty:871 - waiting for thirdparty lock release [close project]
2024-11-26 21:33:21,740 [INFO] ThirdParty:873 - entering critical section [close project]
2024-11-26 21:33:21,746 [INFO] ThirdParty:883 - exiting critical section [close project]
2024-11-26 21:33:21,754 [INFO] PinOutPanel:1561 - setPackage(No Configuration,No Configuration)
2024-11-26 21:33:21,766 [INFO] UtilMem:75 - Begin LoadConfig() Used Memory: 810621344 Bytes (1073741824)
2024-11-26 21:33:21,776 [INFO] MicroXplorer:468 - Change Database Path : 
2024-11-26 21:33:21,777 [INFO] MicroXplorer:498 - Change Database Version : DB.6.0.110
2024-11-26 21:33:21,777 [INFO] OpenFileManager:312 - Change cursor
2024-11-26 21:33:21,898 [INFO] Mcu:2021 - Initializing MCU STM32F407V(E-G)Tx STM32F407VGTx STM32F407VGT6
2024-11-26 21:33:25,278 [INFO] Context:663 - Trying to add GPIOservice into a context  which must be forbidden
2024-11-26 21:33:26,241 [INFO] RtosManager:555 - Registered RTOS mode: class=CMSIS, group=RTOS, mode=CMSIS_V1, owner=FREERTOS
2024-11-26 21:33:26,241 [INFO] RtosManager:555 - Registered RTOS mode: class=CMSIS, group=RTOS2, mode=CMSIS_V2, owner=FREERTOS
2024-11-26 21:33:26,241 [INFO] RtosManager:555 - Registered RTOS mode: class=RTOS, group=Core, mode=CMSIS_V1, owner=FREERTOS
2024-11-26 21:33:26,242 [INFO] RtosManager:555 - Registered RTOS mode: class=RTOS, group=Core, mode=CMSIS_V2, owner=FREERTOS
2024-11-26 21:33:26,242 [WARN] ModelIntegratedComponent:184 - Missing modes for component STMicroelectronics:FreeRTOS:0.0.1:STMicroelectronics:RTOS:FreeRTOS:Core:::10.2.0:
2024-11-26 21:33:26,256 [WARN] ModelIntegratedComponent:63 - No mode defined for component null
2024-11-26 21:33:26,256 [WARN] ModelIntegratedComponent:63 - No mode defined for component null
2024-11-26 21:33:26,256 [WARN] ModelIntegratedComponent:63 - No mode defined for component null
2024-11-26 21:33:26,256 [WARN] ModelIntegratedComponent:63 - No mode defined for component null
2024-11-26 21:33:26,256 [WARN] ModelIntegratedComponent:63 - No mode defined for component null
2024-11-26 21:33:26,256 [WARN] ModelIntegratedComponent:63 - No mode defined for component null
2024-11-26 21:33:26,256 [WARN] ModelIntegratedComponent:63 - No mode defined for component null
2024-11-26 21:33:26,256 [WARN] ModelIntegratedComponent:63 - No mode defined for component null
2024-11-26 21:33:26,256 [WARN] ModelIntegratedComponent:63 - No mode defined for component null
2024-11-26 21:33:26,256 [WARN] ModelIntegratedComponent:63 - No mode defined for component null
2024-11-26 21:33:26,256 [WARN] ModelIntegratedComponent:63 - No mode defined for component null
2024-11-26 21:33:26,256 [WARN] ModelIntegratedComponent:63 - No mode defined for component null
2024-11-26 21:33:26,256 [WARN] ModelIntegratedComponent:63 - No mode defined for component null
2024-11-26 21:33:26,257 [WARN] ModelIntegratedComponent:63 - No mode defined for component null
2024-11-26 21:33:26,257 [WARN] ModelIntegratedComponent:63 - No mode defined for component null
2024-11-26 21:33:26,257 [WARN] ModelIntegratedComponent:63 - No mode defined for component null
2024-11-26 21:33:26,257 [WARN] ModelIntegratedComponent:63 - No mode defined for component null
2024-11-26 21:33:26,257 [WARN] ModelIntegratedComponent:63 - No mode defined for component null
2024-11-26 21:33:26,257 [WARN] ModelIntegratedComponent:63 - No mode defined for component null
2024-11-26 21:33:26,257 [WARN] ModelIntegratedComponent:63 - No mode defined for component null
2024-11-26 21:33:26,257 [WARN] ModelIntegratedComponent:63 - No mode defined for component null
2024-11-26 21:33:26,257 [WARN] ModelIntegratedComponent:63 - No mode defined for component null
2024-11-26 21:33:26,257 [WARN] ModelIntegratedComponent:63 - No mode defined for component null
2024-11-26 21:33:26,257 [WARN] ModelIntegratedComponent:63 - No mode defined for component null
2024-11-26 21:33:26,258 [WARN] ModelIntegratedComponent:63 - No mode defined for component null
2024-11-26 21:33:26,258 [WARN] ModelIntegratedComponent:63 - No mode defined for component null
2024-11-26 21:33:26,258 [WARN] ModelIntegratedComponent:63 - No mode defined for component null
2024-11-26 21:33:26,258 [WARN] ModelIntegratedComponent:63 - No mode defined for component null
2024-11-26 21:33:26,258 [WARN] ModelIntegratedComponent:63 - No mode defined for component null
2024-11-26 21:33:26,258 [WARN] ModelIntegratedComponent:63 - No mode defined for component null
2024-11-26 21:33:26,258 [WARN] ModelIntegratedComponent:63 - No mode defined for component null
2024-11-26 21:33:26,258 [WARN] ModelIntegratedComponent:63 - No mode defined for component null
2024-11-26 21:33:26,258 [WARN] ModelIntegratedComponent:63 - No mode defined for component null
2024-11-26 21:33:26,258 [WARN] ModelIntegratedComponent:63 - No mode defined for component null
2024-11-26 21:33:26,452 [INFO] ThirdPartyModel:298 - Start build external matchings
2024-11-26 21:33:27,219 [INFO] ThirdPartyModel:316 - End build external matchings
2024-11-26 21:33:27,251 [INFO] ImportTextPane:194 - (OptionalMessage_ERROR) IP (RCC) : Parameter (PLLCLKFreq_Value) has invalid value (12500000)
2024-11-26 21:33:27,251 [INFO] ImportTextPane:194 - (OptionalMessage_ERROR) IP (RCC) : Parameter (RTCHSEDivFreq_Value) has invalid value (4000000)
2024-11-26 21:33:27,252 [INFO] ImportTextPane:194 - (OptionalMessage_ERROR) IP (RCC) : Parameter (VCOOutputFreq_Value) has invalid value (50000000)
2024-11-26 21:33:29,893 [INFO] ApiDb:581 - Connected to CubeFinder SQLite database (C:\Users\BASAVARAJ\.stmcufinder\plugins\mcufinder\mcu\cube-finder-db.db)
2024-11-26 21:33:30,035 [INFO] ApiDb:668 - CubeFinder database Data Model version=2.1
2024-11-26 21:33:30,036 [INFO] ApiDb:669 - CubeFinder database Configuration version=3.0.39
2024-11-26 21:33:30,037 [INFO] ApiDb:670 - CubeFinder database generation date=2024-10-15 (1729006872)
2024-11-26 21:33:30,037 [INFO] ApiDb:671 - CubeFinder database FW Pack versions=[FP-ATR-ASTRA1_V2.0.0, FP-SNS-FLIGHT1_V5.0.2, FP-SNS-MOTENV1_V5.0.0, FP-SNS-MOTENVWB1_V1.4.0, FP-SNS-SMARTAG2_V1.2.0, FP-SNS-STBOX1_V2.0.0, STM32Cube_FW_C0_V1.2.0, STM32Cube_FW_F4_V1.28.1, STM32Cube_FW_F7_V1.17.2, STM32Cube_FW_G0_V1.6.2, STM32Cube_FW_G4_V1.6.0, STM32Cube_FW_H5_V1.3.0, STM32Cube_FW_H7RS_V1.1.0, STM32Cube_FW_H7_V1.11.2, STM32Cube_FW_L0_V1.12.2, STM32Cube_FW_L5_V1.5.1, STM32Cube_FW_U0_V1.1.0, STM32Cube_FW_U5_V1.6.0, STM32Cube_FW_WB0_V1.0.0, STM32Cube_FW_WBA_V1.4.1, STM32Cube_FW_WB_V1.20.0, STM32Cube_FW_WL_V1.3.0, X-CUBE-ALGOBUILD_V1.4.0, X-CUBE-ALS_V1.0.2, X-CUBE-AZRTOS-F4_V1.1.0, X-CUBE-AZRTOS-F7_V1.1.0, X-CUBE-AZRTOS-G0_V1.1.0, X-CUBE-AZRTOS-G4_V2.0.0, X-CUBE-AZRTOS-H7RS_V1.0.0, X-CUBE-AZRTOS-H7_V3.3.0, X-CUBE-AZRTOS-L4_V2.0.0, X-CUBE-AZRTOS-L5_V2.0.0, X-CUBE-AZRTOS-WB_V2.0.0, X-CUBE-AZRTOS-WL_V2.0.0, X-CUBE-BLE1_V7.0.0, X-CUBE-BLE2_V3.3.0, X-CUBE-BLEMGR_V3.1.0, X-CUBE-EEPRMA1_V5.1.0, X-CUBE-FREERTOS_V1.2.0, X-CUBE-GNSS1_V6.0.0, X-CUBE-MEMS1_V11.0.0, X-CUBE-NFC4_V3.0.0, X-CUBE-NFC7_V1.0.1, X-CUBE-SFXS2LP1_V4.0.0, X-CUBE-SUBG2_V5.0.0, X-CUBE-TOF1_V3.4.2]
2024-11-26 21:33:30,242 [INFO] DbBoardsSqlite:226 - include board P-NUCLEO-WB55-NUCLEO as a kit item of type 'Nucleo-64'
2024-11-26 21:33:30,242 [INFO] DbBoardsSqlite:226 - include board P-NUCLEO-WB55-USBDONGLE as a kit item of type 'Nucleo USB Dongle'
2024-11-26 21:33:30,246 [INFO] DbBoardsSqlite:226 - include board STEVAL-IDP005V1 as a kit item of type 'Evaluation Board'
2024-11-26 21:33:30,246 [INFO] DbBoardsSqlite:226 - include board STEVAL-IDP005V2 as a kit item of type 'Evaluation Board'
2024-11-26 21:33:30,627 [INFO] ApiDb:240 - Found 483 in-development CPN: [B-G473E-ZEST1S, B-WB1M-WPAN1, B-WL5M-SUBG1, NUCLEO-C031C6, NUCLEO-H503RB, NUCLEO-H533RE, NUCLEO-H563ZI, NUCLEO-H7S3L8, NUCLEO-U031R8, NUCLEO-U083RC, NUCLEO-U545RE-Q, NUCLEO-U5A5ZJ-Q, NUCLEO-WBA52CG, NUCLEO-WBA55CG, STEVAL-PROTEUS1, STEVAL-SMARTAG2, STEVAL-STWINBX1, STM320518-EVAL, STM32C0116-DK, STM32C011D6Y3TR, STM32C011D6Y6TR, STM32C011F4P3, STM32C011F4P6, STM32C011F4U3, STM32C011F4U6TR, STM32C011F6P3, STM32C011F6P6, STM32C011F6U3, STM32C011F6U6TR, STM32C011J4M3, STM32C011J4M6, STM32C011J6M3, STM32C011J6M6, STM32C0316-DK, STM32C031C4T3, STM32C031C4T6, STM32C031C4U3, STM32C031C4U6, STM32C031C6T3, STM32C031C6T6, STM32C031C6U3, STM32C031C6U6, STM32C031F4P3, STM32C031F4P6, STM32C031F6P3, STM32C031F6P6, STM32C031G4U3, STM32C031G4U6, STM32C031G6U3, STM32C031G6U6, STM32C031K4T3, STM32C031K4T6, STM32C031K4U3, STM32C031K4U6, STM32C031K6T3, STM32C031K6T6, STM32C031K6U3, STM32C031K6U6, STM32G071K8TXN, STM32G071K8UXN, STM32G081GBU6N, STM32G081KBT6N, STM32G081KBUXN, STM32G0B1CCT6N, STM32G0B1KCT6, STM32G0B1NEY6TR, STM32G0B1RCT6N, STM32G0C1CCT6, STM32G0C1CCT6N, STM32G0C1CCU6N, STM32G0C1CET6N, STM32G0C1CEU6N, STM32G0C1KCT6, STM32G0C1NEY6TR, STM32G0C1RCI6N, STM32G0C1RCT6N, STM32G0C1REI6N, STM32G0C1RET6N, STM32G0C1VCI6, STM32G0C1VEI6, STM32G471CCT6, STM32G471CCU6, STM32G471CET3, STM32G471CET6, STM32G471CEU3, STM32G471CEU6, STM32G471MCT6, STM32G471MET3, STM32G471MET6, STM32G471MEY6TR, STM32G471QCT6, STM32G471QET3, STM32G471RCT6, STM32G471RET3, STM32G471RET6, STM32G471VCH6, STM32G471VCI6, STM32G471VCT6, STM32G471VEH3, STM32G471VEH6, STM32G471VEI3, STM32G471VEI6, STM32G471VET3, STM32G471VET6, STM32G474CCT6, STM32H503CBT6, STM32H503CBU6, STM32H503EBY6TR, STM32H503KBU6, STM32H503RBT6, STM32H523CCT6, STM32H523CCU6, STM32H523CET6, STM32H523CEU6, STM32H523HEY6TR, STM32H523RCT6, STM32H523RET6, STM32H523VCI6, STM32H523VCT6, STM32H523VEI6, STM32H523VET6, STM32H523ZCJ6, STM32H523ZCT6, STM32H523ZEJ6, STM32H523ZET6, STM32H533CET6, STM32H533CEU6, STM32H533HEY6TR, STM32H533RET6, STM32H533VEI6, STM32H533VET6, STM32H533ZEJ6, STM32H533ZET6, STM32H562AGI6, STM32H562AII6, STM32H562IGK6, STM32H562IGT6, STM32H562IIK6, STM32H562IIT6, STM32H562RGT6, STM32H562RGV6, STM32H562RIT6, STM32H562RIV6, STM32H562VGT6, STM32H562VIT6, STM32H562ZGT6, STM32H562ZIT6, STM32H563AGI6, STM32H563AII3Q, STM32H563AII6, STM32H563IGK6, STM32H563IGT6, STM32H563IIK3Q, STM32H563IIK6, STM32H563IIT3Q, STM32H563IIT6, STM32H563MIY3QTR, STM32H563RGT6, STM32H563RGV6, STM32H563RIT6, STM32H563RIV6, STM32H563VGT6, STM32H563VIT3Q, STM32H563VIT6, STM32H563ZGT6, STM32H563ZIT3Q, STM32H563ZIT6, STM32H573AII3Q, STM32H573AII6, STM32H573I-DK, STM32H573IIK3Q, STM32H573IIK6, STM32H573IIT3Q, STM32H573IIT6, STM32H573MIY3QTR, STM32H573RIT6, STM32H573RIV6, STM32H573VIT3Q, STM32H573VIT6, STM32H573ZIT3Q, STM32H573ZIT6, STM32H7R3A8I6, STM32H7R3I8K6, STM32H7R3I8T6, STM32H7R3L8H6, STM32H7R3L8H6H, STM32H7R3R8V6, STM32H7R3V8H6, STM32H7R3V8T6, STM32H7R3V8Y6, STM32H7R3Z8J6, STM32H7R3Z8T6, STM32H7R7A8I6, STM32H7R7I8K6, STM32H7R7I8T6, STM32H7R7L8H6, STM32H7R7L8H6H, STM32H7R7Z8J6, STM32H7S3A8I6, STM32H7S3I8K6, STM32H7S3I8T6, STM32H7S3L8H6, STM32H7S3L8H6H, STM32H7S3R8V6, STM32H7S3V8H6, STM32H7S3V8T6, STM32H7S3V8Y6, STM32H7S3Z8J6, STM32H7S3Z8T6, STM32H7S78-DK, STM32H7S7A8I6, STM32H7S7I8K6, STM32H7S7I8T6, STM32H7S7L8H6, STM32H7S7L8H6H, STM32H7S7Z8J6, STM32L4R5QGI6STR, STM32MP131AAE3, STM32MP131AAF3, STM32MP131AAG3, STM32MP131CAE3, STM32MP131CAF3, STM32MP131CAG3, STM32MP131DAE7, STM32MP131DAF7, STM32MP131DAG7, STM32MP131FAE7, STM32MP131FAF7, STM32MP131FAG7, STM32MP133AAE3, STM32MP133AAF3, STM32MP133AAG3, STM32MP133CAE3, STM32MP133CAF3, STM32MP133CAG3, STM32MP133DAE7, STM32MP133DAF7, STM32MP133DAG7, STM32MP133FAE7, STM32MP133FAF7, STM32MP133FAG7, STM32MP135AAE3, STM32MP135AAF3, STM32MP135AAG3, STM32MP135CAE3, STM32MP135CAF3, STM32MP135CAG3, STM32MP135DAE7, STM32MP135DAF7, STM32MP135DAG7, STM32MP135F-DK, STM32MP135FAE7, STM32MP135FAF7, STM32MP135FAF7T, STM32MP135FAF7U, STM32MP135FAG7, STM32U031C6T6, STM32U031C6U6, STM32U031C8T6, STM32U031C8U6, STM32U031F4P6, STM32U031F6P6, STM32U031F8P6, STM32U031G6Y6TR, STM32U031G8Y6TR, STM32U031K4U6, STM32U031K6U6, STM32U031K8U6, STM32U031R6I6, STM32U031R6T6, STM32U031R8I6, STM32U031R8T6, STM32U073C8T6, STM32U073C8U6, STM32U073CBT6, STM32U073CBU6, STM32U073CCT6, STM32U073CCU6, STM32U073H8Y6TR, STM32U073HBY6TR, STM32U073HCY6TR, STM32U073K8U6, STM32U073KBU6, STM32U073KCU6, STM32U073M8I6, STM32U073M8T6, STM32U073MBI6, STM32U073MBT6, STM32U073MCI6, STM32U073MCT6, STM32U073R8I6, STM32U073R8T6, STM32U073RBI6, STM32U073RBT6, STM32U073RCI6, STM32U073RCT6, STM32U083C-DK, STM32U083CCT6, STM32U083CCU6, STM32U083HCY6TR, STM32U083KCU6, STM32U083MCI6, STM32U083MCT6, STM32U083RCI6, STM32U083RCT6, STM32U535CBT6, STM32U535CBT6Q, STM32U535CBU6, STM32U535CBU6Q, STM32U535CCT6, STM32U535CCT6Q, STM32U535CCU6, STM32U535CCU6Q, STM32U535CET6, STM32U535CET6Q, STM32U535CEU6, STM32U535CEU6Q, STM32U535JEY6QTR, STM32U535NCY6QTR, STM32U535NEY6QTR, STM32U535RBI6, STM32U535RBI6Q, STM32U535RBT6, STM32U535RBT6Q, STM32U535RCI6, STM32U535RCI6Q, STM32U535RCT6, STM32U535RCT6Q, STM32U535REI6, STM32U535REI6Q, STM32U535RET6, STM32U535RET6Q, STM32U535VCI6, STM32U535VCI6Q, STM32U535VCT6, STM32U535VCT6Q, STM32U535VEI6, STM32U535VEI6Q, STM32U535VET6, STM32U535VET6Q, STM32U545CET6, STM32U545CET6Q, STM32U545CEU6, STM32U545CEU6Q, STM32U545JEY6QTR, STM32U545NEY6QTR, STM32U545REI6, STM32U545REI6Q, STM32U545RET6, STM32U545RET6Q, STM32U545VEI6, STM32U545VEI6Q, STM32U545VET6, STM32U545VET6Q, STM32U595AIH6, STM32U595AIH6Q, STM32U595AJH6, STM32U595AJH6Q, STM32U595QII6, STM32U595QII6Q, STM32U595QJI6, STM32U595QJI6Q, STM32U595RIT6, STM32U595RIT6Q, STM32U595RJT6, STM32U595RJT6Q, STM32U595VIT6, STM32U595VIT6Q, STM32U595VJT6, STM32U595VJT6Q, STM32U595ZIT6, STM32U595ZIT6Q, STM32U595ZIY6QTR, STM32U595ZJT6, STM32U595ZJT6Q, STM32U595ZJY6QTR, STM32U599BJY6QTR, STM32U599NIH6Q, STM32U599NJH6Q, STM32U599VIT6Q, STM32U599VJT6, STM32U599VJT6Q, STM32U599ZIT6Q, STM32U599ZIY6QTR, STM32U599ZJT6Q, STM32U599ZJY6QTR, STM32U5A5AJH6, STM32U5A5AJH6Q, STM32U5A5QII3Q , STM32U5A5QJI6, STM32U5A5QJI6Q, STM32U5A5RJT6, STM32U5A5RJT6Q, STM32U5A5VJT6, STM32U5A5VJT6Q, STM32U5A5ZJT6, STM32U5A5ZJT6Q, STM32U5A5ZJY6QTR, STM32U5A9BJY6QTR, STM32U5A9J-DK, STM32U5A9NJH6Q, STM32U5A9VJT6Q, STM32U5A9ZJT6Q, STM32U5A9ZJY6QTR, STM32U5F7VIT6, STM32U5F7VIT6Q, STM32U5F7VJT6, STM32U5F7VJT6Q, STM32U5F9BJY6QTR, STM32U5F9NJH6Q, STM32U5F9VIT6Q, STM32U5F9VJT6Q, STM32U5F9ZIJ6QTR, STM32U5F9ZIT6Q, STM32U5F9ZJJ6QTR, STM32U5F9ZJT6Q, STM32U5G7VJT6, STM32U5G7VJT6Q, STM32U5G9BJY6QTR, STM32U5G9J-DK1, STM32U5G9J-DK2, STM32U5G9NJH6Q, STM32U5G9VJT6Q, STM32U5G9ZJJ6QTR, STM32U5G9ZJT6Q, STM32WB1MMCH6, STM32WBA50KEU6, STM32WBA50KEU6TR, STM32WBA50KGU6, STM32WBA50KGU6TR, STM32WBA52CEU6, STM32WBA52CEU6TR, STM32WBA52CEU7, STM32WBA52CEU7TR, STM32WBA52CGU6, STM32WBA52CGU6TR, STM32WBA52CGU6U, STM32WBA52CGU7, STM32WBA52CGU7TR, STM32WBA52KEU6, STM32WBA52KEU6TR, STM32WBA52KGU6, STM32WBA52KGU6TR, STM32WBA54CEU6, STM32WBA54CEU6TR, STM32WBA54CEU7, STM32WBA54CEU7TR, STM32WBA54CGU6, STM32WBA54CGU6TR, STM32WBA54CGU7, STM32WBA54CGU7TR, STM32WBA54KEU6, STM32WBA54KEU6TR, STM32WBA54KEU7, STM32WBA54KEU7TR, STM32WBA54KGU6, STM32WBA54KGU6TR, STM32WBA54KGU7, STM32WBA54KGU7TR, STM32WBA55CEU6, STM32WBA55CEU6TR, STM32WBA55CEU7, STM32WBA55CEU7TR, STM32WBA55CGU6, STM32WBA55CGU6TR, STM32WBA55CGU6U, STM32WBA55CGU7, STM32WBA55CGU7TR, STM32WBA55G-DK1, STM32WBA55HEF6, STM32WBA55HEF7, STM32WBA55HGF6, STM32WBA55HGF7, STM32WBA55UEI6, STM32WBA55UEI6TR, STM32WBA55UEI7, STM32WBA55UEI7TR, STM32WBA55UGI6, STM32WBA55UGI6TR, STM32WBA55UGI7, STM32WBA55UGI7TR, STM32WL5MOCH6, STM32WL5MOCH6TR]
2024-11-26 21:33:30,710 [INFO] BoardInfo:889 - No configuration file found for board NUCLEO-C071RB
2024-11-26 21:33:30,710 [INFO] DbBoards:161 - Board is not supported: NUCLEO-C071RB
2024-11-26 21:33:30,836 [INFO] BoardInfo:889 - No configuration file found for board NUCLEO-WB05KZ
2024-11-26 21:33:30,837 [INFO] DbBoards:161 - Board is not supported: NUCLEO-WB05KZ
2024-11-26 21:33:30,839 [INFO] BoardInfo:889 - No configuration file found for board NUCLEO-WB07CC
2024-11-26 21:33:30,840 [INFO] DbBoards:161 - Board is not supported: NUCLEO-WB07CC
2024-11-26 21:33:30,841 [INFO] BoardInfo:889 - No configuration file found for board NUCLEO-WB09KE
2024-11-26 21:33:30,841 [INFO] DbBoards:161 - Board is not supported: NUCLEO-WB09KE
2024-11-26 21:33:30,857 [INFO] BoardInfo:889 - No configuration file found for board P-NUCLEO-WB55
2024-11-26 21:33:30,858 [INFO] DbBoards:161 - Kit is not supported: P-NUCLEO-WB55
2024-11-26 21:33:30,866 [INFO] BoardInfo:889 - No configuration file found for board STEVAL-BFA001V1B
2024-11-26 21:33:30,867 [INFO] DbBoards:161 - Kit is not supported: STEVAL-BFA001V1B
2024-11-26 21:33:30,868 [INFO] BoardInfo:889 - No configuration file found for board STEVAL-BFA001V2B
2024-11-26 21:33:30,868 [INFO] DbBoards:161 - Kit is not supported: STEVAL-BFA001V2B
2024-11-26 21:33:31,074 [INFO] BoardInfo:889 - No configuration file found for board STM32MP257F-DK
2024-11-26 21:33:31,074 [INFO] DbBoards:161 - Board is not supported: STM32MP257F-DK
2024-11-26 21:33:31,077 [INFO] BoardInfo:889 - No configuration file found for board STM32MP257F-EV1
2024-11-26 21:33:31,077 [INFO] DbBoards:161 - Board is not supported: STM32MP257F-EV1
2024-11-26 21:33:31,099 [INFO] DbBoards:168 - Found 201 boards, 192 are supported
2024-11-26 21:33:31,099 [INFO] DbBoards:169 - Found 201 boards, 8 of them is supported for  Bsp
2024-11-26 21:33:31,105 [INFO] ApiDb:668 - CubeFinder database Data Model version=2.1
2024-11-26 21:33:31,105 [INFO] ApiDb:669 - CubeFinder database Configuration version=3.0.39
2024-11-26 21:33:31,105 [INFO] ApiDb:670 - CubeFinder database generation date=2024-10-15 (1729006872)
2024-11-26 21:33:31,105 [INFO] ApiDb:671 - CubeFinder database FW Pack versions=[FP-ATR-ASTRA1_V2.0.0, FP-SNS-FLIGHT1_V5.0.2, FP-SNS-MOTENV1_V5.0.0, FP-SNS-MOTENVWB1_V1.4.0, FP-SNS-SMARTAG2_V1.2.0, FP-SNS-STBOX1_V2.0.0, STM32Cube_FW_C0_V1.2.0, STM32Cube_FW_F4_V1.28.1, STM32Cube_FW_F7_V1.17.2, STM32Cube_FW_G0_V1.6.2, STM32Cube_FW_G4_V1.6.0, STM32Cube_FW_H5_V1.3.0, STM32Cube_FW_H7RS_V1.1.0, STM32Cube_FW_H7_V1.11.2, STM32Cube_FW_L0_V1.12.2, STM32Cube_FW_L5_V1.5.1, STM32Cube_FW_U0_V1.1.0, STM32Cube_FW_U5_V1.6.0, STM32Cube_FW_WB0_V1.0.0, STM32Cube_FW_WBA_V1.4.1, STM32Cube_FW_WB_V1.20.0, STM32Cube_FW_WL_V1.3.0, X-CUBE-ALGOBUILD_V1.4.0, X-CUBE-ALS_V1.0.2, X-CUBE-AZRTOS-F4_V1.1.0, X-CUBE-AZRTOS-F7_V1.1.0, X-CUBE-AZRTOS-G0_V1.1.0, X-CUBE-AZRTOS-G4_V2.0.0, X-CUBE-AZRTOS-H7RS_V1.0.0, X-CUBE-AZRTOS-H7_V3.3.0, X-CUBE-AZRTOS-L4_V2.0.0, X-CUBE-AZRTOS-L5_V2.0.0, X-CUBE-AZRTOS-WB_V2.0.0, X-CUBE-AZRTOS-WL_V2.0.0, X-CUBE-BLE1_V7.0.0, X-CUBE-BLE2_V3.3.0, X-CUBE-BLEMGR_V3.1.0, X-CUBE-EEPRMA1_V5.1.0, X-CUBE-FREERTOS_V1.2.0, X-CUBE-GNSS1_V6.0.0, X-CUBE-MEMS1_V11.0.0, X-CUBE-NFC4_V3.0.0, X-CUBE-NFC7_V1.0.1, X-CUBE-SFXS2LP1_V4.0.0, X-CUBE-SUBG2_V5.0.0, X-CUBE-TOF1_V3.4.2]
2024-11-26 21:33:34,109 [INFO] ApiDb:240 - Found 483 in-development CPN: [B-G473E-ZEST1S, B-WB1M-WPAN1, B-WL5M-SUBG1, NUCLEO-C031C6, NUCLEO-H503RB, NUCLEO-H533RE, NUCLEO-H563ZI, NUCLEO-H7S3L8, NUCLEO-U031R8, NUCLEO-U083RC, NUCLEO-U545RE-Q, NUCLEO-U5A5ZJ-Q, NUCLEO-WBA52CG, NUCLEO-WBA55CG, STEVAL-PROTEUS1, STEVAL-SMARTAG2, STEVAL-STWINBX1, STM320518-EVAL, STM32C0116-DK, STM32C011D6Y3TR, STM32C011D6Y6TR, STM32C011F4P3, STM32C011F4P6, STM32C011F4U3, STM32C011F4U6TR, STM32C011F6P3, STM32C011F6P6, STM32C011F6U3, STM32C011F6U6TR, STM32C011J4M3, STM32C011J4M6, STM32C011J6M3, STM32C011J6M6, STM32C0316-DK, STM32C031C4T3, STM32C031C4T6, STM32C031C4U3, STM32C031C4U6, STM32C031C6T3, STM32C031C6T6, STM32C031C6U3, STM32C031C6U6, STM32C031F4P3, STM32C031F4P6, STM32C031F6P3, STM32C031F6P6, STM32C031G4U3, STM32C031G4U6, STM32C031G6U3, STM32C031G6U6, STM32C031K4T3, STM32C031K4T6, STM32C031K4U3, STM32C031K4U6, STM32C031K6T3, STM32C031K6T6, STM32C031K6U3, STM32C031K6U6, STM32G071K8TXN, STM32G071K8UXN, STM32G081GBU6N, STM32G081KBT6N, STM32G081KBUXN, STM32G0B1CCT6N, STM32G0B1KCT6, STM32G0B1NEY6TR, STM32G0B1RCT6N, STM32G0C1CCT6, STM32G0C1CCT6N, STM32G0C1CCU6N, STM32G0C1CET6N, STM32G0C1CEU6N, STM32G0C1KCT6, STM32G0C1NEY6TR, STM32G0C1RCI6N, STM32G0C1RCT6N, STM32G0C1REI6N, STM32G0C1RET6N, STM32G0C1VCI6, STM32G0C1VEI6, STM32G471CCT6, STM32G471CCU6, STM32G471CET3, STM32G471CET6, STM32G471CEU3, STM32G471CEU6, STM32G471MCT6, STM32G471MET3, STM32G471MET6, STM32G471MEY6TR, STM32G471QCT6, STM32G471QET3, STM32G471RCT6, STM32G471RET3, STM32G471RET6, STM32G471VCH6, STM32G471VCI6, STM32G471VCT6, STM32G471VEH3, STM32G471VEH6, STM32G471VEI3, STM32G471VEI6, STM32G471VET3, STM32G471VET6, STM32G474CCT6, STM32H503CBT6, STM32H503CBU6, STM32H503EBY6TR, STM32H503KBU6, STM32H503RBT6, STM32H523CCT6, STM32H523CCU6, STM32H523CET6, STM32H523CEU6, STM32H523HEY6TR, STM32H523RCT6, STM32H523RET6, STM32H523VCI6, STM32H523VCT6, STM32H523VEI6, STM32H523VET6, STM32H523ZCJ6, STM32H523ZCT6, STM32H523ZEJ6, STM32H523ZET6, STM32H533CET6, STM32H533CEU6, STM32H533HEY6TR, STM32H533RET6, STM32H533VEI6, STM32H533VET6, STM32H533ZEJ6, STM32H533ZET6, STM32H562AGI6, STM32H562AII6, STM32H562IGK6, STM32H562IGT6, STM32H562IIK6, STM32H562IIT6, STM32H562RGT6, STM32H562RGV6, STM32H562RIT6, STM32H562RIV6, STM32H562VGT6, STM32H562VIT6, STM32H562ZGT6, STM32H562ZIT6, STM32H563AGI6, STM32H563AII3Q, STM32H563AII6, STM32H563IGK6, STM32H563IGT6, STM32H563IIK3Q, STM32H563IIK6, STM32H563IIT3Q, STM32H563IIT6, STM32H563MIY3QTR, STM32H563RGT6, STM32H563RGV6, STM32H563RIT6, STM32H563RIV6, STM32H563VGT6, STM32H563VIT3Q, STM32H563VIT6, STM32H563ZGT6, STM32H563ZIT3Q, STM32H563ZIT6, STM32H573AII3Q, STM32H573AII6, STM32H573I-DK, STM32H573IIK3Q, STM32H573IIK6, STM32H573IIT3Q, STM32H573IIT6, STM32H573MIY3QTR, STM32H573RIT6, STM32H573RIV6, STM32H573VIT3Q, STM32H573VIT6, STM32H573ZIT3Q, STM32H573ZIT6, STM32H7R3A8I6, STM32H7R3I8K6, STM32H7R3I8T6, STM32H7R3L8H6, STM32H7R3L8H6H, STM32H7R3R8V6, STM32H7R3V8H6, STM32H7R3V8T6, STM32H7R3V8Y6, STM32H7R3Z8J6, STM32H7R3Z8T6, STM32H7R7A8I6, STM32H7R7I8K6, STM32H7R7I8T6, STM32H7R7L8H6, STM32H7R7L8H6H, STM32H7R7Z8J6, STM32H7S3A8I6, STM32H7S3I8K6, STM32H7S3I8T6, STM32H7S3L8H6, STM32H7S3L8H6H, STM32H7S3R8V6, STM32H7S3V8H6, STM32H7S3V8T6, STM32H7S3V8Y6, STM32H7S3Z8J6, STM32H7S3Z8T6, STM32H7S78-DK, STM32H7S7A8I6, STM32H7S7I8K6, STM32H7S7I8T6, STM32H7S7L8H6, STM32H7S7L8H6H, STM32H7S7Z8J6, STM32L4R5QGI6STR, STM32MP131AAE3, STM32MP131AAF3, STM32MP131AAG3, STM32MP131CAE3, STM32MP131CAF3, STM32MP131CAG3, STM32MP131DAE7, STM32MP131DAF7, STM32MP131DAG7, STM32MP131FAE7, STM32MP131FAF7, STM32MP131FAG7, STM32MP133AAE3, STM32MP133AAF3, STM32MP133AAG3, STM32MP133CAE3, STM32MP133CAF3, STM32MP133CAG3, STM32MP133DAE7, STM32MP133DAF7, STM32MP133DAG7, STM32MP133FAE7, STM32MP133FAF7, STM32MP133FAG7, STM32MP135AAE3, STM32MP135AAF3, STM32MP135AAG3, STM32MP135CAE3, STM32MP135CAF3, STM32MP135CAG3, STM32MP135DAE7, STM32MP135DAF7, STM32MP135DAG7, STM32MP135F-DK, STM32MP135FAE7, STM32MP135FAF7, STM32MP135FAF7T, STM32MP135FAF7U, STM32MP135FAG7, STM32U031C6T6, STM32U031C6U6, STM32U031C8T6, STM32U031C8U6, STM32U031F4P6, STM32U031F6P6, STM32U031F8P6, STM32U031G6Y6TR, STM32U031G8Y6TR, STM32U031K4U6, STM32U031K6U6, STM32U031K8U6, STM32U031R6I6, STM32U031R6T6, STM32U031R8I6, STM32U031R8T6, STM32U073C8T6, STM32U073C8U6, STM32U073CBT6, STM32U073CBU6, STM32U073CCT6, STM32U073CCU6, STM32U073H8Y6TR, STM32U073HBY6TR, STM32U073HCY6TR, STM32U073K8U6, STM32U073KBU6, STM32U073KCU6, STM32U073M8I6, STM32U073M8T6, STM32U073MBI6, STM32U073MBT6, STM32U073MCI6, STM32U073MCT6, STM32U073R8I6, STM32U073R8T6, STM32U073RBI6, STM32U073RBT6, STM32U073RCI6, STM32U073RCT6, STM32U083C-DK, STM32U083CCT6, STM32U083CCU6, STM32U083HCY6TR, STM32U083KCU6, STM32U083MCI6, STM32U083MCT6, STM32U083RCI6, STM32U083RCT6, STM32U535CBT6, STM32U535CBT6Q, STM32U535CBU6, STM32U535CBU6Q, STM32U535CCT6, STM32U535CCT6Q, STM32U535CCU6, STM32U535CCU6Q, STM32U535CET6, STM32U535CET6Q, STM32U535CEU6, STM32U535CEU6Q, STM32U535JEY6QTR, STM32U535NCY6QTR, STM32U535NEY6QTR, STM32U535RBI6, STM32U535RBI6Q, STM32U535RBT6, STM32U535RBT6Q, STM32U535RCI6, STM32U535RCI6Q, STM32U535RCT6, STM32U535RCT6Q, STM32U535REI6, STM32U535REI6Q, STM32U535RET6, STM32U535RET6Q, STM32U535VCI6, STM32U535VCI6Q, STM32U535VCT6, STM32U535VCT6Q, STM32U535VEI6, STM32U535VEI6Q, STM32U535VET6, STM32U535VET6Q, STM32U545CET6, STM32U545CET6Q, STM32U545CEU6, STM32U545CEU6Q, STM32U545JEY6QTR, STM32U545NEY6QTR, STM32U545REI6, STM32U545REI6Q, STM32U545RET6, STM32U545RET6Q, STM32U545VEI6, STM32U545VEI6Q, STM32U545VET6, STM32U545VET6Q, STM32U595AIH6, STM32U595AIH6Q, STM32U595AJH6, STM32U595AJH6Q, STM32U595QII6, STM32U595QII6Q, STM32U595QJI6, STM32U595QJI6Q, STM32U595RIT6, STM32U595RIT6Q, STM32U595RJT6, STM32U595RJT6Q, STM32U595VIT6, STM32U595VIT6Q, STM32U595VJT6, STM32U595VJT6Q, STM32U595ZIT6, STM32U595ZIT6Q, STM32U595ZIY6QTR, STM32U595ZJT6, STM32U595ZJT6Q, STM32U595ZJY6QTR, STM32U599BJY6QTR, STM32U599NIH6Q, STM32U599NJH6Q, STM32U599VIT6Q, STM32U599VJT6, STM32U599VJT6Q, STM32U599ZIT6Q, STM32U599ZIY6QTR, STM32U599ZJT6Q, STM32U599ZJY6QTR, STM32U5A5AJH6, STM32U5A5AJH6Q, STM32U5A5QII3Q , STM32U5A5QJI6, STM32U5A5QJI6Q, STM32U5A5RJT6, STM32U5A5RJT6Q, STM32U5A5VJT6, STM32U5A5VJT6Q, STM32U5A5ZJT6, STM32U5A5ZJT6Q, STM32U5A5ZJY6QTR, STM32U5A9BJY6QTR, STM32U5A9J-DK, STM32U5A9NJH6Q, STM32U5A9VJT6Q, STM32U5A9ZJT6Q, STM32U5A9ZJY6QTR, STM32U5F7VIT6, STM32U5F7VIT6Q, STM32U5F7VJT6, STM32U5F7VJT6Q, STM32U5F9BJY6QTR, STM32U5F9NJH6Q, STM32U5F9VIT6Q, STM32U5F9VJT6Q, STM32U5F9ZIJ6QTR, STM32U5F9ZIT6Q, STM32U5F9ZJJ6QTR, STM32U5F9ZJT6Q, STM32U5G7VJT6, STM32U5G7VJT6Q, STM32U5G9BJY6QTR, STM32U5G9J-DK1, STM32U5G9J-DK2, STM32U5G9NJH6Q, STM32U5G9VJT6Q, STM32U5G9ZJJ6QTR, STM32U5G9ZJT6Q, STM32WB1MMCH6, STM32WBA50KEU6, STM32WBA50KEU6TR, STM32WBA50KGU6, STM32WBA50KGU6TR, STM32WBA52CEU6, STM32WBA52CEU6TR, STM32WBA52CEU7, STM32WBA52CEU7TR, STM32WBA52CGU6, STM32WBA52CGU6TR, STM32WBA52CGU6U, STM32WBA52CGU7, STM32WBA52CGU7TR, STM32WBA52KEU6, STM32WBA52KEU6TR, STM32WBA52KGU6, STM32WBA52KGU6TR, STM32WBA54CEU6, STM32WBA54CEU6TR, STM32WBA54CEU7, STM32WBA54CEU7TR, STM32WBA54CGU6, STM32WBA54CGU6TR, STM32WBA54CGU7, STM32WBA54CGU7TR, STM32WBA54KEU6, STM32WBA54KEU6TR, STM32WBA54KEU7, STM32WBA54KEU7TR, STM32WBA54KGU6, STM32WBA54KGU6TR, STM32WBA54KGU7, STM32WBA54KGU7TR, STM32WBA55CEU6, STM32WBA55CEU6TR, STM32WBA55CEU7, STM32WBA55CEU7TR, STM32WBA55CGU6, STM32WBA55CGU6TR, STM32WBA55CGU6U, STM32WBA55CGU7, STM32WBA55CGU7TR, STM32WBA55G-DK1, STM32WBA55HEF6, STM32WBA55HEF7, STM32WBA55HGF6, STM32WBA55HGF7, STM32WBA55UEI6, STM32WBA55UEI6TR, STM32WBA55UEI7, STM32WBA55UEI7TR, STM32WBA55UGI6, STM32WBA55UGI6TR, STM32WBA55UGI7, STM32WBA55UGI7TR, STM32WL5MOCH6, STM32WL5MOCH6TR]
2024-11-26 21:33:34,114 [INFO] DbMcus:218 - Found 4204 MCUs, 4204 are supported
2024-11-26 21:33:34,126 [INFO] ApiDb:423 - Load user favorites file C:\Users\BASAVARAJ/.stm32cubeide/favorites.mcus.txt: 1 item(s)
2024-11-26 21:33:34,126 [INFO] ApiDb:427 - User favorites MCUs=[STM32F407VGT6]
2024-11-26 21:33:34,126 [INFO] DbMcus:224 - Set 1 / 1 favorites MCUs
2024-11-26 21:33:34,577 [INFO] ApiDb:423 - Load user favorites file C:\Users\BASAVARAJ/.stm32cubeide/favorites.boards.txt: 1 item(s)
2024-11-26 21:33:34,577 [INFO] ApiDb:427 - User favorites Boards=[STM32F407G-DISC1]
2024-11-26 21:33:34,577 [INFO] DbBoards:198 - Set 1 / 1 favorites Boards
2024-11-26 21:33:34,624 [INFO] UtilMem:75 - End LoadConfig() Used Memory: 853857760 Bytes (1073741824)
2024-11-26 21:33:34,809 [WARN] ThirdParty:833 - waiting for thirdparty lock release [change project]
2024-11-26 21:33:34,810 [INFO] ThirdParty:835 - entering critical section [change project]
2024-11-26 21:33:34,810 [INFO] ThirdParty:1030 - CMSIS Pack Vendor :STMicroelectronics USBPD 4.1
2024-11-26 21:33:34,810 [INFO] ThirdParty:1030 - CMSIS Pack Vendor :STMicroelectronics X-CUBE-AZRTOS-H7 3.3.0
2024-11-26 21:33:34,810 [INFO] ThirdParty:1030 - CMSIS Pack Vendor :STMicroelectronics X-CUBE-NFC9 1.0.0
2024-11-26 21:33:34,810 [INFO] ThirdParty:1030 - CMSIS Pack Vendor :STMicroelectronics X-CUBE-GNSS1 6.0.0
2024-11-26 21:33:34,811 [INFO] ThirdParty:1030 - CMSIS Pack Vendor :STMicroelectronics USB_HOST 2.0.0
2024-11-26 21:33:34,811 [INFO] ThirdParty:1030 - CMSIS Pack Vendor :STMicroelectronics FP-SNS-MOTENVWB1 1.4.0
2024-11-26 21:33:34,811 [INFO] ThirdParty:1030 - CMSIS Pack Vendor :STMicroelectronics X-CUBE-AZRTOS-F4 1.1.0
2024-11-26 21:33:34,811 [INFO] ThirdParty:1030 - CMSIS Pack Vendor :STMicroelectronics LIBJPEG 8.0.0
2024-11-26 21:33:34,811 [INFO] ThirdParty:1030 - CMSIS Pack Vendor :STMicroelectronics FP-ATR-ASTRA1 2.0.1
2024-11-26 21:33:34,811 [INFO] ThirdParty:1030 - CMSIS Pack Vendor :STMicroelectronics X-CUBE-SMBUS 2.1.0
2024-11-26 21:33:34,811 [INFO] ThirdParty:1030 - CMSIS Pack Vendor :STMicroelectronics X-CUBE-WB05N 1.1.0
2024-11-26 21:33:34,811 [INFO] ThirdParty:1030 - CMSIS Pack Vendor :STMicroelectronics USB_DEVICE 3.0.0
2024-11-26 21:33:34,811 [INFO] ThirdParty:1030 - CMSIS Pack Vendor :STMicroelectronics X-CUBE-TCPP 4.1.0
2024-11-26 21:33:34,811 [INFO] ThirdParty:1030 - CMSIS Pack Vendor :STMicroelectronics X-CUBE-ISPU 2.1.0
2024-11-26 21:33:34,811 [INFO] ThirdParty:1030 - CMSIS Pack Vendor :STMicroelectronics X-CUBE-FREERTOS 1.2.0
2024-11-26 21:33:34,811 [INFO] ThirdParty:1030 - CMSIS Pack Vendor :STMicroelectronics X-CUBE-IPS 3.0.0
2024-11-26 21:33:34,811 [INFO] ThirdParty:1030 - CMSIS Pack Vendor :STMicroelectronics X-CUBE-AZRTOS-WB 2.0.0
2024-11-26 21:33:34,811 [INFO] ThirdParty:1030 - CMSIS Pack Vendor :STMicroelectronics X-CUBE-GNSS1 7.0.0
2024-11-26 21:33:34,811 [INFO] ThirdParty:1030 - CMSIS Pack Vendor :STMicroelectronics X-CUBE-TOUCHGFX 4.23.2
2024-11-26 21:33:34,812 [INFO] ThirdParty:1030 - CMSIS Pack Vendor :STMicroelectronics X-CUBE-AZRTOS-F7 1.1.0
2024-11-26 21:33:34,812 [INFO] ThirdParty:1030 - CMSIS Pack Vendor :STMicroelectronics X-CUBE-AZRTOS-L5 2.0.0
2024-11-26 21:33:34,812 [INFO] ThirdParty:1030 - CMSIS Pack Vendor :STMicroelectronics USB_DEVICE 2.0.0
2024-11-26 21:33:34,812 [INFO] ThirdParty:1030 - CMSIS Pack Vendor :STMicroelectronics X-CUBE-NFC6 3.1.0
2024-11-26 21:33:34,812 [INFO] ThirdParty:1030 - CMSIS Pack Vendor :STMicroelectronics FP-SNS-STBOX1 2.0.0
2024-11-26 21:33:34,812 [INFO] ThirdParty:1030 - CMSIS Pack Vendor :STMicroelectronics X-CUBE-ALGOBUILD 1.3.0
2024-11-26 21:33:34,812 [INFO] ThirdParty:1030 - CMSIS Pack Vendor :STMicroelectronics X-CUBE-MEMS1 11.0.0
2024-11-26 21:33:34,812 [INFO] ThirdParty:1030 - CMSIS Pack Vendor :STMicroelectronics FreeRTOS 0.0.1
2024-11-26 21:33:34,812 [INFO] ThirdParty:1030 - CMSIS Pack Vendor :STMicroelectronics X-CUBE-AZRTOS-G0 1.1.0
2024-11-26 21:33:34,812 [INFO] ThirdParty:1030 - CMSIS Pack Vendor :STMicroelectronics X-CUBE-SAFEA1 1.2.2
2024-11-26 21:33:34,812 [INFO] ThirdParty:1030 - CMSIS Pack Vendor :STMicroelectronics X-CUBE-NFC4 3.0.0
2024-11-26 21:33:34,812 [INFO] ThirdParty:1030 - CMSIS Pack Vendor :STMicroelectronics X-CUBE-DPower 1.2.0
2024-11-26 21:33:34,812 [INFO] ThirdParty:1030 - CMSIS Pack Vendor :STMicroelectronics X-CUBE-SUBG2 5.0.0
2024-11-26 21:33:34,812 [INFO] ThirdParty:1030 - CMSIS Pack Vendor :STMicroelectronics STM32_WPAN 1.0.0
2024-11-26 21:33:34,812 [INFO] ThirdParty:1030 - CMSIS Pack Vendor :wolfSSL I-CUBE-wolfMQTT 1.18.0
2024-11-26 21:33:34,812 [INFO] ThirdParty:1030 - CMSIS Pack Vendor :EmbeddedOffice I-CUBE-FS-RTOS 1.0.1
2024-11-26 21:33:34,812 [INFO] ThirdParty:1030 - CMSIS Pack Vendor :STMicroelectronics lwIP 2.0.3
2024-11-26 21:33:34,812 [INFO] ThirdParty:1030 - CMSIS Pack Vendor :STMicroelectronics FP-SNS-FLIGHT1 5.0.2
2024-11-26 21:33:34,812 [INFO] ThirdParty:1030 - CMSIS Pack Vendor :STMicroelectronics USB_HOST 1.0.0
2024-11-26 21:33:34,812 [INFO] ThirdParty:1030 - CMSIS Pack Vendor :STMicroelectronics X-CUBE-AI 9.0.0
2024-11-26 21:33:34,812 [INFO] ThirdParty:1030 - CMSIS Pack Vendor :STMicroelectronics X-CUBE-AZRTOS-G4 2.0.0
2024-11-26 21:33:34,812 [INFO] ThirdParty:1030 - CMSIS Pack Vendor :STMicroelectronics PDM2PCM 3.1.0
2024-11-26 21:33:34,813 [INFO] ThirdParty:1030 - CMSIS Pack Vendor :STMicroelectronics PDM2PCM 3.3.0
2024-11-26 21:33:34,813 [INFO] ThirdParty:1030 - CMSIS Pack Vendor :STMicroelectronics X-CUBE-DISPLAY 3.0.0
2024-11-26 21:33:34,813 [INFO] ThirdParty:1030 - CMSIS Pack Vendor :RealThread X-CUBE-RT-Thread_Nano 4.1.1
2024-11-26 21:33:34,813 [INFO] ThirdParty:1030 - CMSIS Pack Vendor :wolfSSL I-CUBE-wolfSSL 5.7.0
2024-11-26 21:33:34,813 [INFO] ThirdParty:1030 - CMSIS Pack Vendor :STMicroelectronics X-CUBE-BLE1 7.0.0
2024-11-26 21:33:34,813 [INFO] ThirdParty:1030 - CMSIS Pack Vendor :STMicroelectronics FP-ATR-SIGFOX1 3.2.0
2024-11-26 21:33:34,813 [INFO] ThirdParty:1030 - CMSIS Pack Vendor :STMicroelectronics X-CUBE-NFC10 1.0.0
2024-11-26 21:33:34,813 [INFO] ThirdParty:1030 - CMSIS Pack Vendor :quantropi X-CUBE-qispace-sdk-base 1.9.3
2024-11-26 21:33:34,813 [INFO] ThirdParty:1030 - CMSIS Pack Vendor :STMicroelectronics X-CUBE-ISPU 2.0.0
2024-11-26 21:33:34,813 [INFO] ThirdParty:1030 - CMSIS Pack Vendor :STMicroelectronics X-CUBE-EEPRMA1 5.1.0
2024-11-26 21:33:34,813 [INFO] ThirdParty:1030 - CMSIS Pack Vendor :STMicroelectronics HAL Drivers 0.0.0
2024-11-26 21:33:34,813 [INFO] ThirdParty:1030 - CMSIS Pack Vendor :STMicroelectronics MBEDTLS 2.16.2
2024-11-26 21:33:34,813 [INFO] ThirdParty:1030 - CMSIS Pack Vendor :STMicroelectronics X-CUBE-ALS 1.0.2
2024-11-26 21:33:34,813 [INFO] ThirdParty:1030 - CMSIS Pack Vendor :emotas I-CUBE-CANOPEN 1.3.0
2024-11-26 21:33:34,813 [INFO] ThirdParty:1030 - CMSIS Pack Vendor :STMicroelectronics X-CUBE-MEMS1 10.0.0
2024-11-26 21:33:34,813 [INFO] ThirdParty:1030 - CMSIS Pack Vendor :STMicroelectronics X-CUBE-FREERTOS 1.1.0
2024-11-26 21:33:34,813 [INFO] ThirdParty:1030 - CMSIS Pack Vendor :STMicroelectronics X-CUBE-NFC7 1.0.1
2024-11-26 21:33:34,814 [INFO] ThirdParty:1030 - CMSIS Pack Vendor :STMicroelectronics MBEDTLS 2.14.1
2024-11-26 21:33:34,814 [INFO] ThirdParty:1030 - CMSIS Pack Vendor :STMicroelectronics X-CUBE-TOUCHGFX 4.24.0
2024-11-26 21:33:34,814 [INFO] ThirdParty:1030 - CMSIS Pack Vendor :ITTIA_DB I-CUBE-ITTIADB 8.9.0
2024-11-26 21:33:34,814 [INFO] ThirdParty:1030 - CMSIS Pack Vendor :wolfSSL I-CUBE-wolfTPM 3.2.0
2024-11-26 21:33:34,814 [INFO] ThirdParty:1030 - CMSIS Pack Vendor :STMicroelectronics X-CUBE-TOUCHGFX 4.24.1
2024-11-26 21:33:34,814 [INFO] ThirdParty:1030 - CMSIS Pack Vendor :portGmbH I-Cube-SoM-uGOAL 1.1.0
2024-11-26 21:33:34,814 [INFO] ThirdParty:1030 - CMSIS Pack Vendor :STMicroelectronics X-CUBE-ALS 1.0.1
2024-11-26 21:33:34,814 [INFO] ThirdParty:1030 - CMSIS Pack Vendor :STMicroelectronics X-CUBE-BLEMGR 3.1.0
2024-11-26 21:33:34,814 [INFO] ThirdParty:1030 - CMSIS Pack Vendor :STMicroelectronics ThreadX 1.0.0
2024-11-26 21:33:34,814 [INFO] ThirdParty:1030 - CMSIS Pack Vendor :STMicroelectronics FP-SNS-SMARTAG2 1.2.0
2024-11-26 21:33:34,814 [INFO] ThirdParty:1030 - CMSIS Pack Vendor :STMicroelectronics X-CUBE-AZRTOS-WL 2.0.0
2024-11-26 21:33:34,814 [INFO] ThirdParty:1030 - CMSIS Pack Vendor :SEGGER I-CUBE-embOS 1.3.1
2024-11-26 21:33:34,814 [INFO] ThirdParty:1030 - CMSIS Pack Vendor :STMicroelectronics X-CUBE-ALGOBUILD 1.4.0
2024-11-26 21:33:34,814 [INFO] ThirdParty:1030 - CMSIS Pack Vendor :STMicroelectronics FP-SNS-MOTENV1 5.0.0
2024-11-26 21:33:34,814 [INFO] ThirdParty:1030 - CMSIS Pack Vendor :STMicroelectronics USB_DEVICE 1.0.0
2024-11-26 21:33:34,814 [INFO] ThirdParty:1030 - CMSIS Pack Vendor :STMicroelectronics X-CUBE-AZRTOS-H7RS 1.0.0
2024-11-26 21:33:34,814 [INFO] ThirdParty:1030 - CMSIS Pack Vendor :wolfSSL I-CUBE-wolfMQTT 1.19.0
2024-11-26 21:33:34,814 [INFO] ThirdParty:1030 - CMSIS Pack Vendor :STMicroelectronics X-CUBE-AZRTOS-L4 2.0.0
2024-11-26 21:33:34,814 [INFO] ThirdParty:1030 - CMSIS Pack Vendor :STMicroelectronics ThreadX 0.0.2
2024-11-26 21:33:34,814 [INFO] ThirdParty:1030 - CMSIS Pack Vendor :WES I-CUBE-Cesium 1.3.0
2024-11-26 21:33:34,814 [INFO] ThirdParty:1030 - CMSIS Pack Vendor :STMicroelectronics FP-ATR-ASTRA1 2.0.0
2024-11-26 21:33:34,814 [INFO] ThirdParty:1030 - CMSIS Pack Vendor :STMicroelectronics lwIP 2.1.2
2024-11-26 21:33:34,814 [INFO] ThirdParty:1030 - CMSIS Pack Vendor :STMicroelectronics X-CUBE-SFXS2LP1 4.0.0
2024-11-26 21:33:34,814 [INFO] ThirdParty:1030 - CMSIS Pack Vendor :STMicroelectronics X-CUBE-BLE2 3.3.0
2024-11-26 21:33:34,814 [INFO] ThirdParty:1030 - CMSIS Pack Vendor :STMicroelectronics X-CUBE-TOF1 3.4.2
2024-11-26 21:33:34,814 [INFO] ThirdParty:1030 - CMSIS Pack Vendor :STMicroelectronics X-CUBE-AI 9.1.0
2024-11-26 21:33:34,814 [INFO] ThirdParty:1030 - CMSIS Pack Vendor :STMicroelectronics X-CUBE-TOF1 3.4.1
2024-11-26 21:33:34,814 [INFO] ThirdParty:1030 - CMSIS Pack Vendor :STMicroelectronics X-CUBE-AZRTOS-H7 3.2.0
2024-11-26 21:33:34,814 [INFO] ThirdParty:1030 - CMSIS Pack Vendor :Infineon AIROC-Wi-Fi-Bluetooth-STM32 1.6.0
2024-11-26 21:33:34,815 [INFO] ThirdParty:1030 - CMSIS Pack Vendor :STMicroelectronics PDM2PCM 3.2.0
2024-11-26 21:33:34,815 [INFO] ThirdParty:1030 - CMSIS Pack Vendor :wolfSSL I-CUBE-wolfSSH 1.4.17
2024-11-26 21:33:34,815 [INFO] ThirdParty:841 - exiting critical section [change project]
2024-11-26 21:33:35,563 [INFO] PinOutPanel:1561 - setPackage(No Configuration,No Configuration)
2024-11-26 21:33:35,570 [INFO] PinOutPanel:1561 - setPackage(STM32F407VGTx,LQFP100)
2024-11-26 21:33:36,453 [INFO] UtilMem:75 - Before build in PCC Used Memory: 757383480 Bytes (1073741824)
2024-11-26 21:33:37,884 [INFO] UtilMem:75 - After build in PCC Used Memory: 858615800 Bytes (1073741824)
2024-11-26 21:33:37,933 [INFO] IPUIPlugin:80 - create IPUIPlugin
2024-11-26 21:33:37,933 [INFO] IPUIPlugin:80 - create IPUIPlugin
2024-11-26 21:33:37,934 [INFO] IPUIPlugin:80 - create IPUIPlugin
2024-11-26 21:33:37,934 [INFO] IPUIPlugin:80 - create IPUIPlugin
2024-11-26 21:33:37,934 [INFO] IPUIPlugin:80 - create IPUIPlugin
2024-11-26 21:33:37,934 [INFO] IPUIPlugin:80 - create IPUIPlugin
2024-11-26 21:33:37,934 [INFO] IPUIPlugin:80 - create IPUIPlugin
2024-11-26 21:33:37,935 [INFO] IPUIPlugin:80 - create IPUIPlugin
2024-11-26 21:33:37,935 [INFO] IPUIPlugin:80 - create IPUIPlugin
2024-11-26 21:33:37,935 [INFO] IPUIPlugin:80 - create IPUIPlugin
2024-11-26 21:33:37,935 [INFO] IPUIPlugin:80 - create IPUIPlugin
2024-11-26 21:33:37,935 [INFO] IPUIPlugin:80 - create IPUIPlugin
2024-11-26 21:33:37,935 [INFO] IPUIPlugin:80 - create IPUIPlugin
2024-11-26 21:33:37,936 [INFO] IPUIPlugin:80 - create IPUIPlugin
2024-11-26 21:33:37,936 [INFO] IPUIPlugin:80 - create IPUIPlugin
2024-11-26 21:33:37,936 [INFO] IPUIPlugin:80 - create IPUIPlugin
2024-11-26 21:33:37,936 [INFO] IPUIPlugin:80 - create IPUIPlugin
2024-11-26 21:33:37,936 [INFO] IPUIPlugin:80 - create IPUIPlugin
2024-11-26 21:33:37,936 [INFO] IPUIPlugin:80 - create IPUIPlugin
2024-11-26 21:33:37,937 [INFO] IPUIPlugin:80 - create IPUIPlugin
2024-11-26 21:33:37,937 [INFO] IPUIPlugin:80 - create IPUIPlugin
2024-11-26 21:33:37,937 [INFO] IPUIPlugin:80 - create IPUIPlugin
2024-11-26 21:33:37,938 [INFO] IPUIPlugin:80 - create IPUIPlugin
2024-11-26 21:33:37,938 [INFO] IPUIPlugin:80 - create IPUIPlugin
2024-11-26 21:33:37,938 [INFO] IPUIPlugin:80 - create IPUIPlugin
2024-11-26 21:33:37,939 [INFO] IPUIPlugin:80 - create IPUIPlugin
2024-11-26 21:33:37,939 [INFO] IPUIPlugin:80 - create IPUIPlugin
2024-11-26 21:33:37,939 [INFO] IPUIPlugin:80 - create IPUIPlugin
2024-11-26 21:33:37,939 [INFO] IPUIPlugin:80 - create IPUIPlugin
2024-11-26 21:33:37,939 [INFO] IPUIPlugin:80 - create IPUIPlugin
2024-11-26 21:33:37,941 [INFO] IPUIPlugin:80 - create IPUIPlugin
2024-11-26 21:33:37,941 [INFO] IPUIPlugin:80 - create IPUIPlugin
2024-11-26 21:33:37,942 [INFO] IPUIPlugin:80 - create IPUIPlugin
2024-11-26 21:33:37,942 [INFO] IPUIPlugin:80 - create IPUIPlugin
2024-11-26 21:33:37,942 [INFO] IPUIPlugin:80 - create IPUIPlugin
2024-11-26 21:33:37,943 [INFO] IPUIPlugin:80 - create IPUIPlugin
2024-11-26 21:33:37,943 [INFO] IPUIPlugin:80 - create IPUIPlugin
2024-11-26 21:33:37,944 [INFO] IPUIPlugin:80 - create IPUIPlugin
2024-11-26 21:33:37,944 [INFO] IPUIPlugin:80 - create IPUIPlugin
2024-11-26 21:33:37,945 [INFO] IPUIPlugin:80 - create IPUIPlugin
2024-11-26 21:33:37,945 [INFO] IPUIPlugin:80 - create IPUIPlugin
2024-11-26 21:33:37,946 [INFO] IPUIPlugin:80 - create IPUIPlugin
2024-11-26 21:33:37,946 [INFO] IPUIPlugin:80 - create IPUIPlugin
2024-11-26 21:33:37,946 [INFO] IPUIPlugin:80 - create IPUIPlugin
2024-11-26 21:33:37,947 [INFO] IPUIPlugin:80 - create IPUIPlugin
2024-11-26 21:33:37,947 [INFO] IPUIPlugin:80 - create IPUIPlugin
2024-11-26 21:33:37,948 [INFO] IPUIPlugin:80 - create IPUIPlugin
2024-11-26 21:33:37,948 [INFO] IPUIPlugin:80 - create IPUIPlugin
2024-11-26 21:33:37,949 [INFO] IPUIPlugin:80 - create IPUIPlugin
2024-11-26 21:33:37,949 [INFO] IPUIPlugin:80 - create IPUIPlugin
2024-11-26 21:33:37,949 [INFO] IPUIPlugin:80 - create IPUIPlugin
2024-11-26 21:33:37,950 [INFO] IPUIPlugin:80 - create IPUIPlugin
2024-11-26 21:33:37,950 [INFO] IPUIPlugin:80 - create IPUIPlugin
2024-11-26 21:33:37,951 [INFO] IPUIPlugin:80 - create IPUIPlugin
2024-11-26 21:33:37,951 [INFO] IPUIPlugin:80 - create IPUIPlugin
2024-11-26 21:33:37,953 [INFO] IPUIPlugin:80 - create IPUIPlugin
2024-11-26 21:33:37,954 [INFO] IPUIPlugin:80 - create IPUIPlugin
2024-11-26 21:33:37,954 [INFO] IPUIPlugin:80 - create IPUIPlugin
2024-11-26 21:33:38,078 [INFO] ApiDbMcu:508 - Load IP Config File for PDM2PCM
2024-11-26 21:33:38,470 [INFO] CADModel:165 - CPN selected for project levelSTM32F407VGT6
2024-11-26 21:33:38,470 [INFO] CADModel:114 - Register for checkConnection events
2024-11-26 21:33:38,533 [INFO] OpenFileManager:343 - Restore cursor
2024-11-26 21:33:52,083 [INFO] Gpio:277 - dependency for GPIO [RCC, USART1]
2024-11-26 21:34:46,663 [ERROR] LogOutputStream:75 - [STDERR_REDIRECT] Exception in thread "AWT-EventQueue-0" java.lang.ClassCastException: class sun.awt.windows.WEmbeddedFrame cannot be cast to class javax.swing.JFrame (sun.awt.windows.WEmbeddedFrame and javax.swing.JFrame are in module java.desktop of loader 'bootstrap')
2024-11-26 21:34:46,665 [ERROR] LogOutputStream:75 - [STDERR_REDIRECT] 	at com.st.microxplorer.plugins.clock.ClockConfigurationView.activatePlugin(ClockConfigurationView.java:425)
2024-11-26 21:34:46,667 [ERROR] LogOutputStream:75 - [STDERR_REDIRECT] 	at com.st.microxplorer.maingui.MainPanel$1.stateChanged(MainPanel.java:369)
2024-11-26 21:34:46,669 [ERROR] LogOutputStream:75 - [STDERR_REDIRECT] 	at java.desktop/javax.swing.JTabbedPane.fireStateChanged(JTabbedPane.java:444)
2024-11-26 21:34:46,671 [ERROR] LogOutputStream:75 - [STDERR_REDIRECT] 	at java.desktop/javax.swing.JTabbedPane$ModelListener.stateChanged(JTabbedPane.java:295)
2024-11-26 21:34:46,674 [ERROR] LogOutputStream:75 - [STDERR_REDIRECT] 	at java.desktop/javax.swing.DefaultSingleSelectionModel.fireStateChanged(DefaultSingleSelectionModel.java:148)
2024-11-26 21:34:46,676 [ERROR] LogOutputStream:75 - [STDERR_REDIRECT] 	at java.desktop/javax.swing.DefaultSingleSelectionModel.setSelectedIndex(DefaultSingleSelectionModel.java:79)
2024-11-26 21:34:46,678 [ERROR] LogOutputStream:75 - [STDERR_REDIRECT] 	at java.desktop/javax.swing.JTabbedPane.setSelectedIndexImpl(JTabbedPane.java:648)
2024-11-26 21:34:46,680 [ERROR] LogOutputStream:75 - [STDERR_REDIRECT] 	at java.desktop/javax.swing.JTabbedPane.setSelectedIndex(JTabbedPane.java:623)
2024-11-26 21:34:46,683 [ERROR] LogOutputStream:75 - [STDERR_REDIRECT] 	at java.desktop/javax.swing.plaf.basic.BasicTabbedPaneUI$Handler.mousePressed(BasicTabbedPaneUI.java:4101)
2024-11-26 21:34:46,685 [ERROR] LogOutputStream:75 - [STDERR_REDIRECT] 	at java.desktop/java.awt.Component.processMouseEvent(Component.java:6623)
2024-11-26 21:34:46,686 [ERROR] LogOutputStream:75 - [STDERR_REDIRECT] 	at java.desktop/javax.swing.JComponent.processMouseEvent(JComponent.java:3389)
2024-11-26 21:34:46,689 [ERROR] LogOutputStream:75 - [STDERR_REDIRECT] 	at java.desktop/java.awt.Component.processEvent(Component.java:6391)
2024-11-26 21:34:46,690 [ERROR] LogOutputStream:75 - [STDERR_REDIRECT] 	at java.desktop/java.awt.Container.processEvent(Container.java:2266)
2024-11-26 21:34:46,692 [ERROR] LogOutputStream:75 - [STDERR_REDIRECT] 	at java.desktop/java.awt.Component.dispatchEventImpl(Component.java:5001)
2024-11-26 21:34:46,694 [ERROR] LogOutputStream:75 - [STDERR_REDIRECT] 	at java.desktop/java.awt.Container.dispatchEventImpl(Container.java:2324)
2024-11-26 21:34:46,695 [ERROR] LogOutputStream:75 - [STDERR_REDIRECT] 	at java.desktop/java.awt.Component.dispatchEvent(Component.java:4833)
2024-11-26 21:34:46,697 [ERROR] LogOutputStream:75 - [STDERR_REDIRECT] 	at java.desktop/java.awt.LightweightDispatcher.retargetMouseEvent(Container.java:4948)
2024-11-26 21:34:46,699 [ERROR] LogOutputStream:75 - [STDERR_REDIRECT] 	at java.desktop/java.awt.LightweightDispatcher.processMouseEvent(Container.java:4572)
2024-11-26 21:34:46,700 [ERROR] LogOutputStream:75 - [STDERR_REDIRECT] 	at java.desktop/java.awt.LightweightDispatcher.dispatchEvent(Container.java:4516)
2024-11-26 21:34:46,701 [ERROR] LogOutputStream:75 - [STDERR_REDIRECT] 	at java.desktop/java.awt.Container.dispatchEventImpl(Container.java:2310)
2024-11-26 21:34:46,702 [ERROR] LogOutputStream:75 - [STDERR_REDIRECT] 	at java.desktop/java.awt.Component.dispatchEvent(Component.java:4833)
2024-11-26 21:34:46,704 [ERROR] LogOutputStream:75 - [STDERR_REDIRECT] 	at java.desktop/java.awt.EventQueue.dispatchEventImpl(EventQueue.java:775)
2024-11-26 21:34:46,706 [ERROR] LogOutputStream:75 - [STDERR_REDIRECT] 	at java.desktop/java.awt.EventQueue$4.run(EventQueue.java:720)
2024-11-26 21:34:46,709 [ERROR] LogOutputStream:75 - [STDERR_REDIRECT] 	at java.desktop/java.awt.EventQueue$4.run(EventQueue.java:714)
2024-11-26 21:34:46,711 [ERROR] LogOutputStream:75 - [STDERR_REDIRECT] 	at java.base/java.security.AccessController.doPrivileged(AccessController.java:399)
2024-11-26 21:34:46,713 [ERROR] LogOutputStream:75 - [STDERR_REDIRECT] 	at java.base/java.security.ProtectionDomain$JavaSecurityAccessImpl.doIntersectionPrivilege(ProtectionDomain.java:86)
2024-11-26 21:34:46,715 [ERROR] LogOutputStream:75 - [STDERR_REDIRECT] 	at java.base/java.security.ProtectionDomain$JavaSecurityAccessImpl.doIntersectionPrivilege(ProtectionDomain.java:97)
2024-11-26 21:34:46,716 [ERROR] LogOutputStream:75 - [STDERR_REDIRECT] 	at java.desktop/java.awt.EventQueue$5.run(EventQueue.java:747)
2024-11-26 21:34:46,717 [ERROR] LogOutputStream:75 - [STDERR_REDIRECT] 	at java.desktop/java.awt.EventQueue$5.run(EventQueue.java:745)
2024-11-26 21:34:46,719 [ERROR] LogOutputStream:75 - [STDERR_REDIRECT] 	at java.base/java.security.AccessController.doPrivileged(AccessController.java:399)
2024-11-26 21:34:46,723 [ERROR] LogOutputStream:75 - [STDERR_REDIRECT] 	at java.base/java.security.ProtectionDomain$JavaSecurityAccessImpl.doIntersectionPrivilege(ProtectionDomain.java:86)
2024-11-26 21:34:46,725 [ERROR] LogOutputStream:75 - [STDERR_REDIRECT] 	at java.desktop/java.awt.EventQueue.dispatchEvent(EventQueue.java:744)
2024-11-26 21:34:46,726 [ERROR] LogOutputStream:75 - [STDERR_REDIRECT] 	at java.desktop/java.awt.EventDispatchThread.pumpOneEventForFilters(EventDispatchThread.java:203)
2024-11-26 21:34:46,728 [ERROR] LogOutputStream:75 - [STDERR_REDIRECT] 	at java.desktop/java.awt.EventDispatchThread.pumpEventsForFilter(EventDispatchThread.java:124)
2024-11-26 21:34:46,729 [ERROR] LogOutputStream:75 - [STDERR_REDIRECT] 	at java.desktop/java.awt.EventDispatchThread.pumpEventsForHierarchy(EventDispatchThread.java:113)
2024-11-26 21:34:46,730 [ERROR] LogOutputStream:75 - [STDERR_REDIRECT] 	at java.desktop/java.awt.EventDispatchThread.pumpEvents(EventDispatchThread.java:109)
2024-11-26 21:34:46,731 [ERROR] LogOutputStream:75 - [STDERR_REDIRECT] 	at java.desktop/java.awt.EventDispatchThread.pumpEvents(EventDispatchThread.java:101)
2024-11-26 21:34:46,732 [ERROR] LogOutputStream:75 - [STDERR_REDIRECT] 	at java.desktop/java.awt.EventDispatchThread.run(EventDispatchThread.java:90)
2024-11-26 21:36:29,345 [INFO] UtilMem:75 - End SaveConfig() Used Memory: 672646552 Bytes (1073741824)
2024-11-26 21:36:31,309 [INFO] UtilMem:75 - End SaveConfig() Used Memory: 620636464 Bytes (1073741824)
2024-11-26 21:36:44,165 [INFO] UtilMem:75 - End SaveConfig() Used Memory: 705245312 Bytes (1073741824)
2024-11-26 21:36:44,844 [INFO] BlockDiagram:2759 - set Specific Code input for plugin: SYS
2024-11-26 21:36:44,844 [INFO] BlockDiagram:2759 - set Specific Code input for plugin: RCC
2024-11-26 21:36:44,844 [INFO] BlockDiagram:2759 - set Specific Code input for plugin: NVIC
2024-11-26 21:36:44,845 [INFO] BlockDiagram:2759 - set Specific Code input for plugin: GPIO
2024-11-26 21:36:44,846 [INFO] CodeGenerator:807 - code generatio: config db path: C:\ST\STM32CubeIDE_1.15.0\STM32CubeIDE\plugins\com.st.stm32cube.common.mx_6.11.0.202403141607\\db\
2024-11-26 21:36:45,085 [INFO] CodeEngine:255 - oldGeneratedFile, D:\STM32\Stm32-HAL\Timer\MXTmpFiles\license.tmp_save
2024-11-26 21:36:45,986 [INFO] CodeEngine:279 - Generated code: D:\STM32\Stm32-HAL\Timer\MXTmpFiles\license.tmp
2024-11-26 21:36:46,100 [INFO] CodeEngine:255 - oldGeneratedFile, D:\STM32\Stm32-HAL\Timer\MXTmpFiles\gpio.tmp_save
2024-11-26 21:36:46,278 [INFO] CodeEngine:279 - Generated code: D:\STM32\Stm32-HAL\Timer\MXTmpFiles\gpio.tmp
2024-11-26 21:36:46,370 [INFO] CodeEngine:255 - oldGeneratedFile, D:\STM32\Stm32-HAL\Timer\Core\Src\stm32f4xx_it.c_save
2024-11-26 21:36:46,578 [INFO] CodeEngine:279 - Generated code: D:\STM32\Stm32-HAL\Timer\Core\Src\stm32f4xx_it.c
2024-11-26 21:36:46,610 [INFO] CodeEngine:255 - oldGeneratedFile, D:\STM32\Stm32-HAL\Timer\Core\Inc\stm32f4xx_it.h_save
2024-11-26 21:36:46,758 [INFO] CodeEngine:279 - Generated code: D:\STM32\Stm32-HAL\Timer\Core\Inc\stm32f4xx_it.h
2024-11-26 21:36:46,813 [INFO] CodeEngine:255 - oldGeneratedFile, D:\STM32\Stm32-HAL\Timer\Core\Src\stm32f4xx_hal_msp.c_save
2024-11-26 21:36:47,052 [INFO] CodeEngine:279 - Generated code: D:\STM32\Stm32-HAL\Timer\Core\Src\stm32f4xx_hal_msp.c
2024-11-26 21:36:47,070 [INFO] CodeEngine:255 - oldGeneratedFile, D:\STM32\Stm32-HAL\Timer\MXTmpFiles\system.tmp_save
2024-11-26 21:36:47,182 [INFO] CodeEngine:279 - Generated code: D:\STM32\Stm32-HAL\Timer\MXTmpFiles\system.tmp
2024-11-26 21:36:47,237 [INFO] CodeEngine:311 - oldGeneratedFile, D:\STM32\Stm32-HAL\Timer\Core\Inc\stm32f4xx_hal_conf.h_save
2024-11-26 21:36:47,407 [INFO] CodeEngine:335 - Generated code: D:\STM32\Stm32-HAL\Timer\Core\Inc\stm32f4xx_hal_conf.h
2024-11-26 21:36:47,537 [INFO] CodeEngine:255 - oldGeneratedFile, D:\STM32\Stm32-HAL\Timer\Core\Inc\main.h_save
2024-11-26 21:36:47,723 [INFO] CodeEngine:279 - Generated code: D:\STM32\Stm32-HAL\Timer\Core\Inc\main.h
2024-11-26 21:36:47,763 [INFO] CodeEngine:255 - oldGeneratedFile, D:\STM32\Stm32-HAL\Timer\Core\Src\main.c_save
2024-11-26 21:36:48,095 [INFO] CodeEngine:279 - Generated code: D:\STM32\Stm32-HAL\Timer\Core\Src\main.c
2024-11-26 21:36:48,646 [INFO] ProjectBuilder:3163 - Time for Copy HAL[1] : 195mS.
2024-11-26 21:36:48,652 [INFO] ProjectBuilder:4736 - Project Generator version: 4.3.0-B58
2024-11-26 21:36:48,792 [INFO] ConfigFileManager:1503 - The Die is : DIE413
2024-11-26 21:36:48,818 [INFO] ApiDbMcu:508 - Load IP Config File for FATFS
2024-11-26 21:36:48,843 [INFO] ApiDbMcu:508 - Load IP Config File for FREERTOS
2024-11-26 21:36:48,863 [INFO] ApiDbMcu:508 - Load IP Config File for LIBJPEG
2024-11-26 21:36:48,885 [INFO] ApiDbMcu:508 - Load IP Config File for LWIP
2024-11-26 21:36:48,916 [INFO] ApiDbMcu:508 - Load IP Config File for MBEDTLS
2024-11-26 21:36:48,947 [INFO] ApiDbMcu:508 - Load IP Config File for USB_DEVICE
2024-11-26 21:36:48,971 [INFO] ApiDbMcu:508 - Load IP Config File for USB_HOST
2024-11-26 21:36:50,324 [INFO] LogOutputStream:77 - [STDOUT_REDIRECT] 
2024-11-26 21:36:53,493 [INFO] ProjectBuilder:5002 - Time for Generating toolchain IDE Files: 4840mS.
2024-11-26 21:36:53,495 [INFO] ProjectBuilder:3034 - Time for Copy CMSIS : 1mS.
2024-11-26 21:36:53,496 [INFO] ProjectBuilder:3034 - Time for Copy CMSIS : 0mS.
2024-11-26 22:07:53,568 [INFO] UtilMem:75 - End SaveConfig() Used Memory: 816981040 Bytes (1073741824)
2024-11-26 22:07:57,320 [INFO] UtilMem:75 - End SaveConfig() Used Memory: 941525072 Bytes (1073741824)
2024-11-26 22:08:01,861 [INFO] UtilMem:75 - End SaveConfig() Used Memory: 792969568 Bytes (1073741824)
2024-11-26 22:08:02,100 [INFO] BlockDiagram:2759 - set Specific Code input for plugin: SYS
2024-11-26 22:08:02,100 [INFO] BlockDiagram:2759 - set Specific Code input for plugin: RCC
2024-11-26 22:08:02,101 [INFO] BlockDiagram:2759 - set Specific Code input for plugin: NVIC
2024-11-26 22:08:02,101 [INFO] BlockDiagram:2759 - set Specific Code input for plugin: GPIO
2024-11-26 22:08:02,104 [INFO] CodeGenerator:807 - code generatio: config db path: C:\ST\STM32CubeIDE_1.15.0\STM32CubeIDE\plugins\com.st.stm32cube.common.mx_6.11.0.202403141607\\db\
2024-11-26 22:08:02,246 [INFO] CodeEngine:255 - oldGeneratedFile, D:\STM32\Stm32-HAL\Timer\MXTmpFiles\license.tmp_save
2024-11-26 22:08:02,419 [INFO] CodeEngine:279 - Generated code: D:\STM32\Stm32-HAL\Timer\MXTmpFiles\license.tmp
2024-11-26 22:08:02,445 [INFO] CodeEngine:255 - oldGeneratedFile, D:\STM32\Stm32-HAL\Timer\MXTmpFiles\gpio.tmp_save
2024-11-26 22:08:02,563 [INFO] CodeEngine:279 - Generated code: D:\STM32\Stm32-HAL\Timer\MXTmpFiles\gpio.tmp
2024-11-26 22:08:02,608 [INFO] CodeEngine:255 - oldGeneratedFile, D:\STM32\Stm32-HAL\Timer\Core\Src\stm32f4xx_it.c_save
2024-11-26 22:08:02,859 [INFO] CodeEngine:279 - Generated code: D:\STM32\Stm32-HAL\Timer\Core\Src\stm32f4xx_it.c
2024-11-26 22:08:02,864 [INFO] CodeEngine:255 - oldGeneratedFile, D:\STM32\Stm32-HAL\Timer\Core\Inc\stm32f4xx_it.h_save
2024-11-26 22:08:02,946 [INFO] CodeEngine:279 - Generated code: D:\STM32\Stm32-HAL\Timer\Core\Inc\stm32f4xx_it.h
2024-11-26 22:08:02,984 [INFO] CodeEngine:255 - oldGeneratedFile, D:\STM32\Stm32-HAL\Timer\Core\Src\stm32f4xx_hal_msp.c_save
2024-11-26 22:08:03,107 [INFO] CodeEngine:279 - Generated code: D:\STM32\Stm32-HAL\Timer\Core\Src\stm32f4xx_hal_msp.c
2024-11-26 22:08:03,111 [INFO] CodeEngine:255 - oldGeneratedFile, D:\STM32\Stm32-HAL\Timer\MXTmpFiles\system.tmp_save
2024-11-26 22:08:03,186 [INFO] CodeEngine:279 - Generated code: D:\STM32\Stm32-HAL\Timer\MXTmpFiles\system.tmp
2024-11-26 22:08:03,213 [INFO] CodeEngine:311 - oldGeneratedFile, D:\STM32\Stm32-HAL\Timer\Core\Inc\stm32f4xx_hal_conf.h_save
2024-11-26 22:08:03,312 [INFO] CodeEngine:335 - Generated code: D:\STM32\Stm32-HAL\Timer\Core\Inc\stm32f4xx_hal_conf.h
2024-11-26 22:08:03,380 [INFO] CodeEngine:255 - oldGeneratedFile, D:\STM32\Stm32-HAL\Timer\Core\Inc\main.h_save
2024-11-26 22:08:03,475 [INFO] CodeEngine:279 - Generated code: D:\STM32\Stm32-HAL\Timer\Core\Inc\main.h
2024-11-26 22:08:03,491 [INFO] CodeEngine:255 - oldGeneratedFile, D:\STM32\Stm32-HAL\Timer\Core\Src\main.c_save
2024-11-26 22:08:03,622 [INFO] CodeEngine:279 - Generated code: D:\STM32\Stm32-HAL\Timer\Core\Src\main.c
2024-11-26 22:08:04,024 [INFO] ProjectBuilder:3163 - Time for Copy HAL[1] : 165mS.
2024-11-26 22:08:04,027 [INFO] ProjectBuilder:4736 - Project Generator version: 4.3.0-B58
2024-11-26 22:08:04,198 [INFO] ConfigFileManager:1503 - The Die is : DIE413
2024-11-26 22:08:05,079 [INFO] ProjectBuilder:5002 - Time for Generating toolchain IDE Files: 1053mS.
2024-11-26 22:08:05,080 [INFO] ProjectBuilder:3034 - Time for Copy CMSIS : 0mS.
2024-11-26 22:08:05,082 [INFO] ProjectBuilder:3034 - Time for Copy CMSIS : 0mS.
2024-11-26 22:11:32,151 [INFO] UtilMem:75 - End SaveConfig() Used Memory: 871779928 Bytes (1073741824)
2024-11-26 22:11:33,779 [INFO] UtilMem:75 - End SaveConfig() Used Memory: 902714968 Bytes (1073741824)
2024-11-26 22:11:36,305 [INFO] UtilMem:75 - End SaveConfig() Used Memory: 954095184 Bytes (1073741824)
2024-11-26 22:11:36,565 [INFO] BlockDiagram:2759 - set Specific Code input for plugin: SYS
2024-11-26 22:11:36,565 [INFO] BlockDiagram:2759 - set Specific Code input for plugin: RCC
2024-11-26 22:11:36,565 [INFO] BlockDiagram:2759 - set Specific Code input for plugin: NVIC
2024-11-26 22:11:36,566 [INFO] BlockDiagram:2759 - set Specific Code input for plugin: GPIO
2024-11-26 22:11:36,567 [INFO] CodeGenerator:807 - code generatio: config db path: C:\ST\STM32CubeIDE_1.15.0\STM32CubeIDE\plugins\com.st.stm32cube.common.mx_6.11.0.202403141607\\db\
2024-11-26 22:11:36,675 [INFO] CodeEngine:255 - oldGeneratedFile, D:\STM32\Stm32-HAL\Timer\MXTmpFiles\license.tmp_save
2024-11-26 22:11:36,772 [INFO] CodeEngine:279 - Generated code: D:\STM32\Stm32-HAL\Timer\MXTmpFiles\license.tmp
2024-11-26 22:11:36,789 [INFO] CodeEngine:255 - oldGeneratedFile, D:\STM32\Stm32-HAL\Timer\MXTmpFiles\gpio.tmp_save
2024-11-26 22:11:36,889 [INFO] CodeEngine:279 - Generated code: D:\STM32\Stm32-HAL\Timer\MXTmpFiles\gpio.tmp
2024-11-26 22:11:36,922 [INFO] CodeEngine:255 - oldGeneratedFile, D:\STM32\Stm32-HAL\Timer\Core\Src\stm32f4xx_it.c_save
2024-11-26 22:11:36,993 [INFO] CodeEngine:279 - Generated code: D:\STM32\Stm32-HAL\Timer\Core\Src\stm32f4xx_it.c
2024-11-26 22:11:37,001 [INFO] CodeEngine:255 - oldGeneratedFile, D:\STM32\Stm32-HAL\Timer\Core\Inc\stm32f4xx_it.h_save
2024-11-26 22:11:37,062 [INFO] CodeEngine:279 - Generated code: D:\STM32\Stm32-HAL\Timer\Core\Inc\stm32f4xx_it.h
2024-11-26 22:11:37,089 [INFO] CodeEngine:255 - oldGeneratedFile, D:\STM32\Stm32-HAL\Timer\Core\Src\stm32f4xx_hal_msp.c_save
2024-11-26 22:11:37,185 [INFO] CodeEngine:279 - Generated code: D:\STM32\Stm32-HAL\Timer\Core\Src\stm32f4xx_hal_msp.c
2024-11-26 22:11:37,189 [INFO] CodeEngine:255 - oldGeneratedFile, D:\STM32\Stm32-HAL\Timer\MXTmpFiles\system.tmp_save
2024-11-26 22:11:37,248 [INFO] CodeEngine:279 - Generated code: D:\STM32\Stm32-HAL\Timer\MXTmpFiles\system.tmp
2024-11-26 22:11:37,274 [INFO] CodeEngine:311 - oldGeneratedFile, D:\STM32\Stm32-HAL\Timer\Core\Inc\stm32f4xx_hal_conf.h_save
2024-11-26 22:11:37,384 [INFO] CodeEngine:335 - Generated code: D:\STM32\Stm32-HAL\Timer\Core\Inc\stm32f4xx_hal_conf.h
2024-11-26 22:11:37,448 [INFO] CodeEngine:255 - oldGeneratedFile, D:\STM32\Stm32-HAL\Timer\Core\Inc\main.h_save
2024-11-26 22:11:37,540 [INFO] CodeEngine:279 - Generated code: D:\STM32\Stm32-HAL\Timer\Core\Inc\main.h
2024-11-26 22:11:37,567 [INFO] CodeEngine:255 - oldGeneratedFile, D:\STM32\Stm32-HAL\Timer\Core\Src\main.c_save
2024-11-26 22:11:37,708 [INFO] CodeEngine:279 - Generated code: D:\STM32\Stm32-HAL\Timer\Core\Src\main.c
2024-11-26 22:11:38,029 [INFO] ProjectBuilder:3163 - Time for Copy HAL[1] : 158mS.
2024-11-26 22:11:38,031 [INFO] ProjectBuilder:4736 - Project Generator version: 4.3.0-B58
2024-11-26 22:11:38,097 [INFO] ConfigFileManager:1503 - The Die is : DIE413
2024-11-26 22:11:38,977 [INFO] ProjectBuilder:5002 - Time for Generating toolchain IDE Files: 946mS.
2024-11-26 22:11:38,978 [INFO] ProjectBuilder:3034 - Time for Copy CMSIS : 0mS.
2024-11-26 22:11:38,980 [INFO] ProjectBuilder:3034 - Time for Copy CMSIS : 0mS.
2024-11-26 22:13:31,810 [INFO] UtilMem:75 - End SaveConfig() Used Memory: 906712648 Bytes (1073741824)
2024-11-26 22:13:33,369 [INFO] UtilMem:75 - End SaveConfig() Used Memory: 786584552 Bytes (1073741824)
2024-11-26 22:13:37,660 [INFO] UtilMem:75 - End SaveConfig() Used Memory: 703291488 Bytes (1073741824)
2024-11-26 22:13:37,886 [INFO] BlockDiagram:2759 - set Specific Code input for plugin: SYS
2024-11-26 22:13:37,886 [INFO] BlockDiagram:2759 - set Specific Code input for plugin: RCC
2024-11-26 22:13:37,886 [INFO] BlockDiagram:2759 - set Specific Code input for plugin: NVIC
2024-11-26 22:13:37,887 [INFO] BlockDiagram:2759 - set Specific Code input for plugin: GPIO
2024-11-26 22:13:37,888 [INFO] CodeGenerator:807 - code generatio: config db path: C:\ST\STM32CubeIDE_1.15.0\STM32CubeIDE\plugins\com.st.stm32cube.common.mx_6.11.0.202403141607\\db\
2024-11-26 22:13:37,988 [INFO] CodeEngine:255 - oldGeneratedFile, D:\STM32\Stm32-HAL\Timer\MXTmpFiles\license.tmp_save
2024-11-26 22:13:38,102 [INFO] CodeEngine:279 - Generated code: D:\STM32\Stm32-HAL\Timer\MXTmpFiles\license.tmp
2024-11-26 22:13:38,116 [INFO] CodeEngine:255 - oldGeneratedFile, D:\STM32\Stm32-HAL\Timer\MXTmpFiles\gpio.tmp_save
2024-11-26 22:13:38,222 [INFO] CodeEngine:279 - Generated code: D:\STM32\Stm32-HAL\Timer\MXTmpFiles\gpio.tmp
2024-11-26 22:13:38,258 [INFO] CodeEngine:255 - oldGeneratedFile, D:\STM32\Stm32-HAL\Timer\Core\Src\stm32f4xx_it.c_save
2024-11-26 22:13:38,343 [INFO] CodeEngine:279 - Generated code: D:\STM32\Stm32-HAL\Timer\Core\Src\stm32f4xx_it.c
2024-11-26 22:13:38,349 [INFO] CodeEngine:255 - oldGeneratedFile, D:\STM32\Stm32-HAL\Timer\Core\Inc\stm32f4xx_it.h_save
2024-11-26 22:13:38,448 [INFO] CodeEngine:279 - Generated code: D:\STM32\Stm32-HAL\Timer\Core\Inc\stm32f4xx_it.h
2024-11-26 22:13:38,477 [INFO] CodeEngine:255 - oldGeneratedFile, D:\STM32\Stm32-HAL\Timer\Core\Src\stm32f4xx_hal_msp.c_save
2024-11-26 22:13:38,652 [INFO] CodeEngine:279 - Generated code: D:\STM32\Stm32-HAL\Timer\Core\Src\stm32f4xx_hal_msp.c
2024-11-26 22:13:38,656 [INFO] CodeEngine:255 - oldGeneratedFile, D:\STM32\Stm32-HAL\Timer\MXTmpFiles\system.tmp_save
2024-11-26 22:13:38,764 [INFO] CodeEngine:279 - Generated code: D:\STM32\Stm32-HAL\Timer\MXTmpFiles\system.tmp
2024-11-26 22:13:38,795 [INFO] CodeEngine:311 - oldGeneratedFile, D:\STM32\Stm32-HAL\Timer\Core\Inc\stm32f4xx_hal_conf.h_save
2024-11-26 22:13:38,938 [INFO] CodeEngine:335 - Generated code: D:\STM32\Stm32-HAL\Timer\Core\Inc\stm32f4xx_hal_conf.h
2024-11-26 22:13:38,994 [INFO] CodeEngine:255 - oldGeneratedFile, D:\STM32\Stm32-HAL\Timer\Core\Inc\main.h_save
2024-11-26 22:13:39,085 [INFO] CodeEngine:279 - Generated code: D:\STM32\Stm32-HAL\Timer\Core\Inc\main.h
2024-11-26 22:13:39,102 [INFO] CodeEngine:255 - oldGeneratedFile, D:\STM32\Stm32-HAL\Timer\Core\Src\main.c_save
2024-11-26 22:13:39,234 [INFO] CodeEngine:279 - Generated code: D:\STM32\Stm32-HAL\Timer\Core\Src\main.c
2024-11-26 22:13:39,550 [INFO] ProjectBuilder:3163 - Time for Copy HAL[1] : 134mS.
2024-11-26 22:13:39,553 [INFO] ProjectBuilder:4736 - Project Generator version: 4.3.0-B58
2024-11-26 22:13:39,638 [INFO] ConfigFileManager:1503 - The Die is : DIE413
2024-11-26 22:13:40,589 [INFO] ProjectBuilder:5002 - Time for Generating toolchain IDE Files: 1035mS.
2024-11-26 22:13:40,590 [INFO] ProjectBuilder:3034 - Time for Copy CMSIS : 0mS.
2024-11-26 22:13:40,592 [INFO] ProjectBuilder:3034 - Time for Copy CMSIS : 0mS.
2024-11-26 22:40:09,547 [ERROR] LogOutputStream:75 - [STDERR_REDIRECT] 
