2024-12-03 21:27:52,079 [INFO] Activator:176 - 


2024-12-03 21:27:52,095 [INFO] Activator:177 - !SESSION log4j initialized
2024-12-03 21:28:08,855 [INFO] LogOutputStream:77 - [STDOUT_REDIRECT] 
2024-12-03 21:28:13,782 [INFO] ApplicationProperties:184 - Using Application install path: C:\ST\STM32CubeIDE_1.15.0\STM32CubeIDE\plugins\com.st.stm32cube.common.mx_6.11.0.202403141607
2024-12-03 21:28:13,894 [INFO] DbMcusXml:78 - Set database path to: C:\ST\STM32CubeIDE_1.15.0\STM32CubeIDE\plugins\com.st.stm32cube.common.mx_6.11.0.202403141607\\db\/mcu/
2024-12-03 21:28:13,894 [INFO] ApiDb:274 - Set plugin database path to: C:\ST\STM32CubeIDE_1.15.0\STM32CubeIDE\plugins\com.st.stm32cube.common.mx_6.11.0.202403141607\\db\/plugins/boardmanager/
2024-12-03 21:28:13,895 [WARN] ApiDb:259 - Overriding images path with different value:  => C:\ST\STM32CubeIDE_1.15.0\STM32CubeIDE\plugins\com.st.stm32cube.common.mx_6.11.0.202403141607\\db\/plugins/mcufinder/images/
2024-12-03 21:28:13,922 [INFO] ApiDb:250 - Set database path to: C:\Users\BASAVARAJ\.stmcufinder\plugins\mcufinder//mcu/
2024-12-03 21:28:13,925 [INFO] DbMcusAds:125 - Set database path to: C:\Users\BASAVARAJ\.stmcufinder\plugins\mcufinder//mcu/
2024-12-03 21:28:13,929 [INFO] CrossReferenceDbSqlite:203 - Set database path to: C:\Users\BASAVARAJ\.stmcufinder\plugins\mcufinder//mcu/cs/
2024-12-03 21:28:14,343 [INFO] RulesReader:64 - Compatibility file has been processed (297 Rules)
2024-12-03 21:28:14,573 [INFO] DbMcusXml:78 - Set database path to: C:\ST\STM32CubeIDE_1.15.0\STM32CubeIDE\plugins\com.st.stm32cube.common.mx_6.11.0.202403141607\\db\/mcu/
2024-12-03 21:28:14,573 [INFO] ApiDb:274 - Set plugin database path to: C:\ST\STM32CubeIDE_1.15.0\STM32CubeIDE\plugins\com.st.stm32cube.common.mx_6.11.0.202403141607\\db\/plugins/boardmanager/
2024-12-03 21:28:14,573 [INFO] ApiDb:261 - Set plugin images path to: C:\ST\STM32CubeIDE_1.15.0\STM32CubeIDE\plugins\com.st.stm32cube.common.mx_6.11.0.202403141607\\db\/plugins/mcufinder/images/
2024-12-03 21:28:14,574 [WARN] DbFile:41 - Overriding database path with different value: C:\Users\BASAVARAJ\.stmcufinder\plugins\mcufinder/ => C:\Users\BASAVARAJ\.stmcufinder\plugins\mcufinder
2024-12-03 21:28:14,574 [INFO] ApiDb:250 - Set database path to: C:\Users\BASAVARAJ\.stmcufinder\plugins\mcufinder//mcu/
2024-12-03 21:28:14,574 [WARN] DbFile:41 - Overriding database path with different value: C:\Users\BASAVARAJ\.stmcufinder\plugins\mcufinder/ => C:\Users\BASAVARAJ\.stmcufinder\plugins\mcufinder
2024-12-03 21:28:14,574 [INFO] DbMcusAds:125 - Set database path to: C:\Users\BASAVARAJ\.stmcufinder\plugins\mcufinder//mcu/
2024-12-03 21:28:14,574 [WARN] DbFile:41 - Overriding database path with different value: C:\Users\BASAVARAJ\.stmcufinder\plugins\mcufinder/ => C:\Users\BASAVARAJ\.stmcufinder\plugins\mcufinder
2024-12-03 21:28:14,574 [WARN] DbFile:41 - Overriding database path with different value: C:\Users\BASAVARAJ\.stmcufinder\plugins\mcufinder/ => C:\Users\BASAVARAJ\.stmcufinder\plugins\mcufinder
2024-12-03 21:28:14,574 [INFO] CrossReferenceDbSqlite:203 - Set database path to: C:\Users\BASAVARAJ\.stmcufinder\plugins\mcufinder//mcu/cs/
2024-12-03 21:28:14,785 [INFO] MainPanel:264 - HeapMemory: 268435456
2024-12-03 21:28:15,042 [INFO] DbMcusXml:78 - Set database path to: C:\ST\STM32CubeIDE_1.15.0\STM32CubeIDE\plugins\com.st.stm32cube.common.mx_6.11.0.202403141607\\db\/mcu/
2024-12-03 21:28:15,042 [INFO] ApiDb:274 - Set plugin database path to: C:\ST\STM32CubeIDE_1.15.0\STM32CubeIDE\plugins\com.st.stm32cube.common.mx_6.11.0.202403141607\\db\/plugins/boardmanager/
2024-12-03 21:28:15,042 [INFO] ApiDb:261 - Set plugin images path to: C:\ST\STM32CubeIDE_1.15.0\STM32CubeIDE\plugins\com.st.stm32cube.common.mx_6.11.0.202403141607\\db\/plugins/mcufinder/images/
2024-12-03 21:28:15,042 [WARN] DbFile:41 - Overriding database path with different value: C:\Users\BASAVARAJ\.stmcufinder\plugins\mcufinder/ => C:\Users\BASAVARAJ\.stmcufinder\plugins\mcufinder
2024-12-03 21:28:15,042 [INFO] ApiDb:250 - Set database path to: C:\Users\BASAVARAJ\.stmcufinder\plugins\mcufinder//mcu/
2024-12-03 21:28:15,042 [WARN] DbFile:41 - Overriding database path with different value: C:\Users\BASAVARAJ\.stmcufinder\plugins\mcufinder/ => C:\Users\BASAVARAJ\.stmcufinder\plugins\mcufinder
2024-12-03 21:28:15,042 [INFO] DbMcusAds:125 - Set database path to: C:\Users\BASAVARAJ\.stmcufinder\plugins\mcufinder//mcu/
2024-12-03 21:28:15,042 [WARN] DbFile:41 - Overriding database path with different value: C:\Users\BASAVARAJ\.stmcufinder\plugins\mcufinder/ => C:\Users\BASAVARAJ\.stmcufinder\plugins\mcufinder
2024-12-03 21:28:15,042 [WARN] DbFile:41 - Overriding database path with different value: C:\Users\BASAVARAJ\.stmcufinder\plugins\mcufinder/ => C:\Users\BASAVARAJ\.stmcufinder\plugins\mcufinder
2024-12-03 21:28:15,042 [INFO] CrossReferenceDbSqlite:203 - Set database path to: C:\Users\BASAVARAJ\.stmcufinder\plugins\mcufinder//mcu/cs/
2024-12-03 21:28:15,083 [INFO] ApplicationProperties:184 - Using Application install path: C:\ST\STM32CubeIDE_1.15.0\STM32CubeIDE\plugins\com.st.stm32cube.common.mx_6.11.0.202403141607
2024-12-03 21:28:15,089 [INFO] PluginManage:196 - Search for loadable plugins [exclusion list=, ]
2024-12-03 21:28:15,094 [INFO] PluginManage:310 - Check plugin analytics
2024-12-03 21:28:15,506 [INFO] AnalyticsPlugin:253 - Accepted Software Licenses: 
2024-12-03 21:28:15,506 [INFO] AnalyticsPlugin:255 - Accepted CMSIS Pack Licenses: 
2024-12-03 21:28:15,506 [INFO] AnalyticsPlugin:257 - Accepted Firmware Licenses: FW.F4.1.28.0
2024-12-03 21:28:15,514 [INFO] PluginManage:359 - Loaded plugin analytics (category:tool,tabindex:-1)
2024-12-03 21:28:15,514 [INFO] PluginManage:310 - Check plugin cadmodel
2024-12-03 21:28:15,523 [INFO] CADModel:105 - Init CAD model plugin
2024-12-03 21:28:15,523 [INFO] PluginManage:359 - Loaded plugin cadmodel (category:power,tabindex:5)
2024-12-03 21:28:15,523 [INFO] PluginManage:310 - Check plugin clock
2024-12-03 21:28:15,557 [INFO] PluginManage:359 - Loaded plugin clock (category:base,tabindex:2)
2024-12-03 21:28:15,557 [INFO] PluginManage:310 - Check plugin ddr
2024-12-03 21:28:15,564 [INFO] PluginManage:359 - Loaded plugin ddr (category:tool,tabindex:6)
2024-12-03 21:28:15,564 [INFO] PluginManage:310 - Check plugin filemanager
2024-12-03 21:28:15,883 [INFO] PluginManage:359 - Loaded plugin filemanager (category:base,tabindex:10)
2024-12-03 21:28:15,883 [INFO] PluginManage:310 - Check plugin ipmanager
2024-12-03 21:28:15,896 [INFO] PluginManage:359 - Loaded plugin ipmanager (category:base,tabindex:5)
2024-12-03 21:28:15,896 [INFO] PluginManage:310 - Check plugin lpbam
2024-12-03 21:28:15,913 [INFO] PluginManage:359 - Loaded plugin lpbam (category:base,tabindex:0)
2024-12-03 21:28:15,914 [INFO] PluginManage:310 - Check plugin memorymap
2024-12-03 21:28:15,979 [INFO] PluginManage:359 - Loaded plugin memorymap (category:base,tabindex:4)
2024-12-03 21:28:15,979 [INFO] PluginManage:310 - Check plugin pinoutandconfiguration
2024-12-03 21:28:15,998 [INFO] PluginManage:359 - Loaded plugin pinoutandconfiguration (category:base,tabindex:1)
2024-12-03 21:28:15,999 [INFO] PluginManage:310 - Check plugin pinoutconfig
2024-12-03 21:28:16,288 [WARN] SupportedApi:132 - Cannot load RTOS API schema: s4s-elt-must-match.1: The content of 'definitions' must match (annotation?, (simpleType | complexType)?, (unique | key | keyref)*)). A problem was found starting at: attribute.
2024-12-03 21:28:16,691 [INFO] PluginManage:359 - Loaded plugin pinoutconfig (category:base,tabindex:0)
2024-12-03 21:28:16,691 [INFO] PluginManage:310 - Check plugin power
2024-12-03 21:28:16,709 [INFO] PluginManage:359 - Loaded plugin power (category:power,tabindex:4)
2024-12-03 21:28:16,709 [INFO] PluginManage:310 - Check plugin projectmanager
2024-12-03 21:28:16,728 [INFO] PluginManage:359 - Loaded plugin projectmanager (category:projectmanager,tabindex:3)
2024-12-03 21:28:16,728 [INFO] PluginManage:310 - Check plugin thirdparty
2024-12-03 21:28:16,976 [INFO] PluginManage:359 - Loaded plugin thirdparty (category:base,tabindex:-1)
2024-12-03 21:28:16,976 [WARN] IntegrityCheckThread:84 - waiting for thirdparty lock release [integrity check]
2024-12-03 21:28:16,976 [INFO] PluginManage:310 - Check plugin tools
2024-12-03 21:28:16,977 [INFO] IntegrityCheckThread:86 - entering critical section [integrity check]
2024-12-03 21:28:16,977 [INFO] ThirdPartyUpdaterWithRetryManager:70 - Updater plugin not ready yet. [1/15]
2024-12-03 21:28:16,979 [INFO] PluginManage:359 - Loaded plugin tools (category:base,tabindex:7)
2024-12-03 21:28:16,983 [INFO] PluginManage:310 - Check plugin tutovideos
2024-12-03 21:28:17,396 [INFO] PluginManage:359 - Loaded plugin tutovideos (category:base,tabindex:-1)
2024-12-03 21:28:17,396 [INFO] PluginManage:310 - Check plugin updater
2024-12-03 21:28:17,418 [INFO] PluginManage:359 - Loaded plugin updater (category:base,tabindex:12)
2024-12-03 21:28:17,418 [INFO] PluginManage:310 - Check plugin userauth
2024-12-03 21:28:17,432 [INFO] UserAuth:114 - Init User Auth plugin
2024-12-03 21:28:17,432 [INFO] PluginManage:359 - Loaded plugin userauth (category:base,tabindex:14)
2024-12-03 21:28:17,432 [INFO] PluginManage:283 - PluginManage : Loaded plugins [17]
2024-12-03 21:28:17,791 [INFO] PinOutPanel:1561 - setPackage(No Configuration,No Configuration)
2024-12-03 21:28:17,897 [INFO] CADModel:165 - CPN selected for project level
2024-12-03 21:28:17,897 [INFO] CADModel:114 - Register for checkConnection events
2024-12-03 21:28:17,930 [INFO] IPUIPlugin:80 - create IPUIPlugin
2024-12-03 21:28:17,930 [INFO] PluginManager:220 - loadIPPluginJar : add adc
2024-12-03 21:28:17,930 [INFO] IPUIPlugin:80 - create IPUIPlugin
2024-12-03 21:28:17,930 [INFO] PluginManager:220 - loadIPPluginJar : add aes
2024-12-03 21:28:17,938 [INFO] IPUIPlugin:80 - create IPUIPlugin
2024-12-03 21:28:17,938 [INFO] PluginManager:220 - loadIPPluginJar : add can
2024-12-03 21:28:17,938 [INFO] IPUIPlugin:80 - create IPUIPlugin
2024-12-03 21:28:17,938 [INFO] PluginManager:220 - loadIPPluginJar : add comp
2024-12-03 21:28:17,947 [INFO] IPUIPlugin:80 - create IPUIPlugin
2024-12-03 21:28:17,947 [INFO] PluginManager:220 - loadIPPluginJar : add cryp
2024-12-03 21:28:17,947 [INFO] IPUIPlugin:80 - create IPUIPlugin
2024-12-03 21:28:17,947 [INFO] PluginManager:220 - loadIPPluginJar : add dfsdm
2024-12-03 21:28:17,955 [INFO] IPUIPlugin:80 - create IPUIPlugin
2024-12-03 21:28:17,955 [INFO] PluginManager:220 - loadIPPluginJar : add dma
2024-12-03 21:28:17,963 [INFO] IPUIPlugin:80 - create IPUIPlugin
2024-12-03 21:28:17,963 [INFO] PluginManager:220 - loadIPPluginJar : add dma3
2024-12-03 21:28:17,979 [INFO] IPUIPlugin:80 - create IPUIPlugin
2024-12-03 21:28:17,979 [INFO] PluginManager:220 - loadIPPluginJar : add extmemmanager
2024-12-03 21:28:17,980 [INFO] IPUIPlugin:80 - create IPUIPlugin
2024-12-03 21:28:17,980 [INFO] PluginManager:220 - loadIPPluginJar : add fatfs
2024-12-03 21:28:17,987 [INFO] IPUIPlugin:80 - create IPUIPlugin
2024-12-03 21:28:17,987 [INFO] PluginManager:220 - loadIPPluginJar : add fmc
2024-12-03 21:28:17,995 [INFO] IPUIPlugin:80 - create IPUIPlugin
2024-12-03 21:28:17,995 [INFO] PluginManager:220 - loadIPPluginJar : add freertos
2024-12-03 21:28:17,997 [INFO] IPUIPlugin:80 - create IPUIPlugin
2024-12-03 21:28:17,997 [INFO] PluginManager:220 - loadIPPluginJar : add genericplugin
2024-12-03 21:28:17,997 [INFO] IPUIPlugin:80 - create IPUIPlugin
2024-12-03 21:28:17,997 [INFO] PluginManager:220 - loadIPPluginJar : add gfxmmu
2024-12-03 21:28:18,004 [INFO] IPUIPlugin:80 - create IPUIPlugin
2024-12-03 21:28:18,004 [INFO] PluginManager:220 - loadIPPluginJar : add gic
2024-12-03 21:28:18,013 [INFO] IPUIPlugin:80 - create IPUIPlugin
2024-12-03 21:28:18,014 [INFO] PluginManager:220 - loadIPPluginJar : add gpio
2024-12-03 21:28:18,024 [INFO] IPUIPlugin:80 - create IPUIPlugin
2024-12-03 21:28:18,024 [INFO] PluginManager:220 - loadIPPluginJar : add gtzc
2024-12-03 21:28:18,027 [INFO] IPUIPlugin:80 - create IPUIPlugin
2024-12-03 21:28:18,027 [INFO] PluginManager:220 - loadIPPluginJar : add hash
2024-12-03 21:28:18,030 [INFO] IPUIPlugin:80 - create IPUIPlugin
2024-12-03 21:28:18,030 [INFO] PluginManager:220 - loadIPPluginJar : add i2c
2024-12-03 21:28:18,035 [INFO] IPUIPlugin:80 - create IPUIPlugin
2024-12-03 21:28:18,035 [INFO] PluginManager:220 - loadIPPluginJar : add i2s
2024-12-03 21:28:18,038 [INFO] IPUIPlugin:80 - create IPUIPlugin
2024-12-03 21:28:18,038 [INFO] PluginManager:220 - loadIPPluginJar : add i3c
2024-12-03 21:28:18,047 [INFO] IPUIPlugin:80 - create IPUIPlugin
2024-12-03 21:28:18,047 [INFO] PluginManager:220 - loadIPPluginJar : add ipddr
2024-12-03 21:28:18,069 [INFO] IPUIPlugin:80 - create IPUIPlugin
2024-12-03 21:28:18,069 [INFO] PluginManager:220 - loadIPPluginJar : add linkedlist
2024-12-03 21:28:18,077 [INFO] IPUIPlugin:80 - create IPUIPlugin
2024-12-03 21:28:18,077 [INFO] PluginManager:220 - loadIPPluginJar : add lorawan
2024-12-03 21:28:18,084 [INFO] IPUIPlugin:80 - create IPUIPlugin
2024-12-03 21:28:18,084 [INFO] PluginManager:220 - loadIPPluginJar : add ltdc
2024-12-03 21:28:18,086 [INFO] IPUIPlugin:80 - create IPUIPlugin
2024-12-03 21:28:18,086 [INFO] PluginManager:220 - loadIPPluginJar : add mdma
2024-12-03 21:28:18,094 [INFO] IPUIPlugin:80 - create IPUIPlugin
2024-12-03 21:28:18,094 [INFO] PluginManager:220 - loadIPPluginJar : add nvic
2024-12-03 21:28:18,102 [INFO] IPUIPlugin:80 - create IPUIPlugin
2024-12-03 21:28:18,102 [INFO] PluginManager:220 - loadIPPluginJar : add opamp
2024-12-03 21:28:18,102 [INFO] IPUIPlugin:80 - create IPUIPlugin
2024-12-03 21:28:18,102 [INFO] PluginManager:220 - loadIPPluginJar : add openamp
2024-12-03 21:28:18,110 [INFO] IPUIPlugin:80 - create IPUIPlugin
2024-12-03 21:28:18,110 [INFO] PluginManager:220 - loadIPPluginJar : add pdm2pcm
2024-12-03 21:28:18,118 [INFO] IPUIPlugin:80 - create IPUIPlugin
2024-12-03 21:28:18,118 [INFO] PluginManager:220 - loadIPPluginJar : add plateformsettings
2024-12-03 21:28:18,118 [INFO] IPUIPlugin:80 - create IPUIPlugin
2024-12-03 21:28:18,118 [INFO] PluginManager:220 - loadIPPluginJar : add quadspi
2024-12-03 21:28:18,127 [INFO] IPUIPlugin:80 - create IPUIPlugin
2024-12-03 21:28:18,130 [INFO] PluginManager:220 - loadIPPluginJar : add resmgrutility
2024-12-03 21:28:18,132 [INFO] IPUIPlugin:80 - create IPUIPlugin
2024-12-03 21:28:18,132 [INFO] PluginManager:220 - loadIPPluginJar : add sai
2024-12-03 21:28:18,138 [INFO] IPUIPlugin:80 - create IPUIPlugin
2024-12-03 21:28:18,138 [INFO] PluginManager:220 - loadIPPluginJar : add spi
2024-12-03 21:28:18,147 [INFO] IPUIPlugin:80 - create IPUIPlugin
2024-12-03 21:28:18,147 [INFO] PluginManager:220 - loadIPPluginJar : add stm32_wpan
2024-12-03 21:28:18,151 [INFO] IPUIPlugin:80 - create IPUIPlugin
2024-12-03 21:28:18,151 [INFO] PluginManager:220 - loadIPPluginJar : add tim
2024-12-03 21:28:18,154 [INFO] IPUIPlugin:80 - create IPUIPlugin
2024-12-03 21:28:18,154 [INFO] PluginManager:220 - loadIPPluginJar : add touchsensing
2024-12-03 21:28:18,157 [INFO] IPUIPlugin:80 - create IPUIPlugin
2024-12-03 21:28:18,157 [INFO] PluginManager:220 - loadIPPluginJar : add tracer_emb
2024-12-03 21:28:18,160 [INFO] IPUIPlugin:80 - create IPUIPlugin
2024-12-03 21:28:18,160 [INFO] PluginManager:220 - loadIPPluginJar : add ts
2024-12-03 21:28:18,160 [INFO] IPUIPlugin:80 - create IPUIPlugin
2024-12-03 21:28:18,160 [INFO] PluginManager:220 - loadIPPluginJar : add tsc
2024-12-03 21:28:18,160 [INFO] IPUIPlugin:80 - create IPUIPlugin
2024-12-03 21:28:18,160 [INFO] PluginManager:220 - loadIPPluginJar : add ucpd
2024-12-03 21:28:18,167 [INFO] IPUIPlugin:80 - create IPUIPlugin
2024-12-03 21:28:18,167 [INFO] PluginManager:220 - loadIPPluginJar : add usart
2024-12-03 21:28:18,175 [INFO] IPUIPlugin:80 - create IPUIPlugin
2024-12-03 21:28:18,175 [INFO] PluginManager:220 - loadIPPluginJar : add usbx
2024-12-03 21:28:18,330 [INFO] CADModel:165 - CPN selected for project level
2024-12-03 21:28:18,330 [INFO] CADModel:114 - Register for checkConnection events
2024-12-03 21:28:18,330 [FATAL] Updater:308 - Updater called before beeing initialized
2024-12-03 21:28:18,330 [ERROR] CADModel:125 - Updater not yet initialized, retry later 
2024-12-03 21:28:18,547 [INFO] CADModel:165 - CPN selected for project level
2024-12-03 21:28:18,547 [INFO] CADModel:114 - Register for checkConnection events
2024-12-03 21:28:18,547 [FATAL] Updater:308 - Updater called before beeing initialized
2024-12-03 21:28:18,547 [ERROR] CADModel:125 - Updater not yet initialized, retry later 
2024-12-03 21:28:18,555 [FATAL] Updater:308 - Updater called before beeing initialized
2024-12-03 21:28:18,701 [FATAL] Updater:308 - Updater called before beeing initialized
2024-12-03 21:28:18,706 [INFO] DbMcusAds:53 - JSON generation date=Fri Sep 20 18:34:38 IST 2024 (1726837478367)
2024-12-03 21:28:18,706 [FATAL] Updater:308 - Updater called before beeing initialized
2024-12-03 21:28:18,765 [WARN] DetailPanel:346 - Failed to get advertising image, set to default
2024-12-03 21:28:18,903 [FATAL] Updater:308 - Updater called before beeing initialized
2024-12-03 21:28:18,911 [FATAL] Updater:308 - Updater called before beeing initialized
2024-12-03 21:28:18,911 [FATAL] Updater:308 - Updater called before beeing initialized
2024-12-03 21:28:18,911 [WARN] DetailPanel:346 - Failed to get advertising image, set to default
2024-12-03 21:28:18,911 [FATAL] Updater:308 - Updater called before beeing initialized
2024-12-03 21:28:18,984 [ERROR] Updater:1120 - MainUpdater not yet initialized. External WinMGr cannot be set.
2024-12-03 21:28:18,984 [INFO] Updater:1056 - Updater Version found : 6.11.0
2024-12-03 21:28:19,038 [INFO] ApplicationProperties:184 - Using Application install path: C:\ST\STM32CubeIDE_1.15.0\STM32CubeIDE\plugins\com.st.stm32cube.common.mx_6.11.0.202403141607
2024-12-03 21:28:19,988 [INFO] ThirdPartyUpdaterWithRetryManager:70 - Updater plugin not ready yet. [2/15]
2024-12-03 21:28:20,642 [ERROR] LogOutputStream:75 - [STDERR_REDIRECT] Dec 03, 2024 9:28:20 PM java.util.prefs.WindowsPreferences <init>
2024-12-03 21:28:20,642 [ERROR] LogOutputStream:75 - [STDERR_REDIRECT] WARNING: Could not open/create prefs root node Software\JavaSoft\Prefs at root 0xffffffff80000002. Windows RegCreateKeyEx(...) returned error code 5.
2024-12-03 21:28:20,642 [ERROR] LogOutputStream:75 - [STDERR_REDIRECT] 
2024-12-03 21:28:21,289 [INFO] MainUpdater:2873 - connection check result : 10
2024-12-03 21:28:21,289 [INFO] MainUpdater:290 - Updater Check For Update Now.
2024-12-03 21:28:21,289 [INFO] MicroXplorer:498 - Change Database Version : DB.6.0.110
2024-12-03 21:28:21,297 [INFO] McuFinderGlobals:63 - Set McuFinder mode to 2 (CubeIDE integrated)
2024-12-03 21:28:21,297 [INFO] UserAuth:179 - activating auth plugin
2024-12-03 21:28:21,305 [INFO] UserAuth:415 - Internet connection configuration mode: 1
2024-12-03 21:28:21,387 [INFO] JxBrowserEngine:152 - Initiate JxBrowser Engine with user profile folder
2024-12-03 21:28:21,604 [INFO] CheckServerUpdateThread:120 - End of CheckServer Thread
2024-12-03 21:28:26,601 [WARN] PackLoader:240 - Cannot read IP mode file for STMicroelectronics.FP-SNS-MOTENVWB1.1.4.0
2024-12-03 21:28:26,655 [WARN] PackLoader:240 - Cannot read IP mode file for STMicroelectronics.FP-ATR-ASTRA1.2.0.1
2024-12-03 21:28:26,707 [WARN] PackLoader:240 - Cannot read IP mode file for STMicroelectronics.X-CUBE-SMBUS.2.1.0
2024-12-03 21:28:26,773 [WARN] PackLoader:240 - Cannot read IP mode file for STMicroelectronics.X-CUBE-WB05N.1.1.0
2024-12-03 21:28:26,829 [WARN] PackLoader:240 - Cannot read IP mode file for STMicroelectronics.X-CUBE-TOUCHGFX.4.23.2
2024-12-03 21:28:27,048 [WARN] PackLoader:240 - Cannot read IP mode file for STMicroelectronics.X-CUBE-AZRTOS-F7.1.1.0
2024-12-03 21:28:27,217 [WARN] PackLoader:240 - Cannot read IP mode file for STMicroelectronics.X-CUBE-MEMS1.11.0.0
2024-12-03 21:28:27,482 [WARN] PackLoader:240 - Cannot read IP mode file for STMicroelectronics.FP-SNS-FLIGHT1.5.0.2
2024-12-03 21:28:27,493 [WARN] PackLoader:240 - Cannot read IP mode file for STMicroelectronics.X-CUBE-DISPLAY.3.0.0
2024-12-03 21:28:27,505 [WARN] PackLoader:240 - Cannot read IP mode file for STMicroelectronics.X-CUBE-BLE1.7.0.0
2024-12-03 21:28:27,514 [WARN] PackLoader:240 - Cannot read IP mode file for STMicroelectronics.X-CUBE-NFC10.1.0.0
2024-12-03 21:28:27,522 [WARN] PackLoader:240 - Cannot read IP mode file for emotas.I-CUBE-CANOPEN.1.3.0
2024-12-03 21:28:27,537 [WARN] PackLoader:240 - Cannot read IP mode file for STMicroelectronics.X-CUBE-BLEMGR.3.1.0
2024-12-03 21:28:27,547 [WARN] PackLoader:240 - Cannot read IP mode file for STMicroelectronics.FP-SNS-SMARTAG2.1.2.0
2024-12-03 21:28:27,555 [INFO] LogOutputStream:77 - [STDOUT_REDIRECT] 1 : Invalid condition id : UX_CORESTACK_Condition cause : null
2024-12-03 21:28:27,562 [INFO] LogOutputStream:77 - [STDOUT_REDIRECT] 1 : Invalid condition id : UX_CORESTACK_Condition cause : null
2024-12-03 21:28:27,562 [INFO] LogOutputStream:77 - [STDOUT_REDIRECT] 1 : Invalid condition id : UX_CORESTACK_Condition cause : null
2024-12-03 21:28:27,564 [INFO] LogOutputStream:77 - [STDOUT_REDIRECT] 1 : Invalid condition id : UX_CORESTACK_Condition cause : null
2024-12-03 21:28:27,567 [INFO] LogOutputStream:77 - [STDOUT_REDIRECT] 1 : Invalid condition id : UX_CORESTACK_Condition cause : null
2024-12-03 21:28:27,571 [WARN] PackLoader:240 - Cannot read IP mode file for STMicroelectronics.X-CUBE-AZRTOS-WL.2.0.0
2024-12-03 21:28:27,577 [WARN] PackLoader:240 - Cannot read IP mode file for STMicroelectronics.FP-SNS-MOTENV1.5.0.0
2024-12-03 21:28:27,593 [WARN] PackLoader:240 - Cannot read IP mode file for wolfSSL.I-CUBE-wolfMQTT.1.19.0
2024-12-03 21:28:27,609 [WARN] PackLoader:240 - Cannot read IP mode file for WES.I-CUBE-Cesium.1.3.0
2024-12-03 21:28:27,853 [WARN] PackLoader:240 - Cannot read IP mode file for STMicroelectronics.X-CUBE-BLE2.3.3.0
2024-12-03 21:28:27,906 [WARN] PackLoader:240 - Cannot read IP mode file for STMicroelectronics.X-CUBE-NFC9.1.0.0
2024-12-03 21:28:27,934 [WARN] PackLoader:240 - Cannot read IP mode file for STMicroelectronics.X-CUBE-TCPP.4.1.0
2024-12-03 21:28:27,957 [WARN] PackLoader:240 - Cannot read IP mode file for STMicroelectronics.X-CUBE-ALGOBUILD.1.3.0
2024-12-03 21:28:28,004 [WARN] PackLoader:240 - Cannot read IP mode file for STMicroelectronics.X-CUBE-AZRTOS-G0.1.1.0
2024-12-03 21:28:28,040 [WARN] PackLoader:240 - Cannot read IP mode file for STMicroelectronics.X-CUBE-SAFEA1.1.2.2
2024-12-03 21:28:28,040 [INFO] WebApp:161 - Instantiating new browser for Auth
2024-12-03 21:28:28,056 [WARN] PackLoader:240 - Cannot read IP mode file for STMicroelectronics.X-CUBE-NFC4.3.0.0
2024-12-03 21:28:28,074 [WARN] PackLoader:240 - Cannot read IP mode file for wolfSSL.I-CUBE-wolfMQTT.1.18.0
2024-12-03 21:28:28,137 [WARN] PackLoader:240 - Cannot read IP mode file for EmbeddedOffice.I-CUBE-FS-RTOS.1.0.1
2024-12-03 21:28:28,156 [ERROR] ConditionMgr:805 - Attr not supported : Dmpu
2024-12-03 21:28:28,156 [ERROR] ConditionMgr:805 - Attr not supported : Dmpu
2024-12-03 21:28:28,156 [ERROR] ConditionMgr:805 - Attr not supported : Dmpu
2024-12-03 21:28:28,156 [ERROR] ConditionMgr:805 - Attr not supported : Dmpu
2024-12-03 21:28:28,156 [ERROR] ConditionMgr:805 - Attr not supported : Dmpu
2024-12-03 21:28:28,156 [ERROR] ConditionMgr:805 - Attr not supported : Dmpu
2024-12-03 21:28:28,156 [ERROR] ConditionMgr:805 - Attr not supported : Dmpu
2024-12-03 21:28:28,156 [ERROR] ConditionMgr:805 - Attr not supported : Dmpu
2024-12-03 21:28:28,156 [ERROR] ConditionMgr:805 - Attr not supported : Dmpu
2024-12-03 21:28:28,156 [ERROR] ConditionMgr:805 - Attr not supported : Dmpu
2024-12-03 21:28:28,156 [ERROR] ConditionMgr:805 - Attr not supported : Dmpu
2024-12-03 21:28:28,156 [ERROR] ConditionMgr:805 - Attr not supported : Dmpu
2024-12-03 21:28:28,156 [ERROR] ConditionMgr:805 - Attr not supported : Dmpu
2024-12-03 21:28:28,156 [ERROR] ConditionMgr:805 - Attr not supported : Dmpu
2024-12-03 21:28:28,156 [ERROR] ConditionMgr:805 - Attr not supported : Dmpu
2024-12-03 21:28:28,156 [ERROR] ConditionMgr:805 - Attr not supported : Dmpu
2024-12-03 21:28:28,156 [ERROR] ConditionMgr:805 - Attr not supported : Dmpu
2024-12-03 21:28:28,156 [ERROR] ConditionMgr:805 - Attr not supported : Dmpu
2024-12-03 21:28:28,156 [ERROR] ConditionMgr:805 - Attr not supported : Dmpu
2024-12-03 21:28:28,156 [ERROR] ConditionMgr:805 - Attr not supported : Dmpu
2024-12-03 21:28:28,156 [ERROR] ConditionMgr:805 - Attr not supported : Dmpu
2024-12-03 21:28:28,156 [ERROR] ConditionMgr:805 - Attr not supported : Dmpu
2024-12-03 21:28:28,156 [ERROR] ConditionMgr:805 - Attr not supported : Dmpu
2024-12-03 21:28:28,156 [ERROR] ConditionMgr:805 - Attr not supported : Dmpu
2024-12-03 21:28:28,156 [ERROR] ConditionMgr:805 - Attr not supported : Dmpu
2024-12-03 21:28:28,156 [ERROR] ConditionMgr:805 - Attr not supported : Dmpu
2024-12-03 21:28:28,156 [ERROR] ConditionMgr:805 - Attr not supported : Dmpu
2024-12-03 21:28:28,156 [ERROR] ConditionMgr:805 - Attr not supported : Dmpu
2024-12-03 21:28:28,156 [ERROR] ConditionMgr:805 - Attr not supported : Dmpu
2024-12-03 21:28:28,156 [ERROR] ConditionMgr:805 - Attr not supported : Dmpu
2024-12-03 21:28:28,156 [ERROR] ConditionMgr:805 - Attr not supported : Dmpu
2024-12-03 21:28:28,156 [ERROR] ConditionMgr:805 - Attr not supported : Dmpu
2024-12-03 21:28:28,156 [ERROR] ConditionMgr:805 - Attr not supported : Dmpu
2024-12-03 21:28:28,156 [ERROR] ConditionMgr:805 - Attr not supported : Dmpu
2024-12-03 21:28:28,156 [ERROR] ConditionMgr:805 - Attr not supported : Dmpu
2024-12-03 21:28:28,156 [ERROR] ConditionMgr:805 - Attr not supported : Dmpu
2024-12-03 21:28:28,156 [ERROR] ConditionMgr:805 - Attr not supported : Dmpu
2024-12-03 21:28:28,169 [ERROR] ConditionMgr:805 - Attr not supported : Dmpu
2024-12-03 21:28:28,169 [ERROR] ConditionMgr:805 - Attr not supported : Dmpu
2024-12-03 21:28:28,170 [ERROR] ConditionMgr:805 - Attr not supported : Dmpu
2024-12-03 21:28:28,170 [ERROR] ConditionMgr:805 - Attr not supported : Dmpu
2024-12-03 21:28:28,170 [ERROR] ConditionMgr:805 - Attr not supported : Dmpu
2024-12-03 21:28:28,170 [ERROR] ConditionMgr:805 - Attr not supported : Dmpu
2024-12-03 21:28:28,170 [ERROR] ConditionMgr:805 - Attr not supported : Dmpu
2024-12-03 21:28:28,170 [ERROR] ConditionMgr:805 - Attr not supported : Dmpu
2024-12-03 21:28:28,170 [ERROR] ConditionMgr:805 - Attr not supported : Dmpu
2024-12-03 21:28:28,173 [ERROR] ConditionMgr:805 - Attr not supported : Dmpu
2024-12-03 21:28:28,173 [ERROR] ConditionMgr:805 - Attr not supported : Dmpu
2024-12-03 21:28:28,173 [ERROR] ConditionMgr:805 - Attr not supported : Dmpu
2024-12-03 21:28:28,173 [ERROR] ConditionMgr:805 - Attr not supported : Dmpu
2024-12-03 21:28:28,173 [ERROR] ConditionMgr:805 - Attr not supported : Dmpu
2024-12-03 21:28:28,173 [ERROR] ConditionMgr:805 - Attr not supported : Dmpu
2024-12-03 21:28:28,173 [ERROR] ConditionMgr:805 - Attr not supported : Dmpu
2024-12-03 21:28:28,173 [ERROR] ConditionMgr:805 - Attr not supported : Dmpu
2024-12-03 21:28:28,173 [ERROR] ConditionMgr:805 - Attr not supported : Dmpu
2024-12-03 21:28:28,173 [ERROR] ConditionMgr:805 - Attr not supported : Dmpu
2024-12-03 21:28:28,173 [ERROR] ConditionMgr:805 - Attr not supported : Dmpu
2024-12-03 21:28:28,173 [ERROR] ConditionMgr:805 - Attr not supported : Dmpu
2024-12-03 21:28:28,173 [ERROR] ConditionMgr:805 - Attr not supported : Dmpu
2024-12-03 21:28:28,173 [ERROR] ConditionMgr:805 - Attr not supported : Dmpu
2024-12-03 21:28:28,173 [ERROR] ConditionMgr:805 - Attr not supported : Dmpu
2024-12-03 21:28:28,173 [ERROR] ConditionMgr:805 - Attr not supported : Dmpu
2024-12-03 21:28:28,173 [ERROR] ConditionMgr:805 - Attr not supported : Dmpu
2024-12-03 21:28:28,173 [ERROR] ConditionMgr:805 - Attr not supported : Dmpu
2024-12-03 21:28:28,207 [WARN] PackLoader:240 - Cannot read IP mode file for RealThread.X-CUBE-RT-Thread_Nano.4.1.1
2024-12-03 21:28:28,256 [WARN] PackLoader:240 - Cannot read IP mode file for wolfSSL.I-CUBE-wolfSSL.5.7.0
2024-12-03 21:28:28,272 [WARN] PackLoader:240 - Cannot read IP mode file for STMicroelectronics.FP-ATR-SIGFOX1.3.2.0
2024-12-03 21:28:28,284 [WARN] ConditionMgr:438 - getConditionDescription Invalid condition id : Cortex-A Device cause : null
2024-12-03 21:28:28,331 [WARN] ConditionMgr:1039 - genDependencies : Invalid condition id : Cortex-A Device cause : null
2024-12-03 21:28:28,331 [WARN] ConditionMgr:1039 - genDependencies : Invalid condition id : Cortex-A Device cause : null
2024-12-03 21:28:28,331 [WARN] ConditionMgr:1039 - genDependencies : Invalid condition id : Cortex-A Device cause : null
2024-12-03 21:28:28,340 [WARN] PackLoader:240 - Cannot read IP mode file for STMicroelectronics.X-CUBE-EEPRMA1.5.1.0
2024-12-03 21:28:28,352 [WARN] PackLoader:240 - Cannot read IP mode file for ITTIA_DB.I-CUBE-ITTIADB.8.9.0
2024-12-03 21:28:28,401 [WARN] PackLoader:240 - Cannot read IP mode file for SEGGER.I-CUBE-embOS.1.3.1
2024-12-03 21:28:28,462 [WARN] PackLoader:240 - Cannot read IP mode file for STMicroelectronics.X-CUBE-ALGOBUILD.1.4.0
2024-12-03 21:28:28,468 [WARN] PackLoader:240 - Cannot read IP mode file for STMicroelectronics.X-CUBE-AI.9.1.0
2024-12-03 21:28:28,476 [WARN] PackLoader:240 - Cannot read IP mode file for STMicroelectronics.X-CUBE-GNSS1.6.0.0
2024-12-03 21:28:28,493 [WARN] PackLoader:240 - Cannot read IP mode file for STMicroelectronics.X-CUBE-AZRTOS-F4.1.1.0
2024-12-03 21:28:28,521 [WARN] PackLoader:240 - Cannot read IP mode file for STMicroelectronics.X-CUBE-ISPU.2.1.0
2024-12-03 21:28:28,521 [WARN] PackLoader:240 - Cannot read IP mode file for STMicroelectronics.X-CUBE-FREERTOS.1.2.0
2024-12-03 21:28:28,566 [WARN] PackLoader:240 - Cannot read IP mode file for STMicroelectronics.X-CUBE-AZRTOS-L5.2.0.0
2024-12-03 21:28:28,591 [WARN] PackLoader:240 - Cannot read IP mode file for STMicroelectronics.X-CUBE-NFC6.3.1.0
2024-12-03 21:28:28,611 [WARN] PackLoader:240 - Cannot read IP mode file for STMicroelectronics.X-CUBE-DPower.1.2.0
2024-12-03 21:28:28,622 [WARN] PackLoader:240 - Cannot read IP mode file for STMicroelectronics.X-CUBE-AI.9.0.0
2024-12-03 21:28:28,639 [WARN] PackLoader:240 - Cannot read IP mode file for STMicroelectronics.X-CUBE-NFC7.1.0.1
2024-12-03 21:28:28,659 [WARN] PackLoader:240 - Cannot read IP mode file for wolfSSL.I-CUBE-wolfTPM.3.2.0
2024-12-03 21:28:28,824 [WARN] ConditionMgr:438 - getConditionDescription Invalid condition id : LAN8742 Phy interface Condition cause : null
2024-12-03 21:28:28,824 [WARN] PackLoader:240 - Cannot read IP mode file for STMicroelectronics.X-CUBE-AZRTOS-L4.2.0.0
2024-12-03 21:28:28,832 [WARN] ConditionMgr:1039 - genDependencies : Invalid condition id : LAN8742 Phy interface Condition cause : null
2024-12-03 21:28:28,832 [WARN] ConditionMgr:1039 - genDependencies : Invalid condition id : LAN8742 Phy interface Condition cause : null
2024-12-03 21:28:28,832 [WARN] ConditionMgr:1039 - genDependencies : Invalid condition id : LAN8742 Phy interface Condition cause : null
2024-12-03 21:28:29,041 [WARN] PackLoader:240 - Cannot read IP mode file for STMicroelectronics.X-CUBE-SFXS2LP1.4.0.0
2024-12-03 21:28:29,113 [WARN] PackLoader:240 - Cannot read IP mode file for STMicroelectronics.X-CUBE-AZRTOS-H7.3.3.0
2024-12-03 21:28:29,218 [WARN] PackLoader:240 - Cannot read IP mode file for STMicroelectronics.X-CUBE-IPS.3.0.0
2024-12-03 21:28:29,283 [WARN] ConditionMgr:438 - getConditionDescription Invalid condition id : UX DEVICE CLASS RTOS Condition cause : null
2024-12-03 21:28:29,283 [WARN] ConditionMgr:438 - getConditionDescription Invalid condition id : UX DEVICE CLASS RTOS Condition cause : null
2024-12-03 21:28:29,291 [WARN] PackLoader:240 - Cannot read IP mode file for STMicroelectronics.X-CUBE-AZRTOS-WB.2.0.0
2024-12-03 21:28:29,292 [WARN] ConditionMgr:1039 - genDependencies : Invalid condition id : UX DEVICE CLASS RTOS Condition cause : null
2024-12-03 21:28:29,292 [WARN] ConditionMgr:1039 - genDependencies : Invalid condition id : UX DEVICE CLASS RTOS Condition cause : null
2024-12-03 21:28:29,292 [WARN] ConditionMgr:1039 - genDependencies : Invalid condition id : UX DEVICE CLASS RTOS Condition cause : null
2024-12-03 21:28:29,292 [WARN] ConditionMgr:1039 - genDependencies : Invalid condition id : UX DEVICE CLASS RTOS Condition cause : null
2024-12-03 21:28:29,292 [WARN] ConditionMgr:1039 - genDependencies : Invalid condition id : UX DEVICE CLASS RTOS Condition cause : null
2024-12-03 21:28:29,299 [WARN] PackLoader:240 - Cannot read IP mode file for STMicroelectronics.X-CUBE-GNSS1.7.0.0
2024-12-03 21:28:29,307 [WARN] PackLoader:240 - Cannot read IP mode file for STMicroelectronics.FP-SNS-STBOX1.2.0.0
2024-12-03 21:28:29,330 [WARN] PackLoader:240 - Cannot read IP mode file for STMicroelectronics.X-CUBE-SUBG2.5.0.0
2024-12-03 21:28:29,364 [WARN] PackLoader:240 - Cannot read IP mode file for STMicroelectronics.X-CUBE-AZRTOS-G4.2.0.0
2024-12-03 21:28:29,377 [WARN] PackLoader:240 - Cannot read IP mode file for STMicroelectronics.X-CUBE-ISPU.2.0.0
2024-12-03 21:28:29,389 [WARN] PackLoader:240 - Cannot read IP mode file for STMicroelectronics.X-CUBE-ALS.1.0.2
2024-12-03 21:28:29,503 [WARN] PackLoader:240 - Cannot read IP mode file for STMicroelectronics.X-CUBE-MEMS1.10.0.0
2024-12-03 21:28:29,906 [WARN] PackLoader:240 - Cannot read IP mode file for STMicroelectronics.X-CUBE-FREERTOS.1.1.0
2024-12-03 21:28:29,914 [WARN] PackLoader:240 - Cannot read IP mode file for STMicroelectronics.X-CUBE-TOUCHGFX.4.24.0
2024-12-03 21:28:29,926 [WARN] PackLoader:240 - Cannot read IP mode file for STMicroelectronics.X-CUBE-TOUCHGFX.4.24.1
2024-12-03 21:28:29,941 [WARN] PackLoader:240 - Cannot read IP mode file for portGmbH.I-Cube-SoM-uGOAL.1.1.0
2024-12-03 21:28:29,955 [WARN] PackLoader:240 - Cannot read IP mode file for STMicroelectronics.X-CUBE-ALS.1.0.1
2024-12-03 21:28:29,984 [WARN] PackLoader:240 - Cannot read IP mode file for STMicroelectronics.X-CUBE-AZRTOS-H7RS.1.0.0
2024-12-03 21:28:30,001 [WARN] PackLoader:240 - Cannot read IP mode file for STMicroelectronics.FP-ATR-ASTRA1.2.0.0
2024-12-03 21:28:30,038 [WARN] PackLoader:240 - Cannot read IP mode file for STMicroelectronics.X-CUBE-TOF1.3.4.2
2024-12-03 21:28:30,069 [WARN] PackLoader:240 - Cannot read IP mode file for STMicroelectronics.X-CUBE-TOF1.3.4.1
2024-12-03 21:28:30,141 [WARN] PackLoader:240 - Cannot read IP mode file for STMicroelectronics.X-CUBE-AZRTOS-H7.3.2.0
2024-12-03 21:28:30,166 [WARN] PackLoader:240 - Cannot read IP mode file for Infineon.AIROC-Wi-Fi-Bluetooth-STM32.1.6.0
2024-12-03 21:28:30,199 [WARN] PackLoader:240 - Cannot read IP mode file for wolfSSL.I-CUBE-wolfSSH.1.4.17
2024-12-03 21:28:30,199 [INFO] ThirdParty:978 - Integrity check success = true
2024-12-03 21:28:30,199 [INFO] IntegrityCheckThread:100 - exiting critical section [integrity check]
2024-12-03 21:28:30,199 [INFO] IntegrityCheckThread:103 - End integrity checks thread
2024-12-03 21:28:32,077 [INFO] WebApp:779 - Register for checkConnection events
2024-12-03 21:28:32,077 [INFO] WebApp:414 - Apply proxy settings
2024-12-03 21:28:32,077 [INFO] WebApp:499 - Chromium requires no authentication
2024-12-03 21:28:32,092 [INFO] WebApp:442 - Direct internet connection detected
2024-12-03 21:28:32,557 [INFO] WebApp:192 - Starting web application
2024-12-03 21:28:32,557 [INFO] WebApp:544 - Web application path used C:\ST\STM32CubeIDE_1.15.0\STM32CubeIDE\plugins\com.st.stm32cube.common.mx_6.11.0.202403141607\db\plugins\mcufinder\reactClient1\index.html
2024-12-03 21:59:15,282 [ERROR] LogOutputStream:75 - [STDERR_REDIRECT] 
2024-12-03 21:59:45,228 [INFO] Activator:176 - 


2024-12-03 21:59:45,230 [INFO] Activator:177 - !SESSION log4j initialized
2024-12-03 21:59:53,806 [INFO] LogOutputStream:77 - [STDOUT_REDIRECT] 
2024-12-03 21:59:55,198 [INFO] ApplicationProperties:184 - Using Application install path: C:\ST\STM32CubeIDE_1.15.0\STM32CubeIDE\plugins\com.st.stm32cube.common.mx_6.11.0.202403141607
2024-12-03 21:59:55,246 [INFO] DbMcusXml:78 - Set database path to: C:\ST\STM32CubeIDE_1.15.0\STM32CubeIDE\plugins\com.st.stm32cube.common.mx_6.11.0.202403141607\\db\/mcu/
2024-12-03 21:59:55,246 [INFO] ApiDb:274 - Set plugin database path to: C:\ST\STM32CubeIDE_1.15.0\STM32CubeIDE\plugins\com.st.stm32cube.common.mx_6.11.0.202403141607\\db\/plugins/boardmanager/
2024-12-03 21:59:55,246 [WARN] ApiDb:259 - Overriding images path with different value:  => C:\ST\STM32CubeIDE_1.15.0\STM32CubeIDE\plugins\com.st.stm32cube.common.mx_6.11.0.202403141607\\db\/plugins/mcufinder/images/
2024-12-03 21:59:55,260 [INFO] ApiDb:250 - Set database path to: C:\Users\BASAVARAJ\.stmcufinder\plugins\mcufinder//mcu/
2024-12-03 21:59:55,262 [INFO] DbMcusAds:125 - Set database path to: C:\Users\BASAVARAJ\.stmcufinder\plugins\mcufinder//mcu/
2024-12-03 21:59:55,264 [INFO] CrossReferenceDbSqlite:203 - Set database path to: C:\Users\BASAVARAJ\.stmcufinder\plugins\mcufinder//mcu/cs/
2024-12-03 21:59:55,599 [INFO] RulesReader:64 - Compatibility file has been processed (297 Rules)
2024-12-03 21:59:55,762 [INFO] DbMcusXml:78 - Set database path to: C:\ST\STM32CubeIDE_1.15.0\STM32CubeIDE\plugins\com.st.stm32cube.common.mx_6.11.0.202403141607\\db\/mcu/
2024-12-03 21:59:55,762 [INFO] ApiDb:274 - Set plugin database path to: C:\ST\STM32CubeIDE_1.15.0\STM32CubeIDE\plugins\com.st.stm32cube.common.mx_6.11.0.202403141607\\db\/plugins/boardmanager/
2024-12-03 21:59:55,762 [INFO] ApiDb:261 - Set plugin images path to: C:\ST\STM32CubeIDE_1.15.0\STM32CubeIDE\plugins\com.st.stm32cube.common.mx_6.11.0.202403141607\\db\/plugins/mcufinder/images/
2024-12-03 21:59:55,763 [WARN] DbFile:41 - Overriding database path with different value: C:\Users\BASAVARAJ\.stmcufinder\plugins\mcufinder/ => C:\Users\BASAVARAJ\.stmcufinder\plugins\mcufinder
2024-12-03 21:59:55,763 [INFO] ApiDb:250 - Set database path to: C:\Users\BASAVARAJ\.stmcufinder\plugins\mcufinder//mcu/
2024-12-03 21:59:55,763 [WARN] DbFile:41 - Overriding database path with different value: C:\Users\BASAVARAJ\.stmcufinder\plugins\mcufinder/ => C:\Users\BASAVARAJ\.stmcufinder\plugins\mcufinder
2024-12-03 21:59:55,763 [INFO] DbMcusAds:125 - Set database path to: C:\Users\BASAVARAJ\.stmcufinder\plugins\mcufinder//mcu/
2024-12-03 21:59:55,763 [WARN] DbFile:41 - Overriding database path with different value: C:\Users\BASAVARAJ\.stmcufinder\plugins\mcufinder/ => C:\Users\BASAVARAJ\.stmcufinder\plugins\mcufinder
2024-12-03 21:59:55,763 [WARN] DbFile:41 - Overriding database path with different value: C:\Users\BASAVARAJ\.stmcufinder\plugins\mcufinder/ => C:\Users\BASAVARAJ\.stmcufinder\plugins\mcufinder
2024-12-03 21:59:55,763 [INFO] CrossReferenceDbSqlite:203 - Set database path to: C:\Users\BASAVARAJ\.stmcufinder\plugins\mcufinder//mcu/cs/
2024-12-03 21:59:55,885 [INFO] MainPanel:264 - HeapMemory: 268435456
2024-12-03 21:59:56,065 [INFO] DbMcusXml:78 - Set database path to: C:\ST\STM32CubeIDE_1.15.0\STM32CubeIDE\plugins\com.st.stm32cube.common.mx_6.11.0.202403141607\\db\/mcu/
2024-12-03 21:59:56,065 [INFO] ApiDb:274 - Set plugin database path to: C:\ST\STM32CubeIDE_1.15.0\STM32CubeIDE\plugins\com.st.stm32cube.common.mx_6.11.0.202403141607\\db\/plugins/boardmanager/
2024-12-03 21:59:56,065 [INFO] ApiDb:261 - Set plugin images path to: C:\ST\STM32CubeIDE_1.15.0\STM32CubeIDE\plugins\com.st.stm32cube.common.mx_6.11.0.202403141607\\db\/plugins/mcufinder/images/
2024-12-03 21:59:56,066 [WARN] DbFile:41 - Overriding database path with different value: C:\Users\BASAVARAJ\.stmcufinder\plugins\mcufinder/ => C:\Users\BASAVARAJ\.stmcufinder\plugins\mcufinder
2024-12-03 21:59:56,066 [INFO] ApiDb:250 - Set database path to: C:\Users\BASAVARAJ\.stmcufinder\plugins\mcufinder//mcu/
2024-12-03 21:59:56,066 [WARN] DbFile:41 - Overriding database path with different value: C:\Users\BASAVARAJ\.stmcufinder\plugins\mcufinder/ => C:\Users\BASAVARAJ\.stmcufinder\plugins\mcufinder
2024-12-03 21:59:56,066 [INFO] DbMcusAds:125 - Set database path to: C:\Users\BASAVARAJ\.stmcufinder\plugins\mcufinder//mcu/
2024-12-03 21:59:56,066 [WARN] DbFile:41 - Overriding database path with different value: C:\Users\BASAVARAJ\.stmcufinder\plugins\mcufinder/ => C:\Users\BASAVARAJ\.stmcufinder\plugins\mcufinder
2024-12-03 21:59:56,066 [WARN] DbFile:41 - Overriding database path with different value: C:\Users\BASAVARAJ\.stmcufinder\plugins\mcufinder/ => C:\Users\BASAVARAJ\.stmcufinder\plugins\mcufinder
2024-12-03 21:59:56,067 [INFO] CrossReferenceDbSqlite:203 - Set database path to: C:\Users\BASAVARAJ\.stmcufinder\plugins\mcufinder//mcu/cs/
2024-12-03 21:59:56,094 [INFO] ApplicationProperties:184 - Using Application install path: C:\ST\STM32CubeIDE_1.15.0\STM32CubeIDE\plugins\com.st.stm32cube.common.mx_6.11.0.202403141607
2024-12-03 21:59:56,099 [INFO] PluginManage:196 - Search for loadable plugins [exclusion list=, ]
2024-12-03 21:59:56,102 [INFO] PluginManage:310 - Check plugin analytics
2024-12-03 21:59:56,334 [INFO] AnalyticsPlugin:253 - Accepted Software Licenses: 
2024-12-03 21:59:56,335 [INFO] AnalyticsPlugin:255 - Accepted CMSIS Pack Licenses: 
2024-12-03 21:59:56,335 [INFO] AnalyticsPlugin:257 - Accepted Firmware Licenses: FW.F4.1.28.0
2024-12-03 21:59:56,338 [INFO] PluginManage:359 - Loaded plugin analytics (category:tool,tabindex:-1)
2024-12-03 21:59:56,338 [INFO] PluginManage:310 - Check plugin cadmodel
2024-12-03 21:59:56,360 [INFO] CADModel:105 - Init CAD model plugin
2024-12-03 21:59:56,361 [INFO] PluginManage:359 - Loaded plugin cadmodel (category:power,tabindex:5)
2024-12-03 21:59:56,361 [INFO] PluginManage:310 - Check plugin clock
2024-12-03 21:59:56,394 [INFO] PluginManage:359 - Loaded plugin clock (category:base,tabindex:2)
2024-12-03 21:59:56,394 [INFO] PluginManage:310 - Check plugin ddr
2024-12-03 21:59:56,397 [INFO] PluginManage:359 - Loaded plugin ddr (category:tool,tabindex:6)
2024-12-03 21:59:56,398 [INFO] PluginManage:310 - Check plugin filemanager
2024-12-03 21:59:56,660 [INFO] PluginManage:359 - Loaded plugin filemanager (category:base,tabindex:10)
2024-12-03 21:59:56,660 [INFO] PluginManage:310 - Check plugin ipmanager
2024-12-03 21:59:56,668 [INFO] PluginManage:359 - Loaded plugin ipmanager (category:base,tabindex:5)
2024-12-03 21:59:56,668 [INFO] PluginManage:310 - Check plugin lpbam
2024-12-03 21:59:56,694 [INFO] PluginManage:359 - Loaded plugin lpbam (category:base,tabindex:0)
2024-12-03 21:59:56,694 [INFO] PluginManage:310 - Check plugin memorymap
2024-12-03 21:59:56,758 [INFO] PluginManage:359 - Loaded plugin memorymap (category:base,tabindex:4)
2024-12-03 21:59:56,759 [INFO] PluginManage:310 - Check plugin pinoutandconfiguration
2024-12-03 21:59:56,783 [INFO] PluginManage:359 - Loaded plugin pinoutandconfiguration (category:base,tabindex:1)
2024-12-03 21:59:56,783 [INFO] PluginManage:310 - Check plugin pinoutconfig
2024-12-03 21:59:56,898 [WARN] SupportedApi:132 - Cannot load RTOS API schema: s4s-elt-must-match.1: The content of 'definitions' must match (annotation?, (simpleType | complexType)?, (unique | key | keyref)*)). A problem was found starting at: attribute.
2024-12-03 21:59:57,178 [INFO] PluginManage:359 - Loaded plugin pinoutconfig (category:base,tabindex:0)
2024-12-03 21:59:57,178 [INFO] PluginManage:310 - Check plugin power
2024-12-03 21:59:57,207 [INFO] PluginManage:359 - Loaded plugin power (category:power,tabindex:4)
2024-12-03 21:59:57,208 [INFO] PluginManage:310 - Check plugin projectmanager
2024-12-03 21:59:57,229 [INFO] PluginManage:359 - Loaded plugin projectmanager (category:projectmanager,tabindex:3)
2024-12-03 21:59:57,229 [INFO] PluginManage:310 - Check plugin thirdparty
2024-12-03 21:59:57,672 [WARN] IntegrityCheckThread:84 - waiting for thirdparty lock release [integrity check]
2024-12-03 21:59:57,673 [INFO] IntegrityCheckThread:86 - entering critical section [integrity check]
2024-12-03 21:59:57,674 [INFO] ThirdPartyUpdaterWithRetryManager:70 - Updater plugin not ready yet. [1/15]
2024-12-03 21:59:57,674 [INFO] PluginManage:359 - Loaded plugin thirdparty (category:base,tabindex:-1)
2024-12-03 21:59:57,674 [INFO] PluginManage:310 - Check plugin tools
2024-12-03 21:59:57,720 [INFO] PluginManage:359 - Loaded plugin tools (category:base,tabindex:7)
2024-12-03 21:59:57,720 [INFO] PluginManage:310 - Check plugin tutovideos
2024-12-03 21:59:58,081 [INFO] PluginManage:359 - Loaded plugin tutovideos (category:base,tabindex:-1)
2024-12-03 21:59:58,081 [INFO] PluginManage:310 - Check plugin updater
2024-12-03 21:59:58,101 [INFO] PluginManage:359 - Loaded plugin updater (category:base,tabindex:12)
2024-12-03 21:59:58,101 [INFO] PluginManage:310 - Check plugin userauth
2024-12-03 21:59:58,114 [INFO] UserAuth:114 - Init User Auth plugin
2024-12-03 21:59:58,114 [INFO] PluginManage:359 - Loaded plugin userauth (category:base,tabindex:14)
2024-12-03 21:59:58,115 [INFO] PluginManage:283 - PluginManage : Loaded plugins [17]
2024-12-03 21:59:58,413 [INFO] PinOutPanel:1561 - setPackage(No Configuration,No Configuration)
2024-12-03 21:59:58,512 [INFO] CADModel:165 - CPN selected for project level
2024-12-03 21:59:58,513 [INFO] CADModel:114 - Register for checkConnection events
2024-12-03 21:59:58,552 [INFO] IPUIPlugin:80 - create IPUIPlugin
2024-12-03 21:59:58,552 [INFO] PluginManager:220 - loadIPPluginJar : add adc
2024-12-03 21:59:58,604 [INFO] IPUIPlugin:80 - create IPUIPlugin
2024-12-03 21:59:58,604 [INFO] PluginManager:220 - loadIPPluginJar : add aes
2024-12-03 21:59:58,662 [INFO] IPUIPlugin:80 - create IPUIPlugin
2024-12-03 21:59:58,663 [INFO] PluginManager:220 - loadIPPluginJar : add can
2024-12-03 21:59:58,698 [INFO] IPUIPlugin:80 - create IPUIPlugin
2024-12-03 21:59:58,699 [INFO] PluginManager:220 - loadIPPluginJar : add comp
2024-12-03 21:59:58,744 [INFO] IPUIPlugin:80 - create IPUIPlugin
2024-12-03 21:59:58,744 [INFO] PluginManager:220 - loadIPPluginJar : add cryp
2024-12-03 21:59:58,785 [INFO] IPUIPlugin:80 - create IPUIPlugin
2024-12-03 21:59:58,785 [INFO] PluginManager:220 - loadIPPluginJar : add dfsdm
2024-12-03 21:59:58,806 [INFO] IPUIPlugin:80 - create IPUIPlugin
2024-12-03 21:59:58,806 [INFO] PluginManager:220 - loadIPPluginJar : add dma
2024-12-03 21:59:58,870 [INFO] IPUIPlugin:80 - create IPUIPlugin
2024-12-03 21:59:58,870 [INFO] PluginManager:220 - loadIPPluginJar : add dma3
2024-12-03 21:59:58,937 [INFO] IPUIPlugin:80 - create IPUIPlugin
2024-12-03 21:59:58,937 [INFO] PluginManager:220 - loadIPPluginJar : add extmemmanager
2024-12-03 21:59:58,967 [INFO] IPUIPlugin:80 - create IPUIPlugin
2024-12-03 21:59:58,967 [INFO] PluginManager:220 - loadIPPluginJar : add fatfs
2024-12-03 21:59:59,033 [INFO] IPUIPlugin:80 - create IPUIPlugin
2024-12-03 21:59:59,033 [INFO] PluginManager:220 - loadIPPluginJar : add fmc
2024-12-03 21:59:59,054 [INFO] IPUIPlugin:80 - create IPUIPlugin
2024-12-03 21:59:59,054 [INFO] PluginManager:220 - loadIPPluginJar : add freertos
2024-12-03 21:59:59,082 [INFO] IPUIPlugin:80 - create IPUIPlugin
2024-12-03 21:59:59,083 [INFO] PluginManager:220 - loadIPPluginJar : add genericplugin
2024-12-03 21:59:59,211 [INFO] IPUIPlugin:80 - create IPUIPlugin
2024-12-03 21:59:59,211 [INFO] PluginManager:220 - loadIPPluginJar : add gfxmmu
2024-12-03 21:59:59,374 [INFO] IPUIPlugin:80 - create IPUIPlugin
2024-12-03 21:59:59,374 [INFO] PluginManager:220 - loadIPPluginJar : add gic
2024-12-03 21:59:59,394 [INFO] IPUIPlugin:80 - create IPUIPlugin
2024-12-03 21:59:59,394 [INFO] PluginManager:220 - loadIPPluginJar : add gpio
2024-12-03 21:59:59,540 [INFO] IPUIPlugin:80 - create IPUIPlugin
2024-12-03 21:59:59,541 [INFO] PluginManager:220 - loadIPPluginJar : add gtzc
2024-12-03 21:59:59,612 [INFO] IPUIPlugin:80 - create IPUIPlugin
2024-12-03 21:59:59,613 [INFO] PluginManager:220 - loadIPPluginJar : add hash
2024-12-03 21:59:59,717 [INFO] IPUIPlugin:80 - create IPUIPlugin
2024-12-03 21:59:59,717 [INFO] PluginManager:220 - loadIPPluginJar : add i2c
2024-12-03 21:59:59,783 [INFO] IPUIPlugin:80 - create IPUIPlugin
2024-12-03 21:59:59,783 [INFO] PluginManager:220 - loadIPPluginJar : add i2s
2024-12-03 21:59:59,868 [INFO] IPUIPlugin:80 - create IPUIPlugin
2024-12-03 21:59:59,868 [INFO] PluginManager:220 - loadIPPluginJar : add i3c
2024-12-03 22:00:00,127 [INFO] IPUIPlugin:80 - create IPUIPlugin
2024-12-03 22:00:00,128 [INFO] PluginManager:220 - loadIPPluginJar : add ipddr
2024-12-03 22:00:00,363 [INFO] IPUIPlugin:80 - create IPUIPlugin
2024-12-03 22:00:00,364 [INFO] PluginManager:220 - loadIPPluginJar : add linkedlist
2024-12-03 22:00:00,420 [INFO] IPUIPlugin:80 - create IPUIPlugin
2024-12-03 22:00:00,420 [INFO] PluginManager:220 - loadIPPluginJar : add lorawan
2024-12-03 22:00:00,480 [INFO] IPUIPlugin:80 - create IPUIPlugin
2024-12-03 22:00:00,480 [INFO] PluginManager:220 - loadIPPluginJar : add ltdc
2024-12-03 22:00:00,505 [INFO] IPUIPlugin:80 - create IPUIPlugin
2024-12-03 22:00:00,505 [INFO] PluginManager:220 - loadIPPluginJar : add mdma
2024-12-03 22:00:00,529 [INFO] IPUIPlugin:80 - create IPUIPlugin
2024-12-03 22:00:00,530 [INFO] PluginManager:220 - loadIPPluginJar : add nvic
2024-12-03 22:00:00,596 [INFO] IPUIPlugin:80 - create IPUIPlugin
2024-12-03 22:00:00,596 [INFO] PluginManager:220 - loadIPPluginJar : add opamp
2024-12-03 22:00:00,675 [INFO] ThirdPartyUpdaterWithRetryManager:70 - Updater plugin not ready yet. [2/15]
2024-12-03 22:00:00,694 [INFO] IPUIPlugin:80 - create IPUIPlugin
2024-12-03 22:00:00,694 [INFO] PluginManager:220 - loadIPPluginJar : add openamp
2024-12-03 22:00:00,760 [INFO] IPUIPlugin:80 - create IPUIPlugin
2024-12-03 22:00:00,760 [INFO] PluginManager:220 - loadIPPluginJar : add pdm2pcm
2024-12-03 22:00:00,782 [INFO] IPUIPlugin:80 - create IPUIPlugin
2024-12-03 22:00:00,785 [INFO] PluginManager:220 - loadIPPluginJar : add plateformsettings
2024-12-03 22:00:00,825 [INFO] IPUIPlugin:80 - create IPUIPlugin
2024-12-03 22:00:00,825 [INFO] PluginManager:220 - loadIPPluginJar : add quadspi
2024-12-03 22:00:00,845 [INFO] IPUIPlugin:80 - create IPUIPlugin
2024-12-03 22:00:00,846 [INFO] PluginManager:220 - loadIPPluginJar : add resmgrutility
2024-12-03 22:00:00,929 [INFO] IPUIPlugin:80 - create IPUIPlugin
2024-12-03 22:00:00,929 [INFO] PluginManager:220 - loadIPPluginJar : add sai
2024-12-03 22:00:00,990 [INFO] IPUIPlugin:80 - create IPUIPlugin
2024-12-03 22:00:00,990 [INFO] PluginManager:220 - loadIPPluginJar : add spi
2024-12-03 22:00:01,077 [INFO] IPUIPlugin:80 - create IPUIPlugin
2024-12-03 22:00:01,077 [INFO] PluginManager:220 - loadIPPluginJar : add stm32_wpan
2024-12-03 22:00:01,108 [INFO] IPUIPlugin:80 - create IPUIPlugin
2024-12-03 22:00:01,108 [INFO] PluginManager:220 - loadIPPluginJar : add tim
2024-12-03 22:00:01,185 [INFO] IPUIPlugin:80 - create IPUIPlugin
2024-12-03 22:00:01,186 [INFO] PluginManager:220 - loadIPPluginJar : add touchsensing
2024-12-03 22:00:01,215 [INFO] IPUIPlugin:80 - create IPUIPlugin
2024-12-03 22:00:01,216 [INFO] PluginManager:220 - loadIPPluginJar : add tracer_emb
2024-12-03 22:00:01,246 [INFO] IPUIPlugin:80 - create IPUIPlugin
2024-12-03 22:00:01,246 [INFO] PluginManager:220 - loadIPPluginJar : add ts
2024-12-03 22:00:01,276 [INFO] IPUIPlugin:80 - create IPUIPlugin
2024-12-03 22:00:01,277 [INFO] PluginManager:220 - loadIPPluginJar : add tsc
2024-12-03 22:00:01,304 [INFO] IPUIPlugin:80 - create IPUIPlugin
2024-12-03 22:00:01,304 [INFO] PluginManager:220 - loadIPPluginJar : add ucpd
2024-12-03 22:00:01,359 [INFO] IPUIPlugin:80 - create IPUIPlugin
2024-12-03 22:00:01,359 [INFO] PluginManager:220 - loadIPPluginJar : add usart
2024-12-03 22:00:01,417 [INFO] IPUIPlugin:80 - create IPUIPlugin
2024-12-03 22:00:01,418 [INFO] PluginManager:220 - loadIPPluginJar : add usbx
2024-12-03 22:00:01,563 [INFO] CADModel:165 - CPN selected for project level
2024-12-03 22:00:01,564 [INFO] CADModel:114 - Register for checkConnection events
2024-12-03 22:00:01,564 [FATAL] Updater:308 - Updater called before beeing initialized
2024-12-03 22:00:01,564 [ERROR] CADModel:125 - Updater not yet initialized, retry later 
2024-12-03 22:00:01,746 [INFO] CADModel:165 - CPN selected for project level
2024-12-03 22:00:01,746 [INFO] CADModel:114 - Register for checkConnection events
2024-12-03 22:00:01,746 [FATAL] Updater:308 - Updater called before beeing initialized
2024-12-03 22:00:01,746 [ERROR] CADModel:125 - Updater not yet initialized, retry later 
2024-12-03 22:00:01,750 [FATAL] Updater:308 - Updater called before beeing initialized
2024-12-03 22:00:01,875 [FATAL] Updater:308 - Updater called before beeing initialized
2024-12-03 22:00:01,911 [INFO] DbMcusAds:53 - JSON generation date=Fri Sep 20 18:34:38 IST 2024 (1726837478367)
2024-12-03 22:00:01,911 [FATAL] Updater:308 - Updater called before beeing initialized
2024-12-03 22:00:02,002 [WARN] DetailPanel:346 - Failed to get advertising image, set to default
2024-12-03 22:00:02,190 [FATAL] Updater:308 - Updater called before beeing initialized
2024-12-03 22:00:02,218 [FATAL] Updater:308 - Updater called before beeing initialized
2024-12-03 22:00:02,219 [FATAL] Updater:308 - Updater called before beeing initialized
2024-12-03 22:00:02,219 [WARN] DetailPanel:346 - Failed to get advertising image, set to default
2024-12-03 22:00:02,228 [FATAL] Updater:308 - Updater called before beeing initialized
2024-12-03 22:00:02,472 [ERROR] Updater:1120 - MainUpdater not yet initialized. External WinMGr cannot be set.
2024-12-03 22:00:02,492 [INFO] Updater:1056 - Updater Version found : 6.11.0
2024-12-03 22:00:02,541 [INFO] ApplicationProperties:184 - Using Application install path: C:\ST\STM32CubeIDE_1.15.0\STM32CubeIDE\plugins\com.st.stm32cube.common.mx_6.11.0.202403141607
2024-12-03 22:00:03,676 [INFO] ThirdPartyUpdaterWithRetryManager:70 - Updater plugin not ready yet. [3/15]
2024-12-03 22:00:04,138 [ERROR] LogOutputStream:75 - [STDERR_REDIRECT] Dec 03, 2024 10:00:04 PM java.util.prefs.WindowsPreferences <init>
2024-12-03 22:00:04,141 [ERROR] LogOutputStream:75 - [STDERR_REDIRECT] WARNING: Could not open/create prefs root node Software\JavaSoft\Prefs at root 0xffffffff80000002. Windows RegCreateKeyEx(...) returned error code 5.
2024-12-03 22:00:04,141 [ERROR] LogOutputStream:75 - [STDERR_REDIRECT] 
2024-12-03 22:00:04,728 [INFO] MainUpdater:2873 - connection check result : 10
2024-12-03 22:00:04,730 [INFO] MainUpdater:290 - Updater Check For Update Now.
2024-12-03 22:00:04,730 [INFO] MicroXplorer:498 - Change Database Version : DB.6.0.110
2024-12-03 22:00:04,755 [INFO] McuFinderGlobals:63 - Set McuFinder mode to 2 (CubeIDE integrated)
2024-12-03 22:00:04,755 [INFO] UserAuth:179 - activating auth plugin
2024-12-03 22:00:04,761 [INFO] UserAuth:415 - Internet connection configuration mode: 1
2024-12-03 22:00:04,826 [INFO] JxBrowserEngine:152 - Initiate JxBrowser Engine with user profile folder
2024-12-03 22:00:05,128 [INFO] CheckServerUpdateThread:120 - End of CheckServer Thread
2024-12-03 22:00:07,115 [WARN] PackLoader:240 - Cannot read IP mode file for STMicroelectronics.FP-SNS-MOTENVWB1.1.4.0
2024-12-03 22:00:07,146 [WARN] PackLoader:240 - Cannot read IP mode file for STMicroelectronics.FP-ATR-ASTRA1.2.0.1
2024-12-03 22:00:07,177 [WARN] PackLoader:240 - Cannot read IP mode file for STMicroelectronics.X-CUBE-SMBUS.2.1.0
2024-12-03 22:00:07,215 [WARN] PackLoader:240 - Cannot read IP mode file for STMicroelectronics.X-CUBE-WB05N.1.1.0
2024-12-03 22:00:07,244 [WARN] PackLoader:240 - Cannot read IP mode file for STMicroelectronics.X-CUBE-TOUCHGFX.4.23.2
2024-12-03 22:00:07,326 [WARN] PackLoader:240 - Cannot read IP mode file for STMicroelectronics.X-CUBE-AZRTOS-F7.1.1.0
2024-12-03 22:00:07,488 [WARN] PackLoader:240 - Cannot read IP mode file for STMicroelectronics.X-CUBE-MEMS1.11.0.0
2024-12-03 22:00:07,814 [WARN] PackLoader:240 - Cannot read IP mode file for STMicroelectronics.FP-SNS-FLIGHT1.5.0.2
2024-12-03 22:00:07,842 [WARN] PackLoader:240 - Cannot read IP mode file for STMicroelectronics.X-CUBE-DISPLAY.3.0.0
2024-12-03 22:00:07,874 [WARN] PackLoader:240 - Cannot read IP mode file for STMicroelectronics.X-CUBE-BLE1.7.0.0
2024-12-03 22:00:07,899 [WARN] PackLoader:240 - Cannot read IP mode file for STMicroelectronics.X-CUBE-NFC10.1.0.0
2024-12-03 22:00:07,929 [WARN] PackLoader:240 - Cannot read IP mode file for emotas.I-CUBE-CANOPEN.1.3.0
2024-12-03 22:00:07,979 [WARN] PackLoader:240 - Cannot read IP mode file for STMicroelectronics.X-CUBE-BLEMGR.3.1.0
2024-12-03 22:00:08,007 [WARN] PackLoader:240 - Cannot read IP mode file for STMicroelectronics.FP-SNS-SMARTAG2.1.2.0
2024-12-03 22:00:08,046 [INFO] LogOutputStream:77 - [STDOUT_REDIRECT] 1 : Invalid condition id : UX_CORESTACK_Condition cause : null
2024-12-03 22:00:08,047 [INFO] LogOutputStream:77 - [STDOUT_REDIRECT] 1 : Invalid condition id : UX_CORESTACK_Condition cause : null
2024-12-03 22:00:08,048 [INFO] LogOutputStream:77 - [STDOUT_REDIRECT] 1 : Invalid condition id : UX_CORESTACK_Condition cause : null
2024-12-03 22:00:08,050 [INFO] LogOutputStream:77 - [STDOUT_REDIRECT] 1 : Invalid condition id : UX_CORESTACK_Condition cause : null
2024-12-03 22:00:08,052 [INFO] LogOutputStream:77 - [STDOUT_REDIRECT] 1 : Invalid condition id : UX_CORESTACK_Condition cause : null
2024-12-03 22:00:08,056 [WARN] PackLoader:240 - Cannot read IP mode file for STMicroelectronics.X-CUBE-AZRTOS-WL.2.0.0
2024-12-03 22:00:08,085 [WARN] PackLoader:240 - Cannot read IP mode file for STMicroelectronics.FP-SNS-MOTENV1.5.0.0
2024-12-03 22:00:08,108 [WARN] PackLoader:240 - Cannot read IP mode file for wolfSSL.I-CUBE-wolfMQTT.1.19.0
2024-12-03 22:00:08,134 [WARN] PackLoader:240 - Cannot read IP mode file for WES.I-CUBE-Cesium.1.3.0
2024-12-03 22:00:08,158 [WARN] PackLoader:240 - Cannot read IP mode file for STMicroelectronics.X-CUBE-BLE2.3.3.0
2024-12-03 22:00:08,183 [WARN] PackLoader:240 - Cannot read IP mode file for STMicroelectronics.X-CUBE-NFC9.1.0.0
2024-12-03 22:00:08,210 [WARN] PackLoader:240 - Cannot read IP mode file for STMicroelectronics.X-CUBE-TCPP.4.1.0
2024-12-03 22:00:08,238 [WARN] PackLoader:240 - Cannot read IP mode file for STMicroelectronics.X-CUBE-ALGOBUILD.1.3.0
2024-12-03 22:00:08,279 [WARN] PackLoader:240 - Cannot read IP mode file for STMicroelectronics.X-CUBE-AZRTOS-G0.1.1.0
2024-12-03 22:00:08,308 [WARN] PackLoader:240 - Cannot read IP mode file for STMicroelectronics.X-CUBE-SAFEA1.1.2.2
2024-12-03 22:00:08,348 [WARN] PackLoader:240 - Cannot read IP mode file for STMicroelectronics.X-CUBE-NFC4.3.0.0
2024-12-03 22:00:08,367 [WARN] PackLoader:240 - Cannot read IP mode file for wolfSSL.I-CUBE-wolfMQTT.1.18.0
2024-12-03 22:00:08,393 [WARN] PackLoader:240 - Cannot read IP mode file for EmbeddedOffice.I-CUBE-FS-RTOS.1.0.1
2024-12-03 22:00:08,394 [ERROR] ConditionMgr:805 - Attr not supported : Dmpu
2024-12-03 22:00:08,394 [ERROR] ConditionMgr:805 - Attr not supported : Dmpu
2024-12-03 22:00:08,394 [ERROR] ConditionMgr:805 - Attr not supported : Dmpu
2024-12-03 22:00:08,394 [ERROR] ConditionMgr:805 - Attr not supported : Dmpu
2024-12-03 22:00:08,394 [ERROR] ConditionMgr:805 - Attr not supported : Dmpu
2024-12-03 22:00:08,395 [ERROR] ConditionMgr:805 - Attr not supported : Dmpu
2024-12-03 22:00:08,395 [ERROR] ConditionMgr:805 - Attr not supported : Dmpu
2024-12-03 22:00:08,395 [ERROR] ConditionMgr:805 - Attr not supported : Dmpu
2024-12-03 22:00:08,395 [ERROR] ConditionMgr:805 - Attr not supported : Dmpu
2024-12-03 22:00:08,395 [ERROR] ConditionMgr:805 - Attr not supported : Dmpu
2024-12-03 22:00:08,395 [ERROR] ConditionMgr:805 - Attr not supported : Dmpu
2024-12-03 22:00:08,395 [ERROR] ConditionMgr:805 - Attr not supported : Dmpu
2024-12-03 22:00:08,395 [ERROR] ConditionMgr:805 - Attr not supported : Dmpu
2024-12-03 22:00:08,395 [ERROR] ConditionMgr:805 - Attr not supported : Dmpu
2024-12-03 22:00:08,395 [ERROR] ConditionMgr:805 - Attr not supported : Dmpu
2024-12-03 22:00:08,395 [ERROR] ConditionMgr:805 - Attr not supported : Dmpu
2024-12-03 22:00:08,396 [ERROR] ConditionMgr:805 - Attr not supported : Dmpu
2024-12-03 22:00:08,396 [ERROR] ConditionMgr:805 - Attr not supported : Dmpu
2024-12-03 22:00:08,396 [ERROR] ConditionMgr:805 - Attr not supported : Dmpu
2024-12-03 22:00:08,396 [ERROR] ConditionMgr:805 - Attr not supported : Dmpu
2024-12-03 22:00:08,396 [ERROR] ConditionMgr:805 - Attr not supported : Dmpu
2024-12-03 22:00:08,396 [ERROR] ConditionMgr:805 - Attr not supported : Dmpu
2024-12-03 22:00:08,396 [ERROR] ConditionMgr:805 - Attr not supported : Dmpu
2024-12-03 22:00:08,396 [ERROR] ConditionMgr:805 - Attr not supported : Dmpu
2024-12-03 22:00:08,396 [ERROR] ConditionMgr:805 - Attr not supported : Dmpu
2024-12-03 22:00:08,396 [ERROR] ConditionMgr:805 - Attr not supported : Dmpu
2024-12-03 22:00:08,396 [ERROR] ConditionMgr:805 - Attr not supported : Dmpu
2024-12-03 22:00:08,397 [ERROR] ConditionMgr:805 - Attr not supported : Dmpu
2024-12-03 22:00:08,397 [ERROR] ConditionMgr:805 - Attr not supported : Dmpu
2024-12-03 22:00:08,397 [ERROR] ConditionMgr:805 - Attr not supported : Dmpu
2024-12-03 22:00:08,397 [ERROR] ConditionMgr:805 - Attr not supported : Dmpu
2024-12-03 22:00:08,397 [ERROR] ConditionMgr:805 - Attr not supported : Dmpu
2024-12-03 22:00:08,397 [ERROR] ConditionMgr:805 - Attr not supported : Dmpu
2024-12-03 22:00:08,397 [ERROR] ConditionMgr:805 - Attr not supported : Dmpu
2024-12-03 22:00:08,398 [ERROR] ConditionMgr:805 - Attr not supported : Dmpu
2024-12-03 22:00:08,398 [ERROR] ConditionMgr:805 - Attr not supported : Dmpu
2024-12-03 22:00:08,398 [ERROR] ConditionMgr:805 - Attr not supported : Dmpu
2024-12-03 22:00:08,398 [ERROR] ConditionMgr:805 - Attr not supported : Dmpu
2024-12-03 22:00:08,398 [ERROR] ConditionMgr:805 - Attr not supported : Dmpu
2024-12-03 22:00:08,398 [ERROR] ConditionMgr:805 - Attr not supported : Dmpu
2024-12-03 22:00:08,398 [ERROR] ConditionMgr:805 - Attr not supported : Dmpu
2024-12-03 22:00:08,398 [ERROR] ConditionMgr:805 - Attr not supported : Dmpu
2024-12-03 22:00:08,399 [ERROR] ConditionMgr:805 - Attr not supported : Dmpu
2024-12-03 22:00:08,399 [ERROR] ConditionMgr:805 - Attr not supported : Dmpu
2024-12-03 22:00:08,399 [ERROR] ConditionMgr:805 - Attr not supported : Dmpu
2024-12-03 22:00:08,399 [ERROR] ConditionMgr:805 - Attr not supported : Dmpu
2024-12-03 22:00:08,399 [ERROR] ConditionMgr:805 - Attr not supported : Dmpu
2024-12-03 22:00:08,399 [ERROR] ConditionMgr:805 - Attr not supported : Dmpu
2024-12-03 22:00:08,399 [ERROR] ConditionMgr:805 - Attr not supported : Dmpu
2024-12-03 22:00:08,399 [ERROR] ConditionMgr:805 - Attr not supported : Dmpu
2024-12-03 22:00:08,400 [ERROR] ConditionMgr:805 - Attr not supported : Dmpu
2024-12-03 22:00:08,400 [ERROR] ConditionMgr:805 - Attr not supported : Dmpu
2024-12-03 22:00:08,400 [ERROR] ConditionMgr:805 - Attr not supported : Dmpu
2024-12-03 22:00:08,400 [ERROR] ConditionMgr:805 - Attr not supported : Dmpu
2024-12-03 22:00:08,400 [ERROR] ConditionMgr:805 - Attr not supported : Dmpu
2024-12-03 22:00:08,400 [ERROR] ConditionMgr:805 - Attr not supported : Dmpu
2024-12-03 22:00:08,400 [ERROR] ConditionMgr:805 - Attr not supported : Dmpu
2024-12-03 22:00:08,400 [ERROR] ConditionMgr:805 - Attr not supported : Dmpu
2024-12-03 22:00:08,400 [ERROR] ConditionMgr:805 - Attr not supported : Dmpu
2024-12-03 22:00:08,400 [ERROR] ConditionMgr:805 - Attr not supported : Dmpu
2024-12-03 22:00:08,400 [ERROR] ConditionMgr:805 - Attr not supported : Dmpu
2024-12-03 22:00:08,401 [ERROR] ConditionMgr:805 - Attr not supported : Dmpu
2024-12-03 22:00:08,401 [ERROR] ConditionMgr:805 - Attr not supported : Dmpu
2024-12-03 22:00:08,401 [ERROR] ConditionMgr:805 - Attr not supported : Dmpu
2024-12-03 22:00:08,428 [WARN] PackLoader:240 - Cannot read IP mode file for RealThread.X-CUBE-RT-Thread_Nano.4.1.1
2024-12-03 22:00:08,450 [WARN] PackLoader:240 - Cannot read IP mode file for wolfSSL.I-CUBE-wolfSSL.5.7.0
2024-12-03 22:00:08,471 [WARN] PackLoader:240 - Cannot read IP mode file for STMicroelectronics.FP-ATR-SIGFOX1.3.2.0
2024-12-03 22:00:08,490 [WARN] ConditionMgr:438 - getConditionDescription Invalid condition id : Cortex-A Device cause : null
2024-12-03 22:00:08,533 [WARN] ConditionMgr:1039 - genDependencies : Invalid condition id : Cortex-A Device cause : null
2024-12-03 22:00:08,534 [WARN] ConditionMgr:1039 - genDependencies : Invalid condition id : Cortex-A Device cause : null
2024-12-03 22:00:08,534 [WARN] ConditionMgr:1039 - genDependencies : Invalid condition id : Cortex-A Device cause : null
2024-12-03 22:00:08,558 [WARN] PackLoader:240 - Cannot read IP mode file for STMicroelectronics.X-CUBE-EEPRMA1.5.1.0
2024-12-03 22:00:08,591 [WARN] PackLoader:240 - Cannot read IP mode file for ITTIA_DB.I-CUBE-ITTIADB.8.9.0
2024-12-03 22:00:08,649 [WARN] PackLoader:240 - Cannot read IP mode file for SEGGER.I-CUBE-embOS.1.3.1
2024-12-03 22:00:08,757 [WARN] PackLoader:240 - Cannot read IP mode file for STMicroelectronics.X-CUBE-ALGOBUILD.1.4.0
2024-12-03 22:00:08,780 [WARN] PackLoader:240 - Cannot read IP mode file for STMicroelectronics.X-CUBE-AI.9.1.0
2024-12-03 22:00:08,806 [WARN] PackLoader:240 - Cannot read IP mode file for STMicroelectronics.X-CUBE-GNSS1.6.0.0
2024-12-03 22:00:08,845 [WARN] PackLoader:240 - Cannot read IP mode file for STMicroelectronics.X-CUBE-AZRTOS-F4.1.1.0
2024-12-03 22:00:08,875 [WARN] PackLoader:240 - Cannot read IP mode file for STMicroelectronics.X-CUBE-ISPU.2.1.0
2024-12-03 22:00:08,896 [WARN] PackLoader:240 - Cannot read IP mode file for STMicroelectronics.X-CUBE-FREERTOS.1.2.0
2024-12-03 22:00:08,949 [WARN] PackLoader:240 - Cannot read IP mode file for STMicroelectronics.X-CUBE-AZRTOS-L5.2.0.0
2024-12-03 22:00:08,980 [WARN] PackLoader:240 - Cannot read IP mode file for STMicroelectronics.X-CUBE-NFC6.3.1.0
2024-12-03 22:00:09,001 [WARN] PackLoader:240 - Cannot read IP mode file for STMicroelectronics.X-CUBE-DPower.1.2.0
2024-12-03 22:00:09,028 [WARN] PackLoader:240 - Cannot read IP mode file for STMicroelectronics.X-CUBE-AI.9.0.0
2024-12-03 22:00:09,053 [WARN] PackLoader:240 - Cannot read IP mode file for STMicroelectronics.X-CUBE-NFC7.1.0.1
2024-12-03 22:00:09,079 [WARN] PackLoader:240 - Cannot read IP mode file for wolfSSL.I-CUBE-wolfTPM.3.2.0
2024-12-03 22:00:09,131 [WARN] ConditionMgr:438 - getConditionDescription Invalid condition id : LAN8742 Phy interface Condition cause : null
2024-12-03 22:00:09,135 [WARN] PackLoader:240 - Cannot read IP mode file for STMicroelectronics.X-CUBE-AZRTOS-L4.2.0.0
2024-12-03 22:00:09,139 [WARN] ConditionMgr:1039 - genDependencies : Invalid condition id : LAN8742 Phy interface Condition cause : null
2024-12-03 22:00:09,140 [WARN] ConditionMgr:1039 - genDependencies : Invalid condition id : LAN8742 Phy interface Condition cause : null
2024-12-03 22:00:09,140 [WARN] ConditionMgr:1039 - genDependencies : Invalid condition id : LAN8742 Phy interface Condition cause : null
2024-12-03 22:00:09,199 [WARN] PackLoader:240 - Cannot read IP mode file for STMicroelectronics.X-CUBE-SFXS2LP1.4.0.0
2024-12-03 22:00:09,253 [WARN] PackLoader:240 - Cannot read IP mode file for STMicroelectronics.X-CUBE-AZRTOS-H7.3.3.0
2024-12-03 22:00:09,338 [WARN] PackLoader:240 - Cannot read IP mode file for STMicroelectronics.X-CUBE-IPS.3.0.0
2024-12-03 22:00:09,382 [WARN] ConditionMgr:438 - getConditionDescription Invalid condition id : UX DEVICE CLASS RTOS Condition cause : null
2024-12-03 22:00:09,383 [WARN] ConditionMgr:438 - getConditionDescription Invalid condition id : UX DEVICE CLASS RTOS Condition cause : null
2024-12-03 22:00:09,386 [WARN] PackLoader:240 - Cannot read IP mode file for STMicroelectronics.X-CUBE-AZRTOS-WB.2.0.0
2024-12-03 22:00:09,387 [WARN] ConditionMgr:1039 - genDependencies : Invalid condition id : UX DEVICE CLASS RTOS Condition cause : null
2024-12-03 22:00:09,387 [WARN] ConditionMgr:1039 - genDependencies : Invalid condition id : UX DEVICE CLASS RTOS Condition cause : null
2024-12-03 22:00:09,388 [WARN] ConditionMgr:1039 - genDependencies : Invalid condition id : UX DEVICE CLASS RTOS Condition cause : null
2024-12-03 22:00:09,388 [WARN] ConditionMgr:1039 - genDependencies : Invalid condition id : UX DEVICE CLASS RTOS Condition cause : null
2024-12-03 22:00:09,388 [WARN] ConditionMgr:1039 - genDependencies : Invalid condition id : UX DEVICE CLASS RTOS Condition cause : null
2024-12-03 22:00:09,414 [WARN] PackLoader:240 - Cannot read IP mode file for STMicroelectronics.X-CUBE-GNSS1.7.0.0
2024-12-03 22:00:09,441 [WARN] PackLoader:240 - Cannot read IP mode file for STMicroelectronics.FP-SNS-STBOX1.2.0.0
2024-12-03 22:00:09,470 [WARN] PackLoader:240 - Cannot read IP mode file for STMicroelectronics.X-CUBE-SUBG2.5.0.0
2024-12-03 22:00:09,513 [WARN] PackLoader:240 - Cannot read IP mode file for STMicroelectronics.X-CUBE-AZRTOS-G4.2.0.0
2024-12-03 22:00:09,536 [WARN] PackLoader:240 - Cannot read IP mode file for STMicroelectronics.X-CUBE-ISPU.2.0.0
2024-12-03 22:00:09,558 [WARN] PackLoader:240 - Cannot read IP mode file for STMicroelectronics.X-CUBE-ALS.1.0.2
2024-12-03 22:00:09,665 [WARN] PackLoader:240 - Cannot read IP mode file for STMicroelectronics.X-CUBE-MEMS1.10.0.0
2024-12-03 22:00:09,893 [WARN] PackLoader:240 - Cannot read IP mode file for STMicroelectronics.X-CUBE-FREERTOS.1.1.0
2024-12-03 22:00:09,913 [WARN] PackLoader:240 - Cannot read IP mode file for STMicroelectronics.X-CUBE-TOUCHGFX.4.24.0
2024-12-03 22:00:09,936 [WARN] PackLoader:240 - Cannot read IP mode file for STMicroelectronics.X-CUBE-TOUCHGFX.4.24.1
2024-12-03 22:00:09,958 [WARN] PackLoader:240 - Cannot read IP mode file for portGmbH.I-Cube-SoM-uGOAL.1.1.0
2024-12-03 22:00:09,979 [WARN] PackLoader:240 - Cannot read IP mode file for STMicroelectronics.X-CUBE-ALS.1.0.1
2024-12-03 22:00:10,027 [WARN] PackLoader:240 - Cannot read IP mode file for STMicroelectronics.X-CUBE-AZRTOS-H7RS.1.0.0
2024-12-03 22:00:10,051 [WARN] PackLoader:240 - Cannot read IP mode file for STMicroelectronics.FP-ATR-ASTRA1.2.0.0
2024-12-03 22:00:10,081 [WARN] PackLoader:240 - Cannot read IP mode file for STMicroelectronics.X-CUBE-TOF1.3.4.2
2024-12-03 22:00:10,115 [WARN] PackLoader:240 - Cannot read IP mode file for STMicroelectronics.X-CUBE-TOF1.3.4.1
2024-12-03 22:00:10,179 [WARN] PackLoader:240 - Cannot read IP mode file for STMicroelectronics.X-CUBE-AZRTOS-H7.3.2.0
2024-12-03 22:00:10,241 [WARN] PackLoader:240 - Cannot read IP mode file for Infineon.AIROC-Wi-Fi-Bluetooth-STM32.1.6.0
2024-12-03 22:00:10,266 [WARN] PackLoader:240 - Cannot read IP mode file for wolfSSL.I-CUBE-wolfSSH.1.4.17
2024-12-03 22:00:10,266 [INFO] ThirdParty:978 - Integrity check success = true
2024-12-03 22:00:10,267 [INFO] IntegrityCheckThread:100 - exiting critical section [integrity check]
2024-12-03 22:00:10,267 [INFO] IntegrityCheckThread:103 - End integrity checks thread
2024-12-03 22:00:15,765 [INFO] WebApp:161 - Instantiating new browser for Auth
2024-12-03 22:00:17,193 [INFO] WebApp:779 - Register for checkConnection events
2024-12-03 22:00:17,193 [INFO] WebApp:414 - Apply proxy settings
2024-12-03 22:00:17,193 [INFO] WebApp:499 - Chromium requires no authentication
2024-12-03 22:00:17,209 [INFO] WebApp:442 - Direct internet connection detected
2024-12-03 22:00:17,579 [INFO] WebApp:192 - Starting web application
2024-12-03 22:00:17,579 [INFO] WebApp:544 - Web application path used C:\ST\STM32CubeIDE_1.15.0\STM32CubeIDE\plugins\com.st.stm32cube.common.mx_6.11.0.202403141607\db\plugins\mcufinder\reactClient1\index.html
