2024-09-03 22:23:10,740 [INFO] Activator:176 - 


2024-09-03 22:23:10,746 [INFO] Activator:177 - !SESSION log4j initialized
2024-09-03 22:23:18,172 [INFO] LogOutputStream:77 - [STDOUT_REDIRECT] 
2024-09-03 22:23:27,330 [INFO] ApplicationProperties:184 - Using Application install path: C:\ST\STM32CubeIDE_1.15.0\STM32CubeIDE\plugins\com.st.stm32cube.common.mx_6.11.0.202403141607
2024-09-03 22:23:27,367 [INFO] DbMcusXml:78 - Set database path to: C:\ST\STM32CubeIDE_1.15.0\STM32CubeIDE\plugins\com.st.stm32cube.common.mx_6.11.0.202403141607\\db\/mcu/
2024-09-03 22:23:27,367 [INFO] ApiDb:274 - Set plugin database path to: C:\ST\STM32CubeIDE_1.15.0\STM32CubeIDE\plugins\com.st.stm32cube.common.mx_6.11.0.202403141607\\db\/plugins/boardmanager/
2024-09-03 22:23:27,367 [WARN] ApiDb:259 - Overriding images path with different value:  => C:\ST\STM32CubeIDE_1.15.0\STM32CubeIDE\plugins\com.st.stm32cube.common.mx_6.11.0.202403141607\\db\/plugins/mcufinder/images/
2024-09-03 22:23:27,384 [INFO] ApiDb:250 - Set database path to: C:\Users\BASAVARAJ\.stmcufinder\plugins\mcufinder//mcu/
2024-09-03 22:23:27,385 [INFO] DbMcusAds:125 - Set database path to: C:\Users\BASAVARAJ\.stmcufinder\plugins\mcufinder//mcu/
2024-09-03 22:23:27,389 [INFO] CrossReferenceDbSqlite:203 - Set database path to: C:\Users\BASAVARAJ\.stmcufinder\plugins\mcufinder//mcu/cs/
2024-09-03 22:23:27,582 [INFO] RulesReader:64 - Compatibility file has been processed (297 Rules)
2024-09-03 22:23:27,709 [INFO] DbMcusXml:78 - Set database path to: C:\ST\STM32CubeIDE_1.15.0\STM32CubeIDE\plugins\com.st.stm32cube.common.mx_6.11.0.202403141607\\db\/mcu/
2024-09-03 22:23:27,709 [INFO] ApiDb:274 - Set plugin database path to: C:\ST\STM32CubeIDE_1.15.0\STM32CubeIDE\plugins\com.st.stm32cube.common.mx_6.11.0.202403141607\\db\/plugins/boardmanager/
2024-09-03 22:23:27,709 [INFO] ApiDb:261 - Set plugin images path to: C:\ST\STM32CubeIDE_1.15.0\STM32CubeIDE\plugins\com.st.stm32cube.common.mx_6.11.0.202403141607\\db\/plugins/mcufinder/images/
2024-09-03 22:23:27,710 [WARN] DbFile:41 - Overriding database path with different value: C:\Users\BASAVARAJ\.stmcufinder\plugins\mcufinder/ => C:\Users\BASAVARAJ\.stmcufinder\plugins\mcufinder
2024-09-03 22:23:27,710 [INFO] ApiDb:250 - Set database path to: C:\Users\BASAVARAJ\.stmcufinder\plugins\mcufinder//mcu/
2024-09-03 22:23:27,710 [WARN] DbFile:41 - Overriding database path with different value: C:\Users\BASAVARAJ\.stmcufinder\plugins\mcufinder/ => C:\Users\BASAVARAJ\.stmcufinder\plugins\mcufinder
2024-09-03 22:23:27,710 [INFO] DbMcusAds:125 - Set database path to: C:\Users\BASAVARAJ\.stmcufinder\plugins\mcufinder//mcu/
2024-09-03 22:23:27,710 [WARN] DbFile:41 - Overriding database path with different value: C:\Users\BASAVARAJ\.stmcufinder\plugins\mcufinder/ => C:\Users\BASAVARAJ\.stmcufinder\plugins\mcufinder
2024-09-03 22:23:27,710 [WARN] DbFile:41 - Overriding database path with different value: C:\Users\BASAVARAJ\.stmcufinder\plugins\mcufinder/ => C:\Users\BASAVARAJ\.stmcufinder\plugins\mcufinder
2024-09-03 22:23:27,710 [INFO] CrossReferenceDbSqlite:203 - Set database path to: C:\Users\BASAVARAJ\.stmcufinder\plugins\mcufinder//mcu/cs/
2024-09-03 22:23:27,813 [INFO] MainPanel:264 - HeapMemory: 268435456
2024-09-03 22:23:27,962 [INFO] DbMcusXml:78 - Set database path to: C:\ST\STM32CubeIDE_1.15.0\STM32CubeIDE\plugins\com.st.stm32cube.common.mx_6.11.0.202403141607\\db\/mcu/
2024-09-03 22:23:27,962 [INFO] ApiDb:274 - Set plugin database path to: C:\ST\STM32CubeIDE_1.15.0\STM32CubeIDE\plugins\com.st.stm32cube.common.mx_6.11.0.202403141607\\db\/plugins/boardmanager/
2024-09-03 22:23:27,962 [INFO] ApiDb:261 - Set plugin images path to: C:\ST\STM32CubeIDE_1.15.0\STM32CubeIDE\plugins\com.st.stm32cube.common.mx_6.11.0.202403141607\\db\/plugins/mcufinder/images/
2024-09-03 22:23:27,963 [WARN] DbFile:41 - Overriding database path with different value: C:\Users\BASAVARAJ\.stmcufinder\plugins\mcufinder/ => C:\Users\BASAVARAJ\.stmcufinder\plugins\mcufinder
2024-09-03 22:23:27,963 [INFO] ApiDb:250 - Set database path to: C:\Users\BASAVARAJ\.stmcufinder\plugins\mcufinder//mcu/
2024-09-03 22:23:27,963 [WARN] DbFile:41 - Overriding database path with different value: C:\Users\BASAVARAJ\.stmcufinder\plugins\mcufinder/ => C:\Users\BASAVARAJ\.stmcufinder\plugins\mcufinder
2024-09-03 22:23:27,963 [INFO] DbMcusAds:125 - Set database path to: C:\Users\BASAVARAJ\.stmcufinder\plugins\mcufinder//mcu/
2024-09-03 22:23:27,964 [WARN] DbFile:41 - Overriding database path with different value: C:\Users\BASAVARAJ\.stmcufinder\plugins\mcufinder/ => C:\Users\BASAVARAJ\.stmcufinder\plugins\mcufinder
2024-09-03 22:23:27,964 [WARN] DbFile:41 - Overriding database path with different value: C:\Users\BASAVARAJ\.stmcufinder\plugins\mcufinder/ => C:\Users\BASAVARAJ\.stmcufinder\plugins\mcufinder
2024-09-03 22:23:27,964 [INFO] CrossReferenceDbSqlite:203 - Set database path to: C:\Users\BASAVARAJ\.stmcufinder\plugins\mcufinder//mcu/cs/
2024-09-03 22:23:27,989 [INFO] ApplicationProperties:184 - Using Application install path: C:\ST\STM32CubeIDE_1.15.0\STM32CubeIDE\plugins\com.st.stm32cube.common.mx_6.11.0.202403141607
2024-09-03 22:23:27,993 [INFO] PluginManage:196 - Search for loadable plugins [exclusion list=, ]
2024-09-03 22:23:27,995 [INFO] PluginManage:310 - Check plugin analytics
2024-09-03 22:23:28,182 [INFO] AnalyticsPlugin:253 - Accepted Software Licenses: 
2024-09-03 22:23:28,182 [INFO] AnalyticsPlugin:255 - Accepted CMSIS Pack Licenses: 
2024-09-03 22:23:28,182 [INFO] AnalyticsPlugin:257 - Accepted Firmware Licenses: FW.F4.1.28.0
2024-09-03 22:23:28,186 [INFO] PluginManage:359 - Loaded plugin analytics (category:tool,tabindex:-1)
2024-09-03 22:23:28,186 [INFO] PluginManage:310 - Check plugin cadmodel
2024-09-03 22:23:28,202 [INFO] CADModel:105 - Init CAD model plugin
2024-09-03 22:23:28,202 [INFO] PluginManage:359 - Loaded plugin cadmodel (category:power,tabindex:5)
2024-09-03 22:23:28,202 [INFO] PluginManage:310 - Check plugin clock
2024-09-03 22:23:28,226 [INFO] PluginManage:359 - Loaded plugin clock (category:base,tabindex:2)
2024-09-03 22:23:28,226 [INFO] PluginManage:310 - Check plugin ddr
2024-09-03 22:23:28,229 [INFO] PluginManage:359 - Loaded plugin ddr (category:tool,tabindex:6)
2024-09-03 22:23:28,229 [INFO] PluginManage:310 - Check plugin filemanager
2024-09-03 22:23:28,450 [INFO] PluginManage:359 - Loaded plugin filemanager (category:base,tabindex:10)
2024-09-03 22:23:28,451 [INFO] PluginManage:310 - Check plugin ipmanager
2024-09-03 22:23:28,459 [INFO] PluginManage:359 - Loaded plugin ipmanager (category:base,tabindex:5)
2024-09-03 22:23:28,459 [INFO] PluginManage:310 - Check plugin lpbam
2024-09-03 22:23:28,477 [INFO] PluginManage:359 - Loaded plugin lpbam (category:base,tabindex:0)
2024-09-03 22:23:28,478 [INFO] PluginManage:310 - Check plugin memorymap
2024-09-03 22:23:28,522 [INFO] PluginManage:359 - Loaded plugin memorymap (category:base,tabindex:4)
2024-09-03 22:23:28,522 [INFO] PluginManage:310 - Check plugin pinoutandconfiguration
2024-09-03 22:23:28,545 [INFO] PluginManage:359 - Loaded plugin pinoutandconfiguration (category:base,tabindex:1)
2024-09-03 22:23:28,545 [INFO] PluginManage:310 - Check plugin pinoutconfig
2024-09-03 22:23:28,646 [WARN] SupportedApi:132 - Cannot load RTOS API schema: s4s-elt-must-match.1: The content of 'definitions' must match (annotation?, (simpleType | complexType)?, (unique | key | keyref)*)). A problem was found starting at: attribute.
2024-09-03 22:23:28,881 [INFO] PluginManage:359 - Loaded plugin pinoutconfig (category:base,tabindex:0)
2024-09-03 22:23:28,881 [INFO] PluginManage:310 - Check plugin power
2024-09-03 22:23:28,905 [INFO] PluginManage:359 - Loaded plugin power (category:power,tabindex:4)
2024-09-03 22:23:28,906 [INFO] PluginManage:310 - Check plugin projectmanager
2024-09-03 22:23:28,923 [INFO] PluginManage:359 - Loaded plugin projectmanager (category:projectmanager,tabindex:3)
2024-09-03 22:23:28,923 [INFO] PluginManage:310 - Check plugin thirdparty
2024-09-03 22:23:29,272 [INFO] PluginManage:359 - Loaded plugin thirdparty (category:base,tabindex:-1)
2024-09-03 22:23:29,272 [WARN] IntegrityCheckThread:84 - waiting for thirdparty lock release [integrity check]
2024-09-03 22:23:29,272 [INFO] PluginManage:310 - Check plugin tools
2024-09-03 22:23:29,272 [INFO] IntegrityCheckThread:86 - entering critical section [integrity check]
2024-09-03 22:23:29,273 [INFO] ThirdPartyUpdaterWithRetryManager:70 - Updater plugin not ready yet. [1/15]
2024-09-03 22:23:29,313 [INFO] PluginManage:359 - Loaded plugin tools (category:base,tabindex:7)
2024-09-03 22:23:29,313 [INFO] PluginManage:310 - Check plugin tutovideos
2024-09-03 22:23:29,620 [INFO] PluginManage:359 - Loaded plugin tutovideos (category:base,tabindex:-1)
2024-09-03 22:23:29,620 [INFO] PluginManage:310 - Check plugin updater
2024-09-03 22:23:29,641 [INFO] PluginManage:359 - Loaded plugin updater (category:base,tabindex:12)
2024-09-03 22:23:29,641 [INFO] PluginManage:310 - Check plugin userauth
2024-09-03 22:23:29,650 [INFO] UserAuth:114 - Init User Auth plugin
2024-09-03 22:23:29,650 [INFO] PluginManage:359 - Loaded plugin userauth (category:base,tabindex:14)
2024-09-03 22:23:29,651 [INFO] PluginManage:283 - PluginManage : Loaded plugins [17]
2024-09-03 22:23:29,955 [INFO] PinOutPanel:1561 - setPackage(No Configuration,No Configuration)
2024-09-03 22:23:30,043 [INFO] CADModel:165 - CPN selected for project level
2024-09-03 22:23:30,043 [INFO] CADModel:114 - Register for checkConnection events
2024-09-03 22:23:30,076 [INFO] IPUIPlugin:80 - create IPUIPlugin
2024-09-03 22:23:30,076 [INFO] PluginManager:220 - loadIPPluginJar : add adc
2024-09-03 22:23:30,113 [INFO] IPUIPlugin:80 - create IPUIPlugin
2024-09-03 22:23:30,114 [INFO] PluginManager:220 - loadIPPluginJar : add aes
2024-09-03 22:23:30,158 [INFO] IPUIPlugin:80 - create IPUIPlugin
2024-09-03 22:23:30,158 [INFO] PluginManager:220 - loadIPPluginJar : add can
2024-09-03 22:23:30,183 [INFO] IPUIPlugin:80 - create IPUIPlugin
2024-09-03 22:23:30,183 [INFO] PluginManager:220 - loadIPPluginJar : add comp
2024-09-03 22:23:30,218 [INFO] IPUIPlugin:80 - create IPUIPlugin
2024-09-03 22:23:30,218 [INFO] PluginManager:220 - loadIPPluginJar : add cryp
2024-09-03 22:23:30,249 [INFO] IPUIPlugin:80 - create IPUIPlugin
2024-09-03 22:23:30,250 [INFO] PluginManager:220 - loadIPPluginJar : add dfsdm
2024-09-03 22:23:30,263 [INFO] IPUIPlugin:80 - create IPUIPlugin
2024-09-03 22:23:30,264 [INFO] PluginManager:220 - loadIPPluginJar : add dma
2024-09-03 22:23:30,309 [INFO] IPUIPlugin:80 - create IPUIPlugin
2024-09-03 22:23:30,309 [INFO] PluginManager:220 - loadIPPluginJar : add dma3
2024-09-03 22:23:30,354 [INFO] IPUIPlugin:80 - create IPUIPlugin
2024-09-03 22:23:30,354 [INFO] PluginManager:220 - loadIPPluginJar : add extmemmanager
2024-09-03 22:23:30,373 [INFO] IPUIPlugin:80 - create IPUIPlugin
2024-09-03 22:23:30,374 [INFO] PluginManager:220 - loadIPPluginJar : add fatfs
2024-09-03 22:23:30,420 [INFO] IPUIPlugin:80 - create IPUIPlugin
2024-09-03 22:23:30,420 [INFO] PluginManager:220 - loadIPPluginJar : add fmc
2024-09-03 22:23:30,436 [INFO] IPUIPlugin:80 - create IPUIPlugin
2024-09-03 22:23:30,436 [INFO] PluginManager:220 - loadIPPluginJar : add freertos
2024-09-03 22:23:30,457 [INFO] IPUIPlugin:80 - create IPUIPlugin
2024-09-03 22:23:30,457 [INFO] PluginManager:220 - loadIPPluginJar : add genericplugin
2024-09-03 22:23:30,551 [INFO] IPUIPlugin:80 - create IPUIPlugin
2024-09-03 22:23:30,551 [INFO] PluginManager:220 - loadIPPluginJar : add gfxmmu
2024-09-03 22:23:30,686 [INFO] IPUIPlugin:80 - create IPUIPlugin
2024-09-03 22:23:30,686 [INFO] PluginManager:220 - loadIPPluginJar : add gic
2024-09-03 22:23:30,699 [INFO] IPUIPlugin:80 - create IPUIPlugin
2024-09-03 22:23:30,699 [INFO] PluginManager:220 - loadIPPluginJar : add gpio
2024-09-03 22:23:30,793 [INFO] IPUIPlugin:80 - create IPUIPlugin
2024-09-03 22:23:30,793 [INFO] PluginManager:220 - loadIPPluginJar : add gtzc
2024-09-03 22:23:30,827 [INFO] IPUIPlugin:80 - create IPUIPlugin
2024-09-03 22:23:30,827 [INFO] PluginManager:220 - loadIPPluginJar : add hash
2024-09-03 22:23:30,880 [INFO] IPUIPlugin:80 - create IPUIPlugin
2024-09-03 22:23:30,880 [INFO] PluginManager:220 - loadIPPluginJar : add i2c
2024-09-03 22:23:30,919 [INFO] IPUIPlugin:80 - create IPUIPlugin
2024-09-03 22:23:30,919 [INFO] PluginManager:220 - loadIPPluginJar : add i2s
2024-09-03 22:23:30,963 [INFO] IPUIPlugin:80 - create IPUIPlugin
2024-09-03 22:23:30,963 [INFO] PluginManager:220 - loadIPPluginJar : add i3c
2024-09-03 22:23:31,060 [INFO] IPUIPlugin:80 - create IPUIPlugin
2024-09-03 22:23:31,060 [INFO] PluginManager:220 - loadIPPluginJar : add ipddr
2024-09-03 22:23:31,156 [INFO] IPUIPlugin:80 - create IPUIPlugin
2024-09-03 22:23:31,156 [INFO] PluginManager:220 - loadIPPluginJar : add linkedlist
2024-09-03 22:23:31,191 [INFO] IPUIPlugin:80 - create IPUIPlugin
2024-09-03 22:23:31,191 [INFO] PluginManager:220 - loadIPPluginJar : add lorawan
2024-09-03 22:23:31,227 [INFO] IPUIPlugin:80 - create IPUIPlugin
2024-09-03 22:23:31,227 [INFO] PluginManager:220 - loadIPPluginJar : add ltdc
2024-09-03 22:23:31,242 [INFO] IPUIPlugin:80 - create IPUIPlugin
2024-09-03 22:23:31,242 [INFO] PluginManager:220 - loadIPPluginJar : add mdma
2024-09-03 22:23:31,254 [INFO] IPUIPlugin:80 - create IPUIPlugin
2024-09-03 22:23:31,254 [INFO] PluginManager:220 - loadIPPluginJar : add nvic
2024-09-03 22:23:31,291 [INFO] IPUIPlugin:80 - create IPUIPlugin
2024-09-03 22:23:31,291 [INFO] PluginManager:220 - loadIPPluginJar : add opamp
2024-09-03 22:23:31,348 [INFO] IPUIPlugin:80 - create IPUIPlugin
2024-09-03 22:23:31,348 [INFO] PluginManager:220 - loadIPPluginJar : add openamp
2024-09-03 22:23:31,390 [INFO] IPUIPlugin:80 - create IPUIPlugin
2024-09-03 22:23:31,390 [INFO] PluginManager:220 - loadIPPluginJar : add pdm2pcm
2024-09-03 22:23:31,406 [INFO] IPUIPlugin:80 - create IPUIPlugin
2024-09-03 22:23:31,407 [INFO] PluginManager:220 - loadIPPluginJar : add plateformsettings
2024-09-03 22:23:31,434 [INFO] IPUIPlugin:80 - create IPUIPlugin
2024-09-03 22:23:31,434 [INFO] PluginManager:220 - loadIPPluginJar : add quadspi
2024-09-03 22:23:31,448 [INFO] IPUIPlugin:80 - create IPUIPlugin
2024-09-03 22:23:31,448 [INFO] PluginManager:220 - loadIPPluginJar : add resmgrutility
2024-09-03 22:23:31,520 [INFO] IPUIPlugin:80 - create IPUIPlugin
2024-09-03 22:23:31,520 [INFO] PluginManager:220 - loadIPPluginJar : add sai
2024-09-03 22:23:31,563 [INFO] IPUIPlugin:80 - create IPUIPlugin
2024-09-03 22:23:31,563 [INFO] PluginManager:220 - loadIPPluginJar : add spi
2024-09-03 22:23:31,632 [INFO] IPUIPlugin:80 - create IPUIPlugin
2024-09-03 22:23:31,632 [INFO] PluginManager:220 - loadIPPluginJar : add stm32_wpan
2024-09-03 22:23:31,653 [INFO] IPUIPlugin:80 - create IPUIPlugin
2024-09-03 22:23:31,653 [INFO] PluginManager:220 - loadIPPluginJar : add tim
2024-09-03 22:23:31,721 [INFO] IPUIPlugin:80 - create IPUIPlugin
2024-09-03 22:23:31,721 [INFO] PluginManager:220 - loadIPPluginJar : add touchsensing
2024-09-03 22:23:31,751 [INFO] IPUIPlugin:80 - create IPUIPlugin
2024-09-03 22:23:31,751 [INFO] PluginManager:220 - loadIPPluginJar : add tracer_emb
2024-09-03 22:23:31,777 [INFO] IPUIPlugin:80 - create IPUIPlugin
2024-09-03 22:23:31,777 [INFO] PluginManager:220 - loadIPPluginJar : add ts
2024-09-03 22:23:31,803 [INFO] IPUIPlugin:80 - create IPUIPlugin
2024-09-03 22:23:31,803 [INFO] PluginManager:220 - loadIPPluginJar : add tsc
2024-09-03 22:23:31,827 [INFO] IPUIPlugin:80 - create IPUIPlugin
2024-09-03 22:23:31,828 [INFO] PluginManager:220 - loadIPPluginJar : add ucpd
2024-09-03 22:23:31,876 [INFO] IPUIPlugin:80 - create IPUIPlugin
2024-09-03 22:23:31,876 [INFO] PluginManager:220 - loadIPPluginJar : add usart
2024-09-03 22:23:31,928 [INFO] IPUIPlugin:80 - create IPUIPlugin
2024-09-03 22:23:31,929 [INFO] PluginManager:220 - loadIPPluginJar : add usbx
2024-09-03 22:23:32,071 [INFO] CADModel:165 - CPN selected for project level
2024-09-03 22:23:32,071 [INFO] CADModel:114 - Register for checkConnection events
2024-09-03 22:23:32,072 [FATAL] Updater:308 - Updater called before beeing initialized
2024-09-03 22:23:32,072 [ERROR] CADModel:125 - Updater not yet initialized, retry later 
2024-09-03 22:23:32,262 [INFO] CADModel:165 - CPN selected for project level
2024-09-03 22:23:32,263 [INFO] CADModel:114 - Register for checkConnection events
2024-09-03 22:23:32,263 [FATAL] Updater:308 - Updater called before beeing initialized
2024-09-03 22:23:32,263 [ERROR] CADModel:125 - Updater not yet initialized, retry later 
2024-09-03 22:23:32,267 [FATAL] Updater:308 - Updater called before beeing initialized
2024-09-03 22:23:32,274 [INFO] ThirdPartyUpdaterWithRetryManager:70 - Updater plugin not ready yet. [2/15]
2024-09-03 22:23:32,369 [FATAL] Updater:308 - Updater called before beeing initialized
2024-09-03 22:23:32,390 [INFO] DbMcusAds:53 - JSON generation date=Thu May 16 14:52:00 IST 2024 (1715851320667)
2024-09-03 22:23:32,390 [FATAL] Updater:308 - Updater called before beeing initialized
2024-09-03 22:23:32,448 [WARN] DetailPanel:346 - Failed to get advertising image, set to default
2024-09-03 22:23:32,541 [FATAL] Updater:308 - Updater called before beeing initialized
2024-09-03 22:23:32,543 [FATAL] Updater:308 - Updater called before beeing initialized
2024-09-03 22:23:32,543 [FATAL] Updater:308 - Updater called before beeing initialized
2024-09-03 22:23:32,544 [WARN] DetailPanel:346 - Failed to get advertising image, set to default
2024-09-03 22:23:32,544 [FATAL] Updater:308 - Updater called before beeing initialized
2024-09-03 22:23:32,625 [ERROR] Updater:1120 - MainUpdater not yet initialized. External WinMGr cannot be set.
2024-09-03 22:23:32,636 [INFO] Updater:1056 - Updater Version found : 6.11.0
2024-09-03 22:23:32,673 [INFO] ApplicationProperties:184 - Using Application install path: C:\ST\STM32CubeIDE_1.15.0\STM32CubeIDE\plugins\com.st.stm32cube.common.mx_6.11.0.202403141607
2024-09-03 22:23:34,258 [ERROR] LogOutputStream:75 - [STDERR_REDIRECT] Sep 03, 2024 10:23:34 PM java.util.prefs.WindowsPreferences <init>
2024-09-03 22:23:34,259 [ERROR] LogOutputStream:75 - [STDERR_REDIRECT] WARNING: Could not open/create prefs root node Software\JavaSoft\Prefs at root 0xffffffff80000002. Windows RegCreateKeyEx(...) returned error code 5.
2024-09-03 22:23:34,259 [ERROR] LogOutputStream:75 - [STDERR_REDIRECT] 
2024-09-03 22:23:34,678 [INFO] MainUpdater:2873 - connection check result : 10
2024-09-03 22:23:34,678 [INFO] MainUpdater:3567 - Updater definition file requires update
2024-09-03 22:23:34,678 [INFO] MainUpdater:290 - Updater Check For Update Now.
2024-09-03 22:23:34,679 [INFO] MicroXplorer:498 - Change Database Version : DB.6.0.110
2024-09-03 22:23:34,696 [INFO] McuFinderGlobals:63 - Set McuFinder mode to 2 (CubeIDE integrated)
2024-09-03 22:23:34,697 [INFO] UserAuth:179 - activating auth plugin
2024-09-03 22:23:34,699 [INFO] UserAuth:415 - Internet connection configuration mode: 1
2024-09-03 22:23:34,744 [INFO] JxBrowserEngine:152 - Initiate JxBrowser Engine with user profile folder
2024-09-03 22:23:34,767 [INFO] ServerAccessManage:473 - Download File updaters.zip
2024-09-03 22:23:34,859 [INFO] FileExtend:240 - Unzip File : updaters.zip
2024-09-03 22:23:34,859 [INFO] FileExtend:255 - Standard Zip Deflate
2024-09-03 22:23:35,275 [WARN] MainUpdater:1194 - Updater busy. Cannot search thirdparties
2024-09-03 22:23:35,275 [INFO] ThirdPartyUpdaterWithRetryManager:96 - Updater plugin is busy. [1/15]
2024-09-03 22:23:35,806 [INFO] ServerAccessManage:473 - Download File PacksControlFlags.xml
2024-09-03 22:23:35,952 [INFO] ServerAccessManage:473 - Download File cubemx.pidx
2024-09-03 22:23:37,309 [INFO] ServerAccessManage:473 - Download File STMicroelectronics.X-CUBE-MEMS1.pdsc
2024-09-03 22:23:38,277 [WARN] MainUpdater:1194 - Updater busy. Cannot search thirdparties
2024-09-03 22:23:38,277 [INFO] ThirdPartyUpdaterWithRetryManager:96 - Updater plugin is busy. [2/15]
2024-09-03 22:23:41,279 [WARN] MainUpdater:1194 - Updater busy. Cannot search thirdparties
2024-09-03 22:23:41,279 [INFO] ThirdPartyUpdaterWithRetryManager:96 - Updater plugin is busy. [3/15]
2024-09-03 22:23:41,310 [INFO] WebApp:161 - Instantiating new browser for Auth
2024-09-03 22:23:43,208 [INFO] WebApp:779 - Register for checkConnection events
2024-09-03 22:23:43,208 [INFO] WebApp:414 - Apply proxy settings
2024-09-03 22:23:43,208 [INFO] WebApp:499 - Chromium requires no authentication
2024-09-03 22:23:43,223 [INFO] WebApp:442 - Direct internet connection detected
2024-09-03 22:23:43,665 [INFO] WebApp:192 - Starting web application
2024-09-03 22:23:43,665 [INFO] WebApp:544 - Web application path used C:\ST\STM32CubeIDE_1.15.0\STM32CubeIDE\plugins\com.st.stm32cube.common.mx_6.11.0.202403141607\db\plugins\mcufinder\reactClient1\index.html
2024-09-03 22:23:44,281 [WARN] MainUpdater:1194 - Updater busy. Cannot search thirdparties
2024-09-03 22:23:44,281 [INFO] ThirdPartyUpdaterWithRetryManager:96 - Updater plugin is busy. [4/15]
2024-09-03 22:23:47,282 [WARN] MainUpdater:1194 - Updater busy. Cannot search thirdparties
2024-09-03 22:23:47,282 [INFO] ThirdPartyUpdaterWithRetryManager:96 - Updater plugin is busy. [5/15]
2024-09-03 22:23:49,838 [INFO] ServerAccessManage:473 - Download File STMicroelectronics.X-CUBE-AZRTOS-H7.pdsc
2024-09-03 22:23:50,284 [WARN] MainUpdater:1194 - Updater busy. Cannot search thirdparties
2024-09-03 22:23:50,284 [INFO] ThirdPartyUpdaterWithRetryManager:96 - Updater plugin is busy. [6/15]
2024-09-03 22:23:51,262 [WARN] PackLoader:240 - Cannot read IP mode file for STMicroelectronics.X-CUBE-MEMS1.11.0.0
2024-09-03 22:23:51,345 [INFO] CheckServerUpdateThread:120 - End of CheckServer Thread
2024-09-03 22:23:51,399 [WARN] PackLoader:240 - Cannot read IP mode file for STMicroelectronics.X-CUBE-AZRTOS-H7.3.3.0
2024-09-03 22:23:51,402 [INFO] PopulateThirdPartyThread:66 - Ending populate Thread
2024-09-03 22:23:51,403 [INFO] ThirdParty:1030 - CMSIS Pack Vendor :STMicroelectronics X-CUBE-AZRTOS-H7 3.3.0
2024-09-03 22:23:51,403 [INFO] ThirdParty:1030 - CMSIS Pack Vendor :STMicroelectronics X-CUBE-MEMS1 11.0.0
2024-09-03 22:23:51,403 [INFO] LoadServerUpdatesThread:375 - End of LoadServerUpdate Thread
2024-09-03 22:23:53,424 [WARN] PackLoader:240 - Cannot read IP mode file for STMicroelectronics.FP-SNS-MOTENVWB1.1.4.0
2024-09-03 22:23:53,447 [WARN] PackLoader:240 - Cannot read IP mode file for STMicroelectronics.X-CUBE-SMBUS.2.1.0
2024-09-03 22:23:53,460 [WARN] PackLoader:240 - Cannot read IP mode file for STMicroelectronics.X-CUBE-TOUCHGFX.4.23.2
2024-09-03 22:23:53,484 [WARN] PackLoader:240 - Cannot read IP mode file for STMicroelectronics.X-CUBE-AZRTOS-F7.1.1.0
2024-09-03 22:23:53,512 [WARN] PackLoader:240 - Cannot read IP mode file for STMicroelectronics.X-CUBE-MEMS1.11.0.0
2024-09-03 22:23:53,606 [WARN] PackLoader:240 - Cannot read IP mode file for STMicroelectronics.FP-SNS-FLIGHT1.5.0.2
2024-09-03 22:23:53,621 [WARN] PackLoader:240 - Cannot read IP mode file for STMicroelectronics.X-CUBE-DISPLAY.3.0.0
2024-09-03 22:23:53,636 [WARN] PackLoader:240 - Cannot read IP mode file for STMicroelectronics.X-CUBE-BLE1.7.0.0
2024-09-03 22:23:53,649 [WARN] PackLoader:240 - Cannot read IP mode file for emotas.I-CUBE-CANOPEN.1.3.0
2024-09-03 22:23:53,664 [WARN] PackLoader:240 - Cannot read IP mode file for STMicroelectronics.X-CUBE-BLEMGR.3.1.0
2024-09-03 22:23:53,676 [WARN] PackLoader:240 - Cannot read IP mode file for STMicroelectronics.FP-SNS-SMARTAG2.1.2.0
2024-09-03 22:23:53,696 [INFO] LogOutputStream:77 - [STDOUT_REDIRECT] 1 : Invalid condition id : UX_CORESTACK_Condition cause : null
2024-09-03 22:23:53,698 [INFO] LogOutputStream:77 - [STDOUT_REDIRECT] 1 : Invalid condition id : UX_CORESTACK_Condition cause : null
2024-09-03 22:23:53,699 [INFO] LogOutputStream:77 - [STDOUT_REDIRECT] 1 : Invalid condition id : UX_CORESTACK_Condition cause : null
2024-09-03 22:23:53,700 [INFO] LogOutputStream:77 - [STDOUT_REDIRECT] 1 : Invalid condition id : UX_CORESTACK_Condition cause : null
2024-09-03 22:23:53,700 [INFO] LogOutputStream:77 - [STDOUT_REDIRECT] 1 : Invalid condition id : UX_CORESTACK_Condition cause : null
2024-09-03 22:23:53,702 [WARN] PackLoader:240 - Cannot read IP mode file for STMicroelectronics.X-CUBE-AZRTOS-WL.2.0.0
2024-09-03 22:23:53,718 [WARN] PackLoader:240 - Cannot read IP mode file for STMicroelectronics.FP-SNS-MOTENV1.5.0.0
2024-09-03 22:23:53,724 [WARN] PackLoader:240 - Cannot read IP mode file for wolfSSL.I-CUBE-wolfMQTT.1.19.0
2024-09-03 22:23:53,738 [WARN] PackLoader:240 - Cannot read IP mode file for WES.I-CUBE-Cesium.1.3.0
2024-09-03 22:23:53,751 [WARN] PackLoader:240 - Cannot read IP mode file for STMicroelectronics.X-CUBE-BLE2.3.3.0
2024-09-03 22:23:53,763 [WARN] PackLoader:240 - Cannot read IP mode file for STMicroelectronics.X-CUBE-TCPP.4.1.0
2024-09-03 22:23:53,776 [WARN] PackLoader:240 - Cannot read IP mode file for STMicroelectronics.X-CUBE-ALGOBUILD.1.3.0
2024-09-03 22:23:53,800 [WARN] PackLoader:240 - Cannot read IP mode file for STMicroelectronics.X-CUBE-AZRTOS-G0.1.1.0
2024-09-03 22:23:53,818 [WARN] PackLoader:240 - Cannot read IP mode file for STMicroelectronics.X-CUBE-SAFEA1.1.2.2
2024-09-03 22:23:53,830 [WARN] PackLoader:240 - Cannot read IP mode file for STMicroelectronics.X-CUBE-NFC4.3.0.0
2024-09-03 22:23:53,841 [WARN] PackLoader:240 - Cannot read IP mode file for wolfSSL.I-CUBE-wolfMQTT.1.18.0
2024-09-03 22:23:53,855 [WARN] PackLoader:240 - Cannot read IP mode file for EmbeddedOffice.I-CUBE-FS-RTOS.1.0.1
2024-09-03 22:23:53,856 [ERROR] ConditionMgr:805 - Attr not supported : Dmpu
2024-09-03 22:23:53,856 [ERROR] ConditionMgr:805 - Attr not supported : Dmpu
2024-09-03 22:23:53,856 [ERROR] ConditionMgr:805 - Attr not supported : Dmpu
2024-09-03 22:23:53,856 [ERROR] ConditionMgr:805 - Attr not supported : Dmpu
2024-09-03 22:23:53,856 [ERROR] ConditionMgr:805 - Attr not supported : Dmpu
2024-09-03 22:23:53,856 [ERROR] ConditionMgr:805 - Attr not supported : Dmpu
2024-09-03 22:23:53,856 [ERROR] ConditionMgr:805 - Attr not supported : Dmpu
2024-09-03 22:23:53,856 [ERROR] ConditionMgr:805 - Attr not supported : Dmpu
2024-09-03 22:23:53,856 [ERROR] ConditionMgr:805 - Attr not supported : Dmpu
2024-09-03 22:23:53,856 [ERROR] ConditionMgr:805 - Attr not supported : Dmpu
2024-09-03 22:23:53,856 [ERROR] ConditionMgr:805 - Attr not supported : Dmpu
2024-09-03 22:23:53,856 [ERROR] ConditionMgr:805 - Attr not supported : Dmpu
2024-09-03 22:23:53,856 [ERROR] ConditionMgr:805 - Attr not supported : Dmpu
2024-09-03 22:23:53,856 [ERROR] ConditionMgr:805 - Attr not supported : Dmpu
2024-09-03 22:23:53,856 [ERROR] ConditionMgr:805 - Attr not supported : Dmpu
2024-09-03 22:23:53,856 [ERROR] ConditionMgr:805 - Attr not supported : Dmpu
2024-09-03 22:23:53,857 [ERROR] ConditionMgr:805 - Attr not supported : Dmpu
2024-09-03 22:23:53,857 [ERROR] ConditionMgr:805 - Attr not supported : Dmpu
2024-09-03 22:23:53,857 [ERROR] ConditionMgr:805 - Attr not supported : Dmpu
2024-09-03 22:23:53,857 [ERROR] ConditionMgr:805 - Attr not supported : Dmpu
2024-09-03 22:23:53,857 [ERROR] ConditionMgr:805 - Attr not supported : Dmpu
2024-09-03 22:23:53,857 [ERROR] ConditionMgr:805 - Attr not supported : Dmpu
2024-09-03 22:23:53,857 [ERROR] ConditionMgr:805 - Attr not supported : Dmpu
2024-09-03 22:23:53,857 [ERROR] ConditionMgr:805 - Attr not supported : Dmpu
2024-09-03 22:23:53,857 [ERROR] ConditionMgr:805 - Attr not supported : Dmpu
2024-09-03 22:23:53,857 [ERROR] ConditionMgr:805 - Attr not supported : Dmpu
2024-09-03 22:23:53,857 [ERROR] ConditionMgr:805 - Attr not supported : Dmpu
2024-09-03 22:23:53,857 [ERROR] ConditionMgr:805 - Attr not supported : Dmpu
2024-09-03 22:23:53,857 [ERROR] ConditionMgr:805 - Attr not supported : Dmpu
2024-09-03 22:23:53,857 [ERROR] ConditionMgr:805 - Attr not supported : Dmpu
2024-09-03 22:23:53,857 [ERROR] ConditionMgr:805 - Attr not supported : Dmpu
2024-09-03 22:23:53,857 [ERROR] ConditionMgr:805 - Attr not supported : Dmpu
2024-09-03 22:23:53,857 [ERROR] ConditionMgr:805 - Attr not supported : Dmpu
2024-09-03 22:23:53,857 [ERROR] ConditionMgr:805 - Attr not supported : Dmpu
2024-09-03 22:23:53,857 [ERROR] ConditionMgr:805 - Attr not supported : Dmpu
2024-09-03 22:23:53,857 [ERROR] ConditionMgr:805 - Attr not supported : Dmpu
2024-09-03 22:23:53,857 [ERROR] ConditionMgr:805 - Attr not supported : Dmpu
2024-09-03 22:23:53,857 [ERROR] ConditionMgr:805 - Attr not supported : Dmpu
2024-09-03 22:23:53,857 [ERROR] ConditionMgr:805 - Attr not supported : Dmpu
2024-09-03 22:23:53,857 [ERROR] ConditionMgr:805 - Attr not supported : Dmpu
2024-09-03 22:23:53,858 [ERROR] ConditionMgr:805 - Attr not supported : Dmpu
2024-09-03 22:23:53,858 [ERROR] ConditionMgr:805 - Attr not supported : Dmpu
2024-09-03 22:23:53,858 [ERROR] ConditionMgr:805 - Attr not supported : Dmpu
2024-09-03 22:23:53,858 [ERROR] ConditionMgr:805 - Attr not supported : Dmpu
2024-09-03 22:23:53,858 [ERROR] ConditionMgr:805 - Attr not supported : Dmpu
2024-09-03 22:23:53,858 [ERROR] ConditionMgr:805 - Attr not supported : Dmpu
2024-09-03 22:23:53,858 [ERROR] ConditionMgr:805 - Attr not supported : Dmpu
2024-09-03 22:23:53,858 [ERROR] ConditionMgr:805 - Attr not supported : Dmpu
2024-09-03 22:23:53,858 [ERROR] ConditionMgr:805 - Attr not supported : Dmpu
2024-09-03 22:23:53,858 [ERROR] ConditionMgr:805 - Attr not supported : Dmpu
2024-09-03 22:23:53,858 [ERROR] ConditionMgr:805 - Attr not supported : Dmpu
2024-09-03 22:23:53,858 [ERROR] ConditionMgr:805 - Attr not supported : Dmpu
2024-09-03 22:23:53,858 [ERROR] ConditionMgr:805 - Attr not supported : Dmpu
2024-09-03 22:23:53,858 [ERROR] ConditionMgr:805 - Attr not supported : Dmpu
2024-09-03 22:23:53,858 [ERROR] ConditionMgr:805 - Attr not supported : Dmpu
2024-09-03 22:23:53,858 [ERROR] ConditionMgr:805 - Attr not supported : Dmpu
2024-09-03 22:23:53,858 [ERROR] ConditionMgr:805 - Attr not supported : Dmpu
2024-09-03 22:23:53,858 [ERROR] ConditionMgr:805 - Attr not supported : Dmpu
2024-09-03 22:23:53,858 [ERROR] ConditionMgr:805 - Attr not supported : Dmpu
2024-09-03 22:23:53,858 [ERROR] ConditionMgr:805 - Attr not supported : Dmpu
2024-09-03 22:23:53,858 [ERROR] ConditionMgr:805 - Attr not supported : Dmpu
2024-09-03 22:23:53,858 [ERROR] ConditionMgr:805 - Attr not supported : Dmpu
2024-09-03 22:23:53,859 [ERROR] ConditionMgr:805 - Attr not supported : Dmpu
2024-09-03 22:23:53,859 [ERROR] ConditionMgr:805 - Attr not supported : Dmpu
2024-09-03 22:23:53,870 [WARN] PackLoader:240 - Cannot read IP mode file for RealThread.X-CUBE-RT-Thread_Nano.4.1.1
2024-09-03 22:23:53,881 [WARN] PackLoader:240 - Cannot read IP mode file for wolfSSL.I-CUBE-wolfSSL.5.7.0
2024-09-03 22:23:53,886 [WARN] PackLoader:240 - Cannot read IP mode file for STMicroelectronics.FP-ATR-SIGFOX1.3.2.0
2024-09-03 22:23:53,898 [WARN] PackLoader:240 - Cannot read IP mode file for STMicroelectronics.X-CUBE-EEPRMA1.5.1.0
2024-09-03 22:23:53,911 [WARN] PackLoader:240 - Cannot read IP mode file for ITTIA_DB.I-CUBE-ITTIADB.8.9.0
2024-09-03 22:23:53,943 [WARN] PackLoader:240 - Cannot read IP mode file for SEGGER.I-CUBE-embOS.1.3.1
2024-09-03 22:23:53,975 [WARN] PackLoader:240 - Cannot read IP mode file for STMicroelectronics.X-CUBE-ALGOBUILD.1.4.0
2024-09-03 22:23:53,987 [WARN] PackLoader:240 - Cannot read IP mode file for STMicroelectronics.X-CUBE-GNSS1.6.0.0
2024-09-03 22:23:54,011 [WARN] PackLoader:240 - Cannot read IP mode file for STMicroelectronics.X-CUBE-AZRTOS-F4.1.1.0
2024-09-03 22:23:54,024 [WARN] PackLoader:240 - Cannot read IP mode file for STMicroelectronics.X-CUBE-FREERTOS.1.2.0
2024-09-03 22:23:54,046 [WARN] PackLoader:240 - Cannot read IP mode file for STMicroelectronics.X-CUBE-AZRTOS-L5.2.0.0
2024-09-03 22:23:54,060 [WARN] PackLoader:240 - Cannot read IP mode file for STMicroelectronics.X-CUBE-NFC6.3.1.0
2024-09-03 22:23:54,074 [WARN] PackLoader:240 - Cannot read IP mode file for STMicroelectronics.X-CUBE-DPower.1.2.0
2024-09-03 22:23:54,087 [WARN] PackLoader:240 - Cannot read IP mode file for STMicroelectronics.X-CUBE-AI.9.0.0
2024-09-03 22:23:54,099 [WARN] PackLoader:240 - Cannot read IP mode file for STMicroelectronics.X-CUBE-NFC7.1.0.1
2024-09-03 22:23:54,103 [WARN] PackLoader:240 - Cannot read IP mode file for wolfSSL.I-CUBE-wolfTPM.3.2.0
2024-09-03 22:23:54,128 [WARN] ConditionMgr:438 - getConditionDescription Invalid condition id : LAN8742 Phy interface Condition cause : null
2024-09-03 22:23:54,129 [WARN] PackLoader:240 - Cannot read IP mode file for STMicroelectronics.X-CUBE-AZRTOS-L4.2.0.0
2024-09-03 22:23:54,130 [WARN] ConditionMgr:1039 - genDependencies : Invalid condition id : LAN8742 Phy interface Condition cause : null
2024-09-03 22:23:54,130 [WARN] ConditionMgr:1039 - genDependencies : Invalid condition id : LAN8742 Phy interface Condition cause : null
2024-09-03 22:23:54,131 [WARN] ConditionMgr:1039 - genDependencies : Invalid condition id : LAN8742 Phy interface Condition cause : null
2024-09-03 22:23:54,143 [WARN] PackLoader:240 - Cannot read IP mode file for STMicroelectronics.X-CUBE-SFXS2LP1.4.0.0
2024-09-03 22:23:54,155 [WARN] PackLoader:240 - Cannot read IP mode file for STMicroelectronics.X-CUBE-AZRTOS-H7.3.3.0
2024-09-03 22:23:54,177 [WARN] ConditionMgr:438 - getConditionDescription Invalid condition id : UX DEVICE CLASS RTOS Condition cause : null
2024-09-03 22:23:54,177 [WARN] ConditionMgr:438 - getConditionDescription Invalid condition id : UX DEVICE CLASS RTOS Condition cause : null
2024-09-03 22:23:54,178 [WARN] PackLoader:240 - Cannot read IP mode file for STMicroelectronics.X-CUBE-AZRTOS-WB.2.0.0
2024-09-03 22:23:54,179 [WARN] ConditionMgr:1039 - genDependencies : Invalid condition id : UX DEVICE CLASS RTOS Condition cause : null
2024-09-03 22:23:54,179 [WARN] ConditionMgr:1039 - genDependencies : Invalid condition id : UX DEVICE CLASS RTOS Condition cause : null
2024-09-03 22:23:54,179 [WARN] ConditionMgr:1039 - genDependencies : Invalid condition id : UX DEVICE CLASS RTOS Condition cause : null
2024-09-03 22:23:54,179 [WARN] ConditionMgr:1039 - genDependencies : Invalid condition id : UX DEVICE CLASS RTOS Condition cause : null
2024-09-03 22:23:54,179 [WARN] ConditionMgr:1039 - genDependencies : Invalid condition id : UX DEVICE CLASS RTOS Condition cause : null
2024-09-03 22:23:54,192 [WARN] PackLoader:240 - Cannot read IP mode file for STMicroelectronics.FP-SNS-STBOX1.2.0.0
2024-09-03 22:23:54,210 [WARN] PackLoader:240 - Cannot read IP mode file for STMicroelectronics.X-CUBE-SUBG2.5.0.0
2024-09-03 22:23:54,236 [WARN] PackLoader:240 - Cannot read IP mode file for STMicroelectronics.X-CUBE-AZRTOS-G4.2.0.0
2024-09-03 22:23:54,249 [WARN] PackLoader:240 - Cannot read IP mode file for STMicroelectronics.X-CUBE-ISPU.2.0.0
2024-09-03 22:23:54,262 [WARN] PackLoader:240 - Cannot read IP mode file for STMicroelectronics.X-CUBE-ALS.1.0.2
2024-09-03 22:23:54,308 [WARN] PackLoader:240 - Cannot read IP mode file for STMicroelectronics.X-CUBE-MEMS1.10.0.0
2024-09-03 22:23:54,391 [WARN] PackLoader:240 - Cannot read IP mode file for STMicroelectronics.X-CUBE-FREERTOS.1.1.0
2024-09-03 22:23:54,402 [WARN] PackLoader:240 - Cannot read IP mode file for STMicroelectronics.X-CUBE-TOUCHGFX.4.24.0
2024-09-03 22:23:54,415 [WARN] PackLoader:240 - Cannot read IP mode file for portGmbH.I-Cube-SoM-uGOAL.1.1.0
2024-09-03 22:23:54,427 [WARN] PackLoader:240 - Cannot read IP mode file for STMicroelectronics.X-CUBE-ALS.1.0.1
2024-09-03 22:23:54,454 [WARN] PackLoader:240 - Cannot read IP mode file for STMicroelectronics.X-CUBE-AZRTOS-H7RS.1.0.0
2024-09-03 22:23:54,460 [WARN] PackLoader:240 - Cannot read IP mode file for STMicroelectronics.FP-ATR-ASTRA1.2.0.0
2024-09-03 22:23:54,478 [WARN] PackLoader:240 - Cannot read IP mode file for STMicroelectronics.X-CUBE-TOF1.3.4.2
2024-09-03 22:23:54,500 [WARN] PackLoader:240 - Cannot read IP mode file for STMicroelectronics.X-CUBE-TOF1.3.4.1
2024-09-03 22:23:54,531 [WARN] PackLoader:240 - Cannot read IP mode file for STMicroelectronics.X-CUBE-AZRTOS-H7.3.2.0
2024-09-03 22:23:54,557 [WARN] PackLoader:240 - Cannot read IP mode file for Infineon.AIROC-Wi-Fi-Bluetooth-STM32.1.6.0
2024-09-03 22:23:54,564 [WARN] PackLoader:240 - Cannot read IP mode file for wolfSSL.I-CUBE-wolfSSH.1.4.17
2024-09-03 22:23:54,565 [INFO] ThirdParty:978 - Integrity check success = true
2024-09-03 22:23:54,565 [INFO] IntegrityCheckThread:100 - exiting critical section [integrity check]
2024-09-03 22:23:54,565 [INFO] IntegrityCheckThread:103 - End integrity checks thread
2024-09-03 22:24:39,985 [ERROR] LogOutputStream:75 - [STDERR_REDIRECT] 
2024-09-03 22:24:39,985 [ERROR] LogOutputStream:75 - [STDERR_REDIRECT] 
2024-09-03 22:24:49,954 [INFO] Activator:176 - 


2024-09-03 22:24:49,962 [INFO] Activator:177 - !SESSION log4j initialized
2024-09-03 22:24:53,096 [INFO] LogOutputStream:77 - [STDOUT_REDIRECT] 
2024-09-03 22:24:59,723 [INFO] ApplicationProperties:184 - Using Application install path: C:\ST\STM32CubeIDE_1.15.0\STM32CubeIDE\plugins\com.st.stm32cube.common.mx_6.11.0.202403141607
2024-09-03 22:24:59,756 [INFO] DbMcusXml:78 - Set database path to: C:\ST\STM32CubeIDE_1.15.0\STM32CubeIDE\plugins\com.st.stm32cube.common.mx_6.11.0.202403141607\\db\/mcu/
2024-09-03 22:24:59,756 [INFO] ApiDb:274 - Set plugin database path to: C:\ST\STM32CubeIDE_1.15.0\STM32CubeIDE\plugins\com.st.stm32cube.common.mx_6.11.0.202403141607\\db\/plugins/boardmanager/
2024-09-03 22:24:59,758 [WARN] ApiDb:259 - Overriding images path with different value:  => C:\ST\STM32CubeIDE_1.15.0\STM32CubeIDE\plugins\com.st.stm32cube.common.mx_6.11.0.202403141607\\db\/plugins/mcufinder/images/
2024-09-03 22:24:59,764 [INFO] ApiDb:250 - Set database path to: C:\Users\BASAVARAJ\.stmcufinder\plugins\mcufinder//mcu/
2024-09-03 22:24:59,765 [INFO] DbMcusAds:125 - Set database path to: C:\Users\BASAVARAJ\.stmcufinder\plugins\mcufinder//mcu/
2024-09-03 22:24:59,767 [INFO] CrossReferenceDbSqlite:203 - Set database path to: C:\Users\BASAVARAJ\.stmcufinder\plugins\mcufinder//mcu/cs/
2024-09-03 22:24:59,953 [INFO] RulesReader:64 - Compatibility file has been processed (297 Rules)
2024-09-03 22:25:00,062 [INFO] DbMcusXml:78 - Set database path to: C:\ST\STM32CubeIDE_1.15.0\STM32CubeIDE\plugins\com.st.stm32cube.common.mx_6.11.0.202403141607\\db\/mcu/
2024-09-03 22:25:00,062 [INFO] ApiDb:274 - Set plugin database path to: C:\ST\STM32CubeIDE_1.15.0\STM32CubeIDE\plugins\com.st.stm32cube.common.mx_6.11.0.202403141607\\db\/plugins/boardmanager/
2024-09-03 22:25:00,062 [INFO] ApiDb:261 - Set plugin images path to: C:\ST\STM32CubeIDE_1.15.0\STM32CubeIDE\plugins\com.st.stm32cube.common.mx_6.11.0.202403141607\\db\/plugins/mcufinder/images/
2024-09-03 22:25:00,062 [WARN] DbFile:41 - Overriding database path with different value: C:\Users\BASAVARAJ\.stmcufinder\plugins\mcufinder/ => C:\Users\BASAVARAJ\.stmcufinder\plugins\mcufinder
2024-09-03 22:25:00,062 [INFO] ApiDb:250 - Set database path to: C:\Users\BASAVARAJ\.stmcufinder\plugins\mcufinder//mcu/
2024-09-03 22:25:00,062 [WARN] DbFile:41 - Overriding database path with different value: C:\Users\BASAVARAJ\.stmcufinder\plugins\mcufinder/ => C:\Users\BASAVARAJ\.stmcufinder\plugins\mcufinder
2024-09-03 22:25:00,063 [INFO] DbMcusAds:125 - Set database path to: C:\Users\BASAVARAJ\.stmcufinder\plugins\mcufinder//mcu/
2024-09-03 22:25:00,063 [WARN] DbFile:41 - Overriding database path with different value: C:\Users\BASAVARAJ\.stmcufinder\plugins\mcufinder/ => C:\Users\BASAVARAJ\.stmcufinder\plugins\mcufinder
2024-09-03 22:25:00,063 [WARN] DbFile:41 - Overriding database path with different value: C:\Users\BASAVARAJ\.stmcufinder\plugins\mcufinder/ => C:\Users\BASAVARAJ\.stmcufinder\plugins\mcufinder
2024-09-03 22:25:00,063 [INFO] CrossReferenceDbSqlite:203 - Set database path to: C:\Users\BASAVARAJ\.stmcufinder\plugins\mcufinder//mcu/cs/
2024-09-03 22:25:00,156 [INFO] MainPanel:264 - HeapMemory: 268435456
2024-09-03 22:25:00,268 [INFO] DbMcusXml:78 - Set database path to: C:\ST\STM32CubeIDE_1.15.0\STM32CubeIDE\plugins\com.st.stm32cube.common.mx_6.11.0.202403141607\\db\/mcu/
2024-09-03 22:25:00,268 [INFO] ApiDb:274 - Set plugin database path to: C:\ST\STM32CubeIDE_1.15.0\STM32CubeIDE\plugins\com.st.stm32cube.common.mx_6.11.0.202403141607\\db\/plugins/boardmanager/
2024-09-03 22:25:00,268 [INFO] ApiDb:261 - Set plugin images path to: C:\ST\STM32CubeIDE_1.15.0\STM32CubeIDE\plugins\com.st.stm32cube.common.mx_6.11.0.202403141607\\db\/plugins/mcufinder/images/
2024-09-03 22:25:00,268 [WARN] DbFile:41 - Overriding database path with different value: C:\Users\BASAVARAJ\.stmcufinder\plugins\mcufinder/ => C:\Users\BASAVARAJ\.stmcufinder\plugins\mcufinder
2024-09-03 22:25:00,268 [INFO] ApiDb:250 - Set database path to: C:\Users\BASAVARAJ\.stmcufinder\plugins\mcufinder//mcu/
2024-09-03 22:25:00,269 [WARN] DbFile:41 - Overriding database path with different value: C:\Users\BASAVARAJ\.stmcufinder\plugins\mcufinder/ => C:\Users\BASAVARAJ\.stmcufinder\plugins\mcufinder
2024-09-03 22:25:00,269 [INFO] DbMcusAds:125 - Set database path to: C:\Users\BASAVARAJ\.stmcufinder\plugins\mcufinder//mcu/
2024-09-03 22:25:00,269 [WARN] DbFile:41 - Overriding database path with different value: C:\Users\BASAVARAJ\.stmcufinder\plugins\mcufinder/ => C:\Users\BASAVARAJ\.stmcufinder\plugins\mcufinder
2024-09-03 22:25:00,269 [WARN] DbFile:41 - Overriding database path with different value: C:\Users\BASAVARAJ\.stmcufinder\plugins\mcufinder/ => C:\Users\BASAVARAJ\.stmcufinder\plugins\mcufinder
2024-09-03 22:25:00,269 [INFO] CrossReferenceDbSqlite:203 - Set database path to: C:\Users\BASAVARAJ\.stmcufinder\plugins\mcufinder//mcu/cs/
2024-09-03 22:25:00,292 [INFO] ApplicationProperties:184 - Using Application install path: C:\ST\STM32CubeIDE_1.15.0\STM32CubeIDE\plugins\com.st.stm32cube.common.mx_6.11.0.202403141607
2024-09-03 22:25:00,296 [INFO] PluginManage:196 - Search for loadable plugins [exclusion list=, ]
2024-09-03 22:25:00,298 [INFO] PluginManage:310 - Check plugin analytics
2024-09-03 22:25:00,462 [INFO] AnalyticsPlugin:253 - Accepted Software Licenses: 
2024-09-03 22:25:00,463 [INFO] AnalyticsPlugin:255 - Accepted CMSIS Pack Licenses: 
2024-09-03 22:25:00,463 [INFO] AnalyticsPlugin:257 - Accepted Firmware Licenses: FW.F4.1.28.0
2024-09-03 22:25:00,465 [INFO] PluginManage:359 - Loaded plugin analytics (category:tool,tabindex:-1)
2024-09-03 22:25:00,467 [INFO] PluginManage:310 - Check plugin cadmodel
2024-09-03 22:25:00,474 [INFO] CADModel:105 - Init CAD model plugin
2024-09-03 22:25:00,475 [INFO] PluginManage:359 - Loaded plugin cadmodel (category:power,tabindex:5)
2024-09-03 22:25:00,475 [INFO] PluginManage:310 - Check plugin clock
2024-09-03 22:25:00,484 [INFO] PluginManage:359 - Loaded plugin clock (category:base,tabindex:2)
2024-09-03 22:25:00,484 [INFO] PluginManage:310 - Check plugin ddr
2024-09-03 22:25:00,487 [INFO] PluginManage:359 - Loaded plugin ddr (category:tool,tabindex:6)
2024-09-03 22:25:00,488 [INFO] PluginManage:310 - Check plugin filemanager
2024-09-03 22:25:00,726 [INFO] PluginManage:359 - Loaded plugin filemanager (category:base,tabindex:10)
2024-09-03 22:25:00,726 [INFO] PluginManage:310 - Check plugin ipmanager
2024-09-03 22:25:00,736 [INFO] PluginManage:359 - Loaded plugin ipmanager (category:base,tabindex:5)
2024-09-03 22:25:00,737 [INFO] PluginManage:310 - Check plugin lpbam
2024-09-03 22:25:00,748 [INFO] PluginManage:359 - Loaded plugin lpbam (category:base,tabindex:0)
2024-09-03 22:25:00,748 [INFO] PluginManage:310 - Check plugin memorymap
2024-09-03 22:25:00,780 [INFO] PluginManage:359 - Loaded plugin memorymap (category:base,tabindex:4)
2024-09-03 22:25:00,780 [INFO] PluginManage:310 - Check plugin pinoutandconfiguration
2024-09-03 22:25:00,786 [INFO] PluginManage:359 - Loaded plugin pinoutandconfiguration (category:base,tabindex:1)
2024-09-03 22:25:00,786 [INFO] PluginManage:310 - Check plugin pinoutconfig
2024-09-03 22:25:00,867 [WARN] SupportedApi:132 - Cannot load RTOS API schema: s4s-elt-must-match.1: The content of 'definitions' must match (annotation?, (simpleType | complexType)?, (unique | key | keyref)*)). A problem was found starting at: attribute.
2024-09-03 22:25:01,048 [INFO] PluginManage:359 - Loaded plugin pinoutconfig (category:base,tabindex:0)
2024-09-03 22:25:01,048 [INFO] PluginManage:310 - Check plugin power
2024-09-03 22:25:01,060 [INFO] PluginManage:359 - Loaded plugin power (category:power,tabindex:4)
2024-09-03 22:25:01,060 [INFO] PluginManage:310 - Check plugin projectmanager
2024-09-03 22:25:01,080 [INFO] PluginManage:359 - Loaded plugin projectmanager (category:projectmanager,tabindex:3)
2024-09-03 22:25:01,081 [INFO] PluginManage:310 - Check plugin thirdparty
2024-09-03 22:25:01,214 [INFO] PluginManage:359 - Loaded plugin thirdparty (category:base,tabindex:-1)
2024-09-03 22:25:01,214 [INFO] PluginManage:310 - Check plugin tools
2024-09-03 22:25:01,214 [WARN] IntegrityCheckThread:84 - waiting for thirdparty lock release [integrity check]
2024-09-03 22:25:01,214 [INFO] IntegrityCheckThread:86 - entering critical section [integrity check]
2024-09-03 22:25:01,214 [INFO] ThirdPartyUpdaterWithRetryManager:70 - Updater plugin not ready yet. [1/15]
2024-09-03 22:25:01,216 [INFO] PluginManage:359 - Loaded plugin tools (category:base,tabindex:7)
2024-09-03 22:25:01,216 [INFO] PluginManage:310 - Check plugin tutovideos
2024-09-03 22:25:01,495 [INFO] PluginManage:359 - Loaded plugin tutovideos (category:base,tabindex:-1)
2024-09-03 22:25:01,495 [INFO] PluginManage:310 - Check plugin updater
2024-09-03 22:25:01,509 [INFO] PluginManage:359 - Loaded plugin updater (category:base,tabindex:12)
2024-09-03 22:25:01,511 [INFO] PluginManage:310 - Check plugin userauth
2024-09-03 22:25:01,518 [INFO] UserAuth:114 - Init User Auth plugin
2024-09-03 22:25:01,518 [INFO] PluginManage:359 - Loaded plugin userauth (category:base,tabindex:14)
2024-09-03 22:25:01,519 [INFO] PluginManage:283 - PluginManage : Loaded plugins [17]
2024-09-03 22:25:01,783 [INFO] PinOutPanel:1561 - setPackage(No Configuration,No Configuration)
2024-09-03 22:25:01,861 [INFO] CADModel:165 - CPN selected for project level
2024-09-03 22:25:01,862 [INFO] CADModel:114 - Register for checkConnection events
2024-09-03 22:25:01,880 [INFO] IPUIPlugin:80 - create IPUIPlugin
2024-09-03 22:25:01,880 [INFO] PluginManager:220 - loadIPPluginJar : add adc
2024-09-03 22:25:01,882 [INFO] IPUIPlugin:80 - create IPUIPlugin
2024-09-03 22:25:01,882 [INFO] PluginManager:220 - loadIPPluginJar : add aes
2024-09-03 22:25:01,885 [INFO] IPUIPlugin:80 - create IPUIPlugin
2024-09-03 22:25:01,885 [INFO] PluginManager:220 - loadIPPluginJar : add can
2024-09-03 22:25:01,886 [INFO] IPUIPlugin:80 - create IPUIPlugin
2024-09-03 22:25:01,887 [INFO] PluginManager:220 - loadIPPluginJar : add comp
2024-09-03 22:25:01,888 [INFO] IPUIPlugin:80 - create IPUIPlugin
2024-09-03 22:25:01,888 [INFO] PluginManager:220 - loadIPPluginJar : add cryp
2024-09-03 22:25:01,890 [INFO] IPUIPlugin:80 - create IPUIPlugin
2024-09-03 22:25:01,890 [INFO] PluginManager:220 - loadIPPluginJar : add dfsdm
2024-09-03 22:25:01,894 [INFO] IPUIPlugin:80 - create IPUIPlugin
2024-09-03 22:25:01,895 [INFO] PluginManager:220 - loadIPPluginJar : add dma
2024-09-03 22:25:01,896 [INFO] IPUIPlugin:80 - create IPUIPlugin
2024-09-03 22:25:01,896 [INFO] PluginManager:220 - loadIPPluginJar : add dma3
2024-09-03 22:25:01,899 [INFO] IPUIPlugin:80 - create IPUIPlugin
2024-09-03 22:25:01,899 [INFO] PluginManager:220 - loadIPPluginJar : add extmemmanager
2024-09-03 22:25:01,900 [INFO] IPUIPlugin:80 - create IPUIPlugin
2024-09-03 22:25:01,900 [INFO] PluginManager:220 - loadIPPluginJar : add fatfs
2024-09-03 22:25:01,905 [INFO] IPUIPlugin:80 - create IPUIPlugin
2024-09-03 22:25:01,905 [INFO] PluginManager:220 - loadIPPluginJar : add fmc
2024-09-03 22:25:01,911 [INFO] IPUIPlugin:80 - create IPUIPlugin
2024-09-03 22:25:01,911 [INFO] PluginManager:220 - loadIPPluginJar : add freertos
2024-09-03 22:25:01,912 [INFO] IPUIPlugin:80 - create IPUIPlugin
2024-09-03 22:25:01,912 [INFO] PluginManager:220 - loadIPPluginJar : add genericplugin
2024-09-03 22:25:01,914 [INFO] IPUIPlugin:80 - create IPUIPlugin
2024-09-03 22:25:01,914 [INFO] PluginManager:220 - loadIPPluginJar : add gfxmmu
2024-09-03 22:25:01,918 [INFO] IPUIPlugin:80 - create IPUIPlugin
2024-09-03 22:25:01,918 [INFO] PluginManager:220 - loadIPPluginJar : add gic
2024-09-03 22:25:01,921 [INFO] IPUIPlugin:80 - create IPUIPlugin
2024-09-03 22:25:01,921 [INFO] PluginManager:220 - loadIPPluginJar : add gpio
2024-09-03 22:25:01,925 [INFO] IPUIPlugin:80 - create IPUIPlugin
2024-09-03 22:25:01,925 [INFO] PluginManager:220 - loadIPPluginJar : add gtzc
2024-09-03 22:25:01,927 [INFO] IPUIPlugin:80 - create IPUIPlugin
2024-09-03 22:25:01,927 [INFO] PluginManager:220 - loadIPPluginJar : add hash
2024-09-03 22:25:01,929 [INFO] IPUIPlugin:80 - create IPUIPlugin
2024-09-03 22:25:01,929 [INFO] PluginManager:220 - loadIPPluginJar : add i2c
2024-09-03 22:25:01,931 [INFO] IPUIPlugin:80 - create IPUIPlugin
2024-09-03 22:25:01,931 [INFO] PluginManager:220 - loadIPPluginJar : add i2s
2024-09-03 22:25:01,933 [INFO] IPUIPlugin:80 - create IPUIPlugin
2024-09-03 22:25:01,933 [INFO] PluginManager:220 - loadIPPluginJar : add i3c
2024-09-03 22:25:01,937 [INFO] IPUIPlugin:80 - create IPUIPlugin
2024-09-03 22:25:01,937 [INFO] PluginManager:220 - loadIPPluginJar : add ipddr
2024-09-03 22:25:01,947 [INFO] IPUIPlugin:80 - create IPUIPlugin
2024-09-03 22:25:01,947 [INFO] PluginManager:220 - loadIPPluginJar : add linkedlist
2024-09-03 22:25:01,950 [INFO] IPUIPlugin:80 - create IPUIPlugin
2024-09-03 22:25:01,950 [INFO] PluginManager:220 - loadIPPluginJar : add lorawan
2024-09-03 22:25:01,951 [INFO] IPUIPlugin:80 - create IPUIPlugin
2024-09-03 22:25:01,951 [INFO] PluginManager:220 - loadIPPluginJar : add ltdc
2024-09-03 22:25:01,955 [INFO] IPUIPlugin:80 - create IPUIPlugin
2024-09-03 22:25:01,955 [INFO] PluginManager:220 - loadIPPluginJar : add mdma
2024-09-03 22:25:01,958 [INFO] IPUIPlugin:80 - create IPUIPlugin
2024-09-03 22:25:01,958 [INFO] PluginManager:220 - loadIPPluginJar : add nvic
2024-09-03 22:25:01,960 [INFO] IPUIPlugin:80 - create IPUIPlugin
2024-09-03 22:25:01,960 [INFO] PluginManager:220 - loadIPPluginJar : add opamp
2024-09-03 22:25:01,962 [INFO] IPUIPlugin:80 - create IPUIPlugin
2024-09-03 22:25:01,963 [INFO] PluginManager:220 - loadIPPluginJar : add openamp
2024-09-03 22:25:01,965 [INFO] IPUIPlugin:80 - create IPUIPlugin
2024-09-03 22:25:01,965 [INFO] PluginManager:220 - loadIPPluginJar : add pdm2pcm
2024-09-03 22:25:01,970 [INFO] IPUIPlugin:80 - create IPUIPlugin
2024-09-03 22:25:01,973 [INFO] PluginManager:220 - loadIPPluginJar : add plateformsettings
2024-09-03 22:25:01,974 [INFO] IPUIPlugin:80 - create IPUIPlugin
2024-09-03 22:25:01,974 [INFO] PluginManager:220 - loadIPPluginJar : add quadspi
2024-09-03 22:25:01,977 [INFO] IPUIPlugin:80 - create IPUIPlugin
2024-09-03 22:25:01,977 [INFO] PluginManager:220 - loadIPPluginJar : add resmgrutility
2024-09-03 22:25:01,980 [INFO] IPUIPlugin:80 - create IPUIPlugin
2024-09-03 22:25:01,980 [INFO] PluginManager:220 - loadIPPluginJar : add sai
2024-09-03 22:25:01,982 [INFO] IPUIPlugin:80 - create IPUIPlugin
2024-09-03 22:25:01,982 [INFO] PluginManager:220 - loadIPPluginJar : add spi
2024-09-03 22:25:01,985 [INFO] IPUIPlugin:80 - create IPUIPlugin
2024-09-03 22:25:01,986 [INFO] PluginManager:220 - loadIPPluginJar : add stm32_wpan
2024-09-03 22:25:01,987 [INFO] IPUIPlugin:80 - create IPUIPlugin
2024-09-03 22:25:01,987 [INFO] PluginManager:220 - loadIPPluginJar : add tim
2024-09-03 22:25:01,989 [INFO] IPUIPlugin:80 - create IPUIPlugin
2024-09-03 22:25:01,990 [INFO] PluginManager:220 - loadIPPluginJar : add touchsensing
2024-09-03 22:25:01,992 [INFO] IPUIPlugin:80 - create IPUIPlugin
2024-09-03 22:25:01,992 [INFO] PluginManager:220 - loadIPPluginJar : add tracer_emb
2024-09-03 22:25:01,994 [INFO] IPUIPlugin:80 - create IPUIPlugin
2024-09-03 22:25:01,994 [INFO] PluginManager:220 - loadIPPluginJar : add ts
2024-09-03 22:25:01,995 [INFO] IPUIPlugin:80 - create IPUIPlugin
2024-09-03 22:25:01,995 [INFO] PluginManager:220 - loadIPPluginJar : add tsc
2024-09-03 22:25:01,997 [INFO] IPUIPlugin:80 - create IPUIPlugin
2024-09-03 22:25:01,997 [INFO] PluginManager:220 - loadIPPluginJar : add ucpd
2024-09-03 22:25:01,999 [INFO] IPUIPlugin:80 - create IPUIPlugin
2024-09-03 22:25:02,000 [INFO] PluginManager:220 - loadIPPluginJar : add usart
2024-09-03 22:25:02,002 [INFO] IPUIPlugin:80 - create IPUIPlugin
2024-09-03 22:25:02,002 [INFO] PluginManager:220 - loadIPPluginJar : add usbx
2024-09-03 22:25:02,134 [INFO] CADModel:165 - CPN selected for project level
2024-09-03 22:25:02,134 [INFO] CADModel:114 - Register for checkConnection events
2024-09-03 22:25:02,135 [FATAL] Updater:308 - Updater called before beeing initialized
2024-09-03 22:25:02,135 [ERROR] CADModel:125 - Updater not yet initialized, retry later 
2024-09-03 22:25:02,292 [INFO] CADModel:165 - CPN selected for project level
2024-09-03 22:25:02,292 [INFO] CADModel:114 - Register for checkConnection events
2024-09-03 22:25:02,292 [FATAL] Updater:308 - Updater called before beeing initialized
2024-09-03 22:25:02,292 [ERROR] CADModel:125 - Updater not yet initialized, retry later 
2024-09-03 22:25:02,295 [FATAL] Updater:308 - Updater called before beeing initialized
2024-09-03 22:25:02,387 [FATAL] Updater:308 - Updater called before beeing initialized
2024-09-03 22:25:02,399 [INFO] DbMcusAds:53 - JSON generation date=Thu May 16 14:52:00 IST 2024 (1715851320667)
2024-09-03 22:25:02,399 [FATAL] Updater:308 - Updater called before beeing initialized
2024-09-03 22:25:02,442 [WARN] DetailPanel:346 - Failed to get advertising image, set to default
2024-09-03 22:25:02,529 [FATAL] Updater:308 - Updater called before beeing initialized
2024-09-03 22:25:02,531 [FATAL] Updater:308 - Updater called before beeing initialized
2024-09-03 22:25:02,531 [FATAL] Updater:308 - Updater called before beeing initialized
2024-09-03 22:25:02,531 [WARN] DetailPanel:346 - Failed to get advertising image, set to default
2024-09-03 22:25:02,531 [FATAL] Updater:308 - Updater called before beeing initialized
2024-09-03 22:25:02,582 [ERROR] Updater:1120 - MainUpdater not yet initialized. External WinMGr cannot be set.
2024-09-03 22:25:02,584 [INFO] Updater:1056 - Updater Version found : 6.11.0
2024-09-03 22:25:02,618 [INFO] ApplicationProperties:184 - Using Application install path: C:\ST\STM32CubeIDE_1.15.0\STM32CubeIDE\plugins\com.st.stm32cube.common.mx_6.11.0.202403141607
2024-09-03 22:25:04,186 [ERROR] LogOutputStream:75 - [STDERR_REDIRECT] Sep 03, 2024 10:25:04 PM java.util.prefs.WindowsPreferences <init>
2024-09-03 22:25:04,187 [ERROR] LogOutputStream:75 - [STDERR_REDIRECT] WARNING: Could not open/create prefs root node Software\JavaSoft\Prefs at root 0xffffffff80000002. Windows RegCreateKeyEx(...) returned error code 5.
2024-09-03 22:25:04,187 [ERROR] LogOutputStream:75 - [STDERR_REDIRECT] 
2024-09-03 22:25:04,215 [INFO] ThirdPartyUpdaterWithRetryManager:70 - Updater plugin not ready yet. [2/15]
2024-09-03 22:25:04,414 [INFO] MainUpdater:2873 - connection check result : 10
2024-09-03 22:25:04,415 [INFO] MainUpdater:290 - Updater Check For Update Now.
2024-09-03 22:25:04,415 [INFO] MicroXplorer:498 - Change Database Version : DB.6.0.110
2024-09-03 22:25:04,424 [INFO] McuFinderGlobals:63 - Set McuFinder mode to 2 (CubeIDE integrated)
2024-09-03 22:25:04,424 [INFO] UserAuth:179 - activating auth plugin
2024-09-03 22:25:04,427 [INFO] UserAuth:415 - Internet connection configuration mode: 1
2024-09-03 22:25:04,483 [INFO] JxBrowserEngine:152 - Initiate JxBrowser Engine with user profile folder
2024-09-03 22:25:04,621 [INFO] CheckServerUpdateThread:120 - End of CheckServer Thread
2024-09-03 22:25:05,455 [INFO] WebApp:161 - Instantiating new browser for Auth
2024-09-03 22:25:06,420 [INFO] WebApp:779 - Register for checkConnection events
2024-09-03 22:25:06,421 [INFO] WebApp:414 - Apply proxy settings
2024-09-03 22:25:06,421 [INFO] WebApp:499 - Chromium requires no authentication
2024-09-03 22:25:06,433 [INFO] WebApp:442 - Direct internet connection detected
2024-09-03 22:25:06,761 [INFO] WebApp:192 - Starting web application
2024-09-03 22:25:06,761 [INFO] WebApp:544 - Web application path used C:\ST\STM32CubeIDE_1.15.0\STM32CubeIDE\plugins\com.st.stm32cube.common.mx_6.11.0.202403141607\db\plugins\mcufinder\reactClient1\index.html
2024-09-03 22:25:07,350 [WARN] PackLoader:240 - Cannot read IP mode file for STMicroelectronics.FP-SNS-MOTENVWB1.1.4.0
2024-09-03 22:25:07,361 [WARN] PackLoader:240 - Cannot read IP mode file for STMicroelectronics.X-CUBE-SMBUS.2.1.0
2024-09-03 22:25:07,366 [WARN] PackLoader:240 - Cannot read IP mode file for STMicroelectronics.X-CUBE-TOUCHGFX.4.23.2
2024-09-03 22:25:07,395 [WARN] PackLoader:240 - Cannot read IP mode file for STMicroelectronics.X-CUBE-AZRTOS-F7.1.1.0
2024-09-03 22:25:07,499 [WARN] PackLoader:240 - Cannot read IP mode file for STMicroelectronics.X-CUBE-MEMS1.11.0.0
2024-09-03 22:25:07,656 [WARN] PackLoader:240 - Cannot read IP mode file for STMicroelectronics.FP-SNS-FLIGHT1.5.0.2
2024-09-03 22:25:07,665 [WARN] PackLoader:240 - Cannot read IP mode file for STMicroelectronics.X-CUBE-DISPLAY.3.0.0
2024-09-03 22:25:07,673 [WARN] PackLoader:240 - Cannot read IP mode file for STMicroelectronics.X-CUBE-BLE1.7.0.0
2024-09-03 22:25:07,678 [WARN] PackLoader:240 - Cannot read IP mode file for emotas.I-CUBE-CANOPEN.1.3.0
2024-09-03 22:25:07,686 [WARN] PackLoader:240 - Cannot read IP mode file for STMicroelectronics.X-CUBE-BLEMGR.3.1.0
2024-09-03 22:25:07,694 [WARN] PackLoader:240 - Cannot read IP mode file for STMicroelectronics.FP-SNS-SMARTAG2.1.2.0
2024-09-03 22:25:07,707 [INFO] LogOutputStream:77 - [STDOUT_REDIRECT] 1 : Invalid condition id : UX_CORESTACK_Condition cause : null
2024-09-03 22:25:07,708 [INFO] LogOutputStream:77 - [STDOUT_REDIRECT] 1 : Invalid condition id : UX_CORESTACK_Condition cause : null
2024-09-03 22:25:07,708 [INFO] LogOutputStream:77 - [STDOUT_REDIRECT] 1 : Invalid condition id : UX_CORESTACK_Condition cause : null
2024-09-03 22:25:07,709 [INFO] LogOutputStream:77 - [STDOUT_REDIRECT] 1 : Invalid condition id : UX_CORESTACK_Condition cause : null
2024-09-03 22:25:07,710 [INFO] LogOutputStream:77 - [STDOUT_REDIRECT] 1 : Invalid condition id : UX_CORESTACK_Condition cause : null
2024-09-03 22:25:07,712 [WARN] PackLoader:240 - Cannot read IP mode file for STMicroelectronics.X-CUBE-AZRTOS-WL.2.0.0
2024-09-03 22:25:07,717 [WARN] PackLoader:240 - Cannot read IP mode file for STMicroelectronics.FP-SNS-MOTENV1.5.0.0
2024-09-03 22:25:07,721 [WARN] PackLoader:240 - Cannot read IP mode file for wolfSSL.I-CUBE-wolfMQTT.1.19.0
2024-09-03 22:25:07,727 [WARN] PackLoader:240 - Cannot read IP mode file for WES.I-CUBE-Cesium.1.3.0
2024-09-03 22:25:07,731 [WARN] PackLoader:240 - Cannot read IP mode file for STMicroelectronics.X-CUBE-BLE2.3.3.0
2024-09-03 22:25:07,739 [WARN] PackLoader:240 - Cannot read IP mode file for STMicroelectronics.X-CUBE-TCPP.4.1.0
2024-09-03 22:25:07,745 [WARN] PackLoader:240 - Cannot read IP mode file for STMicroelectronics.X-CUBE-ALGOBUILD.1.3.0
2024-09-03 22:25:07,756 [WARN] PackLoader:240 - Cannot read IP mode file for STMicroelectronics.X-CUBE-AZRTOS-G0.1.1.0
2024-09-03 22:25:07,765 [WARN] PackLoader:240 - Cannot read IP mode file for STMicroelectronics.X-CUBE-SAFEA1.1.2.2
2024-09-03 22:25:07,769 [WARN] PackLoader:240 - Cannot read IP mode file for STMicroelectronics.X-CUBE-NFC4.3.0.0
2024-09-03 22:25:07,772 [WARN] PackLoader:240 - Cannot read IP mode file for wolfSSL.I-CUBE-wolfMQTT.1.18.0
2024-09-03 22:25:07,779 [WARN] PackLoader:240 - Cannot read IP mode file for EmbeddedOffice.I-CUBE-FS-RTOS.1.0.1
2024-09-03 22:25:07,779 [ERROR] ConditionMgr:805 - Attr not supported : Dmpu
2024-09-03 22:25:07,779 [ERROR] ConditionMgr:805 - Attr not supported : Dmpu
2024-09-03 22:25:07,780 [ERROR] ConditionMgr:805 - Attr not supported : Dmpu
2024-09-03 22:25:07,780 [ERROR] ConditionMgr:805 - Attr not supported : Dmpu
2024-09-03 22:25:07,780 [ERROR] ConditionMgr:805 - Attr not supported : Dmpu
2024-09-03 22:25:07,780 [ERROR] ConditionMgr:805 - Attr not supported : Dmpu
2024-09-03 22:25:07,780 [ERROR] ConditionMgr:805 - Attr not supported : Dmpu
2024-09-03 22:25:07,780 [ERROR] ConditionMgr:805 - Attr not supported : Dmpu
2024-09-03 22:25:07,780 [ERROR] ConditionMgr:805 - Attr not supported : Dmpu
2024-09-03 22:25:07,780 [ERROR] ConditionMgr:805 - Attr not supported : Dmpu
2024-09-03 22:25:07,780 [ERROR] ConditionMgr:805 - Attr not supported : Dmpu
2024-09-03 22:25:07,780 [ERROR] ConditionMgr:805 - Attr not supported : Dmpu
2024-09-03 22:25:07,780 [ERROR] ConditionMgr:805 - Attr not supported : Dmpu
2024-09-03 22:25:07,780 [ERROR] ConditionMgr:805 - Attr not supported : Dmpu
2024-09-03 22:25:07,780 [ERROR] ConditionMgr:805 - Attr not supported : Dmpu
2024-09-03 22:25:07,780 [ERROR] ConditionMgr:805 - Attr not supported : Dmpu
2024-09-03 22:25:07,780 [ERROR] ConditionMgr:805 - Attr not supported : Dmpu
2024-09-03 22:25:07,780 [ERROR] ConditionMgr:805 - Attr not supported : Dmpu
2024-09-03 22:25:07,781 [ERROR] ConditionMgr:805 - Attr not supported : Dmpu
2024-09-03 22:25:07,781 [ERROR] ConditionMgr:805 - Attr not supported : Dmpu
2024-09-03 22:25:07,781 [ERROR] ConditionMgr:805 - Attr not supported : Dmpu
2024-09-03 22:25:07,781 [ERROR] ConditionMgr:805 - Attr not supported : Dmpu
2024-09-03 22:25:07,781 [ERROR] ConditionMgr:805 - Attr not supported : Dmpu
2024-09-03 22:25:07,781 [ERROR] ConditionMgr:805 - Attr not supported : Dmpu
2024-09-03 22:25:07,781 [ERROR] ConditionMgr:805 - Attr not supported : Dmpu
2024-09-03 22:25:07,781 [ERROR] ConditionMgr:805 - Attr not supported : Dmpu
2024-09-03 22:25:07,781 [ERROR] ConditionMgr:805 - Attr not supported : Dmpu
2024-09-03 22:25:07,781 [ERROR] ConditionMgr:805 - Attr not supported : Dmpu
2024-09-03 22:25:07,781 [ERROR] ConditionMgr:805 - Attr not supported : Dmpu
2024-09-03 22:25:07,781 [ERROR] ConditionMgr:805 - Attr not supported : Dmpu
2024-09-03 22:25:07,781 [ERROR] ConditionMgr:805 - Attr not supported : Dmpu
2024-09-03 22:25:07,781 [ERROR] ConditionMgr:805 - Attr not supported : Dmpu
2024-09-03 22:25:07,781 [ERROR] ConditionMgr:805 - Attr not supported : Dmpu
2024-09-03 22:25:07,781 [ERROR] ConditionMgr:805 - Attr not supported : Dmpu
2024-09-03 22:25:07,781 [ERROR] ConditionMgr:805 - Attr not supported : Dmpu
2024-09-03 22:25:07,781 [ERROR] ConditionMgr:805 - Attr not supported : Dmpu
2024-09-03 22:25:07,781 [ERROR] ConditionMgr:805 - Attr not supported : Dmpu
2024-09-03 22:25:07,782 [ERROR] ConditionMgr:805 - Attr not supported : Dmpu
2024-09-03 22:25:07,782 [ERROR] ConditionMgr:805 - Attr not supported : Dmpu
2024-09-03 22:25:07,782 [ERROR] ConditionMgr:805 - Attr not supported : Dmpu
2024-09-03 22:25:07,782 [ERROR] ConditionMgr:805 - Attr not supported : Dmpu
2024-09-03 22:25:07,782 [ERROR] ConditionMgr:805 - Attr not supported : Dmpu
2024-09-03 22:25:07,782 [ERROR] ConditionMgr:805 - Attr not supported : Dmpu
2024-09-03 22:25:07,782 [ERROR] ConditionMgr:805 - Attr not supported : Dmpu
2024-09-03 22:25:07,782 [ERROR] ConditionMgr:805 - Attr not supported : Dmpu
2024-09-03 22:25:07,782 [ERROR] ConditionMgr:805 - Attr not supported : Dmpu
2024-09-03 22:25:07,782 [ERROR] ConditionMgr:805 - Attr not supported : Dmpu
2024-09-03 22:25:07,782 [ERROR] ConditionMgr:805 - Attr not supported : Dmpu
2024-09-03 22:25:07,782 [ERROR] ConditionMgr:805 - Attr not supported : Dmpu
2024-09-03 22:25:07,782 [ERROR] ConditionMgr:805 - Attr not supported : Dmpu
2024-09-03 22:25:07,782 [ERROR] ConditionMgr:805 - Attr not supported : Dmpu
2024-09-03 22:25:07,782 [ERROR] ConditionMgr:805 - Attr not supported : Dmpu
2024-09-03 22:25:07,783 [ERROR] ConditionMgr:805 - Attr not supported : Dmpu
2024-09-03 22:25:07,783 [ERROR] ConditionMgr:805 - Attr not supported : Dmpu
2024-09-03 22:25:07,783 [ERROR] ConditionMgr:805 - Attr not supported : Dmpu
2024-09-03 22:25:07,783 [ERROR] ConditionMgr:805 - Attr not supported : Dmpu
2024-09-03 22:25:07,783 [ERROR] ConditionMgr:805 - Attr not supported : Dmpu
2024-09-03 22:25:07,783 [ERROR] ConditionMgr:805 - Attr not supported : Dmpu
2024-09-03 22:25:07,783 [ERROR] ConditionMgr:805 - Attr not supported : Dmpu
2024-09-03 22:25:07,783 [ERROR] ConditionMgr:805 - Attr not supported : Dmpu
2024-09-03 22:25:07,783 [ERROR] ConditionMgr:805 - Attr not supported : Dmpu
2024-09-03 22:25:07,783 [ERROR] ConditionMgr:805 - Attr not supported : Dmpu
2024-09-03 22:25:07,783 [ERROR] ConditionMgr:805 - Attr not supported : Dmpu
2024-09-03 22:25:07,783 [ERROR] ConditionMgr:805 - Attr not supported : Dmpu
2024-09-03 22:25:07,788 [WARN] PackLoader:240 - Cannot read IP mode file for RealThread.X-CUBE-RT-Thread_Nano.4.1.1
2024-09-03 22:25:07,792 [WARN] PackLoader:240 - Cannot read IP mode file for wolfSSL.I-CUBE-wolfSSL.5.7.0
2024-09-03 22:25:07,796 [WARN] PackLoader:240 - Cannot read IP mode file for STMicroelectronics.FP-ATR-SIGFOX1.3.2.0
2024-09-03 22:25:07,801 [WARN] PackLoader:240 - Cannot read IP mode file for STMicroelectronics.X-CUBE-EEPRMA1.5.1.0
2024-09-03 22:25:07,805 [WARN] PackLoader:240 - Cannot read IP mode file for ITTIA_DB.I-CUBE-ITTIADB.8.9.0
2024-09-03 22:25:07,831 [WARN] PackLoader:240 - Cannot read IP mode file for SEGGER.I-CUBE-embOS.1.3.1
2024-09-03 22:25:07,860 [WARN] PackLoader:240 - Cannot read IP mode file for STMicroelectronics.X-CUBE-ALGOBUILD.1.4.0
2024-09-03 22:25:07,864 [WARN] PackLoader:240 - Cannot read IP mode file for STMicroelectronics.X-CUBE-GNSS1.6.0.0
2024-09-03 22:25:07,875 [WARN] PackLoader:240 - Cannot read IP mode file for STMicroelectronics.X-CUBE-AZRTOS-F4.1.1.0
2024-09-03 22:25:07,880 [WARN] PackLoader:240 - Cannot read IP mode file for STMicroelectronics.X-CUBE-FREERTOS.1.2.0
2024-09-03 22:25:07,890 [WARN] PackLoader:240 - Cannot read IP mode file for STMicroelectronics.X-CUBE-AZRTOS-L5.2.0.0
2024-09-03 22:25:07,897 [WARN] PackLoader:240 - Cannot read IP mode file for STMicroelectronics.X-CUBE-NFC6.3.1.0
2024-09-03 22:25:07,901 [WARN] PackLoader:240 - Cannot read IP mode file for STMicroelectronics.X-CUBE-DPower.1.2.0
2024-09-03 22:25:07,904 [WARN] PackLoader:240 - Cannot read IP mode file for STMicroelectronics.X-CUBE-AI.9.0.0
2024-09-03 22:25:07,908 [WARN] PackLoader:240 - Cannot read IP mode file for STMicroelectronics.X-CUBE-NFC7.1.0.1
2024-09-03 22:25:07,913 [WARN] PackLoader:240 - Cannot read IP mode file for wolfSSL.I-CUBE-wolfTPM.3.2.0
2024-09-03 22:25:07,927 [WARN] ConditionMgr:438 - getConditionDescription Invalid condition id : LAN8742 Phy interface Condition cause : null
2024-09-03 22:25:07,927 [WARN] PackLoader:240 - Cannot read IP mode file for STMicroelectronics.X-CUBE-AZRTOS-L4.2.0.0
2024-09-03 22:25:07,929 [WARN] ConditionMgr:1039 - genDependencies : Invalid condition id : LAN8742 Phy interface Condition cause : null
2024-09-03 22:25:07,929 [WARN] ConditionMgr:1039 - genDependencies : Invalid condition id : LAN8742 Phy interface Condition cause : null
2024-09-03 22:25:07,930 [WARN] ConditionMgr:1039 - genDependencies : Invalid condition id : LAN8742 Phy interface Condition cause : null
2024-09-03 22:25:07,934 [WARN] PackLoader:240 - Cannot read IP mode file for STMicroelectronics.X-CUBE-SFXS2LP1.4.0.0
2024-09-03 22:25:07,947 [WARN] PackLoader:240 - Cannot read IP mode file for STMicroelectronics.X-CUBE-AZRTOS-H7.3.3.0
2024-09-03 22:25:07,959 [WARN] ConditionMgr:438 - getConditionDescription Invalid condition id : UX DEVICE CLASS RTOS Condition cause : null
2024-09-03 22:25:07,960 [WARN] ConditionMgr:438 - getConditionDescription Invalid condition id : UX DEVICE CLASS RTOS Condition cause : null
2024-09-03 22:25:07,962 [WARN] PackLoader:240 - Cannot read IP mode file for STMicroelectronics.X-CUBE-AZRTOS-WB.2.0.0
2024-09-03 22:25:07,962 [WARN] ConditionMgr:1039 - genDependencies : Invalid condition id : UX DEVICE CLASS RTOS Condition cause : null
2024-09-03 22:25:07,962 [WARN] ConditionMgr:1039 - genDependencies : Invalid condition id : UX DEVICE CLASS RTOS Condition cause : null
2024-09-03 22:25:07,963 [WARN] ConditionMgr:1039 - genDependencies : Invalid condition id : UX DEVICE CLASS RTOS Condition cause : null
2024-09-03 22:25:07,963 [WARN] ConditionMgr:1039 - genDependencies : Invalid condition id : UX DEVICE CLASS RTOS Condition cause : null
2024-09-03 22:25:07,963 [WARN] ConditionMgr:1039 - genDependencies : Invalid condition id : UX DEVICE CLASS RTOS Condition cause : null
2024-09-03 22:25:07,968 [WARN] PackLoader:240 - Cannot read IP mode file for STMicroelectronics.FP-SNS-STBOX1.2.0.0
2024-09-03 22:25:07,976 [WARN] PackLoader:240 - Cannot read IP mode file for STMicroelectronics.X-CUBE-SUBG2.5.0.0
2024-09-03 22:25:07,988 [WARN] PackLoader:240 - Cannot read IP mode file for STMicroelectronics.X-CUBE-AZRTOS-G4.2.0.0
2024-09-03 22:25:07,993 [WARN] PackLoader:240 - Cannot read IP mode file for STMicroelectronics.X-CUBE-ISPU.2.0.0
2024-09-03 22:25:07,996 [WARN] PackLoader:240 - Cannot read IP mode file for STMicroelectronics.X-CUBE-ALS.1.0.2
2024-09-03 22:25:08,022 [WARN] PackLoader:240 - Cannot read IP mode file for STMicroelectronics.X-CUBE-MEMS1.10.0.0
2024-09-03 22:25:08,095 [WARN] PackLoader:240 - Cannot read IP mode file for STMicroelectronics.X-CUBE-FREERTOS.1.1.0
2024-09-03 22:25:08,098 [WARN] PackLoader:240 - Cannot read IP mode file for STMicroelectronics.X-CUBE-TOUCHGFX.4.24.0
2024-09-03 22:25:08,102 [WARN] PackLoader:240 - Cannot read IP mode file for portGmbH.I-Cube-SoM-uGOAL.1.1.0
2024-09-03 22:25:08,105 [WARN] PackLoader:240 - Cannot read IP mode file for STMicroelectronics.X-CUBE-ALS.1.0.1
2024-09-03 22:25:08,115 [WARN] PackLoader:240 - Cannot read IP mode file for STMicroelectronics.X-CUBE-AZRTOS-H7RS.1.0.0
2024-09-03 22:25:08,119 [WARN] PackLoader:240 - Cannot read IP mode file for STMicroelectronics.FP-ATR-ASTRA1.2.0.0
2024-09-03 22:25:08,126 [WARN] PackLoader:240 - Cannot read IP mode file for STMicroelectronics.X-CUBE-TOF1.3.4.2
2024-09-03 22:25:08,139 [WARN] PackLoader:240 - Cannot read IP mode file for STMicroelectronics.X-CUBE-TOF1.3.4.1
2024-09-03 22:25:08,159 [WARN] PackLoader:240 - Cannot read IP mode file for STMicroelectronics.X-CUBE-AZRTOS-H7.3.2.0
2024-09-03 22:25:08,168 [WARN] PackLoader:240 - Cannot read IP mode file for Infineon.AIROC-Wi-Fi-Bluetooth-STM32.1.6.0
2024-09-03 22:25:08,175 [WARN] PackLoader:240 - Cannot read IP mode file for wolfSSL.I-CUBE-wolfSSH.1.4.17
2024-09-03 22:25:08,175 [INFO] ThirdParty:978 - Integrity check success = true
2024-09-03 22:25:08,175 [INFO] IntegrityCheckThread:100 - exiting critical section [integrity check]
2024-09-03 22:25:08,175 [INFO] IntegrityCheckThread:103 - End integrity checks thread
2024-09-03 22:30:31,702 [ERROR] LogOutputStream:75 - [STDERR_REDIRECT] 
